[2024-06-11T21:57:11.863+0000] {local_task_job_runner.py:120} INFO - ::group::Pre task execution logs
[2024-06-11T21:57:11.883+0000] {taskinstance.py:2076} INFO - Dependencies all met for dep_context=non-requeueable deps ti=<TaskInstance: invoice2receipt.g manual__2024-06-11T21:57:09.606986+00:00 [queued]>
[2024-06-11T21:57:11.897+0000] {taskinstance.py:2076} INFO - Dependencies all met for dep_context=requeueable deps ti=<TaskInstance: invoice2receipt.g manual__2024-06-11T21:57:09.606986+00:00 [queued]>
[2024-06-11T21:57:11.901+0000] {taskinstance.py:2306} INFO - Starting attempt 1 of 1
[2024-06-11T21:57:11.926+0000] {taskinstance.py:2330} INFO - Executing <Task(_PythonDecoratedOperator): g> on 2024-06-11 21:57:09.606986+00:00
[2024-06-11T21:57:11.935+0000] {warnings.py:112} WARNING - /home/***/.local/lib/python3.12/site-packages/***/task/task_runner/standard_task_runner.py:61: DeprecationWarning: This process (pid=1003) is multi-threaded, use of fork() may lead to deadlocks in the child.
  pid = os.fork()

[2024-06-11T21:57:11.938+0000] {standard_task_runner.py:63} INFO - Started process 1004 to run task
[2024-06-11T21:57:11.938+0000] {standard_task_runner.py:90} INFO - Running: ['***', 'tasks', 'run', 'invoice2receipt', 'g', 'manual__2024-06-11T21:57:09.606986+00:00', '--job-id', '229', '--raw', '--subdir', 'DAGS_FOLDER/invoice2receipt.py', '--cfg-path', '/tmp/tmpb1h7_wsz']
[2024-06-11T21:57:11.940+0000] {standard_task_runner.py:91} INFO - Job 229: Subtask g
[2024-06-11T21:57:11.986+0000] {task_command.py:426} INFO - Running <TaskInstance: invoice2receipt.g manual__2024-06-11T21:57:09.606986+00:00 [running]> on host 678b3b027d57
[2024-06-11T21:57:12.045+0000] {taskinstance.py:2648} INFO - Exporting env vars: AIRFLOW_CTX_DAG_OWNER='Anudeep' AIRFLOW_CTX_DAG_ID='invoice2receipt' AIRFLOW_CTX_TASK_ID='g' AIRFLOW_CTX_EXECUTION_DATE='2024-06-11T21:57:09.606986+00:00' AIRFLOW_CTX_TRY_NUMBER='1' AIRFLOW_CTX_DAG_RUN_ID='manual__2024-06-11T21:57:09.606986+00:00'
[2024-06-11T21:57:12.046+0000] {taskinstance.py:430} INFO - ::endgroup::
[2024-06-11T21:57:12.048+0000] {baseoperator.py:400} WARNING - S3FileTransformOperator.execute cannot be called outside TaskInstance!
[2024-06-11T21:57:12.048+0000] {s3.py:672} INFO - Downloading source S3 file s3://invoices/sample1.json
[2024-06-11T21:57:12.055+0000] {base.py:84} INFO - Using connection ID 'AWS_connection' for task execution.
[2024-06-11T21:57:12.055+0000] {connection_wrapper.py:384} INFO - AWS Connection (conn_id='AWS_connection', conn_type='aws') credentials retrieved from login and password.
[2024-06-11T21:57:12.442+0000] {s3.py:678} INFO - Dumping S3 file s3://invoices/sample1.json contents to local file /tmp/tmp3328_3gh
[2024-06-11T21:57:12.454+0000] {s3.py:694} INFO - Output:
[2024-06-11T21:57:12.456+0000] {s3.py:704} INFO - Transform script successful. Output temporarily located at /tmp/tmp4sa98pze
[2024-06-11T21:57:12.457+0000] {s3.py:708} INFO - Uploading transformed file to S3
[2024-06-11T21:57:12.462+0000] {base.py:84} INFO - Using connection ID 'AWS_connection' for task execution.
[2024-06-11T21:57:12.463+0000] {connection_wrapper.py:384} INFO - AWS Connection (conn_id='AWS_connection', conn_type='aws') credentials retrieved from login and password.
[2024-06-11T21:57:12.706+0000] {s3.py:715} INFO - Upload successful
[2024-06-11T21:57:12.708+0000] {python.py:237} INFO - Done. Returned value was: None
[2024-06-11T21:57:12.710+0000] {taskinstance.py:441} INFO - ::group::Post task execution logs
[2024-06-11T21:57:12.718+0000] {taskinstance.py:1206} INFO - Marking task as SUCCESS. dag_id=invoice2receipt, task_id=g, run_id=manual__2024-06-11T21:57:09.606986+00:00, execution_date=20240611T215709, start_date=20240611T215711, end_date=20240611T215712
[2024-06-11T21:57:12.756+0000] {local_task_job_runner.py:240} INFO - Task exited with return code 0
[2024-06-11T21:57:12.772+0000] {taskinstance.py:3503} INFO - 0 downstream tasks scheduled from follow-on schedule check
[2024-06-11T21:57:12.781+0000] {local_task_job_runner.py:222} INFO - ::endgroup::
