[2024-06-11T12:20:53.517+0000] {local_task_job_runner.py:120} INFO - ::group::Pre task execution logs
[2024-06-11T12:20:53.541+0000] {taskinstance.py:2076} INFO - Dependencies all met for dep_context=non-requeueable deps ti=<TaskInstance: hello_word.processing_task_group.process_file_length manual__2024-06-11T12:20:50.258426+00:00 map_index=1 [queued]>
[2024-06-11T12:20:53.551+0000] {taskinstance.py:2076} INFO - Dependencies all met for dep_context=requeueable deps ti=<TaskInstance: hello_word.processing_task_group.process_file_length manual__2024-06-11T12:20:50.258426+00:00 map_index=1 [queued]>
[2024-06-11T12:20:53.552+0000] {taskinstance.py:2306} INFO - Starting attempt 1 of 1
[2024-06-11T12:20:53.567+0000] {taskinstance.py:2330} INFO - Executing <Mapped(PythonOperator): processing_task_group.process_file_length> on 2024-06-11 12:20:50.258426+00:00
[2024-06-11T12:20:53.573+0000] {warnings.py:112} WARNING - /home/***/.local/lib/python3.12/site-packages/***/task/task_runner/standard_task_runner.py:61: DeprecationWarning: This process (pid=6932) is multi-threaded, use of fork() may lead to deadlocks in the child.
  pid = os.fork()

[2024-06-11T12:20:53.574+0000] {standard_task_runner.py:90} INFO - Running: ['***', 'tasks', 'run', 'hello_word', 'processing_task_group.process_file_length', 'manual__2024-06-11T12:20:50.258426+00:00', '--job-id', '147', '--raw', '--subdir', 'DAGS_FOLDER/simple_hello_world.py', '--cfg-path', '/tmp/tmpwndd0apl', '--map-index', '1']
[2024-06-11T12:20:53.574+0000] {standard_task_runner.py:63} INFO - Started process 6934 to run task
[2024-06-11T12:20:53.575+0000] {standard_task_runner.py:91} INFO - Job 147: Subtask processing_task_group.process_file_length
[2024-06-11T12:20:53.612+0000] {task_command.py:426} INFO - Running <TaskInstance: hello_word.processing_task_group.process_file_length manual__2024-06-11T12:20:50.258426+00:00 map_index=1 [running]> on host 678b3b027d57
[2024-06-11T12:20:53.725+0000] {taskinstance.py:2648} INFO - Exporting env vars: AIRFLOW_CTX_DAG_OWNER='Anudeep' AIRFLOW_CTX_DAG_ID='hello_word' AIRFLOW_CTX_TASK_ID='processing_task_group.process_file_length' AIRFLOW_CTX_EXECUTION_DATE='2024-06-11T12:20:50.258426+00:00' AIRFLOW_CTX_TRY_NUMBER='1' AIRFLOW_CTX_DAG_RUN_ID='manual__2024-06-11T12:20:50.258426+00:00'
[2024-06-11T12:20:53.727+0000] {taskinstance.py:430} INFO - ::endgroup::
[2024-06-11T12:20:53.737+0000] {logging_mixin.py:188} INFO - {
   "firstName": "Joe",
   "lastName": "Jackson",
   "gender": "male",
   "age": 28,
   "address": {
       "streetAddress": "101",
       "city": "San Diego",
       "state": "CA"
   },
   "phoneNumbers": [
       { "type": "home", "number": "7349282382" }
   ]
}
[2024-06-11T12:20:53.738+0000] {logging_mixin.py:188} INFO - 265
[2024-06-11T12:20:53.738+0000] {python.py:237} INFO - Done. Returned value was: None
[2024-06-11T12:20:53.739+0000] {taskinstance.py:441} INFO - ::group::Post task execution logs
[2024-06-11T12:20:53.745+0000] {taskinstance.py:1206} INFO - Marking task as SUCCESS. dag_id=hello_word, task_id=processing_task_group.process_file_length, run_id=manual__2024-06-11T12:20:50.258426+00:00, map_index=1, execution_date=20240611T122050, start_date=20240611T122053, end_date=20240611T122053
[2024-06-11T12:20:53.789+0000] {local_task_job_runner.py:240} INFO - Task exited with return code 0
[2024-06-11T12:20:53.796+0000] {local_task_job_runner.py:222} INFO - ::endgroup::
