[2024-06-11T06:43:32.038+0000] {local_task_job_runner.py:120} INFO - ::group::Pre task execution logs
[2024-06-11T06:43:32.059+0000] {taskinstance.py:2076} INFO - Dependencies all met for dep_context=non-requeueable deps ti=<TaskInstance: hello_word.process_file manual__2024-06-11T06:43:29.850369+00:00 map_index=1 [queued]>
[2024-06-11T06:43:32.068+0000] {taskinstance.py:2076} INFO - Dependencies all met for dep_context=requeueable deps ti=<TaskInstance: hello_word.process_file manual__2024-06-11T06:43:29.850369+00:00 map_index=1 [queued]>
[2024-06-11T06:43:32.068+0000] {taskinstance.py:2306} INFO - Starting attempt 1 of 1
[2024-06-11T06:43:32.079+0000] {taskinstance.py:2330} INFO - Executing <Mapped(PythonOperator): process_file> on 2024-06-11 06:43:29.850369+00:00
[2024-06-11T06:43:32.085+0000] {warnings.py:112} WARNING - /home/***/.local/lib/python3.12/site-packages/***/task/task_runner/standard_task_runner.py:61: DeprecationWarning: This process (pid=2851) is multi-threaded, use of fork() may lead to deadlocks in the child.
  pid = os.fork()

[2024-06-11T06:43:32.086+0000] {standard_task_runner.py:63} INFO - Started process 2853 to run task
[2024-06-11T06:43:32.086+0000] {standard_task_runner.py:90} INFO - Running: ['***', 'tasks', 'run', 'hello_word', 'process_file', 'manual__2024-06-11T06:43:29.850369+00:00', '--job-id', '122', '--raw', '--subdir', 'DAGS_FOLDER/simple_hello_world.py', '--cfg-path', '/tmp/tmpronaeoex', '--map-index', '1']
[2024-06-11T06:43:32.087+0000] {standard_task_runner.py:91} INFO - Job 122: Subtask process_file
[2024-06-11T06:43:32.123+0000] {task_command.py:426} INFO - Running <TaskInstance: hello_word.process_file manual__2024-06-11T06:43:29.850369+00:00 map_index=1 [running]> on host 678b3b027d57
[2024-06-11T06:43:32.200+0000] {taskinstance.py:2648} INFO - Exporting env vars: AIRFLOW_CTX_DAG_OWNER='Anudeep' AIRFLOW_CTX_DAG_ID='hello_word' AIRFLOW_CTX_TASK_ID='process_file' AIRFLOW_CTX_EXECUTION_DATE='2024-06-11T06:43:29.850369+00:00' AIRFLOW_CTX_TRY_NUMBER='1' AIRFLOW_CTX_DAG_RUN_ID='manual__2024-06-11T06:43:29.850369+00:00'
[2024-06-11T06:43:32.247+0000] {taskinstance.py:430} INFO - ::endgroup::
[2024-06-11T06:43:32.284+0000] {logging_mixin.py:188} INFO - /opt/***/dags/invoices/sample2.json
[2024-06-11T06:43:32.298+0000] {python.py:237} INFO - Done. Returned value was: None
[2024-06-11T06:43:32.302+0000] {taskinstance.py:441} INFO - ::group::Post task execution logs
[2024-06-11T06:43:32.314+0000] {taskinstance.py:1206} INFO - Marking task as SUCCESS. dag_id=hello_word, task_id=process_file, run_id=manual__2024-06-11T06:43:29.850369+00:00, map_index=1, execution_date=20240611T064329, start_date=20240611T064332, end_date=20240611T064332
[2024-06-11T06:43:32.381+0000] {local_task_job_runner.py:240} INFO - Task exited with return code 0
[2024-06-11T06:43:32.393+0000] {taskinstance.py:3503} INFO - 0 downstream tasks scheduled from follow-on schedule check
[2024-06-11T06:43:32.397+0000] {local_task_job_runner.py:222} INFO - ::endgroup::
