[2024-06-12T06:50:10.009+0000] {local_task_job_runner.py:120} INFO - ::group::Pre task execution logs
[2024-06-12T06:50:10.087+0000] {taskinstance.py:2076} INFO - Dependencies all met for dep_context=non-requeueable deps ti=<TaskInstance: invoice2receipt.write_data_to_S3 manual__2024-06-12T06:48:53.551062+00:00 [queued]>
[2024-06-12T06:50:10.098+0000] {taskinstance.py:2076} INFO - Dependencies all met for dep_context=requeueable deps ti=<TaskInstance: invoice2receipt.write_data_to_S3 manual__2024-06-12T06:48:53.551062+00:00 [queued]>
[2024-06-12T06:50:10.101+0000] {taskinstance.py:2306} INFO - Starting attempt 1 of 1
[2024-06-12T06:50:10.118+0000] {taskinstance.py:2330} INFO - Executing <Task(_PythonDecoratedOperator): write_data_to_S3> on 2024-06-12 06:48:53.551062+00:00
[2024-06-12T06:50:10.126+0000] {warnings.py:112} WARNING - /home/***/.local/lib/python3.12/site-packages/***/task/task_runner/standard_task_runner.py:61: DeprecationWarning: This process (pid=493) is multi-threaded, use of fork() may lead to deadlocks in the child.
  pid = os.fork()

[2024-06-12T06:50:10.128+0000] {standard_task_runner.py:63} INFO - Started process 494 to run task
[2024-06-12T06:50:10.128+0000] {standard_task_runner.py:90} INFO - Running: ['***', 'tasks', 'run', 'invoice2receipt', 'write_data_to_S3', 'manual__2024-06-12T06:48:53.551062+00:00', '--job-id', '414', '--raw', '--subdir', 'DAGS_FOLDER/invoice2receipt.py', '--cfg-path', '/tmp/tmp__zlotxi']
[2024-06-12T06:50:10.130+0000] {standard_task_runner.py:91} INFO - Job 414: Subtask write_data_to_S3
[2024-06-12T06:50:10.239+0000] {task_command.py:426} INFO - Running <TaskInstance: invoice2receipt.write_data_to_S3 manual__2024-06-12T06:48:53.551062+00:00 [running]> on host 678b3b027d57
[2024-06-12T06:50:10.344+0000] {taskinstance.py:2648} INFO - Exporting env vars: AIRFLOW_CTX_DAG_OWNER='Anudeep' AIRFLOW_CTX_DAG_ID='invoice2receipt' AIRFLOW_CTX_TASK_ID='write_data_to_S3' AIRFLOW_CTX_EXECUTION_DATE='2024-06-12T06:48:53.551062+00:00' AIRFLOW_CTX_TRY_NUMBER='1' AIRFLOW_CTX_DAG_RUN_ID='manual__2024-06-12T06:48:53.551062+00:00'
[2024-06-12T06:50:10.347+0000] {taskinstance.py:430} INFO - ::endgroup::
[2024-06-12T06:50:10.365+0000] {taskinstance.py:441} INFO - ::group::Post task execution logs
[2024-06-12T06:50:10.367+0000] {taskinstance.py:2905} ERROR - Task failed with exception
Traceback (most recent call last):
  File "/home/airflow/.local/lib/python3.12/site-packages/airflow/models/taskinstance.py", line 465, in _execute_task
    result = _execute_callable(context=context, **execute_callable_kwargs)
             ^^^^^^^^^^^^^^^^^^^^^^^^^^^^^^^^^^^^^^^^^^^^^^^^^^^^^^^^^^^^^
  File "/home/airflow/.local/lib/python3.12/site-packages/airflow/models/taskinstance.py", line 432, in _execute_callable
    return execute_callable(context=context, **execute_callable_kwargs)
           ^^^^^^^^^^^^^^^^^^^^^^^^^^^^^^^^^^^^^^^^^^^^^^^^^^^^^^^^^^^^
  File "/home/airflow/.local/lib/python3.12/site-packages/airflow/models/baseoperator.py", line 401, in wrapper
    return func(self, *args, **kwargs)
           ^^^^^^^^^^^^^^^^^^^^^^^^^^^
  File "/home/airflow/.local/lib/python3.12/site-packages/airflow/decorators/base.py", line 265, in execute
    return_value = super().execute(context)
                   ^^^^^^^^^^^^^^^^^^^^^^^^
  File "/home/airflow/.local/lib/python3.12/site-packages/airflow/models/baseoperator.py", line 401, in wrapper
    return func(self, *args, **kwargs)
           ^^^^^^^^^^^^^^^^^^^^^^^^^^^
  File "/home/airflow/.local/lib/python3.12/site-packages/airflow/operators/python.py", line 235, in execute
    return_value = self.execute_callable()
                   ^^^^^^^^^^^^^^^^^^^^^^^
  File "/home/airflow/.local/lib/python3.12/site-packages/airflow/operators/python.py", line 252, in execute_callable
    return self.python_callable(*self.op_args, **self.op_kwargs)
           ^^^^^^^^^^^^^^^^^^^^^^^^^^^^^^^^^^^^^^^^^^^^^^^^^^^^^
  File "/opt/airflow/dags/invoice2receipt.py", line 93, in write_data_to_S3
    add_data = S3CreateObjectOperator(
               ^^^^^^^^^^^^^^^^^^^^^^^
  File "/home/airflow/.local/lib/python3.12/site-packages/airflow/models/baseoperator.py", line 485, in apply_defaults
    result = func(self, **kwargs, default_args=default_args)
             ^^^^^^^^^^^^^^^^^^^^^^^^^^^^^^^^^^^^^^^^^^^^^^^
  File "/home/airflow/.local/lib/python3.12/site-packages/airflow/providers/amazon/aws/operators/s3.py", line 409, in __init__
    super().__init__(**kwargs)
  File "/home/airflow/.local/lib/python3.12/site-packages/airflow/models/baseoperator.py", line 485, in apply_defaults
    result = func(self, **kwargs, default_args=default_args)
             ^^^^^^^^^^^^^^^^^^^^^^^^^^^^^^^^^^^^^^^^^^^^^^^
TypeError: BaseOperator.__init__() missing 1 required positional argument: 'task_id'
[2024-06-12T06:50:10.382+0000] {taskinstance.py:1206} INFO - Marking task as FAILED. dag_id=invoice2receipt, task_id=write_data_to_S3, run_id=manual__2024-06-12T06:48:53.551062+00:00, execution_date=20240612T064853, start_date=20240612T065010, end_date=20240612T065010
[2024-06-12T06:50:10.402+0000] {standard_task_runner.py:110} ERROR - Failed to execute job 414 for task write_data_to_S3 (BaseOperator.__init__() missing 1 required positional argument: 'task_id'; 494)
[2024-06-12T06:50:10.425+0000] {local_task_job_runner.py:240} INFO - Task exited with return code 1
[2024-06-12T06:50:10.448+0000] {taskinstance.py:3503} INFO - 0 downstream tasks scheduled from follow-on schedule check
[2024-06-12T06:50:10.453+0000] {local_task_job_runner.py:222} INFO - ::endgroup::
