[2024-06-11T12:48:20.747+0000] {local_task_job_runner.py:120} INFO - ::group::Pre task execution logs
[2024-06-11T12:48:20.839+0000] {taskinstance.py:2076} INFO - Dependencies all met for dep_context=non-requeueable deps ti=<TaskInstance: hello_word.read_files_task manual__2024-06-11T12:48:19.712753+00:00 [queued]>
[2024-06-11T12:48:20.846+0000] {taskinstance.py:2076} INFO - Dependencies all met for dep_context=requeueable deps ti=<TaskInstance: hello_word.read_files_task manual__2024-06-11T12:48:19.712753+00:00 [queued]>
[2024-06-11T12:48:20.929+0000] {taskinstance.py:2306} INFO - Starting attempt 1 of 1
[2024-06-11T12:48:20.953+0000] {taskinstance.py:2330} INFO - Executing <Task(_PythonDecoratedOperator): read_files_task> on 2024-06-11 12:48:19.712753+00:00
[2024-06-11T12:48:20.958+0000] {warnings.py:112} WARNING - /home/***/.local/lib/python3.12/site-packages/***/task/task_runner/standard_task_runner.py:61: DeprecationWarning: This process (pid=7305) is multi-threaded, use of fork() may lead to deadlocks in the child.
  pid = os.fork()

[2024-06-11T12:48:20.959+0000] {standard_task_runner.py:90} INFO - Running: ['***', 'tasks', 'run', 'hello_word', 'read_files_task', 'manual__2024-06-11T12:48:19.712753+00:00', '--job-id', '152', '--raw', '--subdir', 'DAGS_FOLDER/simple_hello_world.py', '--cfg-path', '/tmp/tmpk99hd2uj']
[2024-06-11T12:48:20.960+0000] {standard_task_runner.py:63} INFO - Started process 7306 to run task
[2024-06-11T12:48:20.960+0000] {standard_task_runner.py:91} INFO - Job 152: Subtask read_files_task
[2024-06-11T12:48:20.998+0000] {task_command.py:426} INFO - Running <TaskInstance: hello_word.read_files_task manual__2024-06-11T12:48:19.712753+00:00 [running]> on host 678b3b027d57
[2024-06-11T12:48:21.063+0000] {taskinstance.py:2648} INFO - Exporting env vars: AIRFLOW_CTX_DAG_OWNER='Anudeep' AIRFLOW_CTX_DAG_ID='hello_word' AIRFLOW_CTX_TASK_ID='read_files_task' AIRFLOW_CTX_EXECUTION_DATE='2024-06-11T12:48:19.712753+00:00' AIRFLOW_CTX_TRY_NUMBER='1' AIRFLOW_CTX_DAG_RUN_ID='manual__2024-06-11T12:48:19.712753+00:00'
[2024-06-11T12:48:21.065+0000] {taskinstance.py:430} INFO - ::endgroup::
[2024-06-11T12:48:21.071+0000] {base.py:84} INFO - Using connection ID 'invoices' for task execution.
[2024-06-11T12:48:21.074+0000] {python.py:237} INFO - Done. Returned value was: [['/opt/***/dags/invoices/sample1.json'], ['/opt/***/dags/invoices/sample2.json']]
[2024-06-11T12:48:21.075+0000] {taskinstance.py:441} INFO - ::group::Post task execution logs
[2024-06-11T12:48:21.096+0000] {taskinstance.py:1206} INFO - Marking task as SUCCESS. dag_id=hello_word, task_id=read_files_task, run_id=manual__2024-06-11T12:48:19.712753+00:00, execution_date=20240611T124819, start_date=20240611T124820, end_date=20240611T124821
[2024-06-11T12:48:21.135+0000] {local_task_job_runner.py:240} INFO - Task exited with return code 0
[2024-06-11T12:48:21.202+0000] {taskinstance.py:3503} INFO - 2 downstream tasks scheduled from follow-on schedule check
[2024-06-11T12:48:21.208+0000] {local_task_job_runner.py:222} INFO - ::endgroup::
