[2024-06-12T04:56:25.743+0000] {local_task_job_runner.py:120} INFO - ::group::Pre task execution logs
[2024-06-12T04:56:25.763+0000] {taskinstance.py:2076} INFO - Dependencies all met for dep_context=non-requeueable deps ti=<TaskInstance: invoice2receipt.process_each_invoice.create_extraction_job manual__2024-06-12T04:56:21.410531+00:00 map_index=1 [queued]>
[2024-06-12T04:56:25.793+0000] {taskinstance.py:2076} INFO - Dependencies all met for dep_context=requeueable deps ti=<TaskInstance: invoice2receipt.process_each_invoice.create_extraction_job manual__2024-06-12T04:56:21.410531+00:00 map_index=1 [queued]>
[2024-06-12T04:56:25.799+0000] {taskinstance.py:2306} INFO - Starting attempt 1 of 1
[2024-06-12T04:56:25.857+0000] {taskinstance.py:2330} INFO - Executing <Task(_PythonDecoratedOperator): process_each_invoice.create_extraction_job> on 2024-06-12 04:56:21.410531+00:00
[2024-06-12T04:56:25.862+0000] {warnings.py:112} WARNING - /home/***/.local/lib/python3.12/site-packages/***/task/task_runner/standard_task_runner.py:61: DeprecationWarning: This process (pid=5388) is multi-threaded, use of fork() may lead to deadlocks in the child.
  pid = os.fork()

[2024-06-12T04:56:25.863+0000] {standard_task_runner.py:63} INFO - Started process 5391 to run task
[2024-06-12T04:56:25.864+0000] {standard_task_runner.py:90} INFO - Running: ['***', 'tasks', 'run', 'invoice2receipt', 'process_each_invoice.create_extraction_job', 'manual__2024-06-12T04:56:21.410531+00:00', '--job-id', '309', '--raw', '--subdir', 'DAGS_FOLDER/invoice2receipt.py', '--cfg-path', '/tmp/tmpdzfmgi65', '--map-index', '1']
[2024-06-12T04:56:25.864+0000] {standard_task_runner.py:91} INFO - Job 309: Subtask process_each_invoice.create_extraction_job
[2024-06-12T04:56:25.900+0000] {task_command.py:426} INFO - Running <TaskInstance: invoice2receipt.process_each_invoice.create_extraction_job manual__2024-06-12T04:56:21.410531+00:00 map_index=1 [running]> on host 678b3b027d57
[2024-06-12T04:56:25.978+0000] {taskinstance.py:2648} INFO - Exporting env vars: AIRFLOW_CTX_DAG_OWNER='Anudeep' AIRFLOW_CTX_DAG_ID='invoice2receipt' AIRFLOW_CTX_TASK_ID='process_each_invoice.create_extraction_job' AIRFLOW_CTX_EXECUTION_DATE='2024-06-12T04:56:21.410531+00:00' AIRFLOW_CTX_TRY_NUMBER='1' AIRFLOW_CTX_DAG_RUN_ID='manual__2024-06-12T04:56:21.410531+00:00'
[2024-06-12T04:56:25.983+0000] {taskinstance.py:430} INFO - ::endgroup::
[2024-06-12T04:56:27.645+0000] {logging_mixin.py:188} INFO - {'status': 'PENDING', 'id': '2a3bbac6-449f-4c01-a206-b3f6687f3d02', 'processedTime': '2024-06-12T04:56:27.425826+00:00'}
[2024-06-12T04:56:27.654+0000] {python.py:237} INFO - Done. Returned value was: 2a3bbac6-449f-4c01-a206-b3f6687f3d02
[2024-06-12T04:56:27.655+0000] {taskinstance.py:441} INFO - ::group::Post task execution logs
[2024-06-12T04:56:27.674+0000] {taskinstance.py:1206} INFO - Marking task as SUCCESS. dag_id=invoice2receipt, task_id=process_each_invoice.create_extraction_job, run_id=manual__2024-06-12T04:56:21.410531+00:00, map_index=1, execution_date=20240612T045621, start_date=20240612T045625, end_date=20240612T045627
[2024-06-12T04:56:27.766+0000] {local_task_job_runner.py:240} INFO - Task exited with return code 0
[2024-06-12T04:56:27.807+0000] {taskinstance.py:3503} INFO - 2 downstream tasks scheduled from follow-on schedule check
[2024-06-12T04:56:27.812+0000] {local_task_job_runner.py:222} INFO - ::endgroup::
