[2024-06-11T13:08:14.640+0000] {local_task_job_runner.py:120} INFO - ::group::Pre task execution logs
[2024-06-11T13:08:14.668+0000] {taskinstance.py:2076} INFO - Dependencies all met for dep_context=non-requeueable deps ti=<TaskInstance: hello_word.process_group.print_length manual__2024-06-11T13:08:00.201707+00:00 map_index=0 [queued]>
[2024-06-11T13:08:14.676+0000] {taskinstance.py:2076} INFO - Dependencies all met for dep_context=requeueable deps ti=<TaskInstance: hello_word.process_group.print_length manual__2024-06-11T13:08:00.201707+00:00 map_index=0 [queued]>
[2024-06-11T13:08:14.677+0000] {taskinstance.py:2306} INFO - Starting attempt 1 of 1
[2024-06-11T13:08:14.689+0000] {taskinstance.py:2330} INFO - Executing <Task(_PythonDecoratedOperator): process_group.print_length> on 2024-06-11 13:08:00.201707+00:00
[2024-06-11T13:08:14.694+0000] {warnings.py:112} WARNING - /home/***/.local/lib/python3.12/site-packages/***/task/task_runner/standard_task_runner.py:61: DeprecationWarning: This process (pid=7679) is multi-threaded, use of fork() may lead to deadlocks in the child.
  pid = os.fork()

[2024-06-11T13:08:14.695+0000] {standard_task_runner.py:63} INFO - Started process 7680 to run task
[2024-06-11T13:08:14.695+0000] {standard_task_runner.py:90} INFO - Running: ['***', 'tasks', 'run', 'hello_word', 'process_group.print_length', 'manual__2024-06-11T13:08:00.201707+00:00', '--job-id', '211', '--raw', '--subdir', 'DAGS_FOLDER/simple_hello_world.py', '--cfg-path', '/tmp/tmp60t_qii3', '--map-index', '0']
[2024-06-11T13:08:14.696+0000] {standard_task_runner.py:91} INFO - Job 211: Subtask process_group.print_length
[2024-06-11T13:08:14.733+0000] {task_command.py:426} INFO - Running <TaskInstance: hello_word.process_group.print_length manual__2024-06-11T13:08:00.201707+00:00 map_index=0 [running]> on host 678b3b027d57
[2024-06-11T13:08:14.806+0000] {taskinstance.py:2648} INFO - Exporting env vars: AIRFLOW_CTX_DAG_OWNER='Anudeep' AIRFLOW_CTX_DAG_ID='hello_word' AIRFLOW_CTX_TASK_ID='process_group.print_length' AIRFLOW_CTX_EXECUTION_DATE='2024-06-11T13:08:00.201707+00:00' AIRFLOW_CTX_TRY_NUMBER='1' AIRFLOW_CTX_DAG_RUN_ID='manual__2024-06-11T13:08:00.201707+00:00'
[2024-06-11T13:08:14.807+0000] {taskinstance.py:430} INFO - ::endgroup::
[2024-06-11T13:08:14.808+0000] {logging_mixin.py:188} INFO - The number of characters are 65
[2024-06-11T13:08:14.809+0000] {python.py:237} INFO - Done. Returned value was: None
[2024-06-11T13:08:14.810+0000] {taskinstance.py:441} INFO - ::group::Post task execution logs
[2024-06-11T13:08:14.817+0000] {taskinstance.py:1206} INFO - Marking task as SUCCESS. dag_id=hello_word, task_id=process_group.print_length, run_id=manual__2024-06-11T13:08:00.201707+00:00, map_index=0, execution_date=20240611T130800, start_date=20240611T130814, end_date=20240611T130814
[2024-06-11T13:08:14.869+0000] {local_task_job_runner.py:240} INFO - Task exited with return code 0
[2024-06-11T13:08:14.882+0000] {taskinstance.py:3503} INFO - 0 downstream tasks scheduled from follow-on schedule check
[2024-06-11T13:08:14.885+0000] {local_task_job_runner.py:222} INFO - ::endgroup::
