[2024-06-11T12:48:21.782+0000] {local_task_job_runner.py:120} INFO - ::group::Pre task execution logs
[2024-06-11T12:48:21.803+0000] {taskinstance.py:2076} INFO - Dependencies all met for dep_context=non-requeueable deps ti=<TaskInstance: hello_word.process_group.read_task manual__2024-06-11T12:48:19.712753+00:00 map_index=1 [queued]>
[2024-06-11T12:48:21.810+0000] {taskinstance.py:2076} INFO - Dependencies all met for dep_context=requeueable deps ti=<TaskInstance: hello_word.process_group.read_task manual__2024-06-11T12:48:19.712753+00:00 map_index=1 [queued]>
[2024-06-11T12:48:21.812+0000] {taskinstance.py:2306} INFO - Starting attempt 1 of 1
[2024-06-11T12:48:21.826+0000] {taskinstance.py:2330} INFO - Executing <Task(_PythonDecoratedOperator): process_group.read_task> on 2024-06-11 12:48:19.712753+00:00
[2024-06-11T12:48:21.834+0000] {warnings.py:112} WARNING - /home/***/.local/lib/python3.12/site-packages/***/task/task_runner/standard_task_runner.py:61: DeprecationWarning: This process (pid=7308) is multi-threaded, use of fork() may lead to deadlocks in the child.
  pid = os.fork()

[2024-06-11T12:48:21.835+0000] {standard_task_runner.py:90} INFO - Running: ['***', 'tasks', 'run', 'hello_word', 'process_group.read_task', 'manual__2024-06-11T12:48:19.712753+00:00', '--job-id', '153', '--raw', '--subdir', 'DAGS_FOLDER/simple_hello_world.py', '--cfg-path', '/tmp/tmphq54lc0y', '--map-index', '1']
[2024-06-11T12:48:21.836+0000] {standard_task_runner.py:63} INFO - Started process 7310 to run task
[2024-06-11T12:48:21.837+0000] {standard_task_runner.py:91} INFO - Job 153: Subtask process_group.read_task
[2024-06-11T12:48:21.898+0000] {task_command.py:426} INFO - Running <TaskInstance: hello_word.process_group.read_task manual__2024-06-11T12:48:19.712753+00:00 map_index=1 [running]> on host 678b3b027d57
[2024-06-11T12:48:21.970+0000] {taskinstance.py:2648} INFO - Exporting env vars: AIRFLOW_CTX_DAG_OWNER='Anudeep' AIRFLOW_CTX_DAG_ID='hello_word' AIRFLOW_CTX_TASK_ID='process_group.read_task' AIRFLOW_CTX_EXECUTION_DATE='2024-06-11T12:48:19.712753+00:00' AIRFLOW_CTX_TRY_NUMBER='1' AIRFLOW_CTX_DAG_RUN_ID='manual__2024-06-11T12:48:19.712753+00:00'
[2024-06-11T12:48:21.971+0000] {taskinstance.py:430} INFO - ::endgroup::
[2024-06-11T12:48:21.972+0000] {taskinstance.py:441} INFO - ::group::Post task execution logs
[2024-06-11T12:48:21.973+0000] {taskinstance.py:2905} ERROR - Task failed with exception
Traceback (most recent call last):
  File "/home/airflow/.local/lib/python3.12/site-packages/airflow/models/taskinstance.py", line 465, in _execute_task
    result = _execute_callable(context=context, **execute_callable_kwargs)
             ^^^^^^^^^^^^^^^^^^^^^^^^^^^^^^^^^^^^^^^^^^^^^^^^^^^^^^^^^^^^^
  File "/home/airflow/.local/lib/python3.12/site-packages/airflow/models/taskinstance.py", line 432, in _execute_callable
    return execute_callable(context=context, **execute_callable_kwargs)
           ^^^^^^^^^^^^^^^^^^^^^^^^^^^^^^^^^^^^^^^^^^^^^^^^^^^^^^^^^^^^
  File "/home/airflow/.local/lib/python3.12/site-packages/airflow/models/baseoperator.py", line 401, in wrapper
    return func(self, *args, **kwargs)
           ^^^^^^^^^^^^^^^^^^^^^^^^^^^
  File "/home/airflow/.local/lib/python3.12/site-packages/airflow/decorators/base.py", line 265, in execute
    return_value = super().execute(context)
                   ^^^^^^^^^^^^^^^^^^^^^^^^
  File "/home/airflow/.local/lib/python3.12/site-packages/airflow/models/baseoperator.py", line 401, in wrapper
    return func(self, *args, **kwargs)
           ^^^^^^^^^^^^^^^^^^^^^^^^^^^
  File "/home/airflow/.local/lib/python3.12/site-packages/airflow/operators/python.py", line 235, in execute
    return_value = self.execute_callable()
                   ^^^^^^^^^^^^^^^^^^^^^^^
  File "/home/airflow/.local/lib/python3.12/site-packages/airflow/operators/python.py", line 252, in execute_callable
    return self.python_callable(*self.op_args, **self.op_kwargs)
           ^^^^^^^^^^^^^^^^^^^^^^^^^^^^^^^^^^^^^^^^^^^^^^^^^^^^^
  File "/opt/airflow/dags/simple_hello_world.py", line 34, in read_task
    with open(filename) as file:
         ^^^^^^^^^^^^^^
TypeError: expected str, bytes or os.PathLike object, not MappedArgument
[2024-06-11T12:48:21.991+0000] {taskinstance.py:1206} INFO - Marking task as FAILED. dag_id=hello_word, task_id=process_group.read_task, run_id=manual__2024-06-11T12:48:19.712753+00:00, map_index=1, execution_date=20240611T124819, start_date=20240611T124821, end_date=20240611T124821
[2024-06-11T12:48:22.003+0000] {standard_task_runner.py:110} ERROR - Failed to execute job 153 for task process_group.read_task (expected str, bytes or os.PathLike object, not MappedArgument; 7310)
[2024-06-11T12:48:22.051+0000] {local_task_job_runner.py:240} INFO - Task exited with return code 1
[2024-06-11T12:48:22.065+0000] {taskinstance.py:3503} INFO - 0 downstream tasks scheduled from follow-on schedule check
[2024-06-11T12:48:22.071+0000] {local_task_job_runner.py:222} INFO - ::endgroup::
