[2024-06-11T22:27:22.834+0000] {local_task_job_runner.py:120} INFO - ::group::Pre task execution logs
[2024-06-11T22:27:22.853+0000] {taskinstance.py:2076} INFO - Dependencies all met for dep_context=non-requeueable deps ti=<TaskInstance: invoice2receipt.process_each_invoice.delete_temp_file manual__2024-06-11T22:27:17.992494+00:00 map_index=0 [queued]>
[2024-06-11T22:27:22.864+0000] {taskinstance.py:2076} INFO - Dependencies all met for dep_context=requeueable deps ti=<TaskInstance: invoice2receipt.process_each_invoice.delete_temp_file manual__2024-06-11T22:27:17.992494+00:00 map_index=0 [queued]>
[2024-06-11T22:27:22.918+0000] {taskinstance.py:2306} INFO - Starting attempt 1 of 1
[2024-06-11T22:27:22.930+0000] {taskinstance.py:2330} INFO - Executing <Task(_PythonDecoratedOperator): process_each_invoice.delete_temp_file> on 2024-06-11 22:27:17.992494+00:00
[2024-06-11T22:27:22.940+0000] {warnings.py:112} WARNING - /home/***/.local/lib/python3.12/site-packages/***/task/task_runner/standard_task_runner.py:61: DeprecationWarning: This process (pid=1460) is multi-threaded, use of fork() may lead to deadlocks in the child.
  pid = os.fork()

[2024-06-11T22:27:22.941+0000] {standard_task_runner.py:63} INFO - Started process 1463 to run task
[2024-06-11T22:27:22.941+0000] {standard_task_runner.py:90} INFO - Running: ['***', 'tasks', 'run', 'invoice2receipt', 'process_each_invoice.delete_temp_file', 'manual__2024-06-11T22:27:17.992494+00:00', '--job-id', '252', '--raw', '--subdir', 'DAGS_FOLDER/invoice2receipt.py', '--cfg-path', '/tmp/tmpp7l7mv9t', '--map-index', '0']
[2024-06-11T22:27:22.943+0000] {standard_task_runner.py:91} INFO - Job 252: Subtask process_each_invoice.delete_temp_file
[2024-06-11T22:27:22.985+0000] {task_command.py:426} INFO - Running <TaskInstance: invoice2receipt.process_each_invoice.delete_temp_file manual__2024-06-11T22:27:17.992494+00:00 map_index=0 [running]> on host 678b3b027d57
[2024-06-11T22:27:23.063+0000] {taskinstance.py:2648} INFO - Exporting env vars: AIRFLOW_CTX_DAG_OWNER='Anudeep' AIRFLOW_CTX_DAG_ID='invoice2receipt' AIRFLOW_CTX_TASK_ID='process_each_invoice.delete_temp_file' AIRFLOW_CTX_EXECUTION_DATE='2024-06-11T22:27:17.992494+00:00' AIRFLOW_CTX_TRY_NUMBER='1' AIRFLOW_CTX_DAG_RUN_ID='manual__2024-06-11T22:27:17.992494+00:00'
[2024-06-11T22:27:23.068+0000] {taskinstance.py:430} INFO - ::endgroup::
[2024-06-11T22:27:23.073+0000] {logging_mixin.py:188} INFO - /tmp/***_tmp_pubyjlb7 rm /tmp/***_tmp_pubyjlb7
[2024-06-11T22:27:23.074+0000] {python.py:237} INFO - Done. Returned value was: None
[2024-06-11T22:27:23.075+0000] {taskinstance.py:441} INFO - ::group::Post task execution logs
[2024-06-11T22:27:23.082+0000] {taskinstance.py:1206} INFO - Marking task as SUCCESS. dag_id=invoice2receipt, task_id=process_each_invoice.delete_temp_file, run_id=manual__2024-06-11T22:27:17.992494+00:00, map_index=0, execution_date=20240611T222717, start_date=20240611T222722, end_date=20240611T222723
[2024-06-11T22:27:23.116+0000] {local_task_job_runner.py:240} INFO - Task exited with return code 0
[2024-06-11T22:27:23.131+0000] {taskinstance.py:3503} INFO - 0 downstream tasks scheduled from follow-on schedule check
[2024-06-11T22:27:23.135+0000] {local_task_job_runner.py:222} INFO - ::endgroup::
