[2024-06-11T04:25:15.845+0000] {local_task_job_runner.py:120} INFO - ::group::Pre task execution logs
[2024-06-11T04:25:15.863+0000] {taskinstance.py:2076} INFO - Dependencies all met for dep_context=non-requeueable deps ti=<TaskInstance: hello_world.create_file_processing_tasks manual__2024-06-11T04:25:13.576568+00:00 [queued]>
[2024-06-11T04:25:15.871+0000] {taskinstance.py:2076} INFO - Dependencies all met for dep_context=requeueable deps ti=<TaskInstance: hello_world.create_file_processing_tasks manual__2024-06-11T04:25:13.576568+00:00 [queued]>
[2024-06-11T04:25:15.872+0000] {taskinstance.py:2306} INFO - Starting attempt 1 of 1
[2024-06-11T04:25:15.884+0000] {taskinstance.py:2330} INFO - Executing <Task(PythonOperator): create_file_processing_tasks> on 2024-06-11 04:25:13.576568+00:00
[2024-06-11T04:25:15.889+0000] {warnings.py:112} WARNING - /home/***/.local/lib/python3.12/site-packages/***/task/task_runner/standard_task_runner.py:61: DeprecationWarning: This process (pid=1287) is multi-threaded, use of fork() may lead to deadlocks in the child.
  pid = os.fork()

[2024-06-11T04:25:15.891+0000] {standard_task_runner.py:63} INFO - Started process 1288 to run task
[2024-06-11T04:25:15.891+0000] {standard_task_runner.py:90} INFO - Running: ['***', 'tasks', 'run', 'hello_world', 'create_file_processing_tasks', 'manual__2024-06-11T04:25:13.576568+00:00', '--job-id', '83', '--raw', '--subdir', 'DAGS_FOLDER/simple_hello_world.py', '--cfg-path', '/tmp/tmpshckda0r']
[2024-06-11T04:25:15.892+0000] {standard_task_runner.py:91} INFO - Job 83: Subtask create_file_processing_tasks
[2024-06-11T04:25:15.932+0000] {task_command.py:426} INFO - Running <TaskInstance: hello_world.create_file_processing_tasks manual__2024-06-11T04:25:13.576568+00:00 [running]> on host 678b3b027d57
[2024-06-11T04:25:15.998+0000] {taskinstance.py:2648} INFO - Exporting env vars: AIRFLOW_CTX_DAG_OWNER='Anudeep' AIRFLOW_CTX_DAG_ID='hello_world' AIRFLOW_CTX_TASK_ID='create_file_processing_tasks' AIRFLOW_CTX_EXECUTION_DATE='2024-06-11T04:25:13.576568+00:00' AIRFLOW_CTX_TRY_NUMBER='1' AIRFLOW_CTX_DAG_RUN_ID='manual__2024-06-11T04:25:13.576568+00:00'
[2024-06-11T04:25:16.000+0000] {taskinstance.py:430} INFO - ::endgroup::
[2024-06-11T04:25:16.024+0000] {taskinstance.py:441} INFO - ::group::Post task execution logs
[2024-06-11T04:25:16.031+0000] {taskinstance.py:2905} ERROR - Task failed with exception
Traceback (most recent call last):
  File "/home/airflow/.local/lib/python3.12/site-packages/airflow/models/taskinstance.py", line 465, in _execute_task
    result = _execute_callable(context=context, **execute_callable_kwargs)
             ^^^^^^^^^^^^^^^^^^^^^^^^^^^^^^^^^^^^^^^^^^^^^^^^^^^^^^^^^^^^^
  File "/home/airflow/.local/lib/python3.12/site-packages/airflow/models/taskinstance.py", line 432, in _execute_callable
    return execute_callable(context=context, **execute_callable_kwargs)
           ^^^^^^^^^^^^^^^^^^^^^^^^^^^^^^^^^^^^^^^^^^^^^^^^^^^^^^^^^^^^
  File "/home/airflow/.local/lib/python3.12/site-packages/airflow/models/baseoperator.py", line 401, in wrapper
    return func(self, *args, **kwargs)
           ^^^^^^^^^^^^^^^^^^^^^^^^^^^
  File "/home/airflow/.local/lib/python3.12/site-packages/airflow/operators/python.py", line 235, in execute
    return_value = self.execute_callable()
                   ^^^^^^^^^^^^^^^^^^^^^^^
  File "/home/airflow/.local/lib/python3.12/site-packages/airflow/operators/python.py", line 252, in execute_callable
    return self.python_callable(*self.op_args, **self.op_kwargs)
           ^^^^^^^^^^^^^^^^^^^^^^^^^^^^^^^^^^^^^^^^^^^^^^^^^^^^^
  File "/opt/airflow/dags/simple_hello_world.py", line 60, in create_file_processing_tasks
    length_task >> print_task
    ~~~~~~~~~~~~^^~~~~~~~~~~~
  File "/home/airflow/.local/lib/python3.12/site-packages/airflow/models/taskmixin.py", line 104, in __rshift__
    self.set_downstream(other)
  File "/home/airflow/.local/lib/python3.12/site-packages/airflow/models/taskmixin.py", line 262, in set_downstream
    self._set_relatives(task_or_task_list, upstream=False, edge_modifier=edge_modifier)
  File "/home/airflow/.local/lib/python3.12/site-packages/airflow/models/taskmixin.py", line 232, in _set_relatives
    raise AirflowException(
airflow.exceptions.AirflowException: Tried to create relationships between tasks that don't have DAGs yet. Set the DAG for at least one task and try again: [<Task(PythonOperator): process_file_sample1.json>, <Task(PythonOperator): print_file_sample1.json>]
[2024-06-11T04:25:16.040+0000] {taskinstance.py:1206} INFO - Marking task as FAILED. dag_id=hello_world, task_id=create_file_processing_tasks, run_id=manual__2024-06-11T04:25:13.576568+00:00, execution_date=20240611T042513, start_date=20240611T042515, end_date=20240611T042516
[2024-06-11T04:25:16.051+0000] {standard_task_runner.py:110} ERROR - Failed to execute job 83 for task create_file_processing_tasks (Tried to create relationships between tasks that don't have DAGs yet. Set the DAG for at least one task and try again: [<Task(PythonOperator): process_file_sample1.json>, <Task(PythonOperator): print_file_sample1.json>]; 1288)
[2024-06-11T04:25:16.065+0000] {local_task_job_runner.py:240} INFO - Task exited with return code 1
[2024-06-11T04:25:16.082+0000] {taskinstance.py:3503} INFO - 0 downstream tasks scheduled from follow-on schedule check
[2024-06-11T04:25:16.156+0000] {local_task_job_runner.py:222} INFO - ::endgroup::
