[2024-06-11T13:01:52.049+0000] {local_task_job_runner.py:120} INFO - ::group::Pre task execution logs
[2024-06-11T13:01:52.069+0000] {taskinstance.py:2076} INFO - Dependencies all met for dep_context=non-requeueable deps ti=<TaskInstance: hello_word.process_group.read_task manual__2024-06-11T13:01:49.786502+00:00 map_index=0 [queued]>
[2024-06-11T13:01:52.077+0000] {taskinstance.py:2076} INFO - Dependencies all met for dep_context=requeueable deps ti=<TaskInstance: hello_word.process_group.read_task manual__2024-06-11T13:01:49.786502+00:00 map_index=0 [queued]>
[2024-06-11T13:01:52.078+0000] {taskinstance.py:2306} INFO - Starting attempt 1 of 1
[2024-06-11T13:01:52.091+0000] {taskinstance.py:2330} INFO - Executing <Task(_PythonDecoratedOperator): process_group.read_task> on 2024-06-11 13:01:49.786502+00:00
[2024-06-11T13:01:52.096+0000] {warnings.py:112} WARNING - /home/***/.local/lib/python3.12/site-packages/***/task/task_runner/standard_task_runner.py:61: DeprecationWarning: This process (pid=7549) is multi-threaded, use of fork() may lead to deadlocks in the child.
  pid = os.fork()

[2024-06-11T13:01:52.098+0000] {standard_task_runner.py:63} INFO - Started process 7551 to run task
[2024-06-11T13:01:52.097+0000] {standard_task_runner.py:90} INFO - Running: ['***', 'tasks', 'run', 'hello_word', 'process_group.read_task', 'manual__2024-06-11T13:01:49.786502+00:00', '--job-id', '188', '--raw', '--subdir', 'DAGS_FOLDER/simple_hello_world.py', '--cfg-path', '/tmp/tmpg6m328ed', '--map-index', '0']
[2024-06-11T13:01:52.099+0000] {standard_task_runner.py:91} INFO - Job 188: Subtask process_group.read_task
[2024-06-11T13:01:52.136+0000] {task_command.py:426} INFO - Running <TaskInstance: hello_word.process_group.read_task manual__2024-06-11T13:01:49.786502+00:00 map_index=0 [running]> on host 678b3b027d57
[2024-06-11T13:01:52.263+0000] {taskinstance.py:2648} INFO - Exporting env vars: AIRFLOW_CTX_DAG_OWNER='Anudeep' AIRFLOW_CTX_DAG_ID='hello_word' AIRFLOW_CTX_TASK_ID='process_group.read_task' AIRFLOW_CTX_EXECUTION_DATE='2024-06-11T13:01:49.786502+00:00' AIRFLOW_CTX_TRY_NUMBER='1' AIRFLOW_CTX_DAG_RUN_ID='manual__2024-06-11T13:01:49.786502+00:00'
[2024-06-11T13:01:52.266+0000] {taskinstance.py:430} INFO - ::endgroup::
[2024-06-11T13:01:52.277+0000] {python.py:237} INFO - Done. Returned value was: {
    "fruit": "Apple",
    "size": "Large",
    "color": "Red"
}
[2024-06-11T13:01:52.278+0000] {taskinstance.py:441} INFO - ::group::Post task execution logs
[2024-06-11T13:01:52.298+0000] {taskinstance.py:1206} INFO - Marking task as SUCCESS. dag_id=hello_word, task_id=process_group.read_task, run_id=manual__2024-06-11T13:01:49.786502+00:00, map_index=0, execution_date=20240611T130149, start_date=20240611T130152, end_date=20240611T130152
[2024-06-11T13:01:52.353+0000] {local_task_job_runner.py:240} INFO - Task exited with return code 0
[2024-06-11T13:01:52.359+0000] {local_task_job_runner.py:222} INFO - ::endgroup::
