[2024-06-12T04:35:32.917+0000] {local_task_job_runner.py:120} INFO - ::group::Pre task execution logs
[2024-06-12T04:35:32.936+0000] {taskinstance.py:2076} INFO - Dependencies all met for dep_context=non-requeueable deps ti=<TaskInstance: invoice2receipt.read_inv_from_S3 manual__2024-06-12T04:35:31.876457+00:00 [queued]>
[2024-06-12T04:35:32.948+0000] {taskinstance.py:2076} INFO - Dependencies all met for dep_context=requeueable deps ti=<TaskInstance: invoice2receipt.read_inv_from_S3 manual__2024-06-12T04:35:31.876457+00:00 [queued]>
[2024-06-12T04:35:32.951+0000] {taskinstance.py:2306} INFO - Starting attempt 1 of 1
[2024-06-12T04:35:32.970+0000] {taskinstance.py:2330} INFO - Executing <Task(_PythonDecoratedOperator): read_inv_from_S3> on 2024-06-12 04:35:31.876457+00:00
[2024-06-12T04:35:32.976+0000] {warnings.py:112} WARNING - /home/***/.local/lib/python3.12/site-packages/***/task/task_runner/standard_task_runner.py:61: DeprecationWarning: This process (pid=4988) is multi-threaded, use of fork() may lead to deadlocks in the child.
  pid = os.fork()

[2024-06-12T04:35:32.979+0000] {standard_task_runner.py:63} INFO - Started process 4989 to run task
[2024-06-12T04:35:32.979+0000] {standard_task_runner.py:90} INFO - Running: ['***', 'tasks', 'run', 'invoice2receipt', 'read_inv_from_S3', 'manual__2024-06-12T04:35:31.876457+00:00', '--job-id', '260', '--raw', '--subdir', 'DAGS_FOLDER/invoice2receipt.py', '--cfg-path', '/tmp/tmpu65xp68h']
[2024-06-12T04:35:32.980+0000] {standard_task_runner.py:91} INFO - Job 260: Subtask read_inv_from_S3
[2024-06-12T04:35:33.038+0000] {task_command.py:426} INFO - Running <TaskInstance: invoice2receipt.read_inv_from_S3 manual__2024-06-12T04:35:31.876457+00:00 [running]> on host 678b3b027d57
[2024-06-12T04:35:33.163+0000] {taskinstance.py:2648} INFO - Exporting env vars: AIRFLOW_CTX_DAG_OWNER='Anudeep' AIRFLOW_CTX_DAG_ID='invoice2receipt' AIRFLOW_CTX_TASK_ID='read_inv_from_S3' AIRFLOW_CTX_EXECUTION_DATE='2024-06-12T04:35:31.876457+00:00' AIRFLOW_CTX_TRY_NUMBER='1' AIRFLOW_CTX_DAG_RUN_ID='manual__2024-06-12T04:35:31.876457+00:00'
[2024-06-12T04:35:33.165+0000] {taskinstance.py:430} INFO - ::endgroup::
[2024-06-12T04:35:33.167+0000] {logging_mixin.py:188} INFO - <***.providers.amazon.aws.hooks.s3.S3Hook object at 0x7f356e472360>
[2024-06-12T04:35:33.178+0000] {base.py:84} INFO - Using connection ID 'AWS_connection' for task execution.
[2024-06-12T04:35:33.181+0000] {connection_wrapper.py:384} INFO - AWS Connection (conn_id='AWS_connection', conn_type='aws') credentials retrieved from login and password.
[2024-06-12T04:35:33.536+0000] {python.py:237} INFO - Done. Returned value was: ['sample-invoice-1.pdf', 'sample-invoice-2.pdf', 'sample-invoice-3.pdf']
[2024-06-12T04:35:33.537+0000] {taskinstance.py:441} INFO - ::group::Post task execution logs
[2024-06-12T04:35:33.582+0000] {taskinstance.py:1206} INFO - Marking task as SUCCESS. dag_id=invoice2receipt, task_id=read_inv_from_S3, run_id=manual__2024-06-12T04:35:31.876457+00:00, execution_date=20240612T043531, start_date=20240612T043532, end_date=20240612T043533
[2024-06-12T04:35:33.637+0000] {local_task_job_runner.py:240} INFO - Task exited with return code 0
[2024-06-12T04:35:33.823+0000] {taskinstance.py:3503} INFO - 3 downstream tasks scheduled from follow-on schedule check
[2024-06-12T04:35:33.828+0000] {local_task_job_runner.py:222} INFO - ::endgroup::
