[2024-06-12T06:55:48.610+0000] {local_task_job_runner.py:120} INFO - ::group::Pre task execution logs
[2024-06-12T06:55:48.649+0000] {taskinstance.py:2076} INFO - Dependencies all met for dep_context=non-requeueable deps ti=<TaskInstance: invoice2receipt.process_each_invoice.clean_temp_file manual__2024-06-12T06:54:47.334033+00:00 map_index=0 [queued]>
[2024-06-12T06:55:48.674+0000] {taskinstance.py:2076} INFO - Dependencies all met for dep_context=requeueable deps ti=<TaskInstance: invoice2receipt.process_each_invoice.clean_temp_file manual__2024-06-12T06:54:47.334033+00:00 map_index=0 [queued]>
[2024-06-12T06:55:48.677+0000] {taskinstance.py:2306} INFO - Starting attempt 1 of 1
[2024-06-12T06:55:48.698+0000] {taskinstance.py:2330} INFO - Executing <Task(_BashDecoratedOperator): process_each_invoice.clean_temp_file> on 2024-06-12 06:54:47.334033+00:00
[2024-06-12T06:55:48.706+0000] {warnings.py:112} WARNING - /home/***/.local/lib/python3.12/site-packages/***/task/task_runner/standard_task_runner.py:61: DeprecationWarning: This process (pid=621) is multi-threaded, use of fork() may lead to deadlocks in the child.
  pid = os.fork()

[2024-06-12T06:55:48.708+0000] {standard_task_runner.py:63} INFO - Started process 622 to run task
[2024-06-12T06:55:48.709+0000] {standard_task_runner.py:90} INFO - Running: ['***', 'tasks', 'run', 'invoice2receipt', 'process_each_invoice.clean_temp_file', 'manual__2024-06-12T06:54:47.334033+00:00', '--job-id', '438', '--raw', '--subdir', 'DAGS_FOLDER/invoice2receipt.py', '--cfg-path', '/tmp/tmpmin48hlw', '--map-index', '0']
[2024-06-12T06:55:48.711+0000] {standard_task_runner.py:91} INFO - Job 438: Subtask process_each_invoice.clean_temp_file
[2024-06-12T06:55:48.775+0000] {task_command.py:426} INFO - Running <TaskInstance: invoice2receipt.process_each_invoice.clean_temp_file manual__2024-06-12T06:54:47.334033+00:00 map_index=0 [running]> on host 678b3b027d57
[2024-06-12T06:55:48.905+0000] {taskinstance.py:2648} INFO - Exporting env vars: AIRFLOW_CTX_DAG_OWNER='Anudeep' AIRFLOW_CTX_DAG_ID='invoice2receipt' AIRFLOW_CTX_TASK_ID='process_each_invoice.clean_temp_file' AIRFLOW_CTX_EXECUTION_DATE='2024-06-12T06:54:47.334033+00:00' AIRFLOW_CTX_TRY_NUMBER='1' AIRFLOW_CTX_DAG_RUN_ID='manual__2024-06-12T06:54:47.334033+00:00'
[2024-06-12T06:55:48.907+0000] {taskinstance.py:430} INFO - ::endgroup::
[2024-06-12T06:55:48.908+0000] {logging_mixin.py:188} INFO - /tmp/***_tmp_dir_e5a3811c
[2024-06-12T06:55:48.947+0000] {subprocess.py:63} INFO - Tmp dir root location: /tmp
[2024-06-12T06:55:48.949+0000] {subprocess.py:75} INFO - Running command: ['/usr/bin/bash', '-c', 'rm -rf /tmp/***_tmp_dir_e5a3811c']
[2024-06-12T06:55:48.962+0000] {subprocess.py:86} INFO - Output:
[2024-06-12T06:55:48.966+0000] {subprocess.py:97} INFO - Command exited with return code 0
[2024-06-12T06:55:48.968+0000] {taskinstance.py:441} INFO - ::group::Post task execution logs
[2024-06-12T06:55:48.997+0000] {taskinstance.py:1206} INFO - Marking task as SUCCESS. dag_id=invoice2receipt, task_id=process_each_invoice.clean_temp_file, run_id=manual__2024-06-12T06:54:47.334033+00:00, map_index=0, execution_date=20240612T065447, start_date=20240612T065548, end_date=20240612T065548
[2024-06-12T06:55:49.047+0000] {local_task_job_runner.py:240} INFO - Task exited with return code 0
[2024-06-12T06:55:49.086+0000] {taskinstance.py:3503} INFO - 0 downstream tasks scheduled from follow-on schedule check
[2024-06-12T06:55:49.093+0000] {local_task_job_runner.py:222} INFO - ::endgroup::
