[2024-06-12T06:52:50.139+0000] {local_task_job_runner.py:120} INFO - ::group::Pre task execution logs
[2024-06-12T06:52:50.172+0000] {taskinstance.py:2076} INFO - Dependencies all met for dep_context=non-requeueable deps ti=<TaskInstance: invoice2receipt.process_each_invoice.clean_temp_file manual__2024-06-12T06:51:46.893890+00:00 map_index=1 [queued]>
[2024-06-12T06:52:50.192+0000] {taskinstance.py:2076} INFO - Dependencies all met for dep_context=requeueable deps ti=<TaskInstance: invoice2receipt.process_each_invoice.clean_temp_file manual__2024-06-12T06:51:46.893890+00:00 map_index=1 [queued]>
[2024-06-12T06:52:50.203+0000] {taskinstance.py:2306} INFO - Starting attempt 1 of 1
[2024-06-12T06:52:50.222+0000] {taskinstance.py:2330} INFO - Executing <Task(_BashDecoratedOperator): process_each_invoice.clean_temp_file> on 2024-06-12 06:51:46.893890+00:00
[2024-06-12T06:52:50.230+0000] {warnings.py:112} WARNING - /home/***/.local/lib/python3.12/site-packages/***/task/task_runner/standard_task_runner.py:61: DeprecationWarning: This process (pid=552) is multi-threaded, use of fork() may lead to deadlocks in the child.
  pid = os.fork()

[2024-06-12T06:52:50.231+0000] {standard_task_runner.py:90} INFO - Running: ['***', 'tasks', 'run', 'invoice2receipt', 'process_each_invoice.clean_temp_file', 'manual__2024-06-12T06:51:46.893890+00:00', '--job-id', '424', '--raw', '--subdir', 'DAGS_FOLDER/invoice2receipt.py', '--cfg-path', '/tmp/tmp45isc5w6', '--map-index', '1']
[2024-06-12T06:52:50.233+0000] {standard_task_runner.py:63} INFO - Started process 553 to run task
[2024-06-12T06:52:50.234+0000] {standard_task_runner.py:91} INFO - Job 424: Subtask process_each_invoice.clean_temp_file
[2024-06-12T06:52:50.291+0000] {task_command.py:426} INFO - Running <TaskInstance: invoice2receipt.process_each_invoice.clean_temp_file manual__2024-06-12T06:51:46.893890+00:00 map_index=1 [running]> on host 678b3b027d57
[2024-06-12T06:52:50.402+0000] {taskinstance.py:2648} INFO - Exporting env vars: AIRFLOW_CTX_DAG_OWNER='Anudeep' AIRFLOW_CTX_DAG_ID='invoice2receipt' AIRFLOW_CTX_TASK_ID='process_each_invoice.clean_temp_file' AIRFLOW_CTX_EXECUTION_DATE='2024-06-12T06:51:46.893890+00:00' AIRFLOW_CTX_TRY_NUMBER='1' AIRFLOW_CTX_DAG_RUN_ID='manual__2024-06-12T06:51:46.893890+00:00'
[2024-06-12T06:52:50.420+0000] {taskinstance.py:430} INFO - ::endgroup::
[2024-06-12T06:52:50.445+0000] {logging_mixin.py:188} INFO - /tmp/***_tmp_dir_180f1ed1
[2024-06-12T06:52:50.501+0000] {subprocess.py:63} INFO - Tmp dir root location: /tmp
[2024-06-12T06:52:50.503+0000] {subprocess.py:75} INFO - Running command: ['/usr/bin/bash', '-c', 'rm -rf /tmp/***_tmp_dir_180f1ed1']
[2024-06-12T06:52:50.520+0000] {subprocess.py:86} INFO - Output:
[2024-06-12T06:52:50.524+0000] {subprocess.py:97} INFO - Command exited with return code 0
[2024-06-12T06:52:50.526+0000] {taskinstance.py:441} INFO - ::group::Post task execution logs
[2024-06-12T06:52:50.564+0000] {taskinstance.py:1206} INFO - Marking task as SUCCESS. dag_id=invoice2receipt, task_id=process_each_invoice.clean_temp_file, run_id=manual__2024-06-12T06:51:46.893890+00:00, map_index=1, execution_date=20240612T065146, start_date=20240612T065250, end_date=20240612T065250
[2024-06-12T06:52:50.613+0000] {local_task_job_runner.py:240} INFO - Task exited with return code 0
[2024-06-12T06:52:50.664+0000] {taskinstance.py:3503} INFO - 0 downstream tasks scheduled from follow-on schedule check
[2024-06-12T06:52:50.670+0000] {local_task_job_runner.py:222} INFO - ::endgroup::
