[2024-06-11T02:50:20.000+0000] {local_task_job_runner.py:120} INFO - ::group::Pre task execution logs
[2024-06-11T02:50:20.019+0000] {taskinstance.py:2076} INFO - Dependencies all met for dep_context=non-requeueable deps ti=<TaskInstance: hello_word.read_files_from_path manual__2024-06-11T02:50:17.353732+00:00 [queued]>
[2024-06-11T02:50:20.031+0000] {taskinstance.py:2076} INFO - Dependencies all met for dep_context=requeueable deps ti=<TaskInstance: hello_word.read_files_from_path manual__2024-06-11T02:50:17.353732+00:00 [queued]>
[2024-06-11T02:50:20.032+0000] {taskinstance.py:2306} INFO - Starting attempt 1 of 1
[2024-06-11T02:50:20.048+0000] {taskinstance.py:2330} INFO - Executing <Task(PythonOperator): read_files_from_path> on 2024-06-11 02:50:17.353732+00:00
[2024-06-11T02:50:20.053+0000] {warnings.py:112} WARNING - /home/***/.local/lib/python3.12/site-packages/***/task/task_runner/standard_task_runner.py:61: DeprecationWarning: This process (pid=4390) is multi-threaded, use of fork() may lead to deadlocks in the child.
  pid = os.fork()

[2024-06-11T02:50:20.055+0000] {standard_task_runner.py:63} INFO - Started process 4391 to run task
[2024-06-11T02:50:20.055+0000] {standard_task_runner.py:90} INFO - Running: ['***', 'tasks', 'run', 'hello_word', 'read_files_from_path', 'manual__2024-06-11T02:50:17.353732+00:00', '--job-id', '20', '--raw', '--subdir', 'DAGS_FOLDER/simple_hello_world.py', '--cfg-path', '/tmp/tmpkxi_dvld']
[2024-06-11T02:50:20.056+0000] {standard_task_runner.py:91} INFO - Job 20: Subtask read_files_from_path
[2024-06-11T02:50:20.096+0000] {task_command.py:426} INFO - Running <TaskInstance: hello_word.read_files_from_path manual__2024-06-11T02:50:17.353732+00:00 [running]> on host 678b3b027d57
[2024-06-11T02:50:20.169+0000] {taskinstance.py:2648} INFO - Exporting env vars: AIRFLOW_CTX_DAG_OWNER='Anudeep' AIRFLOW_CTX_DAG_ID='hello_word' AIRFLOW_CTX_TASK_ID='read_files_from_path' AIRFLOW_CTX_EXECUTION_DATE='2024-06-11T02:50:17.353732+00:00' AIRFLOW_CTX_TRY_NUMBER='1' AIRFLOW_CTX_DAG_RUN_ID='manual__2024-06-11T02:50:17.353732+00:00'
[2024-06-11T02:50:20.170+0000] {taskinstance.py:430} INFO - ::endgroup::
[2024-06-11T02:50:20.187+0000] {base.py:84} INFO - Using connection ID 'invoices' for task execution.
[2024-06-11T02:50:20.188+0000] {logging_mixin.py:188} INFO - /invoices
[2024-06-11T02:50:20.188+0000] {python.py:237} INFO - Done. Returned value was: None
[2024-06-11T02:50:20.190+0000] {taskinstance.py:441} INFO - ::group::Post task execution logs
[2024-06-11T02:50:20.198+0000] {taskinstance.py:1206} INFO - Marking task as SUCCESS. dag_id=hello_word, task_id=read_files_from_path, run_id=manual__2024-06-11T02:50:17.353732+00:00, execution_date=20240611T025017, start_date=20240611T025020, end_date=20240611T025020
[2024-06-11T02:50:20.230+0000] {local_task_job_runner.py:240} INFO - Task exited with return code 0
[2024-06-11T02:50:20.243+0000] {taskinstance.py:3503} INFO - 0 downstream tasks scheduled from follow-on schedule check
[2024-06-11T02:50:20.247+0000] {local_task_job_runner.py:222} INFO - ::endgroup::
