[2024-06-12T05:12:02.887+0000] {local_task_job_runner.py:120} INFO - ::group::Pre task execution logs
[2024-06-12T05:12:02.927+0000] {taskinstance.py:2076} INFO - Dependencies all met for dep_context=non-requeueable deps ti=<TaskInstance: invoice2receipt.process_each_invoice.create_extraction_job manual__2024-06-12T05:11:56.101833+00:00 map_index=1 [queued]>
[2024-06-12T05:12:02.949+0000] {taskinstance.py:2076} INFO - Dependencies all met for dep_context=requeueable deps ti=<TaskInstance: invoice2receipt.process_each_invoice.create_extraction_job manual__2024-06-12T05:11:56.101833+00:00 map_index=1 [queued]>
[2024-06-12T05:12:02.952+0000] {taskinstance.py:2306} INFO - Starting attempt 1 of 1
[2024-06-12T05:12:02.975+0000] {taskinstance.py:2330} INFO - Executing <Task(_PythonDecoratedOperator): process_each_invoice.create_extraction_job> on 2024-06-12 05:11:56.101833+00:00
[2024-06-12T05:12:02.983+0000] {warnings.py:112} WARNING - /home/***/.local/lib/python3.12/site-packages/***/task/task_runner/standard_task_runner.py:61: DeprecationWarning: This process (pid=5617) is multi-threaded, use of fork() may lead to deadlocks in the child.
  pid = os.fork()

[2024-06-12T05:12:02.985+0000] {standard_task_runner.py:63} INFO - Started process 5619 to run task
[2024-06-12T05:12:02.986+0000] {standard_task_runner.py:90} INFO - Running: ['***', 'tasks', 'run', 'invoice2receipt', 'process_each_invoice.create_extraction_job', 'manual__2024-06-12T05:11:56.101833+00:00', '--job-id', '321', '--raw', '--subdir', 'DAGS_FOLDER/invoice2receipt.py', '--cfg-path', '/tmp/tmpuek8_d75', '--map-index', '1']
[2024-06-12T05:12:02.988+0000] {standard_task_runner.py:91} INFO - Job 321: Subtask process_each_invoice.create_extraction_job
[2024-06-12T05:12:03.064+0000] {task_command.py:426} INFO - Running <TaskInstance: invoice2receipt.process_each_invoice.create_extraction_job manual__2024-06-12T05:11:56.101833+00:00 map_index=1 [running]> on host 678b3b027d57
[2024-06-12T05:12:03.258+0000] {taskinstance.py:2648} INFO - Exporting env vars: AIRFLOW_CTX_DAG_OWNER='Anudeep' AIRFLOW_CTX_DAG_ID='invoice2receipt' AIRFLOW_CTX_TASK_ID='process_each_invoice.create_extraction_job' AIRFLOW_CTX_EXECUTION_DATE='2024-06-12T05:11:56.101833+00:00' AIRFLOW_CTX_TRY_NUMBER='1' AIRFLOW_CTX_DAG_RUN_ID='manual__2024-06-12T05:11:56.101833+00:00'
[2024-06-12T05:12:03.260+0000] {taskinstance.py:430} INFO - ::endgroup::
[2024-06-12T05:12:05.043+0000] {logging_mixin.py:188} INFO - {'status': 'PENDING', 'id': 'bf190163-6141-4cac-a5fb-e1a9811a18c7', 'processedTime': '2024-06-12T05:12:04.869644+00:00'}
[2024-06-12T05:12:05.045+0000] {python.py:237} INFO - Done. Returned value was: bf190163-6141-4cac-a5fb-e1a9811a18c7
[2024-06-12T05:12:05.046+0000] {taskinstance.py:441} INFO - ::group::Post task execution logs
[2024-06-12T05:12:05.073+0000] {taskinstance.py:1206} INFO - Marking task as SUCCESS. dag_id=invoice2receipt, task_id=process_each_invoice.create_extraction_job, run_id=manual__2024-06-12T05:11:56.101833+00:00, map_index=1, execution_date=20240612T051156, start_date=20240612T051202, end_date=20240612T051205
[2024-06-12T05:12:05.132+0000] {local_task_job_runner.py:240} INFO - Task exited with return code 0
[2024-06-12T05:12:05.231+0000] {taskinstance.py:3503} INFO - 2 downstream tasks scheduled from follow-on schedule check
[2024-06-12T05:12:05.236+0000] {local_task_job_runner.py:222} INFO - ::endgroup::
