[2024-06-12T06:49:00.924+0000] {local_task_job_runner.py:120} INFO - ::group::Pre task execution logs
[2024-06-12T06:49:00.955+0000] {taskinstance.py:2076} INFO - Dependencies all met for dep_context=non-requeueable deps ti=<TaskInstance: invoice2receipt.process_each_invoice.create_extraction_job manual__2024-06-12T06:48:53.551062+00:00 map_index=1 [queued]>
[2024-06-12T06:49:00.969+0000] {taskinstance.py:2076} INFO - Dependencies all met for dep_context=requeueable deps ti=<TaskInstance: invoice2receipt.process_each_invoice.create_extraction_job manual__2024-06-12T06:48:53.551062+00:00 map_index=1 [queued]>
[2024-06-12T06:49:00.971+0000] {taskinstance.py:2306} INFO - Starting attempt 1 of 1
[2024-06-12T06:49:00.987+0000] {taskinstance.py:2330} INFO - Executing <Task(_PythonDecoratedOperator): process_each_invoice.create_extraction_job> on 2024-06-12 06:48:53.551062+00:00
[2024-06-12T06:49:00.995+0000] {warnings.py:112} WARNING - /home/***/.local/lib/python3.12/site-packages/***/task/task_runner/standard_task_runner.py:61: DeprecationWarning: This process (pid=457) is multi-threaded, use of fork() may lead to deadlocks in the child.
  pid = os.fork()

[2024-06-12T06:49:00.997+0000] {standard_task_runner.py:63} INFO - Started process 459 to run task
[2024-06-12T06:49:00.997+0000] {standard_task_runner.py:90} INFO - Running: ['***', 'tasks', 'run', 'invoice2receipt', 'process_each_invoice.create_extraction_job', 'manual__2024-06-12T06:48:53.551062+00:00', '--job-id', '405', '--raw', '--subdir', 'DAGS_FOLDER/invoice2receipt.py', '--cfg-path', '/tmp/tmpagl6_mx4', '--map-index', '1']
[2024-06-12T06:49:01.000+0000] {standard_task_runner.py:91} INFO - Job 405: Subtask process_each_invoice.create_extraction_job
[2024-06-12T06:49:01.059+0000] {task_command.py:426} INFO - Running <TaskInstance: invoice2receipt.process_each_invoice.create_extraction_job manual__2024-06-12T06:48:53.551062+00:00 map_index=1 [running]> on host 678b3b027d57
[2024-06-12T06:49:01.168+0000] {taskinstance.py:2648} INFO - Exporting env vars: AIRFLOW_CTX_DAG_OWNER='Anudeep' AIRFLOW_CTX_DAG_ID='invoice2receipt' AIRFLOW_CTX_TASK_ID='process_each_invoice.create_extraction_job' AIRFLOW_CTX_EXECUTION_DATE='2024-06-12T06:48:53.551062+00:00' AIRFLOW_CTX_TRY_NUMBER='1' AIRFLOW_CTX_DAG_RUN_ID='manual__2024-06-12T06:48:53.551062+00:00'
[2024-06-12T06:49:01.169+0000] {taskinstance.py:430} INFO - ::endgroup::
[2024-06-12T06:49:03.275+0000] {logging_mixin.py:188} INFO - {'status': 'PENDING', 'id': 'c48f8ca1-c4d3-4553-9c4b-f745c71ff41e', 'processedTime': '2024-06-12T06:49:02.851241+00:00'}
[2024-06-12T06:49:03.299+0000] {python.py:237} INFO - Done. Returned value was: c48f8ca1-c4d3-4553-9c4b-f745c71ff41e
[2024-06-12T06:49:03.418+0000] {taskinstance.py:441} INFO - ::group::Post task execution logs
[2024-06-12T06:49:03.463+0000] {taskinstance.py:1206} INFO - Marking task as SUCCESS. dag_id=invoice2receipt, task_id=process_each_invoice.create_extraction_job, run_id=manual__2024-06-12T06:48:53.551062+00:00, map_index=1, execution_date=20240612T064853, start_date=20240612T064900, end_date=20240612T064903
[2024-06-12T06:49:03.590+0000] {local_task_job_runner.py:240} INFO - Task exited with return code 0
[2024-06-12T06:49:03.712+0000] {taskinstance.py:3503} INFO - 2 downstream tasks scheduled from follow-on schedule check
[2024-06-12T06:49:03.718+0000] {local_task_job_runner.py:222} INFO - ::endgroup::
