[2024-06-12T05:12:00.336+0000] {local_task_job_runner.py:120} INFO - ::group::Pre task execution logs
[2024-06-12T05:12:00.372+0000] {taskinstance.py:2076} INFO - Dependencies all met for dep_context=non-requeueable deps ti=<TaskInstance: invoice2receipt.process_each_invoice.download_from_s3 manual__2024-06-12T05:11:56.101833+00:00 map_index=0 [queued]>
[2024-06-12T05:12:00.391+0000] {taskinstance.py:2076} INFO - Dependencies all met for dep_context=requeueable deps ti=<TaskInstance: invoice2receipt.process_each_invoice.download_from_s3 manual__2024-06-12T05:11:56.101833+00:00 map_index=0 [queued]>
[2024-06-12T05:12:00.393+0000] {taskinstance.py:2306} INFO - Starting attempt 1 of 1
[2024-06-12T05:12:00.418+0000] {taskinstance.py:2330} INFO - Executing <Task(_PythonDecoratedOperator): process_each_invoice.download_from_s3> on 2024-06-12 05:11:56.101833+00:00
[2024-06-12T05:12:00.427+0000] {warnings.py:112} WARNING - /home/***/.local/lib/python3.12/site-packages/***/task/task_runner/standard_task_runner.py:61: DeprecationWarning: This process (pid=5610) is multi-threaded, use of fork() may lead to deadlocks in the child.
  pid = os.fork()

[2024-06-12T05:12:00.430+0000] {standard_task_runner.py:63} INFO - Started process 5612 to run task
[2024-06-12T05:12:00.430+0000] {standard_task_runner.py:90} INFO - Running: ['***', 'tasks', 'run', 'invoice2receipt', 'process_each_invoice.download_from_s3', 'manual__2024-06-12T05:11:56.101833+00:00', '--job-id', '319', '--raw', '--subdir', 'DAGS_FOLDER/invoice2receipt.py', '--cfg-path', '/tmp/tmps6j_8otz', '--map-index', '0']
[2024-06-12T05:12:00.433+0000] {standard_task_runner.py:91} INFO - Job 319: Subtask process_each_invoice.download_from_s3
[2024-06-12T05:12:00.507+0000] {task_command.py:426} INFO - Running <TaskInstance: invoice2receipt.process_each_invoice.download_from_s3 manual__2024-06-12T05:11:56.101833+00:00 map_index=0 [running]> on host 678b3b027d57
[2024-06-12T05:12:00.670+0000] {taskinstance.py:2648} INFO - Exporting env vars: AIRFLOW_CTX_DAG_OWNER='Anudeep' AIRFLOW_CTX_DAG_ID='invoice2receipt' AIRFLOW_CTX_TASK_ID='process_each_invoice.download_from_s3' AIRFLOW_CTX_EXECUTION_DATE='2024-06-12T05:11:56.101833+00:00' AIRFLOW_CTX_TRY_NUMBER='1' AIRFLOW_CTX_DAG_RUN_ID='manual__2024-06-12T05:11:56.101833+00:00'
[2024-06-12T05:12:00.672+0000] {taskinstance.py:430} INFO - ::endgroup::
[2024-06-12T05:12:00.674+0000] {s3.py:1387} INFO - Downloading source S3 file from Bucket invoices with path sample-invoice-1.pdf
[2024-06-12T05:12:00.692+0000] {base.py:84} INFO - Using connection ID 'AWS_connection' for task execution.
[2024-06-12T05:12:00.694+0000] {connection_wrapper.py:384} INFO - AWS Connection (conn_id='AWS_connection', conn_type='aws') credentials retrieved from login and password.
[2024-06-12T05:12:01.010+0000] {python.py:237} INFO - Done. Returned value was: /tmp/***_tmp_dir_a94138da/sample-invoice-1.pdf
[2024-06-12T05:12:01.012+0000] {taskinstance.py:441} INFO - ::group::Post task execution logs
[2024-06-12T05:12:01.051+0000] {taskinstance.py:1206} INFO - Marking task as SUCCESS. dag_id=invoice2receipt, task_id=process_each_invoice.download_from_s3, run_id=manual__2024-06-12T05:11:56.101833+00:00, map_index=0, execution_date=20240612T051156, start_date=20240612T051200, end_date=20240612T051201
[2024-06-12T05:12:01.090+0000] {local_task_job_runner.py:240} INFO - Task exited with return code 0
[2024-06-12T05:12:01.105+0000] {local_task_job_runner.py:222} INFO - ::endgroup::
