[2024-06-11T13:00:30.015+0000] {local_task_job_runner.py:120} INFO - ::group::Pre task execution logs
[2024-06-11T13:00:30.040+0000] {taskinstance.py:2076} INFO - Dependencies all met for dep_context=non-requeueable deps ti=<TaskInstance: hello_word.process_group.read_task manual__2024-06-11T13:00:28.005019+00:00 map_index=1 [queued]>
[2024-06-11T13:00:30.049+0000] {taskinstance.py:2076} INFO - Dependencies all met for dep_context=requeueable deps ti=<TaskInstance: hello_word.process_group.read_task manual__2024-06-11T13:00:28.005019+00:00 map_index=1 [queued]>
[2024-06-11T13:00:30.050+0000] {taskinstance.py:2306} INFO - Starting attempt 1 of 1
[2024-06-11T13:00:30.064+0000] {taskinstance.py:2330} INFO - Executing <Task(_PythonDecoratedOperator): process_group.read_task> on 2024-06-11 13:00:28.005019+00:00
[2024-06-11T13:00:30.069+0000] {warnings.py:112} WARNING - /home/***/.local/lib/python3.12/site-packages/***/task/task_runner/standard_task_runner.py:61: DeprecationWarning: This process (pid=7524) is multi-threaded, use of fork() may lead to deadlocks in the child.
  pid = os.fork()

[2024-06-11T13:00:30.070+0000] {standard_task_runner.py:63} INFO - Started process 7526 to run task
[2024-06-11T13:00:30.070+0000] {standard_task_runner.py:90} INFO - Running: ['***', 'tasks', 'run', 'hello_word', 'process_group.read_task', 'manual__2024-06-11T13:00:28.005019+00:00', '--job-id', '182', '--raw', '--subdir', 'DAGS_FOLDER/simple_hello_world.py', '--cfg-path', '/tmp/tmp05pc6jl6', '--map-index', '1']
[2024-06-11T13:00:30.071+0000] {standard_task_runner.py:91} INFO - Job 182: Subtask process_group.read_task
[2024-06-11T13:00:30.173+0000] {task_command.py:426} INFO - Running <TaskInstance: hello_word.process_group.read_task manual__2024-06-11T13:00:28.005019+00:00 map_index=1 [running]> on host 678b3b027d57
[2024-06-11T13:00:30.262+0000] {taskinstance.py:2648} INFO - Exporting env vars: AIRFLOW_CTX_DAG_OWNER='Anudeep' AIRFLOW_CTX_DAG_ID='hello_word' AIRFLOW_CTX_TASK_ID='process_group.read_task' AIRFLOW_CTX_EXECUTION_DATE='2024-06-11T13:00:28.005019+00:00' AIRFLOW_CTX_TRY_NUMBER='1' AIRFLOW_CTX_DAG_RUN_ID='manual__2024-06-11T13:00:28.005019+00:00'
[2024-06-11T13:00:30.263+0000] {taskinstance.py:430} INFO - ::endgroup::
[2024-06-11T13:00:30.268+0000] {python.py:237} INFO - Done. Returned value was: {
   "firstName": "Joe",
   "lastName": "Jackson",
   "gender": "male",
   "age": 28,
   "address": {
       "streetAddress": "101",
       "city": "San Diego",
       "state": "CA"
   },
   "phoneNumbers": [
       { "type": "home", "number": "7349282382" }
   ]
}
[2024-06-11T13:00:30.269+0000] {taskinstance.py:441} INFO - ::group::Post task execution logs
[2024-06-11T13:00:30.289+0000] {taskinstance.py:1206} INFO - Marking task as SUCCESS. dag_id=hello_word, task_id=process_group.read_task, run_id=manual__2024-06-11T13:00:28.005019+00:00, map_index=1, execution_date=20240611T130028, start_date=20240611T130030, end_date=20240611T130030
[2024-06-11T13:00:30.325+0000] {local_task_job_runner.py:240} INFO - Task exited with return code 0
[2024-06-11T13:00:30.358+0000] {taskinstance.py:3503} INFO - 1 downstream tasks scheduled from follow-on schedule check
[2024-06-11T13:00:30.361+0000] {local_task_job_runner.py:222} INFO - ::endgroup::
