[2024-06-11T05:48:15.548+0000] {local_task_job_runner.py:120} INFO - ::group::Pre task execution logs
[2024-06-11T05:48:15.569+0000] {taskinstance.py:2076} INFO - Dependencies all met for dep_context=non-requeueable deps ti=<TaskInstance: hello_word.read_files_from_path manual__2024-06-11T05:48:14.454635+00:00 [queued]>
[2024-06-11T05:48:15.583+0000] {taskinstance.py:2076} INFO - Dependencies all met for dep_context=requeueable deps ti=<TaskInstance: hello_word.read_files_from_path manual__2024-06-11T05:48:14.454635+00:00 [queued]>
[2024-06-11T05:48:15.603+0000] {taskinstance.py:2306} INFO - Starting attempt 1 of 1
[2024-06-11T05:48:15.617+0000] {taskinstance.py:2330} INFO - Executing <Task(PythonOperator): read_files_from_path> on 2024-06-11 05:48:14.454635+00:00
[2024-06-11T05:48:15.624+0000] {warnings.py:112} WARNING - /home/***/.local/lib/python3.12/site-packages/***/task/task_runner/standard_task_runner.py:61: DeprecationWarning: This process (pid=2082) is multi-threaded, use of fork() may lead to deadlocks in the child.
  pid = os.fork()

[2024-06-11T05:48:15.625+0000] {standard_task_runner.py:90} INFO - Running: ['***', 'tasks', 'run', 'hello_word', 'read_files_from_path', 'manual__2024-06-11T05:48:14.454635+00:00', '--job-id', '103', '--raw', '--subdir', 'DAGS_FOLDER/simple_hello_world.py', '--cfg-path', '/tmp/tmppq7otbq6']
[2024-06-11T05:48:15.627+0000] {standard_task_runner.py:63} INFO - Started process 2083 to run task
[2024-06-11T05:48:15.629+0000] {standard_task_runner.py:91} INFO - Job 103: Subtask read_files_from_path
[2024-06-11T05:48:15.670+0000] {task_command.py:426} INFO - Running <TaskInstance: hello_word.read_files_from_path manual__2024-06-11T05:48:14.454635+00:00 [running]> on host 678b3b027d57
[2024-06-11T05:48:15.740+0000] {taskinstance.py:2648} INFO - Exporting env vars: AIRFLOW_CTX_DAG_OWNER='Anudeep' AIRFLOW_CTX_DAG_ID='hello_word' AIRFLOW_CTX_TASK_ID='read_files_from_path' AIRFLOW_CTX_EXECUTION_DATE='2024-06-11T05:48:14.454635+00:00' AIRFLOW_CTX_TRY_NUMBER='1' AIRFLOW_CTX_DAG_RUN_ID='manual__2024-06-11T05:48:14.454635+00:00'
[2024-06-11T05:48:15.753+0000] {taskinstance.py:430} INFO - ::endgroup::
[2024-06-11T05:48:15.775+0000] {base.py:84} INFO - Using connection ID 'invoices' for task execution.
[2024-06-11T05:48:15.796+0000] {python.py:237} INFO - Done. Returned value was: ['/opt/***/dags/invoices/sample1.json', '/opt/***/dags/invoices/sample2.json']
[2024-06-11T05:48:15.797+0000] {taskinstance.py:441} INFO - ::group::Post task execution logs
[2024-06-11T05:48:15.822+0000] {taskinstance.py:1206} INFO - Marking task as SUCCESS. dag_id=hello_word, task_id=read_files_from_path, run_id=manual__2024-06-11T05:48:14.454635+00:00, execution_date=20240611T054814, start_date=20240611T054815, end_date=20240611T054815
[2024-06-11T05:48:15.843+0000] {local_task_job_runner.py:240} INFO - Task exited with return code 0
[2024-06-11T05:48:15.895+0000] {taskinstance.py:3503} INFO - 2 downstream tasks scheduled from follow-on schedule check
[2024-06-11T05:48:15.903+0000] {local_task_job_runner.py:222} INFO - ::endgroup::
