[2024-06-11T13:00:30.019+0000] {local_task_job_runner.py:120} INFO - ::group::Pre task execution logs
[2024-06-11T13:00:30.046+0000] {taskinstance.py:2076} INFO - Dependencies all met for dep_context=non-requeueable deps ti=<TaskInstance: hello_word.process_group.read_task manual__2024-06-11T13:00:28.005019+00:00 map_index=0 [queued]>
[2024-06-11T13:00:30.056+0000] {taskinstance.py:2076} INFO - Dependencies all met for dep_context=requeueable deps ti=<TaskInstance: hello_word.process_group.read_task manual__2024-06-11T13:00:28.005019+00:00 map_index=0 [queued]>
[2024-06-11T13:00:30.057+0000] {taskinstance.py:2306} INFO - Starting attempt 1 of 1
[2024-06-11T13:00:30.069+0000] {taskinstance.py:2330} INFO - Executing <Task(_PythonDecoratedOperator): process_group.read_task> on 2024-06-11 13:00:28.005019+00:00
[2024-06-11T13:00:30.074+0000] {warnings.py:112} WARNING - /home/***/.local/lib/python3.12/site-packages/***/task/task_runner/standard_task_runner.py:61: DeprecationWarning: This process (pid=7525) is multi-threaded, use of fork() may lead to deadlocks in the child.
  pid = os.fork()

[2024-06-11T13:00:30.076+0000] {standard_task_runner.py:63} INFO - Started process 7527 to run task
[2024-06-11T13:00:30.076+0000] {standard_task_runner.py:90} INFO - Running: ['***', 'tasks', 'run', 'hello_word', 'process_group.read_task', 'manual__2024-06-11T13:00:28.005019+00:00', '--job-id', '183', '--raw', '--subdir', 'DAGS_FOLDER/simple_hello_world.py', '--cfg-path', '/tmp/tmprxq0jpbx', '--map-index', '0']
[2024-06-11T13:00:30.077+0000] {standard_task_runner.py:91} INFO - Job 183: Subtask process_group.read_task
[2024-06-11T13:00:30.214+0000] {task_command.py:426} INFO - Running <TaskInstance: hello_word.process_group.read_task manual__2024-06-11T13:00:28.005019+00:00 map_index=0 [running]> on host 678b3b027d57
[2024-06-11T13:00:30.312+0000] {taskinstance.py:2648} INFO - Exporting env vars: AIRFLOW_CTX_DAG_OWNER='Anudeep' AIRFLOW_CTX_DAG_ID='hello_word' AIRFLOW_CTX_TASK_ID='process_group.read_task' AIRFLOW_CTX_EXECUTION_DATE='2024-06-11T13:00:28.005019+00:00' AIRFLOW_CTX_TRY_NUMBER='1' AIRFLOW_CTX_DAG_RUN_ID='manual__2024-06-11T13:00:28.005019+00:00'
[2024-06-11T13:00:30.313+0000] {taskinstance.py:430} INFO - ::endgroup::
[2024-06-11T13:00:30.317+0000] {python.py:237} INFO - Done. Returned value was: {
    "fruit": "Apple",
    "size": "Large",
    "color": "Red"
}
[2024-06-11T13:00:30.318+0000] {taskinstance.py:441} INFO - ::group::Post task execution logs
[2024-06-11T13:00:30.338+0000] {taskinstance.py:1206} INFO - Marking task as SUCCESS. dag_id=hello_word, task_id=process_group.read_task, run_id=manual__2024-06-11T13:00:28.005019+00:00, map_index=0, execution_date=20240611T130028, start_date=20240611T130030, end_date=20240611T130030
[2024-06-11T13:00:30.370+0000] {local_task_job_runner.py:240} INFO - Task exited with return code 0
[2024-06-11T13:00:30.394+0000] {taskinstance.py:3503} INFO - 1 downstream tasks scheduled from follow-on schedule check
[2024-06-11T13:00:30.397+0000] {local_task_job_runner.py:222} INFO - ::endgroup::
