[2024-06-11T21:24:03.208+0000] {local_task_job_runner.py:120} INFO - ::group::Pre task execution logs
[2024-06-11T21:24:03.220+0000] {taskinstance.py:2076} INFO - Dependencies all met for dep_context=non-requeueable deps ti=<TaskInstance: invoice2receipt.read_inv_frm_S3 manual__2024-06-11T21:24:01.959396+00:00 [queued]>
[2024-06-11T21:24:03.227+0000] {taskinstance.py:2076} INFO - Dependencies all met for dep_context=requeueable deps ti=<TaskInstance: invoice2receipt.read_inv_frm_S3 manual__2024-06-11T21:24:01.959396+00:00 [queued]>
[2024-06-11T21:24:03.228+0000] {taskinstance.py:2306} INFO - Starting attempt 1 of 1
[2024-06-11T21:24:03.239+0000] {taskinstance.py:2330} INFO - Executing <Task(_PythonDecoratedOperator): read_inv_frm_S3> on 2024-06-11 21:24:01.959396+00:00
[2024-06-11T21:24:03.244+0000] {standard_task_runner.py:90} INFO - Running: ['***', 'tasks', 'run', 'invoice2receipt', 'read_inv_frm_S3', 'manual__2024-06-11T21:24:01.959396+00:00', '--job-id', '219', '--raw', '--subdir', 'DAGS_FOLDER/invoice2receipt.py', '--cfg-path', '/tmp/tmpwz49j75a']
[2024-06-11T21:24:03.243+0000] {warnings.py:112} WARNING - /home/***/.local/lib/python3.12/site-packages/***/task/task_runner/standard_task_runner.py:61: DeprecationWarning: This process (pid=548) is multi-threaded, use of fork() may lead to deadlocks in the child.
  pid = os.fork()

[2024-06-11T21:24:03.245+0000] {standard_task_runner.py:91} INFO - Job 219: Subtask read_inv_frm_S3
[2024-06-11T21:24:03.245+0000] {standard_task_runner.py:63} INFO - Started process 549 to run task
[2024-06-11T21:24:03.278+0000] {task_command.py:426} INFO - Running <TaskInstance: invoice2receipt.read_inv_frm_S3 manual__2024-06-11T21:24:01.959396+00:00 [running]> on host 678b3b027d57
[2024-06-11T21:24:03.335+0000] {taskinstance.py:2648} INFO - Exporting env vars: AIRFLOW_CTX_DAG_OWNER='Anudeep' AIRFLOW_CTX_DAG_ID='invoice2receipt' AIRFLOW_CTX_TASK_ID='read_inv_frm_S3' AIRFLOW_CTX_EXECUTION_DATE='2024-06-11T21:24:01.959396+00:00' AIRFLOW_CTX_TRY_NUMBER='1' AIRFLOW_CTX_DAG_RUN_ID='manual__2024-06-11T21:24:01.959396+00:00'
[2024-06-11T21:24:03.335+0000] {taskinstance.py:430} INFO - ::endgroup::
[2024-06-11T21:24:03.336+0000] {logging_mixin.py:188} INFO - <***.providers.amazon.aws.hooks.s3.S3Hook object at 0x7f356e4371d0>
[2024-06-11T21:24:03.342+0000] {base.py:84} INFO - Using connection ID 'AWS_connection' for task execution.
[2024-06-11T21:24:03.343+0000] {connection_wrapper.py:384} INFO - AWS Connection (conn_id='AWS_connection', conn_type='aws') credentials retrieved from login and password.
[2024-06-11T21:24:03.343+0000] {warnings.py:112} WARNING - <string>:9: AirflowProviderDeprecationWarning: extra['host'] is deprecated and will be removed in a future release. Please set extra['endpoint_url'] instead

[2024-06-11T21:24:03.576+0000] {logging_mixin.py:188} INFO - []
[2024-06-11T21:24:03.577+0000] {python.py:237} INFO - Done. Returned value was: None
[2024-06-11T21:24:03.578+0000] {taskinstance.py:441} INFO - ::group::Post task execution logs
[2024-06-11T21:24:03.584+0000] {taskinstance.py:1206} INFO - Marking task as SUCCESS. dag_id=invoice2receipt, task_id=read_inv_frm_S3, run_id=manual__2024-06-11T21:24:01.959396+00:00, execution_date=20240611T212401, start_date=20240611T212403, end_date=20240611T212403
[2024-06-11T21:24:03.619+0000] {local_task_job_runner.py:240} INFO - Task exited with return code 0
[2024-06-11T21:24:03.631+0000] {taskinstance.py:3503} INFO - 0 downstream tasks scheduled from follow-on schedule check
[2024-06-11T21:24:03.634+0000] {local_task_job_runner.py:222} INFO - ::endgroup::
