[2024-06-11T13:05:36.871+0000] {local_task_job_runner.py:120} INFO - ::group::Pre task execution logs
[2024-06-11T13:05:36.896+0000] {taskinstance.py:2076} INFO - Dependencies all met for dep_context=non-requeueable deps ti=<TaskInstance: hello_word.process_group.print_length manual__2024-06-11T13:05:21.315765+00:00 map_index=0 [queued]>
[2024-06-11T13:05:36.905+0000] {taskinstance.py:2076} INFO - Dependencies all met for dep_context=requeueable deps ti=<TaskInstance: hello_word.process_group.print_length manual__2024-06-11T13:05:21.315765+00:00 map_index=0 [queued]>
[2024-06-11T13:05:36.906+0000] {taskinstance.py:2306} INFO - Starting attempt 1 of 1
[2024-06-11T13:05:36.917+0000] {taskinstance.py:2330} INFO - Executing <Task(_PythonDecoratedOperator): process_group.print_length> on 2024-06-11 13:05:21.315765+00:00
[2024-06-11T13:05:36.923+0000] {warnings.py:112} WARNING - /home/***/.local/lib/python3.12/site-packages/***/task/task_runner/standard_task_runner.py:61: DeprecationWarning: This process (pid=7636) is multi-threaded, use of fork() may lead to deadlocks in the child.
  pid = os.fork()

[2024-06-11T13:05:36.924+0000] {standard_task_runner.py:63} INFO - Started process 7637 to run task
[2024-06-11T13:05:36.924+0000] {standard_task_runner.py:90} INFO - Running: ['***', 'tasks', 'run', 'hello_word', 'process_group.print_length', 'manual__2024-06-11T13:05:21.315765+00:00', '--job-id', '204', '--raw', '--subdir', 'DAGS_FOLDER/simple_hello_world.py', '--cfg-path', '/tmp/tmpef9mqgqp', '--map-index', '0']
[2024-06-11T13:05:36.926+0000] {standard_task_runner.py:91} INFO - Job 204: Subtask process_group.print_length
[2024-06-11T13:05:36.966+0000] {task_command.py:426} INFO - Running <TaskInstance: hello_word.process_group.print_length manual__2024-06-11T13:05:21.315765+00:00 map_index=0 [running]> on host 678b3b027d57
[2024-06-11T13:05:37.049+0000] {taskinstance.py:2648} INFO - Exporting env vars: AIRFLOW_CTX_DAG_OWNER='Anudeep' AIRFLOW_CTX_DAG_ID='hello_word' AIRFLOW_CTX_TASK_ID='process_group.print_length' AIRFLOW_CTX_EXECUTION_DATE='2024-06-11T13:05:21.315765+00:00' AIRFLOW_CTX_TRY_NUMBER='1' AIRFLOW_CTX_DAG_RUN_ID='manual__2024-06-11T13:05:21.315765+00:00'
[2024-06-11T13:05:37.050+0000] {taskinstance.py:430} INFO - ::endgroup::
[2024-06-11T13:05:37.051+0000] {logging_mixin.py:188} INFO - The number of characters are 65
[2024-06-11T13:05:37.052+0000] {python.py:237} INFO - Done. Returned value was: None
[2024-06-11T13:05:37.053+0000] {taskinstance.py:441} INFO - ::group::Post task execution logs
[2024-06-11T13:05:37.059+0000] {taskinstance.py:1206} INFO - Marking task as SUCCESS. dag_id=hello_word, task_id=process_group.print_length, run_id=manual__2024-06-11T13:05:21.315765+00:00, map_index=0, execution_date=20240611T130521, start_date=20240611T130536, end_date=20240611T130537
[2024-06-11T13:05:37.098+0000] {local_task_job_runner.py:240} INFO - Task exited with return code 0
[2024-06-11T13:05:37.111+0000] {taskinstance.py:3503} INFO - 0 downstream tasks scheduled from follow-on schedule check
[2024-06-11T13:05:37.115+0000] {local_task_job_runner.py:222} INFO - ::endgroup::
