[2024-06-12T04:48:48.298+0000] {local_task_job_runner.py:120} INFO - ::group::Pre task execution logs
[2024-06-12T04:48:48.322+0000] {taskinstance.py:2076} INFO - Dependencies all met for dep_context=non-requeueable deps ti=<TaskInstance: invoice2receipt.process_each_invoice.delete_temp_file manual__2024-06-12T04:48:39.342260+00:00 map_index=0 [queued]>
[2024-06-12T04:48:48.336+0000] {taskinstance.py:2076} INFO - Dependencies all met for dep_context=requeueable deps ti=<TaskInstance: invoice2receipt.process_each_invoice.delete_temp_file manual__2024-06-12T04:48:39.342260+00:00 map_index=0 [queued]>
[2024-06-12T04:48:48.337+0000] {taskinstance.py:2306} INFO - Starting attempt 1 of 1
[2024-06-12T04:48:48.348+0000] {taskinstance.py:2330} INFO - Executing <Task(_PythonDecoratedOperator): process_each_invoice.delete_temp_file> on 2024-06-12 04:48:39.342260+00:00
[2024-06-12T04:48:48.353+0000] {warnings.py:112} WARNING - /home/***/.local/lib/python3.12/site-packages/***/task/task_runner/standard_task_runner.py:61: DeprecationWarning: This process (pid=5278) is multi-threaded, use of fork() may lead to deadlocks in the child.
  pid = os.fork()

[2024-06-12T04:48:48.355+0000] {standard_task_runner.py:63} INFO - Started process 5279 to run task
[2024-06-12T04:48:48.355+0000] {standard_task_runner.py:90} INFO - Running: ['***', 'tasks', 'run', 'invoice2receipt', 'process_each_invoice.delete_temp_file', 'manual__2024-06-12T04:48:39.342260+00:00', '--job-id', '305', '--raw', '--subdir', 'DAGS_FOLDER/invoice2receipt.py', '--cfg-path', '/tmp/tmp4q_9pclt', '--map-index', '0']
[2024-06-12T04:48:48.356+0000] {standard_task_runner.py:91} INFO - Job 305: Subtask process_each_invoice.delete_temp_file
[2024-06-12T04:48:48.421+0000] {task_command.py:426} INFO - Running <TaskInstance: invoice2receipt.process_each_invoice.delete_temp_file manual__2024-06-12T04:48:39.342260+00:00 map_index=0 [running]> on host 678b3b027d57
[2024-06-12T04:48:48.502+0000] {taskinstance.py:2648} INFO - Exporting env vars: AIRFLOW_CTX_DAG_OWNER='Anudeep' AIRFLOW_CTX_DAG_ID='invoice2receipt' AIRFLOW_CTX_TASK_ID='process_each_invoice.delete_temp_file' AIRFLOW_CTX_EXECUTION_DATE='2024-06-12T04:48:39.342260+00:00' AIRFLOW_CTX_TRY_NUMBER='1' AIRFLOW_CTX_DAG_RUN_ID='manual__2024-06-12T04:48:39.342260+00:00'
[2024-06-12T04:48:48.503+0000] {taskinstance.py:430} INFO - ::endgroup::
[2024-06-12T04:48:48.504+0000] {logging_mixin.py:188} INFO - /tmp/***_tmp_dir_edfe4f07/sample-invoice-2.pdf rm /tmp/***_tmp_dir_edfe4f07/sample-invoice-2.pdf
[2024-06-12T04:48:48.505+0000] {python.py:237} INFO - Done. Returned value was: None
[2024-06-12T04:48:48.506+0000] {taskinstance.py:441} INFO - ::group::Post task execution logs
[2024-06-12T04:48:48.513+0000] {taskinstance.py:1206} INFO - Marking task as SUCCESS. dag_id=invoice2receipt, task_id=process_each_invoice.delete_temp_file, run_id=manual__2024-06-12T04:48:39.342260+00:00, map_index=0, execution_date=20240612T044839, start_date=20240612T044848, end_date=20240612T044848
[2024-06-12T04:48:48.529+0000] {local_task_job_runner.py:240} INFO - Task exited with return code 0
[2024-06-12T04:48:48.540+0000] {taskinstance.py:3503} INFO - 0 downstream tasks scheduled from follow-on schedule check
[2024-06-12T04:48:48.544+0000] {local_task_job_runner.py:222} INFO - ::endgroup::
