[2024-06-12T06:02:22.489+0000] {local_task_job_runner.py:120} INFO - ::group::Pre task execution logs
[2024-06-12T06:02:22.528+0000] {taskinstance.py:2076} INFO - Dependencies all met for dep_context=non-requeueable deps ti=<TaskInstance: invoice2receipt.process_each_invoice.delete_temp_file manual__2024-06-12T06:01:09.286886+00:00 map_index=1 [queued]>
[2024-06-12T06:02:22.547+0000] {taskinstance.py:2076} INFO - Dependencies all met for dep_context=requeueable deps ti=<TaskInstance: invoice2receipt.process_each_invoice.delete_temp_file manual__2024-06-12T06:01:09.286886+00:00 map_index=1 [queued]>
[2024-06-12T06:02:22.549+0000] {taskinstance.py:2306} INFO - Starting attempt 1 of 1
[2024-06-12T06:02:22.567+0000] {taskinstance.py:2330} INFO - Executing <Task(_PythonDecoratedOperator): process_each_invoice.delete_temp_file> on 2024-06-12 06:01:09.286886+00:00
[2024-06-12T06:02:22.574+0000] {warnings.py:112} WARNING - /home/***/.local/lib/python3.12/site-packages/***/task/task_runner/standard_task_runner.py:61: DeprecationWarning: This process (pid=6115) is multi-threaded, use of fork() may lead to deadlocks in the child.
  pid = os.fork()

[2024-06-12T06:02:22.576+0000] {standard_task_runner.py:63} INFO - Started process 6116 to run task
[2024-06-12T06:02:22.576+0000] {standard_task_runner.py:90} INFO - Running: ['***', 'tasks', 'run', 'invoice2receipt', 'process_each_invoice.delete_temp_file', 'manual__2024-06-12T06:01:09.286886+00:00', '--job-id', '370', '--raw', '--subdir', 'DAGS_FOLDER/invoice2receipt.py', '--cfg-path', '/tmp/tmp7c1ok4md', '--map-index', '1']
[2024-06-12T06:02:22.578+0000] {standard_task_runner.py:91} INFO - Job 370: Subtask process_each_invoice.delete_temp_file
[2024-06-12T06:02:22.634+0000] {task_command.py:426} INFO - Running <TaskInstance: invoice2receipt.process_each_invoice.delete_temp_file manual__2024-06-12T06:01:09.286886+00:00 map_index=1 [running]> on host 678b3b027d57
[2024-06-12T06:02:22.754+0000] {taskinstance.py:2648} INFO - Exporting env vars: AIRFLOW_CTX_DAG_OWNER='Anudeep' AIRFLOW_CTX_DAG_ID='invoice2receipt' AIRFLOW_CTX_TASK_ID='process_each_invoice.delete_temp_file' AIRFLOW_CTX_EXECUTION_DATE='2024-06-12T06:01:09.286886+00:00' AIRFLOW_CTX_TRY_NUMBER='1' AIRFLOW_CTX_DAG_RUN_ID='manual__2024-06-12T06:01:09.286886+00:00'
[2024-06-12T06:02:22.756+0000] {taskinstance.py:430} INFO - ::endgroup::
[2024-06-12T06:02:22.757+0000] {logging_mixin.py:188} INFO - /tmp/***_tmp_dir_5d244787/sample-invoice-2.pdf rm /tmp/***_tmp_dir_5d244787/sample-invoice-2.pdf
[2024-06-12T06:02:22.759+0000] {python.py:237} INFO - Done. Returned value was: None
[2024-06-12T06:02:22.761+0000] {taskinstance.py:441} INFO - ::group::Post task execution logs
[2024-06-12T06:02:22.777+0000] {taskinstance.py:1206} INFO - Marking task as SUCCESS. dag_id=invoice2receipt, task_id=process_each_invoice.delete_temp_file, run_id=manual__2024-06-12T06:01:09.286886+00:00, map_index=1, execution_date=20240612T060109, start_date=20240612T060222, end_date=20240612T060222
[2024-06-12T06:02:22.832+0000] {local_task_job_runner.py:240} INFO - Task exited with return code 0
[2024-06-12T06:02:22.851+0000] {taskinstance.py:3503} INFO - 0 downstream tasks scheduled from follow-on schedule check
[2024-06-12T06:02:22.862+0000] {local_task_job_runner.py:222} INFO - ::endgroup::
