[2024-06-12T05:51:15.650+0000] {local_task_job_runner.py:120} INFO - ::group::Pre task execution logs
[2024-06-12T05:51:15.684+0000] {taskinstance.py:2076} INFO - Dependencies all met for dep_context=non-requeueable deps ti=<TaskInstance: invoice2receipt.process_each_invoice.delete_temp_file manual__2024-06-12T05:50:09.273321+00:00 map_index=0 [queued]>
[2024-06-12T05:51:15.701+0000] {taskinstance.py:2076} INFO - Dependencies all met for dep_context=requeueable deps ti=<TaskInstance: invoice2receipt.process_each_invoice.delete_temp_file manual__2024-06-12T05:50:09.273321+00:00 map_index=0 [queued]>
[2024-06-12T05:51:15.702+0000] {taskinstance.py:2306} INFO - Starting attempt 1 of 1
[2024-06-12T05:51:15.720+0000] {taskinstance.py:2330} INFO - Executing <Task(_PythonDecoratedOperator): process_each_invoice.delete_temp_file> on 2024-06-12 05:50:09.273321+00:00
[2024-06-12T05:51:15.727+0000] {warnings.py:112} WARNING - /home/***/.local/lib/python3.12/site-packages/***/task/task_runner/standard_task_runner.py:61: DeprecationWarning: This process (pid=5950) is multi-threaded, use of fork() may lead to deadlocks in the child.
  pid = os.fork()

[2024-06-12T05:51:15.728+0000] {standard_task_runner.py:63} INFO - Started process 5951 to run task
[2024-06-12T05:51:15.729+0000] {standard_task_runner.py:90} INFO - Running: ['***', 'tasks', 'run', 'invoice2receipt', 'process_each_invoice.delete_temp_file', 'manual__2024-06-12T05:50:09.273321+00:00', '--job-id', '356', '--raw', '--subdir', 'DAGS_FOLDER/invoice2receipt.py', '--cfg-path', '/tmp/tmpfab_v_0t', '--map-index', '0']
[2024-06-12T05:51:15.730+0000] {standard_task_runner.py:91} INFO - Job 356: Subtask process_each_invoice.delete_temp_file
[2024-06-12T05:51:15.782+0000] {task_command.py:426} INFO - Running <TaskInstance: invoice2receipt.process_each_invoice.delete_temp_file manual__2024-06-12T05:50:09.273321+00:00 map_index=0 [running]> on host 678b3b027d57
[2024-06-12T05:51:15.901+0000] {taskinstance.py:2648} INFO - Exporting env vars: AIRFLOW_CTX_DAG_OWNER='Anudeep' AIRFLOW_CTX_DAG_ID='invoice2receipt' AIRFLOW_CTX_TASK_ID='process_each_invoice.delete_temp_file' AIRFLOW_CTX_EXECUTION_DATE='2024-06-12T05:50:09.273321+00:00' AIRFLOW_CTX_TRY_NUMBER='1' AIRFLOW_CTX_DAG_RUN_ID='manual__2024-06-12T05:50:09.273321+00:00'
[2024-06-12T05:51:15.903+0000] {taskinstance.py:430} INFO - ::endgroup::
[2024-06-12T05:51:15.904+0000] {logging_mixin.py:188} INFO - /tmp/***_tmp_dir_81940cf3/sample-invoice-1.pdf rm /tmp/***_tmp_dir_81940cf3/sample-invoice-1.pdf
[2024-06-12T05:51:15.905+0000] {python.py:237} INFO - Done. Returned value was: None
[2024-06-12T05:51:15.907+0000] {taskinstance.py:441} INFO - ::group::Post task execution logs
[2024-06-12T05:51:15.917+0000] {taskinstance.py:1206} INFO - Marking task as SUCCESS. dag_id=invoice2receipt, task_id=process_each_invoice.delete_temp_file, run_id=manual__2024-06-12T05:50:09.273321+00:00, map_index=0, execution_date=20240612T055009, start_date=20240612T055115, end_date=20240612T055115
[2024-06-12T05:51:15.943+0000] {local_task_job_runner.py:240} INFO - Task exited with return code 0
[2024-06-12T05:51:15.971+0000] {taskinstance.py:3503} INFO - 1 downstream tasks scheduled from follow-on schedule check
[2024-06-12T05:51:15.975+0000] {local_task_job_runner.py:222} INFO - ::endgroup::
