[2024-06-12T06:52:57.755+0000] {local_task_job_runner.py:120} INFO - ::group::Pre task execution logs
[2024-06-12T06:52:57.798+0000] {taskinstance.py:2076} INFO - Dependencies all met for dep_context=non-requeueable deps ti=<TaskInstance: invoice2receipt.process_each_invoice.clean_temp_file manual__2024-06-12T06:51:46.893890+00:00 map_index=0 [queued]>
[2024-06-12T06:52:57.822+0000] {taskinstance.py:2076} INFO - Dependencies all met for dep_context=requeueable deps ti=<TaskInstance: invoice2receipt.process_each_invoice.clean_temp_file manual__2024-06-12T06:51:46.893890+00:00 map_index=0 [queued]>
[2024-06-12T06:52:57.826+0000] {taskinstance.py:2306} INFO - Starting attempt 1 of 1
[2024-06-12T06:52:57.845+0000] {taskinstance.py:2330} INFO - Executing <Task(_BashDecoratedOperator): process_each_invoice.clean_temp_file> on 2024-06-12 06:51:46.893890+00:00
[2024-06-12T06:52:57.853+0000] {warnings.py:112} WARNING - /home/***/.local/lib/python3.12/site-packages/***/task/task_runner/standard_task_runner.py:61: DeprecationWarning: This process (pid=559) is multi-threaded, use of fork() may lead to deadlocks in the child.
  pid = os.fork()

[2024-06-12T06:52:57.855+0000] {standard_task_runner.py:63} INFO - Started process 560 to run task
[2024-06-12T06:52:57.856+0000] {standard_task_runner.py:90} INFO - Running: ['***', 'tasks', 'run', 'invoice2receipt', 'process_each_invoice.clean_temp_file', 'manual__2024-06-12T06:51:46.893890+00:00', '--job-id', '427', '--raw', '--subdir', 'DAGS_FOLDER/invoice2receipt.py', '--cfg-path', '/tmp/tmp3e3aihur', '--map-index', '0']
[2024-06-12T06:52:57.858+0000] {standard_task_runner.py:91} INFO - Job 427: Subtask process_each_invoice.clean_temp_file
[2024-06-12T06:52:57.919+0000] {task_command.py:426} INFO - Running <TaskInstance: invoice2receipt.process_each_invoice.clean_temp_file manual__2024-06-12T06:51:46.893890+00:00 map_index=0 [running]> on host 678b3b027d57
[2024-06-12T06:52:58.024+0000] {taskinstance.py:2648} INFO - Exporting env vars: AIRFLOW_CTX_DAG_OWNER='Anudeep' AIRFLOW_CTX_DAG_ID='invoice2receipt' AIRFLOW_CTX_TASK_ID='process_each_invoice.clean_temp_file' AIRFLOW_CTX_EXECUTION_DATE='2024-06-12T06:51:46.893890+00:00' AIRFLOW_CTX_TRY_NUMBER='1' AIRFLOW_CTX_DAG_RUN_ID='manual__2024-06-12T06:51:46.893890+00:00'
[2024-06-12T06:52:58.026+0000] {taskinstance.py:430} INFO - ::endgroup::
[2024-06-12T06:52:58.027+0000] {logging_mixin.py:188} INFO - /tmp/***_tmp_dir_4523bf30
[2024-06-12T06:52:58.063+0000] {subprocess.py:63} INFO - Tmp dir root location: /tmp
[2024-06-12T06:52:58.065+0000] {subprocess.py:75} INFO - Running command: ['/usr/bin/bash', '-c', 'rm -rf /tmp/***_tmp_dir_4523bf30']
[2024-06-12T06:52:58.076+0000] {subprocess.py:86} INFO - Output:
[2024-06-12T06:52:58.079+0000] {subprocess.py:97} INFO - Command exited with return code 0
[2024-06-12T06:52:58.080+0000] {taskinstance.py:441} INFO - ::group::Post task execution logs
[2024-06-12T06:52:58.108+0000] {taskinstance.py:1206} INFO - Marking task as SUCCESS. dag_id=invoice2receipt, task_id=process_each_invoice.clean_temp_file, run_id=manual__2024-06-12T06:51:46.893890+00:00, map_index=0, execution_date=20240612T065146, start_date=20240612T065257, end_date=20240612T065258
[2024-06-12T06:52:58.152+0000] {local_task_job_runner.py:240} INFO - Task exited with return code 0
[2024-06-12T06:52:58.183+0000] {taskinstance.py:3503} INFO - 1 downstream tasks scheduled from follow-on schedule check
[2024-06-12T06:52:58.195+0000] {local_task_job_runner.py:222} INFO - ::endgroup::
