[2024-06-11T12:56:03.939+0000] {local_task_job_runner.py:120} INFO - ::group::Pre task execution logs
[2024-06-11T12:56:03.967+0000] {taskinstance.py:2076} INFO - Dependencies all met for dep_context=non-requeueable deps ti=<TaskInstance: hello_word.process_group.length_task manual__2024-06-11T12:56:00.907060+00:00 map_index=1 [queued]>
[2024-06-11T12:56:03.976+0000] {taskinstance.py:2076} INFO - Dependencies all met for dep_context=requeueable deps ti=<TaskInstance: hello_word.process_group.length_task manual__2024-06-11T12:56:00.907060+00:00 map_index=1 [queued]>
[2024-06-11T12:56:03.977+0000] {taskinstance.py:2306} INFO - Starting attempt 1 of 1
[2024-06-11T12:56:03.988+0000] {taskinstance.py:2330} INFO - Executing <Task(_PythonDecoratedOperator): process_group.length_task> on 2024-06-11 12:56:00.907060+00:00
[2024-06-11T12:56:03.993+0000] {warnings.py:112} WARNING - /home/***/.local/lib/python3.12/site-packages/***/task/task_runner/standard_task_runner.py:61: DeprecationWarning: This process (pid=7434) is multi-threaded, use of fork() may lead to deadlocks in the child.
  pid = os.fork()

[2024-06-11T12:56:03.995+0000] {standard_task_runner.py:63} INFO - Started process 7435 to run task
[2024-06-11T12:56:03.995+0000] {standard_task_runner.py:90} INFO - Running: ['***', 'tasks', 'run', 'hello_word', 'process_group.length_task', 'manual__2024-06-11T12:56:00.907060+00:00', '--job-id', '164', '--raw', '--subdir', 'DAGS_FOLDER/simple_hello_world.py', '--cfg-path', '/tmp/tmpcq20bsa_', '--map-index', '1']
[2024-06-11T12:56:03.997+0000] {standard_task_runner.py:91} INFO - Job 164: Subtask process_group.length_task
[2024-06-11T12:56:04.035+0000] {task_command.py:426} INFO - Running <TaskInstance: hello_word.process_group.length_task manual__2024-06-11T12:56:00.907060+00:00 map_index=1 [running]> on host 678b3b027d57
[2024-06-11T12:56:04.116+0000] {taskinstance.py:2648} INFO - Exporting env vars: AIRFLOW_CTX_DAG_OWNER='Anudeep' AIRFLOW_CTX_DAG_ID='hello_word' AIRFLOW_CTX_TASK_ID='process_group.length_task' AIRFLOW_CTX_EXECUTION_DATE='2024-06-11T12:56:00.907060+00:00' AIRFLOW_CTX_TRY_NUMBER='1' AIRFLOW_CTX_DAG_RUN_ID='manual__2024-06-11T12:56:00.907060+00:00'
[2024-06-11T12:56:04.117+0000] {taskinstance.py:430} INFO - ::endgroup::
[2024-06-11T12:56:04.118+0000] {logging_mixin.py:188} INFO - ['{\n   "firstName": "Joe",\n   "lastName": "Jackson",\n   "gender": "male",\n   "age": 28,\n   "address": {\n       "streetAddress": "101",\n       "city": "San Diego",\n       "state": "CA"\n   },\n   "phoneNumbers": [\n       { "type": "home", "number": "7349282382" }\n   ]\n}']
[2024-06-11T12:56:04.119+0000] {logging_mixin.py:188} INFO - 1
[2024-06-11T12:56:04.120+0000] {python.py:237} INFO - Done. Returned value was: None
[2024-06-11T12:56:04.121+0000] {taskinstance.py:441} INFO - ::group::Post task execution logs
[2024-06-11T12:56:04.127+0000] {taskinstance.py:1206} INFO - Marking task as SUCCESS. dag_id=hello_word, task_id=process_group.length_task, run_id=manual__2024-06-11T12:56:00.907060+00:00, map_index=1, execution_date=20240611T125600, start_date=20240611T125603, end_date=20240611T125604
[2024-06-11T12:56:04.170+0000] {local_task_job_runner.py:240} INFO - Task exited with return code 0
[2024-06-11T12:56:04.177+0000] {local_task_job_runner.py:222} INFO - ::endgroup::
