[2024-06-11T13:05:23.988+0000] {local_task_job_runner.py:120} INFO - ::group::Pre task execution logs
[2024-06-11T13:05:24.012+0000] {taskinstance.py:2076} INFO - Dependencies all met for dep_context=non-requeueable deps ti=<TaskInstance: hello_word.process_group.read_task manual__2024-06-11T13:05:21.315765+00:00 map_index=0 [queued]>
[2024-06-11T13:05:24.020+0000] {taskinstance.py:2076} INFO - Dependencies all met for dep_context=requeueable deps ti=<TaskInstance: hello_word.process_group.read_task manual__2024-06-11T13:05:21.315765+00:00 map_index=0 [queued]>
[2024-06-11T13:05:24.021+0000] {taskinstance.py:2306} INFO - Starting attempt 1 of 1
[2024-06-11T13:05:24.033+0000] {taskinstance.py:2330} INFO - Executing <Task(_PythonDecoratedOperator): process_group.read_task> on 2024-06-11 13:05:21.315765+00:00
[2024-06-11T13:05:24.039+0000] {warnings.py:112} WARNING - /home/***/.local/lib/python3.12/site-packages/***/task/task_runner/standard_task_runner.py:61: DeprecationWarning: This process (pid=7621) is multi-threaded, use of fork() may lead to deadlocks in the child.
  pid = os.fork()

[2024-06-11T13:05:24.041+0000] {standard_task_runner.py:63} INFO - Started process 7622 to run task
[2024-06-11T13:05:24.041+0000] {standard_task_runner.py:90} INFO - Running: ['***', 'tasks', 'run', 'hello_word', 'process_group.read_task', 'manual__2024-06-11T13:05:21.315765+00:00', '--job-id', '200', '--raw', '--subdir', 'DAGS_FOLDER/simple_hello_world.py', '--cfg-path', '/tmp/tmp6ic6suum', '--map-index', '0']
[2024-06-11T13:05:24.042+0000] {standard_task_runner.py:91} INFO - Job 200: Subtask process_group.read_task
[2024-06-11T13:05:24.083+0000] {task_command.py:426} INFO - Running <TaskInstance: hello_word.process_group.read_task manual__2024-06-11T13:05:21.315765+00:00 map_index=0 [running]> on host 678b3b027d57
[2024-06-11T13:05:24.168+0000] {taskinstance.py:2648} INFO - Exporting env vars: AIRFLOW_CTX_DAG_OWNER='Anudeep' AIRFLOW_CTX_DAG_ID='hello_word' AIRFLOW_CTX_TASK_ID='process_group.read_task' AIRFLOW_CTX_EXECUTION_DATE='2024-06-11T13:05:21.315765+00:00' AIRFLOW_CTX_TRY_NUMBER='1' AIRFLOW_CTX_DAG_RUN_ID='manual__2024-06-11T13:05:21.315765+00:00'
[2024-06-11T13:05:24.169+0000] {taskinstance.py:430} INFO - ::endgroup::
[2024-06-11T13:05:24.173+0000] {python.py:237} INFO - Done. Returned value was: {
    "fruit": "Apple",
    "size": "Large",
    "color": "Red"
}
[2024-06-11T13:05:24.174+0000] {taskinstance.py:441} INFO - ::group::Post task execution logs
[2024-06-11T13:05:24.191+0000] {taskinstance.py:1206} INFO - Marking task as SUCCESS. dag_id=hello_word, task_id=process_group.read_task, run_id=manual__2024-06-11T13:05:21.315765+00:00, map_index=0, execution_date=20240611T130521, start_date=20240611T130524, end_date=20240611T130524
[2024-06-11T13:05:24.215+0000] {local_task_job_runner.py:240} INFO - Task exited with return code 0
[2024-06-11T13:05:24.254+0000] {taskinstance.py:3503} INFO - 2 downstream tasks scheduled from follow-on schedule check
[2024-06-11T13:05:24.257+0000] {local_task_job_runner.py:222} INFO - ::endgroup::
