[2024-06-12T04:35:35.282+0000] {local_task_job_runner.py:120} INFO - ::group::Pre task execution logs
[2024-06-12T04:35:35.313+0000] {taskinstance.py:2076} INFO - Dependencies all met for dep_context=non-requeueable deps ti=<TaskInstance: invoice2receipt.process_each_invoice.download_from_s3 manual__2024-06-12T04:35:31.876457+00:00 map_index=0 [queued]>
[2024-06-12T04:35:35.329+0000] {taskinstance.py:2076} INFO - Dependencies all met for dep_context=requeueable deps ti=<TaskInstance: invoice2receipt.process_each_invoice.download_from_s3 manual__2024-06-12T04:35:31.876457+00:00 map_index=0 [queued]>
[2024-06-12T04:35:35.331+0000] {taskinstance.py:2306} INFO - Starting attempt 1 of 1
[2024-06-12T04:35:35.353+0000] {taskinstance.py:2330} INFO - Executing <Task(_PythonDecoratedOperator): process_each_invoice.download_from_s3> on 2024-06-12 04:35:31.876457+00:00
[2024-06-12T04:35:35.361+0000] {warnings.py:112} WARNING - /home/***/.local/lib/python3.12/site-packages/***/task/task_runner/standard_task_runner.py:61: DeprecationWarning: This process (pid=4992) is multi-threaded, use of fork() may lead to deadlocks in the child.
  pid = os.fork()

[2024-06-12T04:35:35.363+0000] {standard_task_runner.py:90} INFO - Running: ['***', 'tasks', 'run', 'invoice2receipt', 'process_each_invoice.download_from_s3', 'manual__2024-06-12T04:35:31.876457+00:00', '--job-id', '263', '--raw', '--subdir', 'DAGS_FOLDER/invoice2receipt.py', '--cfg-path', '/tmp/tmptl86fy17', '--map-index', '0']
[2024-06-12T04:35:35.364+0000] {standard_task_runner.py:63} INFO - Started process 4995 to run task
[2024-06-12T04:35:35.365+0000] {standard_task_runner.py:91} INFO - Job 263: Subtask process_each_invoice.download_from_s3
[2024-06-12T04:35:35.439+0000] {task_command.py:426} INFO - Running <TaskInstance: invoice2receipt.process_each_invoice.download_from_s3 manual__2024-06-12T04:35:31.876457+00:00 map_index=0 [running]> on host 678b3b027d57
[2024-06-12T04:35:35.584+0000] {taskinstance.py:2648} INFO - Exporting env vars: AIRFLOW_CTX_DAG_OWNER='Anudeep' AIRFLOW_CTX_DAG_ID='invoice2receipt' AIRFLOW_CTX_TASK_ID='process_each_invoice.download_from_s3' AIRFLOW_CTX_EXECUTION_DATE='2024-06-12T04:35:31.876457+00:00' AIRFLOW_CTX_TRY_NUMBER='1' AIRFLOW_CTX_DAG_RUN_ID='manual__2024-06-12T04:35:31.876457+00:00'
[2024-06-12T04:35:35.585+0000] {taskinstance.py:430} INFO - ::endgroup::
[2024-06-12T04:35:35.587+0000] {s3.py:1387} INFO - Downloading source S3 file from Bucket invoices with path sample-invoice-1.pdf
[2024-06-12T04:35:35.606+0000] {base.py:84} INFO - Using connection ID 'AWS_connection' for task execution.
[2024-06-12T04:35:35.608+0000] {connection_wrapper.py:384} INFO - AWS Connection (conn_id='AWS_connection', conn_type='aws') credentials retrieved from login and password.
[2024-06-12T04:35:35.786+0000] {python.py:237} INFO - Done. Returned value was: /tmp/***_tmp_dir_297f3337/sample-invoice-1.pdf
[2024-06-12T04:35:35.788+0000] {taskinstance.py:441} INFO - ::group::Post task execution logs
[2024-06-12T04:35:35.816+0000] {taskinstance.py:1206} INFO - Marking task as SUCCESS. dag_id=invoice2receipt, task_id=process_each_invoice.download_from_s3, run_id=manual__2024-06-12T04:35:31.876457+00:00, map_index=0, execution_date=20240612T043531, start_date=20240612T043535, end_date=20240612T043535
[2024-06-12T04:35:35.863+0000] {local_task_job_runner.py:240} INFO - Task exited with return code 0
[2024-06-12T04:35:35.873+0000] {local_task_job_runner.py:222} INFO - ::endgroup::
