[2024-06-10T20:11:10.395+0000] {processor.py:161} INFO - Started process (PID=55) to work on /home/airflow/.local/lib/python3.12/site-packages/airflow/example_dags/example_task_group.py
[2024-06-10T20:11:10.402+0000] {processor.py:830} INFO - Processing file /home/airflow/.local/lib/python3.12/site-packages/airflow/example_dags/example_task_group.py for tasks to queue
[2024-06-10T20:11:10.408+0000] {logging_mixin.py:188} INFO - [2024-06-10T20:11:10.407+0000] {dagbag.py:545} INFO - Filling up the DagBag from /home/airflow/.local/lib/python3.12/site-packages/airflow/example_dags/example_task_group.py
[2024-06-10T20:11:10.422+0000] {processor.py:840} INFO - DAG(s) 'example_task_group' retrieved from /home/airflow/.local/lib/python3.12/site-packages/airflow/example_dags/example_task_group.py
[2024-06-10T20:11:10.539+0000] {logging_mixin.py:188} INFO - [2024-06-10T20:11:10.538+0000] {override.py:1829} INFO - Created Permission View: can delete on DAG:example_task_group
[2024-06-10T20:11:10.550+0000] {logging_mixin.py:188} INFO - [2024-06-10T20:11:10.550+0000] {override.py:1829} INFO - Created Permission View: can edit on DAG:example_task_group
[2024-06-10T20:11:10.559+0000] {logging_mixin.py:188} INFO - [2024-06-10T20:11:10.559+0000] {override.py:1829} INFO - Created Permission View: can read on DAG:example_task_group
[2024-06-10T20:11:10.560+0000] {logging_mixin.py:188} INFO - [2024-06-10T20:11:10.560+0000] {dag.py:3096} INFO - Sync 1 DAGs
[2024-06-10T20:11:10.571+0000] {logging_mixin.py:188} INFO - [2024-06-10T20:11:10.571+0000] {dag.py:3118} INFO - Creating ORM DAG for example_task_group
[2024-06-10T20:11:10.582+0000] {logging_mixin.py:188} INFO - [2024-06-10T20:11:10.582+0000] {dag.py:3954} INFO - Setting next_dagrun for example_task_group to 2024-06-09 00:00:00+00:00, run_after=2024-06-10 00:00:00+00:00
[2024-06-10T20:11:10.600+0000] {processor.py:183} INFO - Processing /home/airflow/.local/lib/python3.12/site-packages/airflow/example_dags/example_task_group.py took 0.211 seconds
[2024-06-10T20:11:40.820+0000] {processor.py:161} INFO - Started process (PID=113) to work on /home/airflow/.local/lib/python3.12/site-packages/airflow/example_dags/example_task_group.py
[2024-06-10T20:11:40.821+0000] {processor.py:830} INFO - Processing file /home/airflow/.local/lib/python3.12/site-packages/airflow/example_dags/example_task_group.py for tasks to queue
[2024-06-10T20:11:40.823+0000] {logging_mixin.py:188} INFO - [2024-06-10T20:11:40.822+0000] {dagbag.py:545} INFO - Filling up the DagBag from /home/airflow/.local/lib/python3.12/site-packages/airflow/example_dags/example_task_group.py
[2024-06-10T20:11:40.828+0000] {processor.py:840} INFO - DAG(s) 'example_task_group' retrieved from /home/airflow/.local/lib/python3.12/site-packages/airflow/example_dags/example_task_group.py
[2024-06-10T20:11:40.845+0000] {logging_mixin.py:188} INFO - [2024-06-10T20:11:40.845+0000] {dag.py:3096} INFO - Sync 1 DAGs
[2024-06-10T20:11:40.863+0000] {logging_mixin.py:188} INFO - [2024-06-10T20:11:40.862+0000] {dag.py:3954} INFO - Setting next_dagrun for example_task_group to 2024-06-09 00:00:00+00:00, run_after=2024-06-10 00:00:00+00:00
[2024-06-10T20:11:40.881+0000] {processor.py:183} INFO - Processing /home/airflow/.local/lib/python3.12/site-packages/airflow/example_dags/example_task_group.py took 0.065 seconds
[2024-06-10T20:12:10.995+0000] {processor.py:161} INFO - Started process (PID=171) to work on /home/airflow/.local/lib/python3.12/site-packages/airflow/example_dags/example_task_group.py
[2024-06-10T20:12:10.996+0000] {processor.py:830} INFO - Processing file /home/airflow/.local/lib/python3.12/site-packages/airflow/example_dags/example_task_group.py for tasks to queue
[2024-06-10T20:12:10.998+0000] {logging_mixin.py:188} INFO - [2024-06-10T20:12:10.998+0000] {dagbag.py:545} INFO - Filling up the DagBag from /home/airflow/.local/lib/python3.12/site-packages/airflow/example_dags/example_task_group.py
[2024-06-10T20:12:11.003+0000] {processor.py:840} INFO - DAG(s) 'example_task_group' retrieved from /home/airflow/.local/lib/python3.12/site-packages/airflow/example_dags/example_task_group.py
[2024-06-10T20:12:11.018+0000] {logging_mixin.py:188} INFO - [2024-06-10T20:12:11.018+0000] {dag.py:3096} INFO - Sync 1 DAGs
[2024-06-10T20:12:11.032+0000] {logging_mixin.py:188} INFO - [2024-06-10T20:12:11.032+0000] {dag.py:3954} INFO - Setting next_dagrun for example_task_group to 2024-06-09 00:00:00+00:00, run_after=2024-06-10 00:00:00+00:00
[2024-06-10T20:12:11.049+0000] {processor.py:183} INFO - Processing /home/airflow/.local/lib/python3.12/site-packages/airflow/example_dags/example_task_group.py took 0.057 seconds
[2024-06-10T20:12:41.405+0000] {processor.py:161} INFO - Started process (PID=228) to work on /home/airflow/.local/lib/python3.12/site-packages/airflow/example_dags/example_task_group.py
[2024-06-10T20:12:41.405+0000] {processor.py:830} INFO - Processing file /home/airflow/.local/lib/python3.12/site-packages/airflow/example_dags/example_task_group.py for tasks to queue
[2024-06-10T20:12:41.408+0000] {logging_mixin.py:188} INFO - [2024-06-10T20:12:41.408+0000] {dagbag.py:545} INFO - Filling up the DagBag from /home/airflow/.local/lib/python3.12/site-packages/airflow/example_dags/example_task_group.py
[2024-06-10T20:12:41.415+0000] {processor.py:840} INFO - DAG(s) 'example_task_group' retrieved from /home/airflow/.local/lib/python3.12/site-packages/airflow/example_dags/example_task_group.py
[2024-06-10T20:12:41.432+0000] {logging_mixin.py:188} INFO - [2024-06-10T20:12:41.432+0000] {dag.py:3096} INFO - Sync 1 DAGs
[2024-06-10T20:12:41.448+0000] {logging_mixin.py:188} INFO - [2024-06-10T20:12:41.447+0000] {dag.py:3954} INFO - Setting next_dagrun for example_task_group to 2024-06-09 00:00:00+00:00, run_after=2024-06-10 00:00:00+00:00
[2024-06-10T20:12:41.466+0000] {processor.py:183} INFO - Processing /home/airflow/.local/lib/python3.12/site-packages/airflow/example_dags/example_task_group.py took 0.066 seconds
[2024-06-10T20:13:11.743+0000] {processor.py:161} INFO - Started process (PID=286) to work on /home/airflow/.local/lib/python3.12/site-packages/airflow/example_dags/example_task_group.py
[2024-06-10T20:13:11.744+0000] {processor.py:830} INFO - Processing file /home/airflow/.local/lib/python3.12/site-packages/airflow/example_dags/example_task_group.py for tasks to queue
[2024-06-10T20:13:11.746+0000] {logging_mixin.py:188} INFO - [2024-06-10T20:13:11.745+0000] {dagbag.py:545} INFO - Filling up the DagBag from /home/airflow/.local/lib/python3.12/site-packages/airflow/example_dags/example_task_group.py
[2024-06-10T20:13:11.751+0000] {processor.py:840} INFO - DAG(s) 'example_task_group' retrieved from /home/airflow/.local/lib/python3.12/site-packages/airflow/example_dags/example_task_group.py
[2024-06-10T20:13:11.767+0000] {logging_mixin.py:188} INFO - [2024-06-10T20:13:11.767+0000] {dag.py:3096} INFO - Sync 1 DAGs
[2024-06-10T20:13:11.783+0000] {logging_mixin.py:188} INFO - [2024-06-10T20:13:11.783+0000] {dag.py:3954} INFO - Setting next_dagrun for example_task_group to 2024-06-09 00:00:00+00:00, run_after=2024-06-10 00:00:00+00:00
[2024-06-10T20:13:11.801+0000] {processor.py:183} INFO - Processing /home/airflow/.local/lib/python3.12/site-packages/airflow/example_dags/example_task_group.py took 0.062 seconds
[2024-06-10T20:13:42.159+0000] {processor.py:161} INFO - Started process (PID=344) to work on /home/airflow/.local/lib/python3.12/site-packages/airflow/example_dags/example_task_group.py
[2024-06-10T20:13:42.160+0000] {processor.py:830} INFO - Processing file /home/airflow/.local/lib/python3.12/site-packages/airflow/example_dags/example_task_group.py for tasks to queue
[2024-06-10T20:13:42.162+0000] {logging_mixin.py:188} INFO - [2024-06-10T20:13:42.162+0000] {dagbag.py:545} INFO - Filling up the DagBag from /home/airflow/.local/lib/python3.12/site-packages/airflow/example_dags/example_task_group.py
[2024-06-10T20:13:42.167+0000] {processor.py:840} INFO - DAG(s) 'example_task_group' retrieved from /home/airflow/.local/lib/python3.12/site-packages/airflow/example_dags/example_task_group.py
[2024-06-10T20:13:42.186+0000] {logging_mixin.py:188} INFO - [2024-06-10T20:13:42.186+0000] {dag.py:3096} INFO - Sync 1 DAGs
[2024-06-10T20:13:42.209+0000] {logging_mixin.py:188} INFO - [2024-06-10T20:13:42.208+0000] {dag.py:3954} INFO - Setting next_dagrun for example_task_group to 2024-06-09 00:00:00+00:00, run_after=2024-06-10 00:00:00+00:00
[2024-06-10T20:13:42.225+0000] {processor.py:183} INFO - Processing /home/airflow/.local/lib/python3.12/site-packages/airflow/example_dags/example_task_group.py took 0.070 seconds
[2024-06-10T20:14:12.909+0000] {processor.py:161} INFO - Started process (PID=403) to work on /home/airflow/.local/lib/python3.12/site-packages/airflow/example_dags/example_task_group.py
[2024-06-10T20:14:12.910+0000] {processor.py:830} INFO - Processing file /home/airflow/.local/lib/python3.12/site-packages/airflow/example_dags/example_task_group.py for tasks to queue
[2024-06-10T20:14:12.912+0000] {logging_mixin.py:188} INFO - [2024-06-10T20:14:12.911+0000] {dagbag.py:545} INFO - Filling up the DagBag from /home/airflow/.local/lib/python3.12/site-packages/airflow/example_dags/example_task_group.py
[2024-06-10T20:14:12.918+0000] {processor.py:840} INFO - DAG(s) 'example_task_group' retrieved from /home/airflow/.local/lib/python3.12/site-packages/airflow/example_dags/example_task_group.py
[2024-06-10T20:14:12.934+0000] {logging_mixin.py:188} INFO - [2024-06-10T20:14:12.934+0000] {dag.py:3096} INFO - Sync 1 DAGs
[2024-06-10T20:14:12.951+0000] {logging_mixin.py:188} INFO - [2024-06-10T20:14:12.951+0000] {dag.py:3954} INFO - Setting next_dagrun for example_task_group to 2024-06-09 00:00:00+00:00, run_after=2024-06-10 00:00:00+00:00
[2024-06-10T20:14:12.968+0000] {processor.py:183} INFO - Processing /home/airflow/.local/lib/python3.12/site-packages/airflow/example_dags/example_task_group.py took 0.064 seconds
[2024-06-10T20:14:43.042+0000] {processor.py:161} INFO - Started process (PID=461) to work on /home/airflow/.local/lib/python3.12/site-packages/airflow/example_dags/example_task_group.py
[2024-06-10T20:14:43.043+0000] {processor.py:830} INFO - Processing file /home/airflow/.local/lib/python3.12/site-packages/airflow/example_dags/example_task_group.py for tasks to queue
[2024-06-10T20:14:43.046+0000] {logging_mixin.py:188} INFO - [2024-06-10T20:14:43.045+0000] {dagbag.py:545} INFO - Filling up the DagBag from /home/airflow/.local/lib/python3.12/site-packages/airflow/example_dags/example_task_group.py
[2024-06-10T20:14:43.051+0000] {processor.py:840} INFO - DAG(s) 'example_task_group' retrieved from /home/airflow/.local/lib/python3.12/site-packages/airflow/example_dags/example_task_group.py
[2024-06-10T20:14:43.068+0000] {logging_mixin.py:188} INFO - [2024-06-10T20:14:43.068+0000] {dag.py:3096} INFO - Sync 1 DAGs
[2024-06-10T20:14:43.084+0000] {logging_mixin.py:188} INFO - [2024-06-10T20:14:43.084+0000] {dag.py:3954} INFO - Setting next_dagrun for example_task_group to 2024-06-09 00:00:00+00:00, run_after=2024-06-10 00:00:00+00:00
[2024-06-10T20:14:43.101+0000] {processor.py:183} INFO - Processing /home/airflow/.local/lib/python3.12/site-packages/airflow/example_dags/example_task_group.py took 0.064 seconds
[2024-06-10T20:15:13.343+0000] {processor.py:161} INFO - Started process (PID=518) to work on /home/airflow/.local/lib/python3.12/site-packages/airflow/example_dags/example_task_group.py
[2024-06-10T20:15:13.345+0000] {processor.py:830} INFO - Processing file /home/airflow/.local/lib/python3.12/site-packages/airflow/example_dags/example_task_group.py for tasks to queue
[2024-06-10T20:15:13.346+0000] {logging_mixin.py:188} INFO - [2024-06-10T20:15:13.346+0000] {dagbag.py:545} INFO - Filling up the DagBag from /home/airflow/.local/lib/python3.12/site-packages/airflow/example_dags/example_task_group.py
[2024-06-10T20:15:13.352+0000] {processor.py:840} INFO - DAG(s) 'example_task_group' retrieved from /home/airflow/.local/lib/python3.12/site-packages/airflow/example_dags/example_task_group.py
[2024-06-10T20:15:13.369+0000] {logging_mixin.py:188} INFO - [2024-06-10T20:15:13.369+0000] {dag.py:3096} INFO - Sync 1 DAGs
[2024-06-10T20:15:13.386+0000] {logging_mixin.py:188} INFO - [2024-06-10T20:15:13.385+0000] {dag.py:3954} INFO - Setting next_dagrun for example_task_group to 2024-06-09 00:00:00+00:00, run_after=2024-06-10 00:00:00+00:00
[2024-06-10T20:15:13.402+0000] {processor.py:183} INFO - Processing /home/airflow/.local/lib/python3.12/site-packages/airflow/example_dags/example_task_group.py took 0.064 seconds
[2024-06-10T20:15:43.569+0000] {processor.py:161} INFO - Started process (PID=576) to work on /home/airflow/.local/lib/python3.12/site-packages/airflow/example_dags/example_task_group.py
[2024-06-10T20:15:43.570+0000] {processor.py:830} INFO - Processing file /home/airflow/.local/lib/python3.12/site-packages/airflow/example_dags/example_task_group.py for tasks to queue
[2024-06-10T20:15:43.572+0000] {logging_mixin.py:188} INFO - [2024-06-10T20:15:43.571+0000] {dagbag.py:545} INFO - Filling up the DagBag from /home/airflow/.local/lib/python3.12/site-packages/airflow/example_dags/example_task_group.py
[2024-06-10T20:15:43.577+0000] {processor.py:840} INFO - DAG(s) 'example_task_group' retrieved from /home/airflow/.local/lib/python3.12/site-packages/airflow/example_dags/example_task_group.py
[2024-06-10T20:15:43.595+0000] {logging_mixin.py:188} INFO - [2024-06-10T20:15:43.594+0000] {dag.py:3096} INFO - Sync 1 DAGs
[2024-06-10T20:15:43.611+0000] {logging_mixin.py:188} INFO - [2024-06-10T20:15:43.611+0000] {dag.py:3954} INFO - Setting next_dagrun for example_task_group to 2024-06-09 00:00:00+00:00, run_after=2024-06-10 00:00:00+00:00
[2024-06-10T20:15:43.628+0000] {processor.py:183} INFO - Processing /home/airflow/.local/lib/python3.12/site-packages/airflow/example_dags/example_task_group.py took 0.063 seconds
[2024-06-10T20:16:13.910+0000] {processor.py:161} INFO - Started process (PID=634) to work on /home/airflow/.local/lib/python3.12/site-packages/airflow/example_dags/example_task_group.py
[2024-06-10T20:16:13.911+0000] {processor.py:830} INFO - Processing file /home/airflow/.local/lib/python3.12/site-packages/airflow/example_dags/example_task_group.py for tasks to queue
[2024-06-10T20:16:13.912+0000] {logging_mixin.py:188} INFO - [2024-06-10T20:16:13.912+0000] {dagbag.py:545} INFO - Filling up the DagBag from /home/airflow/.local/lib/python3.12/site-packages/airflow/example_dags/example_task_group.py
[2024-06-10T20:16:13.918+0000] {processor.py:840} INFO - DAG(s) 'example_task_group' retrieved from /home/airflow/.local/lib/python3.12/site-packages/airflow/example_dags/example_task_group.py
[2024-06-10T20:16:13.935+0000] {logging_mixin.py:188} INFO - [2024-06-10T20:16:13.935+0000] {dag.py:3096} INFO - Sync 1 DAGs
[2024-06-10T20:16:13.951+0000] {logging_mixin.py:188} INFO - [2024-06-10T20:16:13.950+0000] {dag.py:3954} INFO - Setting next_dagrun for example_task_group to 2024-06-09 00:00:00+00:00, run_after=2024-06-10 00:00:00+00:00
[2024-06-10T20:16:13.968+0000] {processor.py:183} INFO - Processing /home/airflow/.local/lib/python3.12/site-packages/airflow/example_dags/example_task_group.py took 0.063 seconds
[2024-06-10T20:16:44.266+0000] {processor.py:161} INFO - Started process (PID=692) to work on /home/airflow/.local/lib/python3.12/site-packages/airflow/example_dags/example_task_group.py
[2024-06-10T20:16:44.267+0000] {processor.py:830} INFO - Processing file /home/airflow/.local/lib/python3.12/site-packages/airflow/example_dags/example_task_group.py for tasks to queue
[2024-06-10T20:16:44.270+0000] {logging_mixin.py:188} INFO - [2024-06-10T20:16:44.269+0000] {dagbag.py:545} INFO - Filling up the DagBag from /home/airflow/.local/lib/python3.12/site-packages/airflow/example_dags/example_task_group.py
[2024-06-10T20:16:44.277+0000] {processor.py:840} INFO - DAG(s) 'example_task_group' retrieved from /home/airflow/.local/lib/python3.12/site-packages/airflow/example_dags/example_task_group.py
[2024-06-10T20:16:44.297+0000] {logging_mixin.py:188} INFO - [2024-06-10T20:16:44.297+0000] {dag.py:3096} INFO - Sync 1 DAGs
[2024-06-10T20:16:44.318+0000] {logging_mixin.py:188} INFO - [2024-06-10T20:16:44.318+0000] {dag.py:3954} INFO - Setting next_dagrun for example_task_group to 2024-06-09 00:00:00+00:00, run_after=2024-06-10 00:00:00+00:00
[2024-06-10T20:16:44.339+0000] {processor.py:183} INFO - Processing /home/airflow/.local/lib/python3.12/site-packages/airflow/example_dags/example_task_group.py took 0.078 seconds
[2024-06-10T20:17:14.674+0000] {processor.py:161} INFO - Started process (PID=750) to work on /home/airflow/.local/lib/python3.12/site-packages/airflow/example_dags/example_task_group.py
[2024-06-10T20:17:14.675+0000] {processor.py:830} INFO - Processing file /home/airflow/.local/lib/python3.12/site-packages/airflow/example_dags/example_task_group.py for tasks to queue
[2024-06-10T20:17:14.677+0000] {logging_mixin.py:188} INFO - [2024-06-10T20:17:14.676+0000] {dagbag.py:545} INFO - Filling up the DagBag from /home/airflow/.local/lib/python3.12/site-packages/airflow/example_dags/example_task_group.py
[2024-06-10T20:17:14.682+0000] {processor.py:840} INFO - DAG(s) 'example_task_group' retrieved from /home/airflow/.local/lib/python3.12/site-packages/airflow/example_dags/example_task_group.py
[2024-06-10T20:17:14.699+0000] {logging_mixin.py:188} INFO - [2024-06-10T20:17:14.699+0000] {dag.py:3096} INFO - Sync 1 DAGs
[2024-06-10T20:17:14.715+0000] {logging_mixin.py:188} INFO - [2024-06-10T20:17:14.715+0000] {dag.py:3954} INFO - Setting next_dagrun for example_task_group to 2024-06-09 00:00:00+00:00, run_after=2024-06-10 00:00:00+00:00
[2024-06-10T20:17:14.735+0000] {processor.py:183} INFO - Processing /home/airflow/.local/lib/python3.12/site-packages/airflow/example_dags/example_task_group.py took 0.065 seconds
[2024-06-10T20:17:45.192+0000] {processor.py:161} INFO - Started process (PID=808) to work on /home/airflow/.local/lib/python3.12/site-packages/airflow/example_dags/example_task_group.py
[2024-06-10T20:17:45.194+0000] {processor.py:830} INFO - Processing file /home/airflow/.local/lib/python3.12/site-packages/airflow/example_dags/example_task_group.py for tasks to queue
[2024-06-10T20:17:45.198+0000] {logging_mixin.py:188} INFO - [2024-06-10T20:17:45.197+0000] {dagbag.py:545} INFO - Filling up the DagBag from /home/airflow/.local/lib/python3.12/site-packages/airflow/example_dags/example_task_group.py
[2024-06-10T20:17:45.207+0000] {processor.py:840} INFO - DAG(s) 'example_task_group' retrieved from /home/airflow/.local/lib/python3.12/site-packages/airflow/example_dags/example_task_group.py
[2024-06-10T20:17:45.231+0000] {logging_mixin.py:188} INFO - [2024-06-10T20:17:45.230+0000] {dag.py:3096} INFO - Sync 1 DAGs
[2024-06-10T20:17:45.253+0000] {logging_mixin.py:188} INFO - [2024-06-10T20:17:45.252+0000] {dag.py:3954} INFO - Setting next_dagrun for example_task_group to 2024-06-09 00:00:00+00:00, run_after=2024-06-10 00:00:00+00:00
[2024-06-10T20:17:45.272+0000] {processor.py:183} INFO - Processing /home/airflow/.local/lib/python3.12/site-packages/airflow/example_dags/example_task_group.py took 0.089 seconds
[2024-06-10T20:18:15.440+0000] {processor.py:161} INFO - Started process (PID=866) to work on /home/airflow/.local/lib/python3.12/site-packages/airflow/example_dags/example_task_group.py
[2024-06-10T20:18:15.441+0000] {processor.py:830} INFO - Processing file /home/airflow/.local/lib/python3.12/site-packages/airflow/example_dags/example_task_group.py for tasks to queue
[2024-06-10T20:18:15.443+0000] {logging_mixin.py:188} INFO - [2024-06-10T20:18:15.443+0000] {dagbag.py:545} INFO - Filling up the DagBag from /home/airflow/.local/lib/python3.12/site-packages/airflow/example_dags/example_task_group.py
[2024-06-10T20:18:15.449+0000] {processor.py:840} INFO - DAG(s) 'example_task_group' retrieved from /home/airflow/.local/lib/python3.12/site-packages/airflow/example_dags/example_task_group.py
[2024-06-10T20:18:15.466+0000] {logging_mixin.py:188} INFO - [2024-06-10T20:18:15.466+0000] {dag.py:3096} INFO - Sync 1 DAGs
[2024-06-10T20:18:15.483+0000] {logging_mixin.py:188} INFO - [2024-06-10T20:18:15.483+0000] {dag.py:3954} INFO - Setting next_dagrun for example_task_group to 2024-06-09 00:00:00+00:00, run_after=2024-06-10 00:00:00+00:00
[2024-06-10T20:18:15.501+0000] {processor.py:183} INFO - Processing /home/airflow/.local/lib/python3.12/site-packages/airflow/example_dags/example_task_group.py took 0.066 seconds
[2024-06-10T20:18:45.989+0000] {processor.py:161} INFO - Started process (PID=923) to work on /home/airflow/.local/lib/python3.12/site-packages/airflow/example_dags/example_task_group.py
[2024-06-10T20:18:45.990+0000] {processor.py:830} INFO - Processing file /home/airflow/.local/lib/python3.12/site-packages/airflow/example_dags/example_task_group.py for tasks to queue
[2024-06-10T20:18:45.992+0000] {logging_mixin.py:188} INFO - [2024-06-10T20:18:45.992+0000] {dagbag.py:545} INFO - Filling up the DagBag from /home/airflow/.local/lib/python3.12/site-packages/airflow/example_dags/example_task_group.py
[2024-06-10T20:18:45.998+0000] {processor.py:840} INFO - DAG(s) 'example_task_group' retrieved from /home/airflow/.local/lib/python3.12/site-packages/airflow/example_dags/example_task_group.py
[2024-06-10T20:18:46.016+0000] {logging_mixin.py:188} INFO - [2024-06-10T20:18:46.016+0000] {dag.py:3096} INFO - Sync 1 DAGs
[2024-06-10T20:18:46.033+0000] {logging_mixin.py:188} INFO - [2024-06-10T20:18:46.033+0000] {dag.py:3954} INFO - Setting next_dagrun for example_task_group to 2024-06-09 00:00:00+00:00, run_after=2024-06-10 00:00:00+00:00
[2024-06-10T20:18:46.052+0000] {processor.py:183} INFO - Processing /home/airflow/.local/lib/python3.12/site-packages/airflow/example_dags/example_task_group.py took 0.068 seconds
[2024-06-10T20:19:16.142+0000] {processor.py:161} INFO - Started process (PID=981) to work on /home/airflow/.local/lib/python3.12/site-packages/airflow/example_dags/example_task_group.py
[2024-06-10T20:19:16.143+0000] {processor.py:830} INFO - Processing file /home/airflow/.local/lib/python3.12/site-packages/airflow/example_dags/example_task_group.py for tasks to queue
[2024-06-10T20:19:16.145+0000] {logging_mixin.py:188} INFO - [2024-06-10T20:19:16.145+0000] {dagbag.py:545} INFO - Filling up the DagBag from /home/airflow/.local/lib/python3.12/site-packages/airflow/example_dags/example_task_group.py
[2024-06-10T20:19:16.150+0000] {processor.py:840} INFO - DAG(s) 'example_task_group' retrieved from /home/airflow/.local/lib/python3.12/site-packages/airflow/example_dags/example_task_group.py
[2024-06-10T20:19:16.167+0000] {logging_mixin.py:188} INFO - [2024-06-10T20:19:16.167+0000] {dag.py:3096} INFO - Sync 1 DAGs
[2024-06-10T20:19:16.182+0000] {logging_mixin.py:188} INFO - [2024-06-10T20:19:16.182+0000] {dag.py:3954} INFO - Setting next_dagrun for example_task_group to 2024-06-09 00:00:00+00:00, run_after=2024-06-10 00:00:00+00:00
[2024-06-10T20:19:16.199+0000] {processor.py:183} INFO - Processing /home/airflow/.local/lib/python3.12/site-packages/airflow/example_dags/example_task_group.py took 0.061 seconds
[2024-06-10T20:19:46.369+0000] {processor.py:161} INFO - Started process (PID=1039) to work on /home/airflow/.local/lib/python3.12/site-packages/airflow/example_dags/example_task_group.py
[2024-06-10T20:19:46.370+0000] {processor.py:830} INFO - Processing file /home/airflow/.local/lib/python3.12/site-packages/airflow/example_dags/example_task_group.py for tasks to queue
[2024-06-10T20:19:46.371+0000] {logging_mixin.py:188} INFO - [2024-06-10T20:19:46.371+0000] {dagbag.py:545} INFO - Filling up the DagBag from /home/airflow/.local/lib/python3.12/site-packages/airflow/example_dags/example_task_group.py
[2024-06-10T20:19:46.379+0000] {processor.py:840} INFO - DAG(s) 'example_task_group' retrieved from /home/airflow/.local/lib/python3.12/site-packages/airflow/example_dags/example_task_group.py
[2024-06-10T20:19:46.396+0000] {logging_mixin.py:188} INFO - [2024-06-10T20:19:46.396+0000] {dag.py:3096} INFO - Sync 1 DAGs
[2024-06-10T20:19:46.413+0000] {logging_mixin.py:188} INFO - [2024-06-10T20:19:46.413+0000] {dag.py:3954} INFO - Setting next_dagrun for example_task_group to 2024-06-09 00:00:00+00:00, run_after=2024-06-10 00:00:00+00:00
[2024-06-10T20:19:46.428+0000] {processor.py:183} INFO - Processing /home/airflow/.local/lib/python3.12/site-packages/airflow/example_dags/example_task_group.py took 0.064 seconds
[2024-06-10T20:20:16.832+0000] {processor.py:161} INFO - Started process (PID=1097) to work on /home/airflow/.local/lib/python3.12/site-packages/airflow/example_dags/example_task_group.py
[2024-06-10T20:20:16.832+0000] {processor.py:830} INFO - Processing file /home/airflow/.local/lib/python3.12/site-packages/airflow/example_dags/example_task_group.py for tasks to queue
[2024-06-10T20:20:16.834+0000] {logging_mixin.py:188} INFO - [2024-06-10T20:20:16.834+0000] {dagbag.py:545} INFO - Filling up the DagBag from /home/airflow/.local/lib/python3.12/site-packages/airflow/example_dags/example_task_group.py
[2024-06-10T20:20:16.839+0000] {processor.py:840} INFO - DAG(s) 'example_task_group' retrieved from /home/airflow/.local/lib/python3.12/site-packages/airflow/example_dags/example_task_group.py
[2024-06-10T20:20:16.853+0000] {logging_mixin.py:188} INFO - [2024-06-10T20:20:16.853+0000] {dag.py:3096} INFO - Sync 1 DAGs
[2024-06-10T20:20:16.869+0000] {logging_mixin.py:188} INFO - [2024-06-10T20:20:16.869+0000] {dag.py:3954} INFO - Setting next_dagrun for example_task_group to 2024-06-09 00:00:00+00:00, run_after=2024-06-10 00:00:00+00:00
[2024-06-10T20:20:16.887+0000] {processor.py:183} INFO - Processing /home/airflow/.local/lib/python3.12/site-packages/airflow/example_dags/example_task_group.py took 0.059 seconds
[2024-06-10T20:20:46.976+0000] {processor.py:161} INFO - Started process (PID=1155) to work on /home/airflow/.local/lib/python3.12/site-packages/airflow/example_dags/example_task_group.py
[2024-06-10T20:20:46.977+0000] {processor.py:830} INFO - Processing file /home/airflow/.local/lib/python3.12/site-packages/airflow/example_dags/example_task_group.py for tasks to queue
[2024-06-10T20:20:46.979+0000] {logging_mixin.py:188} INFO - [2024-06-10T20:20:46.978+0000] {dagbag.py:545} INFO - Filling up the DagBag from /home/airflow/.local/lib/python3.12/site-packages/airflow/example_dags/example_task_group.py
[2024-06-10T20:20:46.984+0000] {processor.py:840} INFO - DAG(s) 'example_task_group' retrieved from /home/airflow/.local/lib/python3.12/site-packages/airflow/example_dags/example_task_group.py
[2024-06-10T20:20:46.998+0000] {logging_mixin.py:188} INFO - [2024-06-10T20:20:46.998+0000] {dag.py:3096} INFO - Sync 1 DAGs
[2024-06-10T20:20:47.013+0000] {logging_mixin.py:188} INFO - [2024-06-10T20:20:47.012+0000] {dag.py:3954} INFO - Setting next_dagrun for example_task_group to 2024-06-09 00:00:00+00:00, run_after=2024-06-10 00:00:00+00:00
[2024-06-10T20:20:47.027+0000] {processor.py:183} INFO - Processing /home/airflow/.local/lib/python3.12/site-packages/airflow/example_dags/example_task_group.py took 0.056 seconds
[2024-06-10T20:21:17.423+0000] {processor.py:161} INFO - Started process (PID=1219) to work on /home/airflow/.local/lib/python3.12/site-packages/airflow/example_dags/example_task_group.py
[2024-06-10T20:21:17.424+0000] {processor.py:830} INFO - Processing file /home/airflow/.local/lib/python3.12/site-packages/airflow/example_dags/example_task_group.py for tasks to queue
[2024-06-10T20:21:17.426+0000] {logging_mixin.py:188} INFO - [2024-06-10T20:21:17.426+0000] {dagbag.py:545} INFO - Filling up the DagBag from /home/airflow/.local/lib/python3.12/site-packages/airflow/example_dags/example_task_group.py
[2024-06-10T20:21:17.432+0000] {processor.py:840} INFO - DAG(s) 'example_task_group' retrieved from /home/airflow/.local/lib/python3.12/site-packages/airflow/example_dags/example_task_group.py
[2024-06-10T20:21:17.449+0000] {logging_mixin.py:188} INFO - [2024-06-10T20:21:17.449+0000] {dag.py:3096} INFO - Sync 1 DAGs
[2024-06-10T20:21:17.481+0000] {logging_mixin.py:188} INFO - [2024-06-10T20:21:17.480+0000] {dag.py:3954} INFO - Setting next_dagrun for example_task_group to 2024-06-09 00:00:00+00:00, run_after=2024-06-10 00:00:00+00:00
[2024-06-10T20:21:17.504+0000] {processor.py:183} INFO - Processing /home/airflow/.local/lib/python3.12/site-packages/airflow/example_dags/example_task_group.py took 0.085 seconds
[2024-06-10T20:21:41.913+0000] {processor.py:161} INFO - Started process (PID=55) to work on /home/airflow/.local/lib/python3.12/site-packages/airflow/example_dags/example_task_group.py
[2024-06-10T20:21:41.915+0000] {processor.py:830} INFO - Processing file /home/airflow/.local/lib/python3.12/site-packages/airflow/example_dags/example_task_group.py for tasks to queue
[2024-06-10T20:21:41.917+0000] {logging_mixin.py:188} INFO - [2024-06-10T20:21:41.916+0000] {dagbag.py:545} INFO - Filling up the DagBag from /home/airflow/.local/lib/python3.12/site-packages/airflow/example_dags/example_task_group.py
[2024-06-10T20:21:41.924+0000] {processor.py:840} INFO - DAG(s) 'example_task_group' retrieved from /home/airflow/.local/lib/python3.12/site-packages/airflow/example_dags/example_task_group.py
[2024-06-10T20:21:41.946+0000] {logging_mixin.py:188} INFO - [2024-06-10T20:21:41.946+0000] {dag.py:3096} INFO - Sync 1 DAGs
[2024-06-10T20:21:41.963+0000] {logging_mixin.py:188} INFO - [2024-06-10T20:21:41.963+0000] {dag.py:3954} INFO - Setting next_dagrun for example_task_group to 2024-06-09 00:00:00+00:00, run_after=2024-06-10 00:00:00+00:00
[2024-06-10T20:21:41.985+0000] {processor.py:183} INFO - Processing /home/airflow/.local/lib/python3.12/site-packages/airflow/example_dags/example_task_group.py took 0.076 seconds
[2024-06-10T20:22:12.355+0000] {processor.py:161} INFO - Started process (PID=113) to work on /home/airflow/.local/lib/python3.12/site-packages/airflow/example_dags/example_task_group.py
[2024-06-10T20:22:12.356+0000] {processor.py:830} INFO - Processing file /home/airflow/.local/lib/python3.12/site-packages/airflow/example_dags/example_task_group.py for tasks to queue
[2024-06-10T20:22:12.358+0000] {logging_mixin.py:188} INFO - [2024-06-10T20:22:12.357+0000] {dagbag.py:545} INFO - Filling up the DagBag from /home/airflow/.local/lib/python3.12/site-packages/airflow/example_dags/example_task_group.py
[2024-06-10T20:22:12.363+0000] {processor.py:840} INFO - DAG(s) 'example_task_group' retrieved from /home/airflow/.local/lib/python3.12/site-packages/airflow/example_dags/example_task_group.py
[2024-06-10T20:22:12.380+0000] {logging_mixin.py:188} INFO - [2024-06-10T20:22:12.379+0000] {dag.py:3096} INFO - Sync 1 DAGs
[2024-06-10T20:22:12.396+0000] {logging_mixin.py:188} INFO - [2024-06-10T20:22:12.396+0000] {dag.py:3954} INFO - Setting next_dagrun for example_task_group to 2024-06-09 00:00:00+00:00, run_after=2024-06-10 00:00:00+00:00
[2024-06-10T20:22:12.413+0000] {processor.py:183} INFO - Processing /home/airflow/.local/lib/python3.12/site-packages/airflow/example_dags/example_task_group.py took 0.062 seconds
