[2024-06-10T20:11:13.617+0000] {processor.py:161} INFO - Started process (PID=73) to work on /home/airflow/.local/lib/python3.12/site-packages/airflow/example_dags/example_nested_branch_dag.py
[2024-06-10T20:11:13.618+0000] {processor.py:830} INFO - Processing file /home/airflow/.local/lib/python3.12/site-packages/airflow/example_dags/example_nested_branch_dag.py for tasks to queue
[2024-06-10T20:11:13.634+0000] {logging_mixin.py:188} INFO - [2024-06-10T20:11:13.633+0000] {dagbag.py:545} INFO - Filling up the DagBag from /home/airflow/.local/lib/python3.12/site-packages/airflow/example_dags/example_nested_branch_dag.py
[2024-06-10T20:11:13.653+0000] {processor.py:840} INFO - DAG(s) 'example_nested_branch_dag' retrieved from /home/airflow/.local/lib/python3.12/site-packages/airflow/example_dags/example_nested_branch_dag.py
[2024-06-10T20:11:13.743+0000] {logging_mixin.py:188} INFO - [2024-06-10T20:11:13.742+0000] {override.py:1829} INFO - Created Permission View: can delete on DAG:example_nested_branch_dag
[2024-06-10T20:11:13.754+0000] {logging_mixin.py:188} INFO - [2024-06-10T20:11:13.754+0000] {override.py:1829} INFO - Created Permission View: can edit on DAG:example_nested_branch_dag
[2024-06-10T20:11:13.764+0000] {logging_mixin.py:188} INFO - [2024-06-10T20:11:13.764+0000] {override.py:1829} INFO - Created Permission View: can read on DAG:example_nested_branch_dag
[2024-06-10T20:11:13.765+0000] {logging_mixin.py:188} INFO - [2024-06-10T20:11:13.765+0000] {dag.py:3096} INFO - Sync 1 DAGs
[2024-06-10T20:11:13.775+0000] {logging_mixin.py:188} INFO - [2024-06-10T20:11:13.775+0000] {dag.py:3118} INFO - Creating ORM DAG for example_nested_branch_dag
[2024-06-10T20:11:13.856+0000] {logging_mixin.py:188} INFO - [2024-06-10T20:11:13.855+0000] {dag.py:3954} INFO - Setting next_dagrun for example_nested_branch_dag to 2024-06-09 00:00:00+00:00, run_after=2024-06-10 00:00:00+00:00
[2024-06-10T20:11:13.874+0000] {processor.py:183} INFO - Processing /home/airflow/.local/lib/python3.12/site-packages/airflow/example_dags/example_nested_branch_dag.py took 0.263 seconds
[2024-06-10T20:11:44.794+0000] {processor.py:161} INFO - Started process (PID=131) to work on /home/airflow/.local/lib/python3.12/site-packages/airflow/example_dags/example_nested_branch_dag.py
[2024-06-10T20:11:44.796+0000] {processor.py:830} INFO - Processing file /home/airflow/.local/lib/python3.12/site-packages/airflow/example_dags/example_nested_branch_dag.py for tasks to queue
[2024-06-10T20:11:44.801+0000] {logging_mixin.py:188} INFO - [2024-06-10T20:11:44.800+0000] {dagbag.py:545} INFO - Filling up the DagBag from /home/airflow/.local/lib/python3.12/site-packages/airflow/example_dags/example_nested_branch_dag.py
[2024-06-10T20:11:44.813+0000] {processor.py:840} INFO - DAG(s) 'example_nested_branch_dag' retrieved from /home/airflow/.local/lib/python3.12/site-packages/airflow/example_dags/example_nested_branch_dag.py
[2024-06-10T20:11:44.833+0000] {logging_mixin.py:188} INFO - [2024-06-10T20:11:44.833+0000] {dag.py:3096} INFO - Sync 1 DAGs
[2024-06-10T20:11:44.849+0000] {logging_mixin.py:188} INFO - [2024-06-10T20:11:44.849+0000] {dag.py:3954} INFO - Setting next_dagrun for example_nested_branch_dag to 2024-06-09 00:00:00+00:00, run_after=2024-06-10 00:00:00+00:00
[2024-06-10T20:11:44.865+0000] {processor.py:183} INFO - Processing /home/airflow/.local/lib/python3.12/site-packages/airflow/example_dags/example_nested_branch_dag.py took 0.081 seconds
[2024-06-10T20:12:15.230+0000] {processor.py:161} INFO - Started process (PID=189) to work on /home/airflow/.local/lib/python3.12/site-packages/airflow/example_dags/example_nested_branch_dag.py
[2024-06-10T20:12:15.231+0000] {processor.py:830} INFO - Processing file /home/airflow/.local/lib/python3.12/site-packages/airflow/example_dags/example_nested_branch_dag.py for tasks to queue
[2024-06-10T20:12:15.233+0000] {logging_mixin.py:188} INFO - [2024-06-10T20:12:15.233+0000] {dagbag.py:545} INFO - Filling up the DagBag from /home/airflow/.local/lib/python3.12/site-packages/airflow/example_dags/example_nested_branch_dag.py
[2024-06-10T20:12:15.251+0000] {processor.py:840} INFO - DAG(s) 'example_nested_branch_dag' retrieved from /home/airflow/.local/lib/python3.12/site-packages/airflow/example_dags/example_nested_branch_dag.py
[2024-06-10T20:12:15.338+0000] {logging_mixin.py:188} INFO - [2024-06-10T20:12:15.338+0000] {dag.py:3096} INFO - Sync 1 DAGs
[2024-06-10T20:12:15.357+0000] {logging_mixin.py:188} INFO - [2024-06-10T20:12:15.357+0000] {dag.py:3954} INFO - Setting next_dagrun for example_nested_branch_dag to 2024-06-09 00:00:00+00:00, run_after=2024-06-10 00:00:00+00:00
[2024-06-10T20:12:15.375+0000] {processor.py:183} INFO - Processing /home/airflow/.local/lib/python3.12/site-packages/airflow/example_dags/example_nested_branch_dag.py took 0.150 seconds
[2024-06-10T20:12:45.565+0000] {processor.py:161} INFO - Started process (PID=253) to work on /home/airflow/.local/lib/python3.12/site-packages/airflow/example_dags/example_nested_branch_dag.py
[2024-06-10T20:12:45.567+0000] {processor.py:830} INFO - Processing file /home/airflow/.local/lib/python3.12/site-packages/airflow/example_dags/example_nested_branch_dag.py for tasks to queue
[2024-06-10T20:12:45.571+0000] {logging_mixin.py:188} INFO - [2024-06-10T20:12:45.570+0000] {dagbag.py:545} INFO - Filling up the DagBag from /home/airflow/.local/lib/python3.12/site-packages/airflow/example_dags/example_nested_branch_dag.py
[2024-06-10T20:12:45.584+0000] {processor.py:840} INFO - DAG(s) 'example_nested_branch_dag' retrieved from /home/airflow/.local/lib/python3.12/site-packages/airflow/example_dags/example_nested_branch_dag.py
[2024-06-10T20:12:45.603+0000] {logging_mixin.py:188} INFO - [2024-06-10T20:12:45.603+0000] {dag.py:3096} INFO - Sync 1 DAGs
[2024-06-10T20:12:45.619+0000] {logging_mixin.py:188} INFO - [2024-06-10T20:12:45.618+0000] {dag.py:3954} INFO - Setting next_dagrun for example_nested_branch_dag to 2024-06-09 00:00:00+00:00, run_after=2024-06-10 00:00:00+00:00
[2024-06-10T20:12:45.635+0000] {processor.py:183} INFO - Processing /home/airflow/.local/lib/python3.12/site-packages/airflow/example_dags/example_nested_branch_dag.py took 0.081 seconds
[2024-06-10T20:13:15.885+0000] {processor.py:161} INFO - Started process (PID=311) to work on /home/airflow/.local/lib/python3.12/site-packages/airflow/example_dags/example_nested_branch_dag.py
[2024-06-10T20:13:15.887+0000] {processor.py:830} INFO - Processing file /home/airflow/.local/lib/python3.12/site-packages/airflow/example_dags/example_nested_branch_dag.py for tasks to queue
[2024-06-10T20:13:15.889+0000] {logging_mixin.py:188} INFO - [2024-06-10T20:13:15.889+0000] {dagbag.py:545} INFO - Filling up the DagBag from /home/airflow/.local/lib/python3.12/site-packages/airflow/example_dags/example_nested_branch_dag.py
[2024-06-10T20:13:15.899+0000] {processor.py:840} INFO - DAG(s) 'example_nested_branch_dag' retrieved from /home/airflow/.local/lib/python3.12/site-packages/airflow/example_dags/example_nested_branch_dag.py
[2024-06-10T20:13:15.917+0000] {logging_mixin.py:188} INFO - [2024-06-10T20:13:15.916+0000] {dag.py:3096} INFO - Sync 1 DAGs
[2024-06-10T20:13:15.933+0000] {logging_mixin.py:188} INFO - [2024-06-10T20:13:15.932+0000] {dag.py:3954} INFO - Setting next_dagrun for example_nested_branch_dag to 2024-06-09 00:00:00+00:00, run_after=2024-06-10 00:00:00+00:00
[2024-06-10T20:13:15.951+0000] {processor.py:183} INFO - Processing /home/airflow/.local/lib/python3.12/site-packages/airflow/example_dags/example_nested_branch_dag.py took 0.075 seconds
[2024-06-10T20:13:46.303+0000] {processor.py:161} INFO - Started process (PID=369) to work on /home/airflow/.local/lib/python3.12/site-packages/airflow/example_dags/example_nested_branch_dag.py
[2024-06-10T20:13:46.305+0000] {processor.py:830} INFO - Processing file /home/airflow/.local/lib/python3.12/site-packages/airflow/example_dags/example_nested_branch_dag.py for tasks to queue
[2024-06-10T20:13:46.307+0000] {logging_mixin.py:188} INFO - [2024-06-10T20:13:46.307+0000] {dagbag.py:545} INFO - Filling up the DagBag from /home/airflow/.local/lib/python3.12/site-packages/airflow/example_dags/example_nested_branch_dag.py
[2024-06-10T20:13:46.316+0000] {processor.py:840} INFO - DAG(s) 'example_nested_branch_dag' retrieved from /home/airflow/.local/lib/python3.12/site-packages/airflow/example_dags/example_nested_branch_dag.py
[2024-06-10T20:13:46.331+0000] {logging_mixin.py:188} INFO - [2024-06-10T20:13:46.331+0000] {dag.py:3096} INFO - Sync 1 DAGs
[2024-06-10T20:13:46.348+0000] {logging_mixin.py:188} INFO - [2024-06-10T20:13:46.348+0000] {dag.py:3954} INFO - Setting next_dagrun for example_nested_branch_dag to 2024-06-09 00:00:00+00:00, run_after=2024-06-10 00:00:00+00:00
[2024-06-10T20:13:46.365+0000] {processor.py:183} INFO - Processing /home/airflow/.local/lib/python3.12/site-packages/airflow/example_dags/example_nested_branch_dag.py took 0.068 seconds
[2024-06-10T20:14:17.047+0000] {processor.py:161} INFO - Started process (PID=427) to work on /home/airflow/.local/lib/python3.12/site-packages/airflow/example_dags/example_nested_branch_dag.py
[2024-06-10T20:14:17.048+0000] {processor.py:830} INFO - Processing file /home/airflow/.local/lib/python3.12/site-packages/airflow/example_dags/example_nested_branch_dag.py for tasks to queue
[2024-06-10T20:14:17.050+0000] {logging_mixin.py:188} INFO - [2024-06-10T20:14:17.050+0000] {dagbag.py:545} INFO - Filling up the DagBag from /home/airflow/.local/lib/python3.12/site-packages/airflow/example_dags/example_nested_branch_dag.py
[2024-06-10T20:14:17.059+0000] {processor.py:840} INFO - DAG(s) 'example_nested_branch_dag' retrieved from /home/airflow/.local/lib/python3.12/site-packages/airflow/example_dags/example_nested_branch_dag.py
[2024-06-10T20:14:17.079+0000] {logging_mixin.py:188} INFO - [2024-06-10T20:14:17.079+0000] {dag.py:3096} INFO - Sync 1 DAGs
[2024-06-10T20:14:17.104+0000] {logging_mixin.py:188} INFO - [2024-06-10T20:14:17.103+0000] {dag.py:3954} INFO - Setting next_dagrun for example_nested_branch_dag to 2024-06-09 00:00:00+00:00, run_after=2024-06-10 00:00:00+00:00
[2024-06-10T20:14:17.125+0000] {processor.py:183} INFO - Processing /home/airflow/.local/lib/python3.12/site-packages/airflow/example_dags/example_nested_branch_dag.py took 0.084 seconds
[2024-06-10T20:14:47.173+0000] {processor.py:161} INFO - Started process (PID=485) to work on /home/airflow/.local/lib/python3.12/site-packages/airflow/example_dags/example_nested_branch_dag.py
[2024-06-10T20:14:47.174+0000] {processor.py:830} INFO - Processing file /home/airflow/.local/lib/python3.12/site-packages/airflow/example_dags/example_nested_branch_dag.py for tasks to queue
[2024-06-10T20:14:47.185+0000] {logging_mixin.py:188} INFO - [2024-06-10T20:14:47.185+0000] {dagbag.py:545} INFO - Filling up the DagBag from /home/airflow/.local/lib/python3.12/site-packages/airflow/example_dags/example_nested_branch_dag.py
[2024-06-10T20:14:47.195+0000] {processor.py:840} INFO - DAG(s) 'example_nested_branch_dag' retrieved from /home/airflow/.local/lib/python3.12/site-packages/airflow/example_dags/example_nested_branch_dag.py
[2024-06-10T20:14:47.217+0000] {logging_mixin.py:188} INFO - [2024-06-10T20:14:47.217+0000] {dag.py:3096} INFO - Sync 1 DAGs
[2024-06-10T20:14:47.237+0000] {logging_mixin.py:188} INFO - [2024-06-10T20:14:47.236+0000] {dag.py:3954} INFO - Setting next_dagrun for example_nested_branch_dag to 2024-06-09 00:00:00+00:00, run_after=2024-06-10 00:00:00+00:00
[2024-06-10T20:14:47.254+0000] {processor.py:183} INFO - Processing /home/airflow/.local/lib/python3.12/site-packages/airflow/example_dags/example_nested_branch_dag.py took 0.087 seconds
[2024-06-10T20:15:17.484+0000] {processor.py:161} INFO - Started process (PID=543) to work on /home/airflow/.local/lib/python3.12/site-packages/airflow/example_dags/example_nested_branch_dag.py
[2024-06-10T20:15:17.486+0000] {processor.py:830} INFO - Processing file /home/airflow/.local/lib/python3.12/site-packages/airflow/example_dags/example_nested_branch_dag.py for tasks to queue
[2024-06-10T20:15:17.488+0000] {logging_mixin.py:188} INFO - [2024-06-10T20:15:17.487+0000] {dagbag.py:545} INFO - Filling up the DagBag from /home/airflow/.local/lib/python3.12/site-packages/airflow/example_dags/example_nested_branch_dag.py
[2024-06-10T20:15:17.496+0000] {processor.py:840} INFO - DAG(s) 'example_nested_branch_dag' retrieved from /home/airflow/.local/lib/python3.12/site-packages/airflow/example_dags/example_nested_branch_dag.py
[2024-06-10T20:15:17.513+0000] {logging_mixin.py:188} INFO - [2024-06-10T20:15:17.513+0000] {dag.py:3096} INFO - Sync 1 DAGs
[2024-06-10T20:15:17.529+0000] {logging_mixin.py:188} INFO - [2024-06-10T20:15:17.529+0000] {dag.py:3954} INFO - Setting next_dagrun for example_nested_branch_dag to 2024-06-09 00:00:00+00:00, run_after=2024-06-10 00:00:00+00:00
[2024-06-10T20:15:17.547+0000] {processor.py:183} INFO - Processing /home/airflow/.local/lib/python3.12/site-packages/airflow/example_dags/example_nested_branch_dag.py took 0.067 seconds
[2024-06-10T20:15:47.665+0000] {processor.py:161} INFO - Started process (PID=601) to work on /home/airflow/.local/lib/python3.12/site-packages/airflow/example_dags/example_nested_branch_dag.py
[2024-06-10T20:15:47.666+0000] {processor.py:830} INFO - Processing file /home/airflow/.local/lib/python3.12/site-packages/airflow/example_dags/example_nested_branch_dag.py for tasks to queue
[2024-06-10T20:15:47.668+0000] {logging_mixin.py:188} INFO - [2024-06-10T20:15:47.668+0000] {dagbag.py:545} INFO - Filling up the DagBag from /home/airflow/.local/lib/python3.12/site-packages/airflow/example_dags/example_nested_branch_dag.py
[2024-06-10T20:15:47.677+0000] {processor.py:840} INFO - DAG(s) 'example_nested_branch_dag' retrieved from /home/airflow/.local/lib/python3.12/site-packages/airflow/example_dags/example_nested_branch_dag.py
[2024-06-10T20:15:47.692+0000] {logging_mixin.py:188} INFO - [2024-06-10T20:15:47.692+0000] {dag.py:3096} INFO - Sync 1 DAGs
[2024-06-10T20:15:47.708+0000] {logging_mixin.py:188} INFO - [2024-06-10T20:15:47.708+0000] {dag.py:3954} INFO - Setting next_dagrun for example_nested_branch_dag to 2024-06-09 00:00:00+00:00, run_after=2024-06-10 00:00:00+00:00
[2024-06-10T20:15:47.724+0000] {processor.py:183} INFO - Processing /home/airflow/.local/lib/python3.12/site-packages/airflow/example_dags/example_nested_branch_dag.py took 0.065 seconds
[2024-06-10T20:16:18.045+0000] {processor.py:161} INFO - Started process (PID=659) to work on /home/airflow/.local/lib/python3.12/site-packages/airflow/example_dags/example_nested_branch_dag.py
[2024-06-10T20:16:18.046+0000] {processor.py:830} INFO - Processing file /home/airflow/.local/lib/python3.12/site-packages/airflow/example_dags/example_nested_branch_dag.py for tasks to queue
[2024-06-10T20:16:18.048+0000] {logging_mixin.py:188} INFO - [2024-06-10T20:16:18.048+0000] {dagbag.py:545} INFO - Filling up the DagBag from /home/airflow/.local/lib/python3.12/site-packages/airflow/example_dags/example_nested_branch_dag.py
[2024-06-10T20:16:18.057+0000] {processor.py:840} INFO - DAG(s) 'example_nested_branch_dag' retrieved from /home/airflow/.local/lib/python3.12/site-packages/airflow/example_dags/example_nested_branch_dag.py
[2024-06-10T20:16:18.074+0000] {logging_mixin.py:188} INFO - [2024-06-10T20:16:18.074+0000] {dag.py:3096} INFO - Sync 1 DAGs
[2024-06-10T20:16:18.090+0000] {logging_mixin.py:188} INFO - [2024-06-10T20:16:18.089+0000] {dag.py:3954} INFO - Setting next_dagrun for example_nested_branch_dag to 2024-06-09 00:00:00+00:00, run_after=2024-06-10 00:00:00+00:00
[2024-06-10T20:16:18.107+0000] {processor.py:183} INFO - Processing /home/airflow/.local/lib/python3.12/site-packages/airflow/example_dags/example_nested_branch_dag.py took 0.070 seconds
[2024-06-10T20:16:48.496+0000] {processor.py:161} INFO - Started process (PID=717) to work on /home/airflow/.local/lib/python3.12/site-packages/airflow/example_dags/example_nested_branch_dag.py
[2024-06-10T20:16:48.498+0000] {processor.py:830} INFO - Processing file /home/airflow/.local/lib/python3.12/site-packages/airflow/example_dags/example_nested_branch_dag.py for tasks to queue
[2024-06-10T20:16:48.501+0000] {logging_mixin.py:188} INFO - [2024-06-10T20:16:48.501+0000] {dagbag.py:545} INFO - Filling up the DagBag from /home/airflow/.local/lib/python3.12/site-packages/airflow/example_dags/example_nested_branch_dag.py
[2024-06-10T20:16:48.512+0000] {processor.py:840} INFO - DAG(s) 'example_nested_branch_dag' retrieved from /home/airflow/.local/lib/python3.12/site-packages/airflow/example_dags/example_nested_branch_dag.py
[2024-06-10T20:16:48.529+0000] {logging_mixin.py:188} INFO - [2024-06-10T20:16:48.529+0000] {dag.py:3096} INFO - Sync 1 DAGs
[2024-06-10T20:16:48.545+0000] {logging_mixin.py:188} INFO - [2024-06-10T20:16:48.545+0000] {dag.py:3954} INFO - Setting next_dagrun for example_nested_branch_dag to 2024-06-09 00:00:00+00:00, run_after=2024-06-10 00:00:00+00:00
[2024-06-10T20:16:48.562+0000] {processor.py:183} INFO - Processing /home/airflow/.local/lib/python3.12/site-packages/airflow/example_dags/example_nested_branch_dag.py took 0.073 seconds
[2024-06-10T20:17:18.860+0000] {processor.py:161} INFO - Started process (PID=775) to work on /home/airflow/.local/lib/python3.12/site-packages/airflow/example_dags/example_nested_branch_dag.py
[2024-06-10T20:17:18.862+0000] {processor.py:830} INFO - Processing file /home/airflow/.local/lib/python3.12/site-packages/airflow/example_dags/example_nested_branch_dag.py for tasks to queue
[2024-06-10T20:17:18.865+0000] {logging_mixin.py:188} INFO - [2024-06-10T20:17:18.864+0000] {dagbag.py:545} INFO - Filling up the DagBag from /home/airflow/.local/lib/python3.12/site-packages/airflow/example_dags/example_nested_branch_dag.py
[2024-06-10T20:17:18.875+0000] {processor.py:840} INFO - DAG(s) 'example_nested_branch_dag' retrieved from /home/airflow/.local/lib/python3.12/site-packages/airflow/example_dags/example_nested_branch_dag.py
[2024-06-10T20:17:18.894+0000] {logging_mixin.py:188} INFO - [2024-06-10T20:17:18.893+0000] {dag.py:3096} INFO - Sync 1 DAGs
[2024-06-10T20:17:18.909+0000] {logging_mixin.py:188} INFO - [2024-06-10T20:17:18.909+0000] {dag.py:3954} INFO - Setting next_dagrun for example_nested_branch_dag to 2024-06-09 00:00:00+00:00, run_after=2024-06-10 00:00:00+00:00
[2024-06-10T20:17:18.925+0000] {processor.py:183} INFO - Processing /home/airflow/.local/lib/python3.12/site-packages/airflow/example_dags/example_nested_branch_dag.py took 0.074 seconds
[2024-06-10T20:17:49.472+0000] {processor.py:161} INFO - Started process (PID=833) to work on /home/airflow/.local/lib/python3.12/site-packages/airflow/example_dags/example_nested_branch_dag.py
[2024-06-10T20:17:49.474+0000] {processor.py:830} INFO - Processing file /home/airflow/.local/lib/python3.12/site-packages/airflow/example_dags/example_nested_branch_dag.py for tasks to queue
[2024-06-10T20:17:49.476+0000] {logging_mixin.py:188} INFO - [2024-06-10T20:17:49.476+0000] {dagbag.py:545} INFO - Filling up the DagBag from /home/airflow/.local/lib/python3.12/site-packages/airflow/example_dags/example_nested_branch_dag.py
[2024-06-10T20:17:49.485+0000] {processor.py:840} INFO - DAG(s) 'example_nested_branch_dag' retrieved from /home/airflow/.local/lib/python3.12/site-packages/airflow/example_dags/example_nested_branch_dag.py
[2024-06-10T20:17:49.507+0000] {logging_mixin.py:188} INFO - [2024-06-10T20:17:49.507+0000] {dag.py:3096} INFO - Sync 1 DAGs
[2024-06-10T20:17:49.527+0000] {logging_mixin.py:188} INFO - [2024-06-10T20:17:49.527+0000] {dag.py:3954} INFO - Setting next_dagrun for example_nested_branch_dag to 2024-06-09 00:00:00+00:00, run_after=2024-06-10 00:00:00+00:00
[2024-06-10T20:17:49.549+0000] {processor.py:183} INFO - Processing /home/airflow/.local/lib/python3.12/site-packages/airflow/example_dags/example_nested_branch_dag.py took 0.084 seconds
[2024-06-10T20:18:19.658+0000] {processor.py:161} INFO - Started process (PID=890) to work on /home/airflow/.local/lib/python3.12/site-packages/airflow/example_dags/example_nested_branch_dag.py
[2024-06-10T20:18:19.660+0000] {processor.py:830} INFO - Processing file /home/airflow/.local/lib/python3.12/site-packages/airflow/example_dags/example_nested_branch_dag.py for tasks to queue
[2024-06-10T20:18:19.662+0000] {logging_mixin.py:188} INFO - [2024-06-10T20:18:19.662+0000] {dagbag.py:545} INFO - Filling up the DagBag from /home/airflow/.local/lib/python3.12/site-packages/airflow/example_dags/example_nested_branch_dag.py
[2024-06-10T20:18:19.672+0000] {processor.py:840} INFO - DAG(s) 'example_nested_branch_dag' retrieved from /home/airflow/.local/lib/python3.12/site-packages/airflow/example_dags/example_nested_branch_dag.py
[2024-06-10T20:18:19.689+0000] {logging_mixin.py:188} INFO - [2024-06-10T20:18:19.689+0000] {dag.py:3096} INFO - Sync 1 DAGs
[2024-06-10T20:18:19.706+0000] {logging_mixin.py:188} INFO - [2024-06-10T20:18:19.705+0000] {dag.py:3954} INFO - Setting next_dagrun for example_nested_branch_dag to 2024-06-09 00:00:00+00:00, run_after=2024-06-10 00:00:00+00:00
[2024-06-10T20:18:19.723+0000] {processor.py:183} INFO - Processing /home/airflow/.local/lib/python3.12/site-packages/airflow/example_dags/example_nested_branch_dag.py took 0.073 seconds
[2024-06-10T20:18:49.836+0000] {processor.py:161} INFO - Started process (PID=948) to work on /home/airflow/.local/lib/python3.12/site-packages/airflow/example_dags/example_nested_branch_dag.py
[2024-06-10T20:18:49.837+0000] {processor.py:830} INFO - Processing file /home/airflow/.local/lib/python3.12/site-packages/airflow/example_dags/example_nested_branch_dag.py for tasks to queue
[2024-06-10T20:18:49.839+0000] {logging_mixin.py:188} INFO - [2024-06-10T20:18:49.839+0000] {dagbag.py:545} INFO - Filling up the DagBag from /home/airflow/.local/lib/python3.12/site-packages/airflow/example_dags/example_nested_branch_dag.py
[2024-06-10T20:18:49.847+0000] {processor.py:840} INFO - DAG(s) 'example_nested_branch_dag' retrieved from /home/airflow/.local/lib/python3.12/site-packages/airflow/example_dags/example_nested_branch_dag.py
[2024-06-10T20:18:49.866+0000] {logging_mixin.py:188} INFO - [2024-06-10T20:18:49.866+0000] {dag.py:3096} INFO - Sync 1 DAGs
[2024-06-10T20:18:49.888+0000] {logging_mixin.py:188} INFO - [2024-06-10T20:18:49.888+0000] {dag.py:3954} INFO - Setting next_dagrun for example_nested_branch_dag to 2024-06-09 00:00:00+00:00, run_after=2024-06-10 00:00:00+00:00
[2024-06-10T20:18:49.907+0000] {processor.py:183} INFO - Processing /home/airflow/.local/lib/python3.12/site-packages/airflow/example_dags/example_nested_branch_dag.py took 0.074 seconds
[2024-06-10T20:19:20.293+0000] {processor.py:161} INFO - Started process (PID=1006) to work on /home/airflow/.local/lib/python3.12/site-packages/airflow/example_dags/example_nested_branch_dag.py
[2024-06-10T20:19:20.294+0000] {processor.py:830} INFO - Processing file /home/airflow/.local/lib/python3.12/site-packages/airflow/example_dags/example_nested_branch_dag.py for tasks to queue
[2024-06-10T20:19:20.295+0000] {logging_mixin.py:188} INFO - [2024-06-10T20:19:20.295+0000] {dagbag.py:545} INFO - Filling up the DagBag from /home/airflow/.local/lib/python3.12/site-packages/airflow/example_dags/example_nested_branch_dag.py
[2024-06-10T20:19:20.304+0000] {processor.py:840} INFO - DAG(s) 'example_nested_branch_dag' retrieved from /home/airflow/.local/lib/python3.12/site-packages/airflow/example_dags/example_nested_branch_dag.py
[2024-06-10T20:19:20.322+0000] {logging_mixin.py:188} INFO - [2024-06-10T20:19:20.322+0000] {dag.py:3096} INFO - Sync 1 DAGs
[2024-06-10T20:19:20.338+0000] {logging_mixin.py:188} INFO - [2024-06-10T20:19:20.338+0000] {dag.py:3954} INFO - Setting next_dagrun for example_nested_branch_dag to 2024-06-09 00:00:00+00:00, run_after=2024-06-10 00:00:00+00:00
[2024-06-10T20:19:20.358+0000] {processor.py:183} INFO - Processing /home/airflow/.local/lib/python3.12/site-packages/airflow/example_dags/example_nested_branch_dag.py took 0.070 seconds
[2024-06-10T20:19:50.704+0000] {processor.py:161} INFO - Started process (PID=1064) to work on /home/airflow/.local/lib/python3.12/site-packages/airflow/example_dags/example_nested_branch_dag.py
[2024-06-10T20:19:50.705+0000] {processor.py:830} INFO - Processing file /home/airflow/.local/lib/python3.12/site-packages/airflow/example_dags/example_nested_branch_dag.py for tasks to queue
[2024-06-10T20:19:50.706+0000] {logging_mixin.py:188} INFO - [2024-06-10T20:19:50.706+0000] {dagbag.py:545} INFO - Filling up the DagBag from /home/airflow/.local/lib/python3.12/site-packages/airflow/example_dags/example_nested_branch_dag.py
[2024-06-10T20:19:50.713+0000] {processor.py:840} INFO - DAG(s) 'example_nested_branch_dag' retrieved from /home/airflow/.local/lib/python3.12/site-packages/airflow/example_dags/example_nested_branch_dag.py
[2024-06-10T20:19:50.727+0000] {logging_mixin.py:188} INFO - [2024-06-10T20:19:50.726+0000] {dag.py:3096} INFO - Sync 1 DAGs
[2024-06-10T20:19:50.742+0000] {logging_mixin.py:188} INFO - [2024-06-10T20:19:50.741+0000] {dag.py:3954} INFO - Setting next_dagrun for example_nested_branch_dag to 2024-06-09 00:00:00+00:00, run_after=2024-06-10 00:00:00+00:00
[2024-06-10T20:19:50.757+0000] {processor.py:183} INFO - Processing /home/airflow/.local/lib/python3.12/site-packages/airflow/example_dags/example_nested_branch_dag.py took 0.058 seconds
[2024-06-10T20:20:21.398+0000] {processor.py:161} INFO - Started process (PID=1122) to work on /home/airflow/.local/lib/python3.12/site-packages/airflow/example_dags/example_nested_branch_dag.py
[2024-06-10T20:20:21.399+0000] {processor.py:830} INFO - Processing file /home/airflow/.local/lib/python3.12/site-packages/airflow/example_dags/example_nested_branch_dag.py for tasks to queue
[2024-06-10T20:20:21.401+0000] {logging_mixin.py:188} INFO - [2024-06-10T20:20:21.400+0000] {dagbag.py:545} INFO - Filling up the DagBag from /home/airflow/.local/lib/python3.12/site-packages/airflow/example_dags/example_nested_branch_dag.py
[2024-06-10T20:20:21.409+0000] {processor.py:840} INFO - DAG(s) 'example_nested_branch_dag' retrieved from /home/airflow/.local/lib/python3.12/site-packages/airflow/example_dags/example_nested_branch_dag.py
[2024-06-10T20:20:21.424+0000] {logging_mixin.py:188} INFO - [2024-06-10T20:20:21.424+0000] {dag.py:3096} INFO - Sync 1 DAGs
[2024-06-10T20:20:21.440+0000] {logging_mixin.py:188} INFO - [2024-06-10T20:20:21.440+0000] {dag.py:3954} INFO - Setting next_dagrun for example_nested_branch_dag to 2024-06-09 00:00:00+00:00, run_after=2024-06-10 00:00:00+00:00
[2024-06-10T20:20:21.455+0000] {processor.py:183} INFO - Processing /home/airflow/.local/lib/python3.12/site-packages/airflow/example_dags/example_nested_branch_dag.py took 0.062 seconds
[2024-06-10T20:20:52.183+0000] {processor.py:161} INFO - Started process (PID=1180) to work on /home/airflow/.local/lib/python3.12/site-packages/airflow/example_dags/example_nested_branch_dag.py
[2024-06-10T20:20:52.185+0000] {processor.py:830} INFO - Processing file /home/airflow/.local/lib/python3.12/site-packages/airflow/example_dags/example_nested_branch_dag.py for tasks to queue
[2024-06-10T20:20:52.187+0000] {logging_mixin.py:188} INFO - [2024-06-10T20:20:52.187+0000] {dagbag.py:545} INFO - Filling up the DagBag from /home/airflow/.local/lib/python3.12/site-packages/airflow/example_dags/example_nested_branch_dag.py
[2024-06-10T20:20:52.196+0000] {processor.py:840} INFO - DAG(s) 'example_nested_branch_dag' retrieved from /home/airflow/.local/lib/python3.12/site-packages/airflow/example_dags/example_nested_branch_dag.py
[2024-06-10T20:20:52.211+0000] {logging_mixin.py:188} INFO - [2024-06-10T20:20:52.211+0000] {dag.py:3096} INFO - Sync 1 DAGs
[2024-06-10T20:20:52.226+0000] {logging_mixin.py:188} INFO - [2024-06-10T20:20:52.226+0000] {dag.py:3954} INFO - Setting next_dagrun for example_nested_branch_dag to 2024-06-09 00:00:00+00:00, run_after=2024-06-10 00:00:00+00:00
[2024-06-10T20:20:52.242+0000] {processor.py:183} INFO - Processing /home/airflow/.local/lib/python3.12/site-packages/airflow/example_dags/example_nested_branch_dag.py took 0.067 seconds
[2024-06-10T20:21:22.440+0000] {processor.py:161} INFO - Started process (PID=1238) to work on /home/airflow/.local/lib/python3.12/site-packages/airflow/example_dags/example_nested_branch_dag.py
[2024-06-10T20:21:22.441+0000] {processor.py:830} INFO - Processing file /home/airflow/.local/lib/python3.12/site-packages/airflow/example_dags/example_nested_branch_dag.py for tasks to queue
[2024-06-10T20:21:22.443+0000] {logging_mixin.py:188} INFO - [2024-06-10T20:21:22.442+0000] {dagbag.py:545} INFO - Filling up the DagBag from /home/airflow/.local/lib/python3.12/site-packages/airflow/example_dags/example_nested_branch_dag.py
[2024-06-10T20:21:22.455+0000] {processor.py:840} INFO - DAG(s) 'example_nested_branch_dag' retrieved from /home/airflow/.local/lib/python3.12/site-packages/airflow/example_dags/example_nested_branch_dag.py
[2024-06-10T20:21:22.474+0000] {logging_mixin.py:188} INFO - [2024-06-10T20:21:22.474+0000] {dag.py:3096} INFO - Sync 1 DAGs
[2024-06-10T20:21:22.492+0000] {logging_mixin.py:188} INFO - [2024-06-10T20:21:22.492+0000] {dag.py:3954} INFO - Setting next_dagrun for example_nested_branch_dag to 2024-06-09 00:00:00+00:00, run_after=2024-06-10 00:00:00+00:00
[2024-06-10T20:21:22.510+0000] {processor.py:183} INFO - Processing /home/airflow/.local/lib/python3.12/site-packages/airflow/example_dags/example_nested_branch_dag.py took 0.075 seconds
[2024-06-10T20:21:43.191+0000] {processor.py:161} INFO - Started process (PID=73) to work on /home/airflow/.local/lib/python3.12/site-packages/airflow/example_dags/example_nested_branch_dag.py
[2024-06-10T20:21:43.192+0000] {processor.py:830} INFO - Processing file /home/airflow/.local/lib/python3.12/site-packages/airflow/example_dags/example_nested_branch_dag.py for tasks to queue
[2024-06-10T20:21:43.194+0000] {logging_mixin.py:188} INFO - [2024-06-10T20:21:43.193+0000] {dagbag.py:545} INFO - Filling up the DagBag from /home/airflow/.local/lib/python3.12/site-packages/airflow/example_dags/example_nested_branch_dag.py
[2024-06-10T20:21:43.202+0000] {processor.py:840} INFO - DAG(s) 'example_nested_branch_dag' retrieved from /home/airflow/.local/lib/python3.12/site-packages/airflow/example_dags/example_nested_branch_dag.py
[2024-06-10T20:21:43.222+0000] {logging_mixin.py:188} INFO - [2024-06-10T20:21:43.222+0000] {dag.py:3096} INFO - Sync 1 DAGs
[2024-06-10T20:21:43.242+0000] {logging_mixin.py:188} INFO - [2024-06-10T20:21:43.242+0000] {dag.py:3954} INFO - Setting next_dagrun for example_nested_branch_dag to 2024-06-09 00:00:00+00:00, run_after=2024-06-10 00:00:00+00:00
[2024-06-10T20:21:43.266+0000] {processor.py:183} INFO - Processing /home/airflow/.local/lib/python3.12/site-packages/airflow/example_dags/example_nested_branch_dag.py took 0.079 seconds
[2024-06-10T20:22:13.468+0000] {processor.py:161} INFO - Started process (PID=131) to work on /home/airflow/.local/lib/python3.12/site-packages/airflow/example_dags/example_nested_branch_dag.py
[2024-06-10T20:22:13.469+0000] {processor.py:830} INFO - Processing file /home/airflow/.local/lib/python3.12/site-packages/airflow/example_dags/example_nested_branch_dag.py for tasks to queue
[2024-06-10T20:22:13.471+0000] {logging_mixin.py:188} INFO - [2024-06-10T20:22:13.471+0000] {dagbag.py:545} INFO - Filling up the DagBag from /home/airflow/.local/lib/python3.12/site-packages/airflow/example_dags/example_nested_branch_dag.py
[2024-06-10T20:22:13.481+0000] {processor.py:840} INFO - DAG(s) 'example_nested_branch_dag' retrieved from /home/airflow/.local/lib/python3.12/site-packages/airflow/example_dags/example_nested_branch_dag.py
[2024-06-10T20:22:13.505+0000] {logging_mixin.py:188} INFO - [2024-06-10T20:22:13.505+0000] {dag.py:3096} INFO - Sync 1 DAGs
[2024-06-10T20:22:13.524+0000] {logging_mixin.py:188} INFO - [2024-06-10T20:22:13.524+0000] {dag.py:3954} INFO - Setting next_dagrun for example_nested_branch_dag to 2024-06-09 00:00:00+00:00, run_after=2024-06-10 00:00:00+00:00
[2024-06-10T20:22:13.543+0000] {processor.py:183} INFO - Processing /home/airflow/.local/lib/python3.12/site-packages/airflow/example_dags/example_nested_branch_dag.py took 0.079 seconds
