[2024-06-10T20:11:16.005+0000] {processor.py:161} INFO - Started process (PID=90) to work on /home/airflow/.local/lib/python3.12/site-packages/airflow/example_dags/example_python_decorator.py
[2024-06-10T20:11:16.010+0000] {processor.py:830} INFO - Processing file /home/airflow/.local/lib/python3.12/site-packages/airflow/example_dags/example_python_decorator.py for tasks to queue
[2024-06-10T20:11:16.016+0000] {logging_mixin.py:188} INFO - [2024-06-10T20:11:16.015+0000] {dagbag.py:545} INFO - Filling up the DagBag from /home/airflow/.local/lib/python3.12/site-packages/airflow/example_dags/example_python_decorator.py
[2024-06-10T20:11:16.038+0000] {processor.py:840} INFO - DAG(s) 'example_python_decorator' retrieved from /home/airflow/.local/lib/python3.12/site-packages/airflow/example_dags/example_python_decorator.py
[2024-06-10T20:11:16.182+0000] {logging_mixin.py:188} INFO - [2024-06-10T20:11:16.181+0000] {override.py:1829} INFO - Created Permission View: can delete on DAG:example_python_decorator
[2024-06-10T20:11:16.196+0000] {logging_mixin.py:188} INFO - [2024-06-10T20:11:16.196+0000] {override.py:1829} INFO - Created Permission View: can edit on DAG:example_python_decorator
[2024-06-10T20:11:16.207+0000] {logging_mixin.py:188} INFO - [2024-06-10T20:11:16.207+0000] {override.py:1829} INFO - Created Permission View: can read on DAG:example_python_decorator
[2024-06-10T20:11:16.208+0000] {logging_mixin.py:188} INFO - [2024-06-10T20:11:16.208+0000] {dag.py:3096} INFO - Sync 1 DAGs
[2024-06-10T20:11:16.223+0000] {logging_mixin.py:188} INFO - [2024-06-10T20:11:16.222+0000] {dag.py:3118} INFO - Creating ORM DAG for example_python_decorator
[2024-06-10T20:11:16.225+0000] {logging_mixin.py:188} INFO - [2024-06-10T20:11:16.224+0000] {dag.py:3954} INFO - Setting next_dagrun for example_python_decorator to None, run_after=None
[2024-06-10T20:11:16.248+0000] {processor.py:183} INFO - Processing /home/airflow/.local/lib/python3.12/site-packages/airflow/example_dags/example_python_decorator.py took 0.250 seconds
[2024-06-10T20:11:46.550+0000] {processor.py:161} INFO - Started process (PID=148) to work on /home/airflow/.local/lib/python3.12/site-packages/airflow/example_dags/example_python_decorator.py
[2024-06-10T20:11:46.557+0000] {processor.py:830} INFO - Processing file /home/airflow/.local/lib/python3.12/site-packages/airflow/example_dags/example_python_decorator.py for tasks to queue
[2024-06-10T20:11:46.560+0000] {logging_mixin.py:188} INFO - [2024-06-10T20:11:46.559+0000] {dagbag.py:545} INFO - Filling up the DagBag from /home/airflow/.local/lib/python3.12/site-packages/airflow/example_dags/example_python_decorator.py
[2024-06-10T20:11:46.576+0000] {processor.py:840} INFO - DAG(s) 'example_python_decorator' retrieved from /home/airflow/.local/lib/python3.12/site-packages/airflow/example_dags/example_python_decorator.py
[2024-06-10T20:11:46.602+0000] {logging_mixin.py:188} INFO - [2024-06-10T20:11:46.602+0000] {dag.py:3096} INFO - Sync 1 DAGs
[2024-06-10T20:11:46.617+0000] {logging_mixin.py:188} INFO - [2024-06-10T20:11:46.617+0000] {dag.py:3954} INFO - Setting next_dagrun for example_python_decorator to None, run_after=None
[2024-06-10T20:11:46.645+0000] {processor.py:183} INFO - Processing /home/airflow/.local/lib/python3.12/site-packages/airflow/example_dags/example_python_decorator.py took 0.104 seconds
[2024-06-10T20:12:16.956+0000] {processor.py:161} INFO - Started process (PID=206) to work on /home/airflow/.local/lib/python3.12/site-packages/airflow/example_dags/example_python_decorator.py
[2024-06-10T20:12:16.957+0000] {processor.py:830} INFO - Processing file /home/airflow/.local/lib/python3.12/site-packages/airflow/example_dags/example_python_decorator.py for tasks to queue
[2024-06-10T20:12:16.963+0000] {logging_mixin.py:188} INFO - [2024-06-10T20:12:16.959+0000] {dagbag.py:545} INFO - Filling up the DagBag from /home/airflow/.local/lib/python3.12/site-packages/airflow/example_dags/example_python_decorator.py
[2024-06-10T20:12:16.977+0000] {processor.py:840} INFO - DAG(s) 'example_python_decorator' retrieved from /home/airflow/.local/lib/python3.12/site-packages/airflow/example_dags/example_python_decorator.py
[2024-06-10T20:12:16.995+0000] {logging_mixin.py:188} INFO - [2024-06-10T20:12:16.995+0000] {dag.py:3096} INFO - Sync 1 DAGs
[2024-06-10T20:12:17.007+0000] {logging_mixin.py:188} INFO - [2024-06-10T20:12:17.007+0000] {dag.py:3954} INFO - Setting next_dagrun for example_python_decorator to None, run_after=None
[2024-06-10T20:12:17.031+0000] {processor.py:183} INFO - Processing /home/airflow/.local/lib/python3.12/site-packages/airflow/example_dags/example_python_decorator.py took 0.080 seconds
[2024-06-10T20:12:47.253+0000] {processor.py:161} INFO - Started process (PID=264) to work on /home/airflow/.local/lib/python3.12/site-packages/airflow/example_dags/example_python_decorator.py
[2024-06-10T20:12:47.254+0000] {processor.py:830} INFO - Processing file /home/airflow/.local/lib/python3.12/site-packages/airflow/example_dags/example_python_decorator.py for tasks to queue
[2024-06-10T20:12:47.257+0000] {logging_mixin.py:188} INFO - [2024-06-10T20:12:47.256+0000] {dagbag.py:545} INFO - Filling up the DagBag from /home/airflow/.local/lib/python3.12/site-packages/airflow/example_dags/example_python_decorator.py
[2024-06-10T20:12:47.269+0000] {processor.py:840} INFO - DAG(s) 'example_python_decorator' retrieved from /home/airflow/.local/lib/python3.12/site-packages/airflow/example_dags/example_python_decorator.py
[2024-06-10T20:12:47.288+0000] {logging_mixin.py:188} INFO - [2024-06-10T20:12:47.288+0000] {dag.py:3096} INFO - Sync 1 DAGs
[2024-06-10T20:12:47.299+0000] {logging_mixin.py:188} INFO - [2024-06-10T20:12:47.299+0000] {dag.py:3954} INFO - Setting next_dagrun for example_python_decorator to None, run_after=None
[2024-06-10T20:12:47.321+0000] {processor.py:183} INFO - Processing /home/airflow/.local/lib/python3.12/site-packages/airflow/example_dags/example_python_decorator.py took 0.075 seconds
[2024-06-10T20:13:17.411+0000] {processor.py:161} INFO - Started process (PID=322) to work on /home/airflow/.local/lib/python3.12/site-packages/airflow/example_dags/example_python_decorator.py
[2024-06-10T20:13:17.412+0000] {processor.py:830} INFO - Processing file /home/airflow/.local/lib/python3.12/site-packages/airflow/example_dags/example_python_decorator.py for tasks to queue
[2024-06-10T20:13:17.415+0000] {logging_mixin.py:188} INFO - [2024-06-10T20:13:17.415+0000] {dagbag.py:545} INFO - Filling up the DagBag from /home/airflow/.local/lib/python3.12/site-packages/airflow/example_dags/example_python_decorator.py
[2024-06-10T20:13:17.426+0000] {processor.py:840} INFO - DAG(s) 'example_python_decorator' retrieved from /home/airflow/.local/lib/python3.12/site-packages/airflow/example_dags/example_python_decorator.py
[2024-06-10T20:13:17.448+0000] {logging_mixin.py:188} INFO - [2024-06-10T20:13:17.447+0000] {dag.py:3096} INFO - Sync 1 DAGs
[2024-06-10T20:13:17.460+0000] {logging_mixin.py:188} INFO - [2024-06-10T20:13:17.460+0000] {dag.py:3954} INFO - Setting next_dagrun for example_python_decorator to None, run_after=None
[2024-06-10T20:13:17.484+0000] {processor.py:183} INFO - Processing /home/airflow/.local/lib/python3.12/site-packages/airflow/example_dags/example_python_decorator.py took 0.078 seconds
[2024-06-10T20:13:48.098+0000] {processor.py:161} INFO - Started process (PID=380) to work on /home/airflow/.local/lib/python3.12/site-packages/airflow/example_dags/example_python_decorator.py
[2024-06-10T20:13:48.100+0000] {processor.py:830} INFO - Processing file /home/airflow/.local/lib/python3.12/site-packages/airflow/example_dags/example_python_decorator.py for tasks to queue
[2024-06-10T20:13:48.104+0000] {logging_mixin.py:188} INFO - [2024-06-10T20:13:48.103+0000] {dagbag.py:545} INFO - Filling up the DagBag from /home/airflow/.local/lib/python3.12/site-packages/airflow/example_dags/example_python_decorator.py
[2024-06-10T20:13:48.128+0000] {processor.py:840} INFO - DAG(s) 'example_python_decorator' retrieved from /home/airflow/.local/lib/python3.12/site-packages/airflow/example_dags/example_python_decorator.py
[2024-06-10T20:13:48.162+0000] {logging_mixin.py:188} INFO - [2024-06-10T20:13:48.162+0000] {dag.py:3096} INFO - Sync 1 DAGs
[2024-06-10T20:13:48.176+0000] {logging_mixin.py:188} INFO - [2024-06-10T20:13:48.176+0000] {dag.py:3954} INFO - Setting next_dagrun for example_python_decorator to None, run_after=None
[2024-06-10T20:13:48.199+0000] {processor.py:183} INFO - Processing /home/airflow/.local/lib/python3.12/site-packages/airflow/example_dags/example_python_decorator.py took 0.112 seconds
[2024-06-10T20:14:18.822+0000] {processor.py:161} INFO - Started process (PID=438) to work on /home/airflow/.local/lib/python3.12/site-packages/airflow/example_dags/example_python_decorator.py
[2024-06-10T20:14:18.824+0000] {processor.py:830} INFO - Processing file /home/airflow/.local/lib/python3.12/site-packages/airflow/example_dags/example_python_decorator.py for tasks to queue
[2024-06-10T20:14:18.825+0000] {logging_mixin.py:188} INFO - [2024-06-10T20:14:18.825+0000] {dagbag.py:545} INFO - Filling up the DagBag from /home/airflow/.local/lib/python3.12/site-packages/airflow/example_dags/example_python_decorator.py
[2024-06-10T20:14:18.835+0000] {processor.py:840} INFO - DAG(s) 'example_python_decorator' retrieved from /home/airflow/.local/lib/python3.12/site-packages/airflow/example_dags/example_python_decorator.py
[2024-06-10T20:14:18.853+0000] {logging_mixin.py:188} INFO - [2024-06-10T20:14:18.853+0000] {dag.py:3096} INFO - Sync 1 DAGs
[2024-06-10T20:14:18.864+0000] {logging_mixin.py:188} INFO - [2024-06-10T20:14:18.864+0000] {dag.py:3954} INFO - Setting next_dagrun for example_python_decorator to None, run_after=None
[2024-06-10T20:14:18.884+0000] {processor.py:183} INFO - Processing /home/airflow/.local/lib/python3.12/site-packages/airflow/example_dags/example_python_decorator.py took 0.065 seconds
[2024-06-10T20:14:49.767+0000] {processor.py:161} INFO - Started process (PID=496) to work on /home/airflow/.local/lib/python3.12/site-packages/airflow/example_dags/example_python_decorator.py
[2024-06-10T20:14:49.768+0000] {processor.py:830} INFO - Processing file /home/airflow/.local/lib/python3.12/site-packages/airflow/example_dags/example_python_decorator.py for tasks to queue
[2024-06-10T20:14:49.770+0000] {logging_mixin.py:188} INFO - [2024-06-10T20:14:49.769+0000] {dagbag.py:545} INFO - Filling up the DagBag from /home/airflow/.local/lib/python3.12/site-packages/airflow/example_dags/example_python_decorator.py
[2024-06-10T20:14:49.779+0000] {processor.py:840} INFO - DAG(s) 'example_python_decorator' retrieved from /home/airflow/.local/lib/python3.12/site-packages/airflow/example_dags/example_python_decorator.py
[2024-06-10T20:14:49.798+0000] {logging_mixin.py:188} INFO - [2024-06-10T20:14:49.798+0000] {dag.py:3096} INFO - Sync 1 DAGs
[2024-06-10T20:14:49.808+0000] {logging_mixin.py:188} INFO - [2024-06-10T20:14:49.808+0000] {dag.py:3954} INFO - Setting next_dagrun for example_python_decorator to None, run_after=None
[2024-06-10T20:14:49.826+0000] {processor.py:183} INFO - Processing /home/airflow/.local/lib/python3.12/site-packages/airflow/example_dags/example_python_decorator.py took 0.063 seconds
[2024-06-10T20:15:20.189+0000] {processor.py:161} INFO - Started process (PID=554) to work on /home/airflow/.local/lib/python3.12/site-packages/airflow/example_dags/example_python_decorator.py
[2024-06-10T20:15:20.190+0000] {processor.py:830} INFO - Processing file /home/airflow/.local/lib/python3.12/site-packages/airflow/example_dags/example_python_decorator.py for tasks to queue
[2024-06-10T20:15:20.191+0000] {logging_mixin.py:188} INFO - [2024-06-10T20:15:20.191+0000] {dagbag.py:545} INFO - Filling up the DagBag from /home/airflow/.local/lib/python3.12/site-packages/airflow/example_dags/example_python_decorator.py
[2024-06-10T20:15:20.201+0000] {processor.py:840} INFO - DAG(s) 'example_python_decorator' retrieved from /home/airflow/.local/lib/python3.12/site-packages/airflow/example_dags/example_python_decorator.py
[2024-06-10T20:15:20.218+0000] {logging_mixin.py:188} INFO - [2024-06-10T20:15:20.218+0000] {dag.py:3096} INFO - Sync 1 DAGs
[2024-06-10T20:15:20.228+0000] {logging_mixin.py:188} INFO - [2024-06-10T20:15:20.228+0000] {dag.py:3954} INFO - Setting next_dagrun for example_python_decorator to None, run_after=None
[2024-06-10T20:15:20.247+0000] {processor.py:183} INFO - Processing /home/airflow/.local/lib/python3.12/site-packages/airflow/example_dags/example_python_decorator.py took 0.063 seconds
[2024-06-10T20:15:50.352+0000] {processor.py:161} INFO - Started process (PID=612) to work on /home/airflow/.local/lib/python3.12/site-packages/airflow/example_dags/example_python_decorator.py
[2024-06-10T20:15:50.354+0000] {processor.py:830} INFO - Processing file /home/airflow/.local/lib/python3.12/site-packages/airflow/example_dags/example_python_decorator.py for tasks to queue
[2024-06-10T20:15:50.356+0000] {logging_mixin.py:188} INFO - [2024-06-10T20:15:50.355+0000] {dagbag.py:545} INFO - Filling up the DagBag from /home/airflow/.local/lib/python3.12/site-packages/airflow/example_dags/example_python_decorator.py
[2024-06-10T20:15:50.367+0000] {processor.py:840} INFO - DAG(s) 'example_python_decorator' retrieved from /home/airflow/.local/lib/python3.12/site-packages/airflow/example_dags/example_python_decorator.py
[2024-06-10T20:15:50.385+0000] {logging_mixin.py:188} INFO - [2024-06-10T20:15:50.385+0000] {dag.py:3096} INFO - Sync 1 DAGs
[2024-06-10T20:15:50.397+0000] {logging_mixin.py:188} INFO - [2024-06-10T20:15:50.396+0000] {dag.py:3954} INFO - Setting next_dagrun for example_python_decorator to None, run_after=None
[2024-06-10T20:15:50.416+0000] {processor.py:183} INFO - Processing /home/airflow/.local/lib/python3.12/site-packages/airflow/example_dags/example_python_decorator.py took 0.070 seconds
[2024-06-10T20:16:20.706+0000] {processor.py:161} INFO - Started process (PID=670) to work on /home/airflow/.local/lib/python3.12/site-packages/airflow/example_dags/example_python_decorator.py
[2024-06-10T20:16:20.707+0000] {processor.py:830} INFO - Processing file /home/airflow/.local/lib/python3.12/site-packages/airflow/example_dags/example_python_decorator.py for tasks to queue
[2024-06-10T20:16:20.709+0000] {logging_mixin.py:188} INFO - [2024-06-10T20:16:20.709+0000] {dagbag.py:545} INFO - Filling up the DagBag from /home/airflow/.local/lib/python3.12/site-packages/airflow/example_dags/example_python_decorator.py
[2024-06-10T20:16:20.718+0000] {processor.py:840} INFO - DAG(s) 'example_python_decorator' retrieved from /home/airflow/.local/lib/python3.12/site-packages/airflow/example_dags/example_python_decorator.py
[2024-06-10T20:16:20.737+0000] {logging_mixin.py:188} INFO - [2024-06-10T20:16:20.737+0000] {dag.py:3096} INFO - Sync 1 DAGs
[2024-06-10T20:16:20.746+0000] {logging_mixin.py:188} INFO - [2024-06-10T20:16:20.746+0000] {dag.py:3954} INFO - Setting next_dagrun for example_python_decorator to None, run_after=None
[2024-06-10T20:16:20.764+0000] {processor.py:183} INFO - Processing /home/airflow/.local/lib/python3.12/site-packages/airflow/example_dags/example_python_decorator.py took 0.063 seconds
[2024-06-10T20:16:51.182+0000] {processor.py:161} INFO - Started process (PID=728) to work on /home/airflow/.local/lib/python3.12/site-packages/airflow/example_dags/example_python_decorator.py
[2024-06-10T20:16:51.183+0000] {processor.py:830} INFO - Processing file /home/airflow/.local/lib/python3.12/site-packages/airflow/example_dags/example_python_decorator.py for tasks to queue
[2024-06-10T20:16:51.186+0000] {logging_mixin.py:188} INFO - [2024-06-10T20:16:51.185+0000] {dagbag.py:545} INFO - Filling up the DagBag from /home/airflow/.local/lib/python3.12/site-packages/airflow/example_dags/example_python_decorator.py
[2024-06-10T20:16:51.198+0000] {processor.py:840} INFO - DAG(s) 'example_python_decorator' retrieved from /home/airflow/.local/lib/python3.12/site-packages/airflow/example_dags/example_python_decorator.py
[2024-06-10T20:16:51.218+0000] {logging_mixin.py:188} INFO - [2024-06-10T20:16:51.218+0000] {dag.py:3096} INFO - Sync 1 DAGs
[2024-06-10T20:16:51.228+0000] {logging_mixin.py:188} INFO - [2024-06-10T20:16:51.228+0000] {dag.py:3954} INFO - Setting next_dagrun for example_python_decorator to None, run_after=None
[2024-06-10T20:16:51.246+0000] {processor.py:183} INFO - Processing /home/airflow/.local/lib/python3.12/site-packages/airflow/example_dags/example_python_decorator.py took 0.069 seconds
[2024-06-10T20:17:21.570+0000] {processor.py:161} INFO - Started process (PID=786) to work on /home/airflow/.local/lib/python3.12/site-packages/airflow/example_dags/example_python_decorator.py
[2024-06-10T20:17:21.572+0000] {processor.py:830} INFO - Processing file /home/airflow/.local/lib/python3.12/site-packages/airflow/example_dags/example_python_decorator.py for tasks to queue
[2024-06-10T20:17:21.577+0000] {logging_mixin.py:188} INFO - [2024-06-10T20:17:21.576+0000] {dagbag.py:545} INFO - Filling up the DagBag from /home/airflow/.local/lib/python3.12/site-packages/airflow/example_dags/example_python_decorator.py
[2024-06-10T20:17:21.593+0000] {processor.py:840} INFO - DAG(s) 'example_python_decorator' retrieved from /home/airflow/.local/lib/python3.12/site-packages/airflow/example_dags/example_python_decorator.py
[2024-06-10T20:17:21.613+0000] {logging_mixin.py:188} INFO - [2024-06-10T20:17:21.613+0000] {dag.py:3096} INFO - Sync 1 DAGs
[2024-06-10T20:17:21.625+0000] {logging_mixin.py:188} INFO - [2024-06-10T20:17:21.625+0000] {dag.py:3954} INFO - Setting next_dagrun for example_python_decorator to None, run_after=None
[2024-06-10T20:17:21.652+0000] {processor.py:183} INFO - Processing /home/airflow/.local/lib/python3.12/site-packages/airflow/example_dags/example_python_decorator.py took 0.094 seconds
[2024-06-10T20:17:52.222+0000] {processor.py:161} INFO - Started process (PID=844) to work on /home/airflow/.local/lib/python3.12/site-packages/airflow/example_dags/example_python_decorator.py
[2024-06-10T20:17:52.223+0000] {processor.py:830} INFO - Processing file /home/airflow/.local/lib/python3.12/site-packages/airflow/example_dags/example_python_decorator.py for tasks to queue
[2024-06-10T20:17:52.226+0000] {logging_mixin.py:188} INFO - [2024-06-10T20:17:52.226+0000] {dagbag.py:545} INFO - Filling up the DagBag from /home/airflow/.local/lib/python3.12/site-packages/airflow/example_dags/example_python_decorator.py
[2024-06-10T20:17:52.241+0000] {processor.py:840} INFO - DAG(s) 'example_python_decorator' retrieved from /home/airflow/.local/lib/python3.12/site-packages/airflow/example_dags/example_python_decorator.py
[2024-06-10T20:17:52.271+0000] {logging_mixin.py:188} INFO - [2024-06-10T20:17:52.271+0000] {dag.py:3096} INFO - Sync 1 DAGs
[2024-06-10T20:17:52.284+0000] {logging_mixin.py:188} INFO - [2024-06-10T20:17:52.284+0000] {dag.py:3954} INFO - Setting next_dagrun for example_python_decorator to None, run_after=None
[2024-06-10T20:17:52.308+0000] {processor.py:183} INFO - Processing /home/airflow/.local/lib/python3.12/site-packages/airflow/example_dags/example_python_decorator.py took 0.093 seconds
[2024-06-10T20:18:23.272+0000] {processor.py:161} INFO - Started process (PID=901) to work on /home/airflow/.local/lib/python3.12/site-packages/airflow/example_dags/example_python_decorator.py
[2024-06-10T20:18:23.273+0000] {processor.py:830} INFO - Processing file /home/airflow/.local/lib/python3.12/site-packages/airflow/example_dags/example_python_decorator.py for tasks to queue
[2024-06-10T20:18:23.276+0000] {logging_mixin.py:188} INFO - [2024-06-10T20:18:23.276+0000] {dagbag.py:545} INFO - Filling up the DagBag from /home/airflow/.local/lib/python3.12/site-packages/airflow/example_dags/example_python_decorator.py
[2024-06-10T20:18:23.288+0000] {processor.py:840} INFO - DAG(s) 'example_python_decorator' retrieved from /home/airflow/.local/lib/python3.12/site-packages/airflow/example_dags/example_python_decorator.py
[2024-06-10T20:18:23.306+0000] {logging_mixin.py:188} INFO - [2024-06-10T20:18:23.306+0000] {dag.py:3096} INFO - Sync 1 DAGs
[2024-06-10T20:18:23.316+0000] {logging_mixin.py:188} INFO - [2024-06-10T20:18:23.316+0000] {dag.py:3954} INFO - Setting next_dagrun for example_python_decorator to None, run_after=None
[2024-06-10T20:18:23.335+0000] {processor.py:183} INFO - Processing /home/airflow/.local/lib/python3.12/site-packages/airflow/example_dags/example_python_decorator.py took 0.073 seconds
[2024-06-10T20:18:53.447+0000] {processor.py:161} INFO - Started process (PID=959) to work on /home/airflow/.local/lib/python3.12/site-packages/airflow/example_dags/example_python_decorator.py
[2024-06-10T20:18:53.449+0000] {processor.py:830} INFO - Processing file /home/airflow/.local/lib/python3.12/site-packages/airflow/example_dags/example_python_decorator.py for tasks to queue
[2024-06-10T20:18:53.453+0000] {logging_mixin.py:188} INFO - [2024-06-10T20:18:53.453+0000] {dagbag.py:545} INFO - Filling up the DagBag from /home/airflow/.local/lib/python3.12/site-packages/airflow/example_dags/example_python_decorator.py
[2024-06-10T20:18:53.472+0000] {processor.py:840} INFO - DAG(s) 'example_python_decorator' retrieved from /home/airflow/.local/lib/python3.12/site-packages/airflow/example_dags/example_python_decorator.py
[2024-06-10T20:18:53.491+0000] {logging_mixin.py:188} INFO - [2024-06-10T20:18:53.490+0000] {dag.py:3096} INFO - Sync 1 DAGs
[2024-06-10T20:18:53.500+0000] {logging_mixin.py:188} INFO - [2024-06-10T20:18:53.500+0000] {dag.py:3954} INFO - Setting next_dagrun for example_python_decorator to None, run_after=None
[2024-06-10T20:18:53.520+0000] {processor.py:183} INFO - Processing /home/airflow/.local/lib/python3.12/site-packages/airflow/example_dags/example_python_decorator.py took 0.083 seconds
[2024-06-10T20:19:23.810+0000] {processor.py:161} INFO - Started process (PID=1017) to work on /home/airflow/.local/lib/python3.12/site-packages/airflow/example_dags/example_python_decorator.py
[2024-06-10T20:19:23.812+0000] {processor.py:830} INFO - Processing file /home/airflow/.local/lib/python3.12/site-packages/airflow/example_dags/example_python_decorator.py for tasks to queue
[2024-06-10T20:19:23.816+0000] {logging_mixin.py:188} INFO - [2024-06-10T20:19:23.815+0000] {dagbag.py:545} INFO - Filling up the DagBag from /home/airflow/.local/lib/python3.12/site-packages/airflow/example_dags/example_python_decorator.py
[2024-06-10T20:19:23.831+0000] {processor.py:840} INFO - DAG(s) 'example_python_decorator' retrieved from /home/airflow/.local/lib/python3.12/site-packages/airflow/example_dags/example_python_decorator.py
[2024-06-10T20:19:23.849+0000] {logging_mixin.py:188} INFO - [2024-06-10T20:19:23.849+0000] {dag.py:3096} INFO - Sync 1 DAGs
[2024-06-10T20:19:23.859+0000] {logging_mixin.py:188} INFO - [2024-06-10T20:19:23.859+0000] {dag.py:3954} INFO - Setting next_dagrun for example_python_decorator to None, run_after=None
[2024-06-10T20:19:23.879+0000] {processor.py:183} INFO - Processing /home/airflow/.local/lib/python3.12/site-packages/airflow/example_dags/example_python_decorator.py took 0.079 seconds
[2024-06-10T20:19:54.171+0000] {processor.py:161} INFO - Started process (PID=1075) to work on /home/airflow/.local/lib/python3.12/site-packages/airflow/example_dags/example_python_decorator.py
[2024-06-10T20:19:54.172+0000] {processor.py:830} INFO - Processing file /home/airflow/.local/lib/python3.12/site-packages/airflow/example_dags/example_python_decorator.py for tasks to queue
[2024-06-10T20:19:54.174+0000] {logging_mixin.py:188} INFO - [2024-06-10T20:19:54.174+0000] {dagbag.py:545} INFO - Filling up the DagBag from /home/airflow/.local/lib/python3.12/site-packages/airflow/example_dags/example_python_decorator.py
[2024-06-10T20:19:54.184+0000] {processor.py:840} INFO - DAG(s) 'example_python_decorator' retrieved from /home/airflow/.local/lib/python3.12/site-packages/airflow/example_dags/example_python_decorator.py
[2024-06-10T20:19:54.201+0000] {logging_mixin.py:188} INFO - [2024-06-10T20:19:54.201+0000] {dag.py:3096} INFO - Sync 1 DAGs
[2024-06-10T20:19:54.211+0000] {logging_mixin.py:188} INFO - [2024-06-10T20:19:54.210+0000] {dag.py:3954} INFO - Setting next_dagrun for example_python_decorator to None, run_after=None
[2024-06-10T20:19:54.230+0000] {processor.py:183} INFO - Processing /home/airflow/.local/lib/python3.12/site-packages/airflow/example_dags/example_python_decorator.py took 0.063 seconds
[2024-06-10T20:20:24.867+0000] {processor.py:161} INFO - Started process (PID=1133) to work on /home/airflow/.local/lib/python3.12/site-packages/airflow/example_dags/example_python_decorator.py
[2024-06-10T20:20:24.868+0000] {processor.py:830} INFO - Processing file /home/airflow/.local/lib/python3.12/site-packages/airflow/example_dags/example_python_decorator.py for tasks to queue
[2024-06-10T20:20:24.870+0000] {logging_mixin.py:188} INFO - [2024-06-10T20:20:24.870+0000] {dagbag.py:545} INFO - Filling up the DagBag from /home/airflow/.local/lib/python3.12/site-packages/airflow/example_dags/example_python_decorator.py
[2024-06-10T20:20:24.883+0000] {processor.py:840} INFO - DAG(s) 'example_python_decorator' retrieved from /home/airflow/.local/lib/python3.12/site-packages/airflow/example_dags/example_python_decorator.py
[2024-06-10T20:20:24.900+0000] {logging_mixin.py:188} INFO - [2024-06-10T20:20:24.900+0000] {dag.py:3096} INFO - Sync 1 DAGs
[2024-06-10T20:20:24.911+0000] {logging_mixin.py:188} INFO - [2024-06-10T20:20:24.910+0000] {dag.py:3954} INFO - Setting next_dagrun for example_python_decorator to None, run_after=None
[2024-06-10T20:20:24.928+0000] {processor.py:183} INFO - Processing /home/airflow/.local/lib/python3.12/site-packages/airflow/example_dags/example_python_decorator.py took 0.067 seconds
[2024-06-10T20:20:55.784+0000] {processor.py:161} INFO - Started process (PID=1191) to work on /home/airflow/.local/lib/python3.12/site-packages/airflow/example_dags/example_python_decorator.py
[2024-06-10T20:20:55.785+0000] {processor.py:830} INFO - Processing file /home/airflow/.local/lib/python3.12/site-packages/airflow/example_dags/example_python_decorator.py for tasks to queue
[2024-06-10T20:20:55.786+0000] {logging_mixin.py:188} INFO - [2024-06-10T20:20:55.786+0000] {dagbag.py:545} INFO - Filling up the DagBag from /home/airflow/.local/lib/python3.12/site-packages/airflow/example_dags/example_python_decorator.py
[2024-06-10T20:20:55.796+0000] {processor.py:840} INFO - DAG(s) 'example_python_decorator' retrieved from /home/airflow/.local/lib/python3.12/site-packages/airflow/example_dags/example_python_decorator.py
[2024-06-10T20:20:55.814+0000] {logging_mixin.py:188} INFO - [2024-06-10T20:20:55.814+0000] {dag.py:3096} INFO - Sync 1 DAGs
[2024-06-10T20:20:55.824+0000] {logging_mixin.py:188} INFO - [2024-06-10T20:20:55.823+0000] {dag.py:3954} INFO - Setting next_dagrun for example_python_decorator to None, run_after=None
[2024-06-10T20:20:55.848+0000] {processor.py:183} INFO - Processing /home/airflow/.local/lib/python3.12/site-packages/airflow/example_dags/example_python_decorator.py took 0.068 seconds
[2024-06-10T20:21:43.771+0000] {processor.py:161} INFO - Started process (PID=84) to work on /home/airflow/.local/lib/python3.12/site-packages/airflow/example_dags/example_python_decorator.py
[2024-06-10T20:21:43.772+0000] {processor.py:830} INFO - Processing file /home/airflow/.local/lib/python3.12/site-packages/airflow/example_dags/example_python_decorator.py for tasks to queue
[2024-06-10T20:21:43.774+0000] {logging_mixin.py:188} INFO - [2024-06-10T20:21:43.774+0000] {dagbag.py:545} INFO - Filling up the DagBag from /home/airflow/.local/lib/python3.12/site-packages/airflow/example_dags/example_python_decorator.py
[2024-06-10T20:21:43.790+0000] {processor.py:840} INFO - DAG(s) 'example_python_decorator' retrieved from /home/airflow/.local/lib/python3.12/site-packages/airflow/example_dags/example_python_decorator.py
[2024-06-10T20:21:43.875+0000] {logging_mixin.py:188} INFO - [2024-06-10T20:21:43.875+0000] {dag.py:3096} INFO - Sync 1 DAGs
[2024-06-10T20:21:43.883+0000] {logging_mixin.py:188} INFO - [2024-06-10T20:21:43.883+0000] {dag.py:3954} INFO - Setting next_dagrun for example_python_decorator to None, run_after=None
[2024-06-10T20:21:43.901+0000] {processor.py:183} INFO - Processing /home/airflow/.local/lib/python3.12/site-packages/airflow/example_dags/example_python_decorator.py took 0.134 seconds
[2024-06-10T20:22:14.228+0000] {processor.py:161} INFO - Started process (PID=142) to work on /home/airflow/.local/lib/python3.12/site-packages/airflow/example_dags/example_python_decorator.py
[2024-06-10T20:22:14.229+0000] {processor.py:830} INFO - Processing file /home/airflow/.local/lib/python3.12/site-packages/airflow/example_dags/example_python_decorator.py for tasks to queue
[2024-06-10T20:22:14.231+0000] {logging_mixin.py:188} INFO - [2024-06-10T20:22:14.230+0000] {dagbag.py:545} INFO - Filling up the DagBag from /home/airflow/.local/lib/python3.12/site-packages/airflow/example_dags/example_python_decorator.py
[2024-06-10T20:22:14.239+0000] {processor.py:840} INFO - DAG(s) 'example_python_decorator' retrieved from /home/airflow/.local/lib/python3.12/site-packages/airflow/example_dags/example_python_decorator.py
[2024-06-10T20:22:14.255+0000] {logging_mixin.py:188} INFO - [2024-06-10T20:22:14.255+0000] {dag.py:3096} INFO - Sync 1 DAGs
[2024-06-10T20:22:14.264+0000] {logging_mixin.py:188} INFO - [2024-06-10T20:22:14.264+0000] {dag.py:3954} INFO - Setting next_dagrun for example_python_decorator to None, run_after=None
[2024-06-10T20:22:14.282+0000] {processor.py:183} INFO - Processing /home/airflow/.local/lib/python3.12/site-packages/airflow/example_dags/example_python_decorator.py took 0.059 seconds
