[2024-06-10T20:11:14.945+0000] {processor.py:161} INFO - Started process (PID=78) to work on /home/airflow/.local/lib/python3.12/site-packages/airflow/example_dags/example_branch_python_dop_operator_3.py
[2024-06-10T20:11:14.947+0000] {processor.py:830} INFO - Processing file /home/airflow/.local/lib/python3.12/site-packages/airflow/example_dags/example_branch_python_dop_operator_3.py for tasks to queue
[2024-06-10T20:11:14.951+0000] {logging_mixin.py:188} INFO - [2024-06-10T20:11:14.950+0000] {dagbag.py:545} INFO - Filling up the DagBag from /home/airflow/.local/lib/python3.12/site-packages/airflow/example_dags/example_branch_python_dop_operator_3.py
[2024-06-10T20:11:14.968+0000] {processor.py:840} INFO - DAG(s) 'example_branch_dop_operator_v3' retrieved from /home/airflow/.local/lib/python3.12/site-packages/airflow/example_dags/example_branch_python_dop_operator_3.py
[2024-06-10T20:11:15.183+0000] {logging_mixin.py:188} INFO - [2024-06-10T20:11:15.182+0000] {override.py:1829} INFO - Created Permission View: can delete on DAG:example_branch_dop_operator_v3
[2024-06-10T20:11:15.202+0000] {logging_mixin.py:188} INFO - [2024-06-10T20:11:15.202+0000] {override.py:1829} INFO - Created Permission View: can edit on DAG:example_branch_dop_operator_v3
[2024-06-10T20:11:15.216+0000] {logging_mixin.py:188} INFO - [2024-06-10T20:11:15.215+0000] {override.py:1829} INFO - Created Permission View: can read on DAG:example_branch_dop_operator_v3
[2024-06-10T20:11:15.217+0000] {logging_mixin.py:188} INFO - [2024-06-10T20:11:15.217+0000] {dag.py:3096} INFO - Sync 1 DAGs
[2024-06-10T20:11:15.234+0000] {logging_mixin.py:188} INFO - [2024-06-10T20:11:15.233+0000] {dag.py:3118} INFO - Creating ORM DAG for example_branch_dop_operator_v3
[2024-06-10T20:11:15.253+0000] {logging_mixin.py:188} INFO - [2024-06-10T20:11:15.253+0000] {dag.py:3954} INFO - Setting next_dagrun for example_branch_dop_operator_v3 to 2024-06-10 20:10:00+00:00, run_after=2024-06-10 20:11:00+00:00
[2024-06-10T20:11:15.297+0000] {processor.py:183} INFO - Processing /home/airflow/.local/lib/python3.12/site-packages/airflow/example_dags/example_branch_python_dop_operator_3.py took 0.359 seconds
[2024-06-10T20:11:46.071+0000] {processor.py:161} INFO - Started process (PID=142) to work on /home/airflow/.local/lib/python3.12/site-packages/airflow/example_dags/example_branch_python_dop_operator_3.py
[2024-06-10T20:11:46.073+0000] {processor.py:830} INFO - Processing file /home/airflow/.local/lib/python3.12/site-packages/airflow/example_dags/example_branch_python_dop_operator_3.py for tasks to queue
[2024-06-10T20:11:46.074+0000] {logging_mixin.py:188} INFO - [2024-06-10T20:11:46.074+0000] {dagbag.py:545} INFO - Filling up the DagBag from /home/airflow/.local/lib/python3.12/site-packages/airflow/example_dags/example_branch_python_dop_operator_3.py
[2024-06-10T20:11:46.081+0000] {processor.py:840} INFO - DAG(s) 'example_branch_dop_operator_v3' retrieved from /home/airflow/.local/lib/python3.12/site-packages/airflow/example_dags/example_branch_python_dop_operator_3.py
[2024-06-10T20:11:46.102+0000] {logging_mixin.py:188} INFO - [2024-06-10T20:11:46.101+0000] {dag.py:3096} INFO - Sync 1 DAGs
[2024-06-10T20:11:46.119+0000] {logging_mixin.py:188} INFO - [2024-06-10T20:11:46.119+0000] {dag.py:3954} INFO - Setting next_dagrun for example_branch_dop_operator_v3 to 2024-06-10 20:10:00+00:00, run_after=2024-06-10 20:11:00+00:00
[2024-06-10T20:11:46.137+0000] {processor.py:183} INFO - Processing /home/airflow/.local/lib/python3.12/site-packages/airflow/example_dags/example_branch_python_dop_operator_3.py took 0.070 seconds
[2024-06-10T20:12:16.546+0000] {processor.py:161} INFO - Started process (PID=200) to work on /home/airflow/.local/lib/python3.12/site-packages/airflow/example_dags/example_branch_python_dop_operator_3.py
[2024-06-10T20:12:16.547+0000] {processor.py:830} INFO - Processing file /home/airflow/.local/lib/python3.12/site-packages/airflow/example_dags/example_branch_python_dop_operator_3.py for tasks to queue
[2024-06-10T20:12:16.550+0000] {logging_mixin.py:188} INFO - [2024-06-10T20:12:16.549+0000] {dagbag.py:545} INFO - Filling up the DagBag from /home/airflow/.local/lib/python3.12/site-packages/airflow/example_dags/example_branch_python_dop_operator_3.py
[2024-06-10T20:12:16.560+0000] {processor.py:840} INFO - DAG(s) 'example_branch_dop_operator_v3' retrieved from /home/airflow/.local/lib/python3.12/site-packages/airflow/example_dags/example_branch_python_dop_operator_3.py
[2024-06-10T20:12:16.576+0000] {logging_mixin.py:188} INFO - [2024-06-10T20:12:16.576+0000] {dag.py:3096} INFO - Sync 1 DAGs
[2024-06-10T20:12:16.594+0000] {logging_mixin.py:188} INFO - [2024-06-10T20:12:16.594+0000] {dag.py:3954} INFO - Setting next_dagrun for example_branch_dop_operator_v3 to 2024-06-10 20:11:00+00:00, run_after=2024-06-10 20:12:00+00:00
[2024-06-10T20:12:16.614+0000] {processor.py:183} INFO - Processing /home/airflow/.local/lib/python3.12/site-packages/airflow/example_dags/example_branch_python_dop_operator_3.py took 0.078 seconds
[2024-06-10T20:12:46.813+0000] {processor.py:161} INFO - Started process (PID=258) to work on /home/airflow/.local/lib/python3.12/site-packages/airflow/example_dags/example_branch_python_dop_operator_3.py
[2024-06-10T20:12:46.815+0000] {processor.py:830} INFO - Processing file /home/airflow/.local/lib/python3.12/site-packages/airflow/example_dags/example_branch_python_dop_operator_3.py for tasks to queue
[2024-06-10T20:12:46.817+0000] {logging_mixin.py:188} INFO - [2024-06-10T20:12:46.817+0000] {dagbag.py:545} INFO - Filling up the DagBag from /home/airflow/.local/lib/python3.12/site-packages/airflow/example_dags/example_branch_python_dop_operator_3.py
[2024-06-10T20:12:46.831+0000] {processor.py:840} INFO - DAG(s) 'example_branch_dop_operator_v3' retrieved from /home/airflow/.local/lib/python3.12/site-packages/airflow/example_dags/example_branch_python_dop_operator_3.py
[2024-06-10T20:12:46.855+0000] {logging_mixin.py:188} INFO - [2024-06-10T20:12:46.855+0000] {dag.py:3096} INFO - Sync 1 DAGs
[2024-06-10T20:12:46.877+0000] {logging_mixin.py:188} INFO - [2024-06-10T20:12:46.877+0000] {dag.py:3954} INFO - Setting next_dagrun for example_branch_dop_operator_v3 to 2024-06-10 20:11:00+00:00, run_after=2024-06-10 20:12:00+00:00
[2024-06-10T20:12:46.901+0000] {processor.py:183} INFO - Processing /home/airflow/.local/lib/python3.12/site-packages/airflow/example_dags/example_branch_python_dop_operator_3.py took 0.096 seconds
[2024-06-10T20:13:17.122+0000] {processor.py:161} INFO - Started process (PID=316) to work on /home/airflow/.local/lib/python3.12/site-packages/airflow/example_dags/example_branch_python_dop_operator_3.py
[2024-06-10T20:13:17.123+0000] {processor.py:830} INFO - Processing file /home/airflow/.local/lib/python3.12/site-packages/airflow/example_dags/example_branch_python_dop_operator_3.py for tasks to queue
[2024-06-10T20:13:17.126+0000] {logging_mixin.py:188} INFO - [2024-06-10T20:13:17.125+0000] {dagbag.py:545} INFO - Filling up the DagBag from /home/airflow/.local/lib/python3.12/site-packages/airflow/example_dags/example_branch_python_dop_operator_3.py
[2024-06-10T20:13:17.136+0000] {processor.py:840} INFO - DAG(s) 'example_branch_dop_operator_v3' retrieved from /home/airflow/.local/lib/python3.12/site-packages/airflow/example_dags/example_branch_python_dop_operator_3.py
[2024-06-10T20:13:17.168+0000] {logging_mixin.py:188} INFO - [2024-06-10T20:13:17.168+0000] {dag.py:3096} INFO - Sync 1 DAGs
[2024-06-10T20:13:17.190+0000] {logging_mixin.py:188} INFO - [2024-06-10T20:13:17.190+0000] {dag.py:3954} INFO - Setting next_dagrun for example_branch_dop_operator_v3 to 2024-06-10 20:12:00+00:00, run_after=2024-06-10 20:13:00+00:00
[2024-06-10T20:13:17.209+0000] {processor.py:183} INFO - Processing /home/airflow/.local/lib/python3.12/site-packages/airflow/example_dags/example_branch_python_dop_operator_3.py took 0.092 seconds
[2024-06-10T20:13:47.575+0000] {processor.py:161} INFO - Started process (PID=374) to work on /home/airflow/.local/lib/python3.12/site-packages/airflow/example_dags/example_branch_python_dop_operator_3.py
[2024-06-10T20:13:47.577+0000] {processor.py:830} INFO - Processing file /home/airflow/.local/lib/python3.12/site-packages/airflow/example_dags/example_branch_python_dop_operator_3.py for tasks to queue
[2024-06-10T20:13:47.580+0000] {logging_mixin.py:188} INFO - [2024-06-10T20:13:47.579+0000] {dagbag.py:545} INFO - Filling up the DagBag from /home/airflow/.local/lib/python3.12/site-packages/airflow/example_dags/example_branch_python_dop_operator_3.py
[2024-06-10T20:13:47.590+0000] {processor.py:840} INFO - DAG(s) 'example_branch_dop_operator_v3' retrieved from /home/airflow/.local/lib/python3.12/site-packages/airflow/example_dags/example_branch_python_dop_operator_3.py
[2024-06-10T20:13:47.606+0000] {logging_mixin.py:188} INFO - [2024-06-10T20:13:47.605+0000] {dag.py:3096} INFO - Sync 1 DAGs
[2024-06-10T20:13:47.625+0000] {logging_mixin.py:188} INFO - [2024-06-10T20:13:47.624+0000] {dag.py:3954} INFO - Setting next_dagrun for example_branch_dop_operator_v3 to 2024-06-10 20:12:00+00:00, run_after=2024-06-10 20:13:00+00:00
[2024-06-10T20:13:47.646+0000] {processor.py:183} INFO - Processing /home/airflow/.local/lib/python3.12/site-packages/airflow/example_dags/example_branch_python_dop_operator_3.py took 0.080 seconds
[2024-06-10T20:14:18.422+0000] {processor.py:161} INFO - Started process (PID=432) to work on /home/airflow/.local/lib/python3.12/site-packages/airflow/example_dags/example_branch_python_dop_operator_3.py
[2024-06-10T20:14:18.424+0000] {processor.py:830} INFO - Processing file /home/airflow/.local/lib/python3.12/site-packages/airflow/example_dags/example_branch_python_dop_operator_3.py for tasks to queue
[2024-06-10T20:14:18.427+0000] {logging_mixin.py:188} INFO - [2024-06-10T20:14:18.427+0000] {dagbag.py:545} INFO - Filling up the DagBag from /home/airflow/.local/lib/python3.12/site-packages/airflow/example_dags/example_branch_python_dop_operator_3.py
[2024-06-10T20:14:18.438+0000] {processor.py:840} INFO - DAG(s) 'example_branch_dop_operator_v3' retrieved from /home/airflow/.local/lib/python3.12/site-packages/airflow/example_dags/example_branch_python_dop_operator_3.py
[2024-06-10T20:14:18.454+0000] {logging_mixin.py:188} INFO - [2024-06-10T20:14:18.454+0000] {dag.py:3096} INFO - Sync 1 DAGs
[2024-06-10T20:14:18.474+0000] {logging_mixin.py:188} INFO - [2024-06-10T20:14:18.473+0000] {dag.py:3954} INFO - Setting next_dagrun for example_branch_dop_operator_v3 to 2024-06-10 20:13:00+00:00, run_after=2024-06-10 20:14:00+00:00
[2024-06-10T20:14:18.493+0000] {processor.py:183} INFO - Processing /home/airflow/.local/lib/python3.12/site-packages/airflow/example_dags/example_branch_python_dop_operator_3.py took 0.078 seconds
[2024-06-10T20:14:49.411+0000] {processor.py:161} INFO - Started process (PID=490) to work on /home/airflow/.local/lib/python3.12/site-packages/airflow/example_dags/example_branch_python_dop_operator_3.py
[2024-06-10T20:14:49.413+0000] {processor.py:830} INFO - Processing file /home/airflow/.local/lib/python3.12/site-packages/airflow/example_dags/example_branch_python_dop_operator_3.py for tasks to queue
[2024-06-10T20:14:49.416+0000] {logging_mixin.py:188} INFO - [2024-06-10T20:14:49.415+0000] {dagbag.py:545} INFO - Filling up the DagBag from /home/airflow/.local/lib/python3.12/site-packages/airflow/example_dags/example_branch_python_dop_operator_3.py
[2024-06-10T20:14:49.423+0000] {processor.py:840} INFO - DAG(s) 'example_branch_dop_operator_v3' retrieved from /home/airflow/.local/lib/python3.12/site-packages/airflow/example_dags/example_branch_python_dop_operator_3.py
[2024-06-10T20:14:49.439+0000] {logging_mixin.py:188} INFO - [2024-06-10T20:14:49.439+0000] {dag.py:3096} INFO - Sync 1 DAGs
[2024-06-10T20:14:49.457+0000] {logging_mixin.py:188} INFO - [2024-06-10T20:14:49.457+0000] {dag.py:3954} INFO - Setting next_dagrun for example_branch_dop_operator_v3 to 2024-06-10 20:13:00+00:00, run_after=2024-06-10 20:14:00+00:00
[2024-06-10T20:14:49.476+0000] {processor.py:183} INFO - Processing /home/airflow/.local/lib/python3.12/site-packages/airflow/example_dags/example_branch_python_dop_operator_3.py took 0.075 seconds
[2024-06-10T20:15:19.753+0000] {processor.py:161} INFO - Started process (PID=548) to work on /home/airflow/.local/lib/python3.12/site-packages/airflow/example_dags/example_branch_python_dop_operator_3.py
[2024-06-10T20:15:19.754+0000] {processor.py:830} INFO - Processing file /home/airflow/.local/lib/python3.12/site-packages/airflow/example_dags/example_branch_python_dop_operator_3.py for tasks to queue
[2024-06-10T20:15:19.757+0000] {logging_mixin.py:188} INFO - [2024-06-10T20:15:19.757+0000] {dagbag.py:545} INFO - Filling up the DagBag from /home/airflow/.local/lib/python3.12/site-packages/airflow/example_dags/example_branch_python_dop_operator_3.py
[2024-06-10T20:15:19.765+0000] {processor.py:840} INFO - DAG(s) 'example_branch_dop_operator_v3' retrieved from /home/airflow/.local/lib/python3.12/site-packages/airflow/example_dags/example_branch_python_dop_operator_3.py
[2024-06-10T20:15:19.780+0000] {logging_mixin.py:188} INFO - [2024-06-10T20:15:19.780+0000] {dag.py:3096} INFO - Sync 1 DAGs
[2024-06-10T20:15:19.798+0000] {logging_mixin.py:188} INFO - [2024-06-10T20:15:19.798+0000] {dag.py:3954} INFO - Setting next_dagrun for example_branch_dop_operator_v3 to 2024-06-10 20:14:00+00:00, run_after=2024-06-10 20:15:00+00:00
[2024-06-10T20:15:19.818+0000] {processor.py:183} INFO - Processing /home/airflow/.local/lib/python3.12/site-packages/airflow/example_dags/example_branch_python_dop_operator_3.py took 0.072 seconds
[2024-06-10T20:15:49.893+0000] {processor.py:161} INFO - Started process (PID=606) to work on /home/airflow/.local/lib/python3.12/site-packages/airflow/example_dags/example_branch_python_dop_operator_3.py
[2024-06-10T20:15:49.895+0000] {processor.py:830} INFO - Processing file /home/airflow/.local/lib/python3.12/site-packages/airflow/example_dags/example_branch_python_dop_operator_3.py for tasks to queue
[2024-06-10T20:15:49.897+0000] {logging_mixin.py:188} INFO - [2024-06-10T20:15:49.896+0000] {dagbag.py:545} INFO - Filling up the DagBag from /home/airflow/.local/lib/python3.12/site-packages/airflow/example_dags/example_branch_python_dop_operator_3.py
[2024-06-10T20:15:49.903+0000] {processor.py:840} INFO - DAG(s) 'example_branch_dop_operator_v3' retrieved from /home/airflow/.local/lib/python3.12/site-packages/airflow/example_dags/example_branch_python_dop_operator_3.py
[2024-06-10T20:15:49.920+0000] {logging_mixin.py:188} INFO - [2024-06-10T20:15:49.920+0000] {dag.py:3096} INFO - Sync 1 DAGs
[2024-06-10T20:15:49.938+0000] {logging_mixin.py:188} INFO - [2024-06-10T20:15:49.938+0000] {dag.py:3954} INFO - Setting next_dagrun for example_branch_dop_operator_v3 to 2024-06-10 20:14:00+00:00, run_after=2024-06-10 20:15:00+00:00
[2024-06-10T20:15:49.957+0000] {processor.py:183} INFO - Processing /home/airflow/.local/lib/python3.12/site-packages/airflow/example_dags/example_branch_python_dop_operator_3.py took 0.069 seconds
[2024-06-10T20:16:20.298+0000] {processor.py:161} INFO - Started process (PID=664) to work on /home/airflow/.local/lib/python3.12/site-packages/airflow/example_dags/example_branch_python_dop_operator_3.py
[2024-06-10T20:16:20.299+0000] {processor.py:830} INFO - Processing file /home/airflow/.local/lib/python3.12/site-packages/airflow/example_dags/example_branch_python_dop_operator_3.py for tasks to queue
[2024-06-10T20:16:20.301+0000] {logging_mixin.py:188} INFO - [2024-06-10T20:16:20.301+0000] {dagbag.py:545} INFO - Filling up the DagBag from /home/airflow/.local/lib/python3.12/site-packages/airflow/example_dags/example_branch_python_dop_operator_3.py
[2024-06-10T20:16:20.308+0000] {processor.py:840} INFO - DAG(s) 'example_branch_dop_operator_v3' retrieved from /home/airflow/.local/lib/python3.12/site-packages/airflow/example_dags/example_branch_python_dop_operator_3.py
[2024-06-10T20:16:20.321+0000] {logging_mixin.py:188} INFO - [2024-06-10T20:16:20.320+0000] {dag.py:3096} INFO - Sync 1 DAGs
[2024-06-10T20:16:20.339+0000] {logging_mixin.py:188} INFO - [2024-06-10T20:16:20.338+0000] {dag.py:3954} INFO - Setting next_dagrun for example_branch_dop_operator_v3 to 2024-06-10 20:15:00+00:00, run_after=2024-06-10 20:16:00+00:00
[2024-06-10T20:16:20.357+0000] {processor.py:183} INFO - Processing /home/airflow/.local/lib/python3.12/site-packages/airflow/example_dags/example_branch_python_dop_operator_3.py took 0.064 seconds
[2024-06-10T20:16:50.742+0000] {processor.py:161} INFO - Started process (PID=722) to work on /home/airflow/.local/lib/python3.12/site-packages/airflow/example_dags/example_branch_python_dop_operator_3.py
[2024-06-10T20:16:50.744+0000] {processor.py:830} INFO - Processing file /home/airflow/.local/lib/python3.12/site-packages/airflow/example_dags/example_branch_python_dop_operator_3.py for tasks to queue
[2024-06-10T20:16:50.746+0000] {logging_mixin.py:188} INFO - [2024-06-10T20:16:50.745+0000] {dagbag.py:545} INFO - Filling up the DagBag from /home/airflow/.local/lib/python3.12/site-packages/airflow/example_dags/example_branch_python_dop_operator_3.py
[2024-06-10T20:16:50.754+0000] {processor.py:840} INFO - DAG(s) 'example_branch_dop_operator_v3' retrieved from /home/airflow/.local/lib/python3.12/site-packages/airflow/example_dags/example_branch_python_dop_operator_3.py
[2024-06-10T20:16:50.771+0000] {logging_mixin.py:188} INFO - [2024-06-10T20:16:50.771+0000] {dag.py:3096} INFO - Sync 1 DAGs
[2024-06-10T20:16:50.788+0000] {logging_mixin.py:188} INFO - [2024-06-10T20:16:50.788+0000] {dag.py:3954} INFO - Setting next_dagrun for example_branch_dop_operator_v3 to 2024-06-10 20:15:00+00:00, run_after=2024-06-10 20:16:00+00:00
[2024-06-10T20:16:50.808+0000] {processor.py:183} INFO - Processing /home/airflow/.local/lib/python3.12/site-packages/airflow/example_dags/example_branch_python_dop_operator_3.py took 0.071 seconds
[2024-06-10T20:17:21.030+0000] {processor.py:161} INFO - Started process (PID=780) to work on /home/airflow/.local/lib/python3.12/site-packages/airflow/example_dags/example_branch_python_dop_operator_3.py
[2024-06-10T20:17:21.033+0000] {processor.py:830} INFO - Processing file /home/airflow/.local/lib/python3.12/site-packages/airflow/example_dags/example_branch_python_dop_operator_3.py for tasks to queue
[2024-06-10T20:17:21.036+0000] {logging_mixin.py:188} INFO - [2024-06-10T20:17:21.036+0000] {dagbag.py:545} INFO - Filling up the DagBag from /home/airflow/.local/lib/python3.12/site-packages/airflow/example_dags/example_branch_python_dop_operator_3.py
[2024-06-10T20:17:21.043+0000] {processor.py:840} INFO - DAG(s) 'example_branch_dop_operator_v3' retrieved from /home/airflow/.local/lib/python3.12/site-packages/airflow/example_dags/example_branch_python_dop_operator_3.py
[2024-06-10T20:17:21.061+0000] {logging_mixin.py:188} INFO - [2024-06-10T20:17:21.060+0000] {dag.py:3096} INFO - Sync 1 DAGs
[2024-06-10T20:17:21.081+0000] {logging_mixin.py:188} INFO - [2024-06-10T20:17:21.080+0000] {dag.py:3954} INFO - Setting next_dagrun for example_branch_dop_operator_v3 to 2024-06-10 20:16:00+00:00, run_after=2024-06-10 20:17:00+00:00
[2024-06-10T20:17:21.104+0000] {processor.py:183} INFO - Processing /home/airflow/.local/lib/python3.12/site-packages/airflow/example_dags/example_branch_python_dop_operator_3.py took 0.082 seconds
[2024-06-10T20:17:51.751+0000] {processor.py:161} INFO - Started process (PID=838) to work on /home/airflow/.local/lib/python3.12/site-packages/airflow/example_dags/example_branch_python_dop_operator_3.py
[2024-06-10T20:17:51.752+0000] {processor.py:830} INFO - Processing file /home/airflow/.local/lib/python3.12/site-packages/airflow/example_dags/example_branch_python_dop_operator_3.py for tasks to queue
[2024-06-10T20:17:51.755+0000] {logging_mixin.py:188} INFO - [2024-06-10T20:17:51.754+0000] {dagbag.py:545} INFO - Filling up the DagBag from /home/airflow/.local/lib/python3.12/site-packages/airflow/example_dags/example_branch_python_dop_operator_3.py
[2024-06-10T20:17:51.762+0000] {processor.py:840} INFO - DAG(s) 'example_branch_dop_operator_v3' retrieved from /home/airflow/.local/lib/python3.12/site-packages/airflow/example_dags/example_branch_python_dop_operator_3.py
[2024-06-10T20:17:51.782+0000] {logging_mixin.py:188} INFO - [2024-06-10T20:17:51.782+0000] {dag.py:3096} INFO - Sync 1 DAGs
[2024-06-10T20:17:51.803+0000] {logging_mixin.py:188} INFO - [2024-06-10T20:17:51.802+0000] {dag.py:3954} INFO - Setting next_dagrun for example_branch_dop_operator_v3 to 2024-06-10 20:16:00+00:00, run_after=2024-06-10 20:17:00+00:00
[2024-06-10T20:17:51.826+0000] {processor.py:183} INFO - Processing /home/airflow/.local/lib/python3.12/site-packages/airflow/example_dags/example_branch_python_dop_operator_3.py took 0.081 seconds
[2024-06-10T20:18:21.929+0000] {processor.py:161} INFO - Started process (PID=895) to work on /home/airflow/.local/lib/python3.12/site-packages/airflow/example_dags/example_branch_python_dop_operator_3.py
[2024-06-10T20:18:21.931+0000] {processor.py:830} INFO - Processing file /home/airflow/.local/lib/python3.12/site-packages/airflow/example_dags/example_branch_python_dop_operator_3.py for tasks to queue
[2024-06-10T20:18:21.934+0000] {logging_mixin.py:188} INFO - [2024-06-10T20:18:21.934+0000] {dagbag.py:545} INFO - Filling up the DagBag from /home/airflow/.local/lib/python3.12/site-packages/airflow/example_dags/example_branch_python_dop_operator_3.py
[2024-06-10T20:18:21.944+0000] {processor.py:840} INFO - DAG(s) 'example_branch_dop_operator_v3' retrieved from /home/airflow/.local/lib/python3.12/site-packages/airflow/example_dags/example_branch_python_dop_operator_3.py
[2024-06-10T20:18:21.960+0000] {logging_mixin.py:188} INFO - [2024-06-10T20:18:21.960+0000] {dag.py:3096} INFO - Sync 1 DAGs
[2024-06-10T20:18:21.978+0000] {logging_mixin.py:188} INFO - [2024-06-10T20:18:21.977+0000] {dag.py:3954} INFO - Setting next_dagrun for example_branch_dop_operator_v3 to 2024-06-10 20:17:00+00:00, run_after=2024-06-10 20:18:00+00:00
[2024-06-10T20:18:21.998+0000] {processor.py:183} INFO - Processing /home/airflow/.local/lib/python3.12/site-packages/airflow/example_dags/example_branch_python_dop_operator_3.py took 0.080 seconds
[2024-06-10T20:18:52.065+0000] {processor.py:161} INFO - Started process (PID=953) to work on /home/airflow/.local/lib/python3.12/site-packages/airflow/example_dags/example_branch_python_dop_operator_3.py
[2024-06-10T20:18:52.067+0000] {processor.py:830} INFO - Processing file /home/airflow/.local/lib/python3.12/site-packages/airflow/example_dags/example_branch_python_dop_operator_3.py for tasks to queue
[2024-06-10T20:18:52.070+0000] {logging_mixin.py:188} INFO - [2024-06-10T20:18:52.070+0000] {dagbag.py:545} INFO - Filling up the DagBag from /home/airflow/.local/lib/python3.12/site-packages/airflow/example_dags/example_branch_python_dop_operator_3.py
[2024-06-10T20:18:52.082+0000] {processor.py:840} INFO - DAG(s) 'example_branch_dop_operator_v3' retrieved from /home/airflow/.local/lib/python3.12/site-packages/airflow/example_dags/example_branch_python_dop_operator_3.py
[2024-06-10T20:18:52.099+0000] {logging_mixin.py:188} INFO - [2024-06-10T20:18:52.098+0000] {dag.py:3096} INFO - Sync 1 DAGs
[2024-06-10T20:18:52.115+0000] {logging_mixin.py:188} INFO - [2024-06-10T20:18:52.115+0000] {dag.py:3954} INFO - Setting next_dagrun for example_branch_dop_operator_v3 to 2024-06-10 20:17:00+00:00, run_after=2024-06-10 20:18:00+00:00
[2024-06-10T20:18:52.133+0000] {processor.py:183} INFO - Processing /home/airflow/.local/lib/python3.12/site-packages/airflow/example_dags/example_branch_python_dop_operator_3.py took 0.076 seconds
[2024-06-10T20:19:22.425+0000] {processor.py:161} INFO - Started process (PID=1011) to work on /home/airflow/.local/lib/python3.12/site-packages/airflow/example_dags/example_branch_python_dop_operator_3.py
[2024-06-10T20:19:22.426+0000] {processor.py:830} INFO - Processing file /home/airflow/.local/lib/python3.12/site-packages/airflow/example_dags/example_branch_python_dop_operator_3.py for tasks to queue
[2024-06-10T20:19:22.428+0000] {logging_mixin.py:188} INFO - [2024-06-10T20:19:22.427+0000] {dagbag.py:545} INFO - Filling up the DagBag from /home/airflow/.local/lib/python3.12/site-packages/airflow/example_dags/example_branch_python_dop_operator_3.py
[2024-06-10T20:19:22.435+0000] {processor.py:840} INFO - DAG(s) 'example_branch_dop_operator_v3' retrieved from /home/airflow/.local/lib/python3.12/site-packages/airflow/example_dags/example_branch_python_dop_operator_3.py
[2024-06-10T20:19:22.452+0000] {logging_mixin.py:188} INFO - [2024-06-10T20:19:22.452+0000] {dag.py:3096} INFO - Sync 1 DAGs
[2024-06-10T20:19:22.473+0000] {logging_mixin.py:188} INFO - [2024-06-10T20:19:22.473+0000] {dag.py:3954} INFO - Setting next_dagrun for example_branch_dop_operator_v3 to 2024-06-10 20:18:00+00:00, run_after=2024-06-10 20:19:00+00:00
[2024-06-10T20:19:22.497+0000] {processor.py:183} INFO - Processing /home/airflow/.local/lib/python3.12/site-packages/airflow/example_dags/example_branch_python_dop_operator_3.py took 0.076 seconds
[2024-06-10T20:19:52.844+0000] {processor.py:161} INFO - Started process (PID=1069) to work on /home/airflow/.local/lib/python3.12/site-packages/airflow/example_dags/example_branch_python_dop_operator_3.py
[2024-06-10T20:19:52.846+0000] {processor.py:830} INFO - Processing file /home/airflow/.local/lib/python3.12/site-packages/airflow/example_dags/example_branch_python_dop_operator_3.py for tasks to queue
[2024-06-10T20:19:52.850+0000] {logging_mixin.py:188} INFO - [2024-06-10T20:19:52.849+0000] {dagbag.py:545} INFO - Filling up the DagBag from /home/airflow/.local/lib/python3.12/site-packages/airflow/example_dags/example_branch_python_dop_operator_3.py
[2024-06-10T20:19:52.865+0000] {processor.py:840} INFO - DAG(s) 'example_branch_dop_operator_v3' retrieved from /home/airflow/.local/lib/python3.12/site-packages/airflow/example_dags/example_branch_python_dop_operator_3.py
[2024-06-10T20:19:52.886+0000] {logging_mixin.py:188} INFO - [2024-06-10T20:19:52.885+0000] {dag.py:3096} INFO - Sync 1 DAGs
[2024-06-10T20:19:52.904+0000] {logging_mixin.py:188} INFO - [2024-06-10T20:19:52.904+0000] {dag.py:3954} INFO - Setting next_dagrun for example_branch_dop_operator_v3 to 2024-06-10 20:18:00+00:00, run_after=2024-06-10 20:19:00+00:00
[2024-06-10T20:19:52.922+0000] {processor.py:183} INFO - Processing /home/airflow/.local/lib/python3.12/site-packages/airflow/example_dags/example_branch_python_dop_operator_3.py took 0.087 seconds
[2024-06-10T20:20:23.526+0000] {processor.py:161} INFO - Started process (PID=1127) to work on /home/airflow/.local/lib/python3.12/site-packages/airflow/example_dags/example_branch_python_dop_operator_3.py
[2024-06-10T20:20:23.529+0000] {processor.py:830} INFO - Processing file /home/airflow/.local/lib/python3.12/site-packages/airflow/example_dags/example_branch_python_dop_operator_3.py for tasks to queue
[2024-06-10T20:20:23.532+0000] {logging_mixin.py:188} INFO - [2024-06-10T20:20:23.532+0000] {dagbag.py:545} INFO - Filling up the DagBag from /home/airflow/.local/lib/python3.12/site-packages/airflow/example_dags/example_branch_python_dop_operator_3.py
[2024-06-10T20:20:23.542+0000] {processor.py:840} INFO - DAG(s) 'example_branch_dop_operator_v3' retrieved from /home/airflow/.local/lib/python3.12/site-packages/airflow/example_dags/example_branch_python_dop_operator_3.py
[2024-06-10T20:20:23.556+0000] {logging_mixin.py:188} INFO - [2024-06-10T20:20:23.555+0000] {dag.py:3096} INFO - Sync 1 DAGs
[2024-06-10T20:20:23.573+0000] {logging_mixin.py:188} INFO - [2024-06-10T20:20:23.573+0000] {dag.py:3954} INFO - Setting next_dagrun for example_branch_dop_operator_v3 to 2024-06-10 20:19:00+00:00, run_after=2024-06-10 20:20:00+00:00
[2024-06-10T20:20:23.590+0000] {processor.py:183} INFO - Processing /home/airflow/.local/lib/python3.12/site-packages/airflow/example_dags/example_branch_python_dop_operator_3.py took 0.068 seconds
[2024-06-10T20:20:54.436+0000] {processor.py:161} INFO - Started process (PID=1185) to work on /home/airflow/.local/lib/python3.12/site-packages/airflow/example_dags/example_branch_python_dop_operator_3.py
[2024-06-10T20:20:54.437+0000] {processor.py:830} INFO - Processing file /home/airflow/.local/lib/python3.12/site-packages/airflow/example_dags/example_branch_python_dop_operator_3.py for tasks to queue
[2024-06-10T20:20:54.439+0000] {logging_mixin.py:188} INFO - [2024-06-10T20:20:54.439+0000] {dagbag.py:545} INFO - Filling up the DagBag from /home/airflow/.local/lib/python3.12/site-packages/airflow/example_dags/example_branch_python_dop_operator_3.py
[2024-06-10T20:20:54.445+0000] {processor.py:840} INFO - DAG(s) 'example_branch_dop_operator_v3' retrieved from /home/airflow/.local/lib/python3.12/site-packages/airflow/example_dags/example_branch_python_dop_operator_3.py
[2024-06-10T20:20:54.462+0000] {logging_mixin.py:188} INFO - [2024-06-10T20:20:54.462+0000] {dag.py:3096} INFO - Sync 1 DAGs
[2024-06-10T20:20:54.482+0000] {logging_mixin.py:188} INFO - [2024-06-10T20:20:54.481+0000] {dag.py:3954} INFO - Setting next_dagrun for example_branch_dop_operator_v3 to 2024-06-10 20:19:00+00:00, run_after=2024-06-10 20:20:00+00:00
[2024-06-10T20:20:54.502+0000] {processor.py:183} INFO - Processing /home/airflow/.local/lib/python3.12/site-packages/airflow/example_dags/example_branch_python_dop_operator_3.py took 0.070 seconds
[2024-06-10T20:21:43.510+0000] {processor.py:161} INFO - Started process (PID=78) to work on /home/airflow/.local/lib/python3.12/site-packages/airflow/example_dags/example_branch_python_dop_operator_3.py
[2024-06-10T20:21:43.511+0000] {processor.py:830} INFO - Processing file /home/airflow/.local/lib/python3.12/site-packages/airflow/example_dags/example_branch_python_dop_operator_3.py for tasks to queue
[2024-06-10T20:21:43.513+0000] {logging_mixin.py:188} INFO - [2024-06-10T20:21:43.512+0000] {dagbag.py:545} INFO - Filling up the DagBag from /home/airflow/.local/lib/python3.12/site-packages/airflow/example_dags/example_branch_python_dop_operator_3.py
[2024-06-10T20:21:43.521+0000] {processor.py:840} INFO - DAG(s) 'example_branch_dop_operator_v3' retrieved from /home/airflow/.local/lib/python3.12/site-packages/airflow/example_dags/example_branch_python_dop_operator_3.py
[2024-06-10T20:21:43.541+0000] {logging_mixin.py:188} INFO - [2024-06-10T20:21:43.541+0000] {dag.py:3096} INFO - Sync 1 DAGs
[2024-06-10T20:21:43.560+0000] {logging_mixin.py:188} INFO - [2024-06-10T20:21:43.559+0000] {dag.py:3954} INFO - Setting next_dagrun for example_branch_dop_operator_v3 to 2024-06-10 20:20:00+00:00, run_after=2024-06-10 20:21:00+00:00
[2024-06-10T20:21:43.575+0000] {processor.py:183} INFO - Processing /home/airflow/.local/lib/python3.12/site-packages/airflow/example_dags/example_branch_python_dop_operator_3.py took 0.069 seconds
[2024-06-10T20:22:13.810+0000] {processor.py:161} INFO - Started process (PID=136) to work on /home/airflow/.local/lib/python3.12/site-packages/airflow/example_dags/example_branch_python_dop_operator_3.py
[2024-06-10T20:22:13.811+0000] {processor.py:830} INFO - Processing file /home/airflow/.local/lib/python3.12/site-packages/airflow/example_dags/example_branch_python_dop_operator_3.py for tasks to queue
[2024-06-10T20:22:13.814+0000] {logging_mixin.py:188} INFO - [2024-06-10T20:22:13.814+0000] {dagbag.py:545} INFO - Filling up the DagBag from /home/airflow/.local/lib/python3.12/site-packages/airflow/example_dags/example_branch_python_dop_operator_3.py
[2024-06-10T20:22:13.823+0000] {processor.py:840} INFO - DAG(s) 'example_branch_dop_operator_v3' retrieved from /home/airflow/.local/lib/python3.12/site-packages/airflow/example_dags/example_branch_python_dop_operator_3.py
[2024-06-10T20:22:13.846+0000] {logging_mixin.py:188} INFO - [2024-06-10T20:22:13.846+0000] {dag.py:3096} INFO - Sync 1 DAGs
[2024-06-10T20:22:13.872+0000] {logging_mixin.py:188} INFO - [2024-06-10T20:22:13.872+0000] {dag.py:3954} INFO - Setting next_dagrun for example_branch_dop_operator_v3 to 2024-06-10 20:21:00+00:00, run_after=2024-06-10 20:22:00+00:00
[2024-06-10T20:22:13.903+0000] {processor.py:183} INFO - Processing /home/airflow/.local/lib/python3.12/site-packages/airflow/example_dags/example_branch_python_dop_operator_3.py took 0.100 seconds
