[2024-06-10T20:11:16.532+0000] {processor.py:161} INFO - Started process (PID=93) to work on /home/airflow/.local/lib/python3.12/site-packages/airflow/example_dags/example_xcomargs.py
[2024-06-10T20:11:16.534+0000] {processor.py:830} INFO - Processing file /home/airflow/.local/lib/python3.12/site-packages/airflow/example_dags/example_xcomargs.py for tasks to queue
[2024-06-10T20:11:16.537+0000] {logging_mixin.py:188} INFO - [2024-06-10T20:11:16.536+0000] {dagbag.py:545} INFO - Filling up the DagBag from /home/airflow/.local/lib/python3.12/site-packages/airflow/example_dags/example_xcomargs.py
[2024-06-10T20:11:16.547+0000] {processor.py:840} INFO - DAG(s) 'example_xcom_args', 'example_xcom_args_with_operators' retrieved from /home/airflow/.local/lib/python3.12/site-packages/airflow/example_dags/example_xcomargs.py
[2024-06-10T20:11:16.661+0000] {logging_mixin.py:188} INFO - [2024-06-10T20:11:16.660+0000] {override.py:1829} INFO - Created Permission View: can delete on DAG:example_xcom_args
[2024-06-10T20:11:16.675+0000] {logging_mixin.py:188} INFO - [2024-06-10T20:11:16.675+0000] {override.py:1829} INFO - Created Permission View: can edit on DAG:example_xcom_args
[2024-06-10T20:11:16.686+0000] {logging_mixin.py:188} INFO - [2024-06-10T20:11:16.686+0000] {override.py:1829} INFO - Created Permission View: can read on DAG:example_xcom_args
[2024-06-10T20:11:16.706+0000] {logging_mixin.py:188} INFO - [2024-06-10T20:11:16.706+0000] {override.py:1829} INFO - Created Permission View: can delete on DAG:example_xcom_args_with_operators
[2024-06-10T20:11:16.716+0000] {logging_mixin.py:188} INFO - [2024-06-10T20:11:16.715+0000] {override.py:1829} INFO - Created Permission View: can edit on DAG:example_xcom_args_with_operators
[2024-06-10T20:11:16.725+0000] {logging_mixin.py:188} INFO - [2024-06-10T20:11:16.725+0000] {override.py:1829} INFO - Created Permission View: can read on DAG:example_xcom_args_with_operators
[2024-06-10T20:11:16.726+0000] {logging_mixin.py:188} INFO - [2024-06-10T20:11:16.726+0000] {dag.py:3096} INFO - Sync 2 DAGs
[2024-06-10T20:11:16.739+0000] {logging_mixin.py:188} INFO - [2024-06-10T20:11:16.739+0000] {dag.py:3118} INFO - Creating ORM DAG for example_xcom_args_with_operators
[2024-06-10T20:11:16.740+0000] {logging_mixin.py:188} INFO - [2024-06-10T20:11:16.740+0000] {dag.py:3118} INFO - Creating ORM DAG for example_xcom_args
[2024-06-10T20:11:16.741+0000] {logging_mixin.py:188} INFO - [2024-06-10T20:11:16.741+0000] {dag.py:3954} INFO - Setting next_dagrun for example_xcom_args to None, run_after=None
[2024-06-10T20:11:16.742+0000] {logging_mixin.py:188} INFO - [2024-06-10T20:11:16.742+0000] {dag.py:3954} INFO - Setting next_dagrun for example_xcom_args_with_operators to None, run_after=None
[2024-06-10T20:11:16.767+0000] {processor.py:183} INFO - Processing /home/airflow/.local/lib/python3.12/site-packages/airflow/example_dags/example_xcomargs.py took 0.240 seconds
[2024-06-10T20:11:46.802+0000] {processor.py:161} INFO - Started process (PID=152) to work on /home/airflow/.local/lib/python3.12/site-packages/airflow/example_dags/example_xcomargs.py
[2024-06-10T20:11:46.803+0000] {processor.py:830} INFO - Processing file /home/airflow/.local/lib/python3.12/site-packages/airflow/example_dags/example_xcomargs.py for tasks to queue
[2024-06-10T20:11:46.810+0000] {logging_mixin.py:188} INFO - [2024-06-10T20:11:46.809+0000] {dagbag.py:545} INFO - Filling up the DagBag from /home/airflow/.local/lib/python3.12/site-packages/airflow/example_dags/example_xcomargs.py
[2024-06-10T20:11:46.818+0000] {processor.py:840} INFO - DAG(s) 'example_xcom_args_with_operators', 'example_xcom_args' retrieved from /home/airflow/.local/lib/python3.12/site-packages/airflow/example_dags/example_xcomargs.py
[2024-06-10T20:11:46.840+0000] {logging_mixin.py:188} INFO - [2024-06-10T20:11:46.839+0000] {dag.py:3096} INFO - Sync 2 DAGs
[2024-06-10T20:11:46.851+0000] {logging_mixin.py:188} INFO - [2024-06-10T20:11:46.850+0000] {dag.py:3954} INFO - Setting next_dagrun for example_xcom_args to None, run_after=None
[2024-06-10T20:11:46.855+0000] {logging_mixin.py:188} INFO - [2024-06-10T20:11:46.855+0000] {dag.py:3954} INFO - Setting next_dagrun for example_xcom_args_with_operators to None, run_after=None
[2024-06-10T20:11:46.873+0000] {processor.py:183} INFO - Processing /home/airflow/.local/lib/python3.12/site-packages/airflow/example_dags/example_xcomargs.py took 0.075 seconds
[2024-06-10T20:12:17.080+0000] {processor.py:161} INFO - Started process (PID=209) to work on /home/airflow/.local/lib/python3.12/site-packages/airflow/example_dags/example_xcomargs.py
[2024-06-10T20:12:17.081+0000] {processor.py:830} INFO - Processing file /home/airflow/.local/lib/python3.12/site-packages/airflow/example_dags/example_xcomargs.py for tasks to queue
[2024-06-10T20:12:17.082+0000] {logging_mixin.py:188} INFO - [2024-06-10T20:12:17.082+0000] {dagbag.py:545} INFO - Filling up the DagBag from /home/airflow/.local/lib/python3.12/site-packages/airflow/example_dags/example_xcomargs.py
[2024-06-10T20:12:17.090+0000] {processor.py:840} INFO - DAG(s) 'example_xcom_args_with_operators', 'example_xcom_args' retrieved from /home/airflow/.local/lib/python3.12/site-packages/airflow/example_dags/example_xcomargs.py
[2024-06-10T20:12:17.112+0000] {logging_mixin.py:188} INFO - [2024-06-10T20:12:17.111+0000] {dag.py:3096} INFO - Sync 2 DAGs
[2024-06-10T20:12:17.123+0000] {logging_mixin.py:188} INFO - [2024-06-10T20:12:17.123+0000] {dag.py:3954} INFO - Setting next_dagrun for example_xcom_args to None, run_after=None
[2024-06-10T20:12:17.126+0000] {logging_mixin.py:188} INFO - [2024-06-10T20:12:17.126+0000] {dag.py:3954} INFO - Setting next_dagrun for example_xcom_args_with_operators to None, run_after=None
[2024-06-10T20:12:17.141+0000] {processor.py:183} INFO - Processing /home/airflow/.local/lib/python3.12/site-packages/airflow/example_dags/example_xcomargs.py took 0.066 seconds
[2024-06-10T20:12:47.399+0000] {processor.py:161} INFO - Started process (PID=267) to work on /home/airflow/.local/lib/python3.12/site-packages/airflow/example_dags/example_xcomargs.py
[2024-06-10T20:12:47.400+0000] {processor.py:830} INFO - Processing file /home/airflow/.local/lib/python3.12/site-packages/airflow/example_dags/example_xcomargs.py for tasks to queue
[2024-06-10T20:12:47.402+0000] {logging_mixin.py:188} INFO - [2024-06-10T20:12:47.402+0000] {dagbag.py:545} INFO - Filling up the DagBag from /home/airflow/.local/lib/python3.12/site-packages/airflow/example_dags/example_xcomargs.py
[2024-06-10T20:12:47.409+0000] {processor.py:840} INFO - DAG(s) 'example_xcom_args', 'example_xcom_args_with_operators' retrieved from /home/airflow/.local/lib/python3.12/site-packages/airflow/example_dags/example_xcomargs.py
[2024-06-10T20:12:47.427+0000] {logging_mixin.py:188} INFO - [2024-06-10T20:12:47.427+0000] {dag.py:3096} INFO - Sync 2 DAGs
[2024-06-10T20:12:47.437+0000] {logging_mixin.py:188} INFO - [2024-06-10T20:12:47.437+0000] {dag.py:3954} INFO - Setting next_dagrun for example_xcom_args to None, run_after=None
[2024-06-10T20:12:47.440+0000] {logging_mixin.py:188} INFO - [2024-06-10T20:12:47.440+0000] {dag.py:3954} INFO - Setting next_dagrun for example_xcom_args_with_operators to None, run_after=None
[2024-06-10T20:12:47.454+0000] {processor.py:183} INFO - Processing /home/airflow/.local/lib/python3.12/site-packages/airflow/example_dags/example_xcomargs.py took 0.060 seconds
[2024-06-10T20:13:17.693+0000] {processor.py:161} INFO - Started process (PID=325) to work on /home/airflow/.local/lib/python3.12/site-packages/airflow/example_dags/example_xcomargs.py
[2024-06-10T20:13:17.694+0000] {processor.py:830} INFO - Processing file /home/airflow/.local/lib/python3.12/site-packages/airflow/example_dags/example_xcomargs.py for tasks to queue
[2024-06-10T20:13:17.696+0000] {logging_mixin.py:188} INFO - [2024-06-10T20:13:17.695+0000] {dagbag.py:545} INFO - Filling up the DagBag from /home/airflow/.local/lib/python3.12/site-packages/airflow/example_dags/example_xcomargs.py
[2024-06-10T20:13:17.704+0000] {processor.py:840} INFO - DAG(s) 'example_xcom_args_with_operators', 'example_xcom_args' retrieved from /home/airflow/.local/lib/python3.12/site-packages/airflow/example_dags/example_xcomargs.py
[2024-06-10T20:13:17.728+0000] {logging_mixin.py:188} INFO - [2024-06-10T20:13:17.728+0000] {dag.py:3096} INFO - Sync 2 DAGs
[2024-06-10T20:13:17.740+0000] {logging_mixin.py:188} INFO - [2024-06-10T20:13:17.739+0000] {dag.py:3954} INFO - Setting next_dagrun for example_xcom_args to None, run_after=None
[2024-06-10T20:13:17.744+0000] {logging_mixin.py:188} INFO - [2024-06-10T20:13:17.743+0000] {dag.py:3954} INFO - Setting next_dagrun for example_xcom_args_with_operators to None, run_after=None
[2024-06-10T20:13:17.765+0000] {processor.py:183} INFO - Processing /home/airflow/.local/lib/python3.12/site-packages/airflow/example_dags/example_xcomargs.py took 0.077 seconds
[2024-06-10T20:13:48.328+0000] {processor.py:161} INFO - Started process (PID=383) to work on /home/airflow/.local/lib/python3.12/site-packages/airflow/example_dags/example_xcomargs.py
[2024-06-10T20:13:48.329+0000] {processor.py:830} INFO - Processing file /home/airflow/.local/lib/python3.12/site-packages/airflow/example_dags/example_xcomargs.py for tasks to queue
[2024-06-10T20:13:48.331+0000] {logging_mixin.py:188} INFO - [2024-06-10T20:13:48.330+0000] {dagbag.py:545} INFO - Filling up the DagBag from /home/airflow/.local/lib/python3.12/site-packages/airflow/example_dags/example_xcomargs.py
[2024-06-10T20:13:48.338+0000] {processor.py:840} INFO - DAG(s) 'example_xcom_args_with_operators', 'example_xcom_args' retrieved from /home/airflow/.local/lib/python3.12/site-packages/airflow/example_dags/example_xcomargs.py
[2024-06-10T20:13:48.356+0000] {logging_mixin.py:188} INFO - [2024-06-10T20:13:48.356+0000] {dag.py:3096} INFO - Sync 2 DAGs
[2024-06-10T20:13:48.366+0000] {logging_mixin.py:188} INFO - [2024-06-10T20:13:48.366+0000] {dag.py:3954} INFO - Setting next_dagrun for example_xcom_args to None, run_after=None
[2024-06-10T20:13:48.369+0000] {logging_mixin.py:188} INFO - [2024-06-10T20:13:48.369+0000] {dag.py:3954} INFO - Setting next_dagrun for example_xcom_args_with_operators to None, run_after=None
[2024-06-10T20:13:48.387+0000] {processor.py:183} INFO - Processing /home/airflow/.local/lib/python3.12/site-packages/airflow/example_dags/example_xcomargs.py took 0.063 seconds
[2024-06-10T20:14:18.948+0000] {processor.py:161} INFO - Started process (PID=441) to work on /home/airflow/.local/lib/python3.12/site-packages/airflow/example_dags/example_xcomargs.py
[2024-06-10T20:14:18.950+0000] {processor.py:830} INFO - Processing file /home/airflow/.local/lib/python3.12/site-packages/airflow/example_dags/example_xcomargs.py for tasks to queue
[2024-06-10T20:14:18.952+0000] {logging_mixin.py:188} INFO - [2024-06-10T20:14:18.952+0000] {dagbag.py:545} INFO - Filling up the DagBag from /home/airflow/.local/lib/python3.12/site-packages/airflow/example_dags/example_xcomargs.py
[2024-06-10T20:14:18.959+0000] {processor.py:840} INFO - DAG(s) 'example_xcom_args_with_operators', 'example_xcom_args' retrieved from /home/airflow/.local/lib/python3.12/site-packages/airflow/example_dags/example_xcomargs.py
[2024-06-10T20:14:18.977+0000] {logging_mixin.py:188} INFO - [2024-06-10T20:14:18.976+0000] {dag.py:3096} INFO - Sync 2 DAGs
[2024-06-10T20:14:18.986+0000] {logging_mixin.py:188} INFO - [2024-06-10T20:14:18.986+0000] {dag.py:3954} INFO - Setting next_dagrun for example_xcom_args to None, run_after=None
[2024-06-10T20:14:18.990+0000] {logging_mixin.py:188} INFO - [2024-06-10T20:14:18.990+0000] {dag.py:3954} INFO - Setting next_dagrun for example_xcom_args_with_operators to None, run_after=None
[2024-06-10T20:14:19.006+0000] {processor.py:183} INFO - Processing /home/airflow/.local/lib/python3.12/site-packages/airflow/example_dags/example_xcomargs.py took 0.063 seconds
[2024-06-10T20:14:49.925+0000] {processor.py:161} INFO - Started process (PID=499) to work on /home/airflow/.local/lib/python3.12/site-packages/airflow/example_dags/example_xcomargs.py
[2024-06-10T20:14:49.926+0000] {processor.py:830} INFO - Processing file /home/airflow/.local/lib/python3.12/site-packages/airflow/example_dags/example_xcomargs.py for tasks to queue
[2024-06-10T20:14:49.928+0000] {logging_mixin.py:188} INFO - [2024-06-10T20:14:49.928+0000] {dagbag.py:545} INFO - Filling up the DagBag from /home/airflow/.local/lib/python3.12/site-packages/airflow/example_dags/example_xcomargs.py
[2024-06-10T20:14:49.934+0000] {processor.py:840} INFO - DAG(s) 'example_xcom_args', 'example_xcom_args_with_operators' retrieved from /home/airflow/.local/lib/python3.12/site-packages/airflow/example_dags/example_xcomargs.py
[2024-06-10T20:14:49.953+0000] {logging_mixin.py:188} INFO - [2024-06-10T20:14:49.953+0000] {dag.py:3096} INFO - Sync 2 DAGs
[2024-06-10T20:14:49.962+0000] {logging_mixin.py:188} INFO - [2024-06-10T20:14:49.962+0000] {dag.py:3954} INFO - Setting next_dagrun for example_xcom_args to None, run_after=None
[2024-06-10T20:14:49.965+0000] {logging_mixin.py:188} INFO - [2024-06-10T20:14:49.965+0000] {dag.py:3954} INFO - Setting next_dagrun for example_xcom_args_with_operators to None, run_after=None
[2024-06-10T20:14:49.981+0000] {processor.py:183} INFO - Processing /home/airflow/.local/lib/python3.12/site-packages/airflow/example_dags/example_xcomargs.py took 0.060 seconds
[2024-06-10T20:15:20.296+0000] {processor.py:161} INFO - Started process (PID=557) to work on /home/airflow/.local/lib/python3.12/site-packages/airflow/example_dags/example_xcomargs.py
[2024-06-10T20:15:20.297+0000] {processor.py:830} INFO - Processing file /home/airflow/.local/lib/python3.12/site-packages/airflow/example_dags/example_xcomargs.py for tasks to queue
[2024-06-10T20:15:20.299+0000] {logging_mixin.py:188} INFO - [2024-06-10T20:15:20.298+0000] {dagbag.py:545} INFO - Filling up the DagBag from /home/airflow/.local/lib/python3.12/site-packages/airflow/example_dags/example_xcomargs.py
[2024-06-10T20:15:20.305+0000] {processor.py:840} INFO - DAG(s) 'example_xcom_args', 'example_xcom_args_with_operators' retrieved from /home/airflow/.local/lib/python3.12/site-packages/airflow/example_dags/example_xcomargs.py
[2024-06-10T20:15:20.321+0000] {logging_mixin.py:188} INFO - [2024-06-10T20:15:20.321+0000] {dag.py:3096} INFO - Sync 2 DAGs
[2024-06-10T20:15:20.331+0000] {logging_mixin.py:188} INFO - [2024-06-10T20:15:20.331+0000] {dag.py:3954} INFO - Setting next_dagrun for example_xcom_args to None, run_after=None
[2024-06-10T20:15:20.335+0000] {logging_mixin.py:188} INFO - [2024-06-10T20:15:20.334+0000] {dag.py:3954} INFO - Setting next_dagrun for example_xcom_args_with_operators to None, run_after=None
[2024-06-10T20:15:20.349+0000] {processor.py:183} INFO - Processing /home/airflow/.local/lib/python3.12/site-packages/airflow/example_dags/example_xcomargs.py took 0.057 seconds
[2024-06-10T20:15:50.463+0000] {processor.py:161} INFO - Started process (PID=615) to work on /home/airflow/.local/lib/python3.12/site-packages/airflow/example_dags/example_xcomargs.py
[2024-06-10T20:15:50.464+0000] {processor.py:830} INFO - Processing file /home/airflow/.local/lib/python3.12/site-packages/airflow/example_dags/example_xcomargs.py for tasks to queue
[2024-06-10T20:15:50.466+0000] {logging_mixin.py:188} INFO - [2024-06-10T20:15:50.466+0000] {dagbag.py:545} INFO - Filling up the DagBag from /home/airflow/.local/lib/python3.12/site-packages/airflow/example_dags/example_xcomargs.py
[2024-06-10T20:15:50.473+0000] {processor.py:840} INFO - DAG(s) 'example_xcom_args_with_operators', 'example_xcom_args' retrieved from /home/airflow/.local/lib/python3.12/site-packages/airflow/example_dags/example_xcomargs.py
[2024-06-10T20:15:50.492+0000] {logging_mixin.py:188} INFO - [2024-06-10T20:15:50.492+0000] {dag.py:3096} INFO - Sync 2 DAGs
[2024-06-10T20:15:50.502+0000] {logging_mixin.py:188} INFO - [2024-06-10T20:15:50.501+0000] {dag.py:3954} INFO - Setting next_dagrun for example_xcom_args to None, run_after=None
[2024-06-10T20:15:50.505+0000] {logging_mixin.py:188} INFO - [2024-06-10T20:15:50.505+0000] {dag.py:3954} INFO - Setting next_dagrun for example_xcom_args_with_operators to None, run_after=None
[2024-06-10T20:15:50.521+0000] {processor.py:183} INFO - Processing /home/airflow/.local/lib/python3.12/site-packages/airflow/example_dags/example_xcomargs.py took 0.062 seconds
[2024-06-10T20:16:20.810+0000] {processor.py:161} INFO - Started process (PID=673) to work on /home/airflow/.local/lib/python3.12/site-packages/airflow/example_dags/example_xcomargs.py
[2024-06-10T20:16:20.811+0000] {processor.py:830} INFO - Processing file /home/airflow/.local/lib/python3.12/site-packages/airflow/example_dags/example_xcomargs.py for tasks to queue
[2024-06-10T20:16:20.813+0000] {logging_mixin.py:188} INFO - [2024-06-10T20:16:20.813+0000] {dagbag.py:545} INFO - Filling up the DagBag from /home/airflow/.local/lib/python3.12/site-packages/airflow/example_dags/example_xcomargs.py
[2024-06-10T20:16:20.819+0000] {processor.py:840} INFO - DAG(s) 'example_xcom_args_with_operators', 'example_xcom_args' retrieved from /home/airflow/.local/lib/python3.12/site-packages/airflow/example_dags/example_xcomargs.py
[2024-06-10T20:16:20.837+0000] {logging_mixin.py:188} INFO - [2024-06-10T20:16:20.837+0000] {dag.py:3096} INFO - Sync 2 DAGs
[2024-06-10T20:16:20.847+0000] {logging_mixin.py:188} INFO - [2024-06-10T20:16:20.847+0000] {dag.py:3954} INFO - Setting next_dagrun for example_xcom_args to None, run_after=None
[2024-06-10T20:16:20.851+0000] {logging_mixin.py:188} INFO - [2024-06-10T20:16:20.850+0000] {dag.py:3954} INFO - Setting next_dagrun for example_xcom_args_with_operators to None, run_after=None
[2024-06-10T20:16:20.866+0000] {processor.py:183} INFO - Processing /home/airflow/.local/lib/python3.12/site-packages/airflow/example_dags/example_xcomargs.py took 0.060 seconds
[2024-06-10T20:16:51.296+0000] {processor.py:161} INFO - Started process (PID=731) to work on /home/airflow/.local/lib/python3.12/site-packages/airflow/example_dags/example_xcomargs.py
[2024-06-10T20:16:51.297+0000] {processor.py:830} INFO - Processing file /home/airflow/.local/lib/python3.12/site-packages/airflow/example_dags/example_xcomargs.py for tasks to queue
[2024-06-10T20:16:51.299+0000] {logging_mixin.py:188} INFO - [2024-06-10T20:16:51.298+0000] {dagbag.py:545} INFO - Filling up the DagBag from /home/airflow/.local/lib/python3.12/site-packages/airflow/example_dags/example_xcomargs.py
[2024-06-10T20:16:51.305+0000] {processor.py:840} INFO - DAG(s) 'example_xcom_args', 'example_xcom_args_with_operators' retrieved from /home/airflow/.local/lib/python3.12/site-packages/airflow/example_dags/example_xcomargs.py
[2024-06-10T20:16:51.323+0000] {logging_mixin.py:188} INFO - [2024-06-10T20:16:51.322+0000] {dag.py:3096} INFO - Sync 2 DAGs
[2024-06-10T20:16:51.332+0000] {logging_mixin.py:188} INFO - [2024-06-10T20:16:51.332+0000] {dag.py:3954} INFO - Setting next_dagrun for example_xcom_args to None, run_after=None
[2024-06-10T20:16:51.336+0000] {logging_mixin.py:188} INFO - [2024-06-10T20:16:51.335+0000] {dag.py:3954} INFO - Setting next_dagrun for example_xcom_args_with_operators to None, run_after=None
[2024-06-10T20:16:51.351+0000] {processor.py:183} INFO - Processing /home/airflow/.local/lib/python3.12/site-packages/airflow/example_dags/example_xcomargs.py took 0.059 seconds
[2024-06-10T20:17:21.806+0000] {processor.py:161} INFO - Started process (PID=789) to work on /home/airflow/.local/lib/python3.12/site-packages/airflow/example_dags/example_xcomargs.py
[2024-06-10T20:17:21.807+0000] {processor.py:830} INFO - Processing file /home/airflow/.local/lib/python3.12/site-packages/airflow/example_dags/example_xcomargs.py for tasks to queue
[2024-06-10T20:17:21.809+0000] {logging_mixin.py:188} INFO - [2024-06-10T20:17:21.809+0000] {dagbag.py:545} INFO - Filling up the DagBag from /home/airflow/.local/lib/python3.12/site-packages/airflow/example_dags/example_xcomargs.py
[2024-06-10T20:17:21.816+0000] {processor.py:840} INFO - DAG(s) 'example_xcom_args', 'example_xcom_args_with_operators' retrieved from /home/airflow/.local/lib/python3.12/site-packages/airflow/example_dags/example_xcomargs.py
[2024-06-10T20:17:21.834+0000] {logging_mixin.py:188} INFO - [2024-06-10T20:17:21.833+0000] {dag.py:3096} INFO - Sync 2 DAGs
[2024-06-10T20:17:21.843+0000] {logging_mixin.py:188} INFO - [2024-06-10T20:17:21.843+0000] {dag.py:3954} INFO - Setting next_dagrun for example_xcom_args to None, run_after=None
[2024-06-10T20:17:21.847+0000] {logging_mixin.py:188} INFO - [2024-06-10T20:17:21.846+0000] {dag.py:3954} INFO - Setting next_dagrun for example_xcom_args_with_operators to None, run_after=None
[2024-06-10T20:17:21.863+0000] {processor.py:183} INFO - Processing /home/airflow/.local/lib/python3.12/site-packages/airflow/example_dags/example_xcomargs.py took 0.061 seconds
[2024-06-10T20:17:52.465+0000] {processor.py:161} INFO - Started process (PID=847) to work on /home/airflow/.local/lib/python3.12/site-packages/airflow/example_dags/example_xcomargs.py
[2024-06-10T20:17:52.466+0000] {processor.py:830} INFO - Processing file /home/airflow/.local/lib/python3.12/site-packages/airflow/example_dags/example_xcomargs.py for tasks to queue
[2024-06-10T20:17:52.469+0000] {logging_mixin.py:188} INFO - [2024-06-10T20:17:52.468+0000] {dagbag.py:545} INFO - Filling up the DagBag from /home/airflow/.local/lib/python3.12/site-packages/airflow/example_dags/example_xcomargs.py
[2024-06-10T20:17:52.476+0000] {processor.py:840} INFO - DAG(s) 'example_xcom_args', 'example_xcom_args_with_operators' retrieved from /home/airflow/.local/lib/python3.12/site-packages/airflow/example_dags/example_xcomargs.py
[2024-06-10T20:17:52.499+0000] {logging_mixin.py:188} INFO - [2024-06-10T20:17:52.499+0000] {dag.py:3096} INFO - Sync 2 DAGs
[2024-06-10T20:17:52.512+0000] {logging_mixin.py:188} INFO - [2024-06-10T20:17:52.512+0000] {dag.py:3954} INFO - Setting next_dagrun for example_xcom_args to None, run_after=None
[2024-06-10T20:17:52.516+0000] {logging_mixin.py:188} INFO - [2024-06-10T20:17:52.516+0000] {dag.py:3954} INFO - Setting next_dagrun for example_xcom_args_with_operators to None, run_after=None
[2024-06-10T20:17:52.539+0000] {processor.py:183} INFO - Processing /home/airflow/.local/lib/python3.12/site-packages/airflow/example_dags/example_xcomargs.py took 0.079 seconds
[2024-06-10T20:18:23.384+0000] {processor.py:161} INFO - Started process (PID=904) to work on /home/airflow/.local/lib/python3.12/site-packages/airflow/example_dags/example_xcomargs.py
[2024-06-10T20:18:23.385+0000] {processor.py:830} INFO - Processing file /home/airflow/.local/lib/python3.12/site-packages/airflow/example_dags/example_xcomargs.py for tasks to queue
[2024-06-10T20:18:23.387+0000] {logging_mixin.py:188} INFO - [2024-06-10T20:18:23.387+0000] {dagbag.py:545} INFO - Filling up the DagBag from /home/airflow/.local/lib/python3.12/site-packages/airflow/example_dags/example_xcomargs.py
[2024-06-10T20:18:23.394+0000] {processor.py:840} INFO - DAG(s) 'example_xcom_args', 'example_xcom_args_with_operators' retrieved from /home/airflow/.local/lib/python3.12/site-packages/airflow/example_dags/example_xcomargs.py
[2024-06-10T20:18:23.413+0000] {logging_mixin.py:188} INFO - [2024-06-10T20:18:23.413+0000] {dag.py:3096} INFO - Sync 2 DAGs
[2024-06-10T20:18:23.424+0000] {logging_mixin.py:188} INFO - [2024-06-10T20:18:23.424+0000] {dag.py:3954} INFO - Setting next_dagrun for example_xcom_args to None, run_after=None
[2024-06-10T20:18:23.428+0000] {logging_mixin.py:188} INFO - [2024-06-10T20:18:23.428+0000] {dag.py:3954} INFO - Setting next_dagrun for example_xcom_args_with_operators to None, run_after=None
[2024-06-10T20:18:23.444+0000] {processor.py:183} INFO - Processing /home/airflow/.local/lib/python3.12/site-packages/airflow/example_dags/example_xcomargs.py took 0.064 seconds
[2024-06-10T20:18:53.565+0000] {processor.py:161} INFO - Started process (PID=962) to work on /home/airflow/.local/lib/python3.12/site-packages/airflow/example_dags/example_xcomargs.py
[2024-06-10T20:18:53.566+0000] {processor.py:830} INFO - Processing file /home/airflow/.local/lib/python3.12/site-packages/airflow/example_dags/example_xcomargs.py for tasks to queue
[2024-06-10T20:18:53.568+0000] {logging_mixin.py:188} INFO - [2024-06-10T20:18:53.567+0000] {dagbag.py:545} INFO - Filling up the DagBag from /home/airflow/.local/lib/python3.12/site-packages/airflow/example_dags/example_xcomargs.py
[2024-06-10T20:18:53.574+0000] {processor.py:840} INFO - DAG(s) 'example_xcom_args', 'example_xcom_args_with_operators' retrieved from /home/airflow/.local/lib/python3.12/site-packages/airflow/example_dags/example_xcomargs.py
[2024-06-10T20:18:53.595+0000] {logging_mixin.py:188} INFO - [2024-06-10T20:18:53.595+0000] {dag.py:3096} INFO - Sync 2 DAGs
[2024-06-10T20:18:53.606+0000] {logging_mixin.py:188} INFO - [2024-06-10T20:18:53.606+0000] {dag.py:3954} INFO - Setting next_dagrun for example_xcom_args to None, run_after=None
[2024-06-10T20:18:53.610+0000] {logging_mixin.py:188} INFO - [2024-06-10T20:18:53.610+0000] {dag.py:3954} INFO - Setting next_dagrun for example_xcom_args_with_operators to None, run_after=None
[2024-06-10T20:18:53.627+0000] {processor.py:183} INFO - Processing /home/airflow/.local/lib/python3.12/site-packages/airflow/example_dags/example_xcomargs.py took 0.066 seconds
[2024-06-10T20:19:23.938+0000] {processor.py:161} INFO - Started process (PID=1020) to work on /home/airflow/.local/lib/python3.12/site-packages/airflow/example_dags/example_xcomargs.py
[2024-06-10T20:19:23.939+0000] {processor.py:830} INFO - Processing file /home/airflow/.local/lib/python3.12/site-packages/airflow/example_dags/example_xcomargs.py for tasks to queue
[2024-06-10T20:19:23.941+0000] {logging_mixin.py:188} INFO - [2024-06-10T20:19:23.941+0000] {dagbag.py:545} INFO - Filling up the DagBag from /home/airflow/.local/lib/python3.12/site-packages/airflow/example_dags/example_xcomargs.py
[2024-06-10T20:19:23.948+0000] {processor.py:840} INFO - DAG(s) 'example_xcom_args_with_operators', 'example_xcom_args' retrieved from /home/airflow/.local/lib/python3.12/site-packages/airflow/example_dags/example_xcomargs.py
[2024-06-10T20:19:23.969+0000] {logging_mixin.py:188} INFO - [2024-06-10T20:19:23.969+0000] {dag.py:3096} INFO - Sync 2 DAGs
[2024-06-10T20:19:23.979+0000] {logging_mixin.py:188} INFO - [2024-06-10T20:19:23.979+0000] {dag.py:3954} INFO - Setting next_dagrun for example_xcom_args to None, run_after=None
[2024-06-10T20:19:23.983+0000] {logging_mixin.py:188} INFO - [2024-06-10T20:19:23.983+0000] {dag.py:3954} INFO - Setting next_dagrun for example_xcom_args_with_operators to None, run_after=None
[2024-06-10T20:19:24.001+0000] {processor.py:183} INFO - Processing /home/airflow/.local/lib/python3.12/site-packages/airflow/example_dags/example_xcomargs.py took 0.068 seconds
[2024-06-10T20:19:54.280+0000] {processor.py:161} INFO - Started process (PID=1078) to work on /home/airflow/.local/lib/python3.12/site-packages/airflow/example_dags/example_xcomargs.py
[2024-06-10T20:19:54.281+0000] {processor.py:830} INFO - Processing file /home/airflow/.local/lib/python3.12/site-packages/airflow/example_dags/example_xcomargs.py for tasks to queue
[2024-06-10T20:19:54.283+0000] {logging_mixin.py:188} INFO - [2024-06-10T20:19:54.283+0000] {dagbag.py:545} INFO - Filling up the DagBag from /home/airflow/.local/lib/python3.12/site-packages/airflow/example_dags/example_xcomargs.py
[2024-06-10T20:19:54.289+0000] {processor.py:840} INFO - DAG(s) 'example_xcom_args_with_operators', 'example_xcom_args' retrieved from /home/airflow/.local/lib/python3.12/site-packages/airflow/example_dags/example_xcomargs.py
[2024-06-10T20:19:54.307+0000] {logging_mixin.py:188} INFO - [2024-06-10T20:19:54.307+0000] {dag.py:3096} INFO - Sync 2 DAGs
[2024-06-10T20:19:54.318+0000] {logging_mixin.py:188} INFO - [2024-06-10T20:19:54.318+0000] {dag.py:3954} INFO - Setting next_dagrun for example_xcom_args to None, run_after=None
[2024-06-10T20:19:54.321+0000] {logging_mixin.py:188} INFO - [2024-06-10T20:19:54.321+0000] {dag.py:3954} INFO - Setting next_dagrun for example_xcom_args_with_operators to None, run_after=None
[2024-06-10T20:19:54.339+0000] {processor.py:183} INFO - Processing /home/airflow/.local/lib/python3.12/site-packages/airflow/example_dags/example_xcomargs.py took 0.064 seconds
[2024-06-10T20:20:24.971+0000] {processor.py:161} INFO - Started process (PID=1136) to work on /home/airflow/.local/lib/python3.12/site-packages/airflow/example_dags/example_xcomargs.py
[2024-06-10T20:20:24.972+0000] {processor.py:830} INFO - Processing file /home/airflow/.local/lib/python3.12/site-packages/airflow/example_dags/example_xcomargs.py for tasks to queue
[2024-06-10T20:20:24.973+0000] {logging_mixin.py:188} INFO - [2024-06-10T20:20:24.973+0000] {dagbag.py:545} INFO - Filling up the DagBag from /home/airflow/.local/lib/python3.12/site-packages/airflow/example_dags/example_xcomargs.py
[2024-06-10T20:20:24.979+0000] {processor.py:840} INFO - DAG(s) 'example_xcom_args_with_operators', 'example_xcom_args' retrieved from /home/airflow/.local/lib/python3.12/site-packages/airflow/example_dags/example_xcomargs.py
[2024-06-10T20:20:24.997+0000] {logging_mixin.py:188} INFO - [2024-06-10T20:20:24.997+0000] {dag.py:3096} INFO - Sync 2 DAGs
[2024-06-10T20:20:25.007+0000] {logging_mixin.py:188} INFO - [2024-06-10T20:20:25.007+0000] {dag.py:3954} INFO - Setting next_dagrun for example_xcom_args to None, run_after=None
[2024-06-10T20:20:25.011+0000] {logging_mixin.py:188} INFO - [2024-06-10T20:20:25.011+0000] {dag.py:3954} INFO - Setting next_dagrun for example_xcom_args_with_operators to None, run_after=None
[2024-06-10T20:20:25.026+0000] {processor.py:183} INFO - Processing /home/airflow/.local/lib/python3.12/site-packages/airflow/example_dags/example_xcomargs.py took 0.060 seconds
[2024-06-10T20:20:55.908+0000] {processor.py:161} INFO - Started process (PID=1194) to work on /home/airflow/.local/lib/python3.12/site-packages/airflow/example_dags/example_xcomargs.py
[2024-06-10T20:20:55.909+0000] {processor.py:830} INFO - Processing file /home/airflow/.local/lib/python3.12/site-packages/airflow/example_dags/example_xcomargs.py for tasks to queue
[2024-06-10T20:20:55.911+0000] {logging_mixin.py:188} INFO - [2024-06-10T20:20:55.911+0000] {dagbag.py:545} INFO - Filling up the DagBag from /home/airflow/.local/lib/python3.12/site-packages/airflow/example_dags/example_xcomargs.py
[2024-06-10T20:20:55.918+0000] {processor.py:840} INFO - DAG(s) 'example_xcom_args', 'example_xcom_args_with_operators' retrieved from /home/airflow/.local/lib/python3.12/site-packages/airflow/example_dags/example_xcomargs.py
[2024-06-10T20:20:55.940+0000] {logging_mixin.py:188} INFO - [2024-06-10T20:20:55.940+0000] {dag.py:3096} INFO - Sync 2 DAGs
[2024-06-10T20:20:55.952+0000] {logging_mixin.py:188} INFO - [2024-06-10T20:20:55.952+0000] {dag.py:3954} INFO - Setting next_dagrun for example_xcom_args to None, run_after=None
[2024-06-10T20:20:55.956+0000] {logging_mixin.py:188} INFO - [2024-06-10T20:20:55.956+0000] {dag.py:3954} INFO - Setting next_dagrun for example_xcom_args_with_operators to None, run_after=None
[2024-06-10T20:20:55.978+0000] {processor.py:183} INFO - Processing /home/airflow/.local/lib/python3.12/site-packages/airflow/example_dags/example_xcomargs.py took 0.075 seconds
[2024-06-10T20:21:44.138+0000] {processor.py:161} INFO - Started process (PID=87) to work on /home/airflow/.local/lib/python3.12/site-packages/airflow/example_dags/example_xcomargs.py
[2024-06-10T20:21:44.138+0000] {processor.py:830} INFO - Processing file /home/airflow/.local/lib/python3.12/site-packages/airflow/example_dags/example_xcomargs.py for tasks to queue
[2024-06-10T20:21:44.140+0000] {logging_mixin.py:188} INFO - [2024-06-10T20:21:44.140+0000] {dagbag.py:545} INFO - Filling up the DagBag from /home/airflow/.local/lib/python3.12/site-packages/airflow/example_dags/example_xcomargs.py
[2024-06-10T20:21:44.152+0000] {processor.py:840} INFO - DAG(s) 'example_xcom_args_with_operators', 'example_xcom_args' retrieved from /home/airflow/.local/lib/python3.12/site-packages/airflow/example_dags/example_xcomargs.py
[2024-06-10T20:21:44.176+0000] {logging_mixin.py:188} INFO - [2024-06-10T20:21:44.176+0000] {dag.py:3096} INFO - Sync 2 DAGs
[2024-06-10T20:21:44.314+0000] {logging_mixin.py:188} INFO - [2024-06-10T20:21:44.313+0000] {dag.py:3954} INFO - Setting next_dagrun for example_xcom_args to None, run_after=None
[2024-06-10T20:21:44.367+0000] {logging_mixin.py:188} INFO - [2024-06-10T20:21:44.367+0000] {dag.py:3954} INFO - Setting next_dagrun for example_xcom_args_with_operators to None, run_after=None
[2024-06-10T20:21:44.389+0000] {processor.py:183} INFO - Processing /home/airflow/.local/lib/python3.12/site-packages/airflow/example_dags/example_xcomargs.py took 0.256 seconds
[2024-06-10T20:22:15.416+0000] {processor.py:161} INFO - Started process (PID=146) to work on /home/airflow/.local/lib/python3.12/site-packages/airflow/example_dags/example_xcomargs.py
[2024-06-10T20:22:15.418+0000] {processor.py:830} INFO - Processing file /home/airflow/.local/lib/python3.12/site-packages/airflow/example_dags/example_xcomargs.py for tasks to queue
[2024-06-10T20:22:15.420+0000] {logging_mixin.py:188} INFO - [2024-06-10T20:22:15.420+0000] {dagbag.py:545} INFO - Filling up the DagBag from /home/airflow/.local/lib/python3.12/site-packages/airflow/example_dags/example_xcomargs.py
[2024-06-10T20:22:15.428+0000] {processor.py:840} INFO - DAG(s) 'example_xcom_args_with_operators', 'example_xcom_args' retrieved from /home/airflow/.local/lib/python3.12/site-packages/airflow/example_dags/example_xcomargs.py
[2024-06-10T20:22:15.449+0000] {logging_mixin.py:188} INFO - [2024-06-10T20:22:15.449+0000] {dag.py:3096} INFO - Sync 2 DAGs
[2024-06-10T20:22:15.458+0000] {logging_mixin.py:188} INFO - [2024-06-10T20:22:15.458+0000] {dag.py:3954} INFO - Setting next_dagrun for example_xcom_args to None, run_after=None
[2024-06-10T20:22:15.461+0000] {logging_mixin.py:188} INFO - [2024-06-10T20:22:15.461+0000] {dag.py:3954} INFO - Setting next_dagrun for example_xcom_args_with_operators to None, run_after=None
[2024-06-10T20:22:15.478+0000] {processor.py:183} INFO - Processing /home/airflow/.local/lib/python3.12/site-packages/airflow/example_dags/example_xcomargs.py took 0.070 seconds
