[2024-06-10T20:11:08.586+0000] {processor.py:161} INFO - Started process (PID=48) to work on /home/airflow/.local/lib/python3.12/site-packages/airflow/example_dags/example_branch_labels.py
[2024-06-10T20:11:08.587+0000] {processor.py:830} INFO - Processing file /home/airflow/.local/lib/python3.12/site-packages/airflow/example_dags/example_branch_labels.py for tasks to queue
[2024-06-10T20:11:08.589+0000] {logging_mixin.py:188} INFO - [2024-06-10T20:11:08.588+0000] {dagbag.py:545} INFO - Filling up the DagBag from /home/airflow/.local/lib/python3.12/site-packages/airflow/example_dags/example_branch_labels.py
[2024-06-10T20:11:08.599+0000] {processor.py:840} INFO - DAG(s) 'example_branch_labels' retrieved from /home/airflow/.local/lib/python3.12/site-packages/airflow/example_dags/example_branch_labels.py
[2024-06-10T20:11:08.712+0000] {logging_mixin.py:188} INFO - [2024-06-10T20:11:08.712+0000] {override.py:1829} INFO - Created Permission View: can delete on DAG:example_branch_labels
[2024-06-10T20:11:08.727+0000] {logging_mixin.py:188} INFO - [2024-06-10T20:11:08.727+0000] {override.py:1829} INFO - Created Permission View: can edit on DAG:example_branch_labels
[2024-06-10T20:11:08.736+0000] {logging_mixin.py:188} INFO - [2024-06-10T20:11:08.736+0000] {override.py:1829} INFO - Created Permission View: can read on DAG:example_branch_labels
[2024-06-10T20:11:08.736+0000] {logging_mixin.py:188} INFO - [2024-06-10T20:11:08.736+0000] {dag.py:3096} INFO - Sync 1 DAGs
[2024-06-10T20:11:08.746+0000] {logging_mixin.py:188} INFO - [2024-06-10T20:11:08.746+0000] {dag.py:3118} INFO - Creating ORM DAG for example_branch_labels
[2024-06-10T20:11:08.755+0000] {logging_mixin.py:188} INFO - [2024-06-10T20:11:08.754+0000] {dag.py:3954} INFO - Setting next_dagrun for example_branch_labels to 2024-06-09 00:00:00+00:00, run_after=2024-06-10 00:00:00+00:00
[2024-06-10T20:11:08.771+0000] {processor.py:183} INFO - Processing /home/airflow/.local/lib/python3.12/site-packages/airflow/example_dags/example_branch_labels.py took 0.190 seconds
[2024-06-10T20:11:39.458+0000] {processor.py:161} INFO - Started process (PID=106) to work on /home/airflow/.local/lib/python3.12/site-packages/airflow/example_dags/example_branch_labels.py
[2024-06-10T20:11:39.459+0000] {processor.py:830} INFO - Processing file /home/airflow/.local/lib/python3.12/site-packages/airflow/example_dags/example_branch_labels.py for tasks to queue
[2024-06-10T20:11:39.462+0000] {logging_mixin.py:188} INFO - [2024-06-10T20:11:39.461+0000] {dagbag.py:545} INFO - Filling up the DagBag from /home/airflow/.local/lib/python3.12/site-packages/airflow/example_dags/example_branch_labels.py
[2024-06-10T20:11:39.469+0000] {processor.py:840} INFO - DAG(s) 'example_branch_labels' retrieved from /home/airflow/.local/lib/python3.12/site-packages/airflow/example_dags/example_branch_labels.py
[2024-06-10T20:11:39.486+0000] {logging_mixin.py:188} INFO - [2024-06-10T20:11:39.486+0000] {dag.py:3096} INFO - Sync 1 DAGs
[2024-06-10T20:11:39.501+0000] {logging_mixin.py:188} INFO - [2024-06-10T20:11:39.501+0000] {dag.py:3954} INFO - Setting next_dagrun for example_branch_labels to 2024-06-09 00:00:00+00:00, run_after=2024-06-10 00:00:00+00:00
[2024-06-10T20:11:39.517+0000] {processor.py:183} INFO - Processing /home/airflow/.local/lib/python3.12/site-packages/airflow/example_dags/example_branch_labels.py took 0.067 seconds
[2024-06-10T20:12:09.579+0000] {processor.py:161} INFO - Started process (PID=164) to work on /home/airflow/.local/lib/python3.12/site-packages/airflow/example_dags/example_branch_labels.py
[2024-06-10T20:12:09.580+0000] {processor.py:830} INFO - Processing file /home/airflow/.local/lib/python3.12/site-packages/airflow/example_dags/example_branch_labels.py for tasks to queue
[2024-06-10T20:12:09.581+0000] {logging_mixin.py:188} INFO - [2024-06-10T20:12:09.581+0000] {dagbag.py:545} INFO - Filling up the DagBag from /home/airflow/.local/lib/python3.12/site-packages/airflow/example_dags/example_branch_labels.py
[2024-06-10T20:12:09.587+0000] {processor.py:840} INFO - DAG(s) 'example_branch_labels' retrieved from /home/airflow/.local/lib/python3.12/site-packages/airflow/example_dags/example_branch_labels.py
[2024-06-10T20:12:09.602+0000] {logging_mixin.py:188} INFO - [2024-06-10T20:12:09.602+0000] {dag.py:3096} INFO - Sync 1 DAGs
[2024-06-10T20:12:09.618+0000] {logging_mixin.py:188} INFO - [2024-06-10T20:12:09.618+0000] {dag.py:3954} INFO - Setting next_dagrun for example_branch_labels to 2024-06-09 00:00:00+00:00, run_after=2024-06-10 00:00:00+00:00
[2024-06-10T20:12:09.635+0000] {processor.py:183} INFO - Processing /home/airflow/.local/lib/python3.12/site-packages/airflow/example_dags/example_branch_labels.py took 0.059 seconds
[2024-06-10T20:12:40.076+0000] {processor.py:161} INFO - Started process (PID=222) to work on /home/airflow/.local/lib/python3.12/site-packages/airflow/example_dags/example_branch_labels.py
[2024-06-10T20:12:40.077+0000] {processor.py:830} INFO - Processing file /home/airflow/.local/lib/python3.12/site-packages/airflow/example_dags/example_branch_labels.py for tasks to queue
[2024-06-10T20:12:40.079+0000] {logging_mixin.py:188} INFO - [2024-06-10T20:12:40.079+0000] {dagbag.py:545} INFO - Filling up the DagBag from /home/airflow/.local/lib/python3.12/site-packages/airflow/example_dags/example_branch_labels.py
[2024-06-10T20:12:40.085+0000] {processor.py:840} INFO - DAG(s) 'example_branch_labels' retrieved from /home/airflow/.local/lib/python3.12/site-packages/airflow/example_dags/example_branch_labels.py
[2024-06-10T20:12:40.107+0000] {logging_mixin.py:188} INFO - [2024-06-10T20:12:40.107+0000] {dag.py:3096} INFO - Sync 1 DAGs
[2024-06-10T20:12:40.125+0000] {logging_mixin.py:188} INFO - [2024-06-10T20:12:40.125+0000] {dag.py:3954} INFO - Setting next_dagrun for example_branch_labels to 2024-06-09 00:00:00+00:00, run_after=2024-06-10 00:00:00+00:00
[2024-06-10T20:12:40.145+0000] {processor.py:183} INFO - Processing /home/airflow/.local/lib/python3.12/site-packages/airflow/example_dags/example_branch_labels.py took 0.073 seconds
[2024-06-10T20:13:10.432+0000] {processor.py:161} INFO - Started process (PID=280) to work on /home/airflow/.local/lib/python3.12/site-packages/airflow/example_dags/example_branch_labels.py
[2024-06-10T20:13:10.433+0000] {processor.py:830} INFO - Processing file /home/airflow/.local/lib/python3.12/site-packages/airflow/example_dags/example_branch_labels.py for tasks to queue
[2024-06-10T20:13:10.435+0000] {logging_mixin.py:188} INFO - [2024-06-10T20:13:10.435+0000] {dagbag.py:545} INFO - Filling up the DagBag from /home/airflow/.local/lib/python3.12/site-packages/airflow/example_dags/example_branch_labels.py
[2024-06-10T20:13:10.441+0000] {processor.py:840} INFO - DAG(s) 'example_branch_labels' retrieved from /home/airflow/.local/lib/python3.12/site-packages/airflow/example_dags/example_branch_labels.py
[2024-06-10T20:13:10.458+0000] {logging_mixin.py:188} INFO - [2024-06-10T20:13:10.458+0000] {dag.py:3096} INFO - Sync 1 DAGs
[2024-06-10T20:13:10.475+0000] {logging_mixin.py:188} INFO - [2024-06-10T20:13:10.474+0000] {dag.py:3954} INFO - Setting next_dagrun for example_branch_labels to 2024-06-09 00:00:00+00:00, run_after=2024-06-10 00:00:00+00:00
[2024-06-10T20:13:10.490+0000] {processor.py:183} INFO - Processing /home/airflow/.local/lib/python3.12/site-packages/airflow/example_dags/example_branch_labels.py took 0.062 seconds
[2024-06-10T20:13:40.836+0000] {processor.py:161} INFO - Started process (PID=338) to work on /home/airflow/.local/lib/python3.12/site-packages/airflow/example_dags/example_branch_labels.py
[2024-06-10T20:13:40.837+0000] {processor.py:830} INFO - Processing file /home/airflow/.local/lib/python3.12/site-packages/airflow/example_dags/example_branch_labels.py for tasks to queue
[2024-06-10T20:13:40.839+0000] {logging_mixin.py:188} INFO - [2024-06-10T20:13:40.839+0000] {dagbag.py:545} INFO - Filling up the DagBag from /home/airflow/.local/lib/python3.12/site-packages/airflow/example_dags/example_branch_labels.py
[2024-06-10T20:13:40.846+0000] {processor.py:840} INFO - DAG(s) 'example_branch_labels' retrieved from /home/airflow/.local/lib/python3.12/site-packages/airflow/example_dags/example_branch_labels.py
[2024-06-10T20:13:40.863+0000] {logging_mixin.py:188} INFO - [2024-06-10T20:13:40.863+0000] {dag.py:3096} INFO - Sync 1 DAGs
[2024-06-10T20:13:40.882+0000] {logging_mixin.py:188} INFO - [2024-06-10T20:13:40.882+0000] {dag.py:3954} INFO - Setting next_dagrun for example_branch_labels to 2024-06-09 00:00:00+00:00, run_after=2024-06-10 00:00:00+00:00
[2024-06-10T20:13:40.898+0000] {processor.py:183} INFO - Processing /home/airflow/.local/lib/python3.12/site-packages/airflow/example_dags/example_branch_labels.py took 0.067 seconds
[2024-06-10T20:14:11.507+0000] {processor.py:161} INFO - Started process (PID=396) to work on /home/airflow/.local/lib/python3.12/site-packages/airflow/example_dags/example_branch_labels.py
[2024-06-10T20:14:11.508+0000] {processor.py:830} INFO - Processing file /home/airflow/.local/lib/python3.12/site-packages/airflow/example_dags/example_branch_labels.py for tasks to queue
[2024-06-10T20:14:11.510+0000] {logging_mixin.py:188} INFO - [2024-06-10T20:14:11.509+0000] {dagbag.py:545} INFO - Filling up the DagBag from /home/airflow/.local/lib/python3.12/site-packages/airflow/example_dags/example_branch_labels.py
[2024-06-10T20:14:11.516+0000] {processor.py:840} INFO - DAG(s) 'example_branch_labels' retrieved from /home/airflow/.local/lib/python3.12/site-packages/airflow/example_dags/example_branch_labels.py
[2024-06-10T20:14:11.531+0000] {logging_mixin.py:188} INFO - [2024-06-10T20:14:11.531+0000] {dag.py:3096} INFO - Sync 1 DAGs
[2024-06-10T20:14:11.547+0000] {logging_mixin.py:188} INFO - [2024-06-10T20:14:11.546+0000] {dag.py:3954} INFO - Setting next_dagrun for example_branch_labels to 2024-06-09 00:00:00+00:00, run_after=2024-06-10 00:00:00+00:00
[2024-06-10T20:14:11.564+0000] {processor.py:183} INFO - Processing /home/airflow/.local/lib/python3.12/site-packages/airflow/example_dags/example_branch_labels.py took 0.061 seconds
[2024-06-10T20:14:41.678+0000] {processor.py:161} INFO - Started process (PID=454) to work on /home/airflow/.local/lib/python3.12/site-packages/airflow/example_dags/example_branch_labels.py
[2024-06-10T20:14:41.679+0000] {processor.py:830} INFO - Processing file /home/airflow/.local/lib/python3.12/site-packages/airflow/example_dags/example_branch_labels.py for tasks to queue
[2024-06-10T20:14:41.681+0000] {logging_mixin.py:188} INFO - [2024-06-10T20:14:41.681+0000] {dagbag.py:545} INFO - Filling up the DagBag from /home/airflow/.local/lib/python3.12/site-packages/airflow/example_dags/example_branch_labels.py
[2024-06-10T20:14:41.688+0000] {processor.py:840} INFO - DAG(s) 'example_branch_labels' retrieved from /home/airflow/.local/lib/python3.12/site-packages/airflow/example_dags/example_branch_labels.py
[2024-06-10T20:14:41.704+0000] {logging_mixin.py:188} INFO - [2024-06-10T20:14:41.704+0000] {dag.py:3096} INFO - Sync 1 DAGs
[2024-06-10T20:14:41.720+0000] {logging_mixin.py:188} INFO - [2024-06-10T20:14:41.720+0000] {dag.py:3954} INFO - Setting next_dagrun for example_branch_labels to 2024-06-09 00:00:00+00:00, run_after=2024-06-10 00:00:00+00:00
[2024-06-10T20:14:41.736+0000] {processor.py:183} INFO - Processing /home/airflow/.local/lib/python3.12/site-packages/airflow/example_dags/example_branch_labels.py took 0.064 seconds
[2024-06-10T20:15:12.051+0000] {processor.py:161} INFO - Started process (PID=512) to work on /home/airflow/.local/lib/python3.12/site-packages/airflow/example_dags/example_branch_labels.py
[2024-06-10T20:15:12.054+0000] {processor.py:830} INFO - Processing file /home/airflow/.local/lib/python3.12/site-packages/airflow/example_dags/example_branch_labels.py for tasks to queue
[2024-06-10T20:15:12.056+0000] {logging_mixin.py:188} INFO - [2024-06-10T20:15:12.056+0000] {dagbag.py:545} INFO - Filling up the DagBag from /home/airflow/.local/lib/python3.12/site-packages/airflow/example_dags/example_branch_labels.py
[2024-06-10T20:15:12.062+0000] {processor.py:840} INFO - DAG(s) 'example_branch_labels' retrieved from /home/airflow/.local/lib/python3.12/site-packages/airflow/example_dags/example_branch_labels.py
[2024-06-10T20:15:12.082+0000] {logging_mixin.py:188} INFO - [2024-06-10T20:15:12.082+0000] {dag.py:3096} INFO - Sync 1 DAGs
[2024-06-10T20:15:12.101+0000] {logging_mixin.py:188} INFO - [2024-06-10T20:15:12.101+0000] {dag.py:3954} INFO - Setting next_dagrun for example_branch_labels to 2024-06-09 00:00:00+00:00, run_after=2024-06-10 00:00:00+00:00
[2024-06-10T20:15:12.119+0000] {processor.py:183} INFO - Processing /home/airflow/.local/lib/python3.12/site-packages/airflow/example_dags/example_branch_labels.py took 0.072 seconds
[2024-06-10T20:15:42.256+0000] {processor.py:161} INFO - Started process (PID=570) to work on /home/airflow/.local/lib/python3.12/site-packages/airflow/example_dags/example_branch_labels.py
[2024-06-10T20:15:42.257+0000] {processor.py:830} INFO - Processing file /home/airflow/.local/lib/python3.12/site-packages/airflow/example_dags/example_branch_labels.py for tasks to queue
[2024-06-10T20:15:42.259+0000] {logging_mixin.py:188} INFO - [2024-06-10T20:15:42.259+0000] {dagbag.py:545} INFO - Filling up the DagBag from /home/airflow/.local/lib/python3.12/site-packages/airflow/example_dags/example_branch_labels.py
[2024-06-10T20:15:42.265+0000] {processor.py:840} INFO - DAG(s) 'example_branch_labels' retrieved from /home/airflow/.local/lib/python3.12/site-packages/airflow/example_dags/example_branch_labels.py
[2024-06-10T20:15:42.281+0000] {logging_mixin.py:188} INFO - [2024-06-10T20:15:42.281+0000] {dag.py:3096} INFO - Sync 1 DAGs
[2024-06-10T20:15:42.316+0000] {logging_mixin.py:188} INFO - [2024-06-10T20:15:42.316+0000] {dag.py:3954} INFO - Setting next_dagrun for example_branch_labels to 2024-06-09 00:00:00+00:00, run_after=2024-06-10 00:00:00+00:00
[2024-06-10T20:15:42.334+0000] {processor.py:183} INFO - Processing /home/airflow/.local/lib/python3.12/site-packages/airflow/example_dags/example_branch_labels.py took 0.082 seconds
[2024-06-10T20:16:12.616+0000] {processor.py:161} INFO - Started process (PID=628) to work on /home/airflow/.local/lib/python3.12/site-packages/airflow/example_dags/example_branch_labels.py
[2024-06-10T20:16:12.618+0000] {processor.py:830} INFO - Processing file /home/airflow/.local/lib/python3.12/site-packages/airflow/example_dags/example_branch_labels.py for tasks to queue
[2024-06-10T20:16:12.619+0000] {logging_mixin.py:188} INFO - [2024-06-10T20:16:12.619+0000] {dagbag.py:545} INFO - Filling up the DagBag from /home/airflow/.local/lib/python3.12/site-packages/airflow/example_dags/example_branch_labels.py
[2024-06-10T20:16:12.626+0000] {processor.py:840} INFO - DAG(s) 'example_branch_labels' retrieved from /home/airflow/.local/lib/python3.12/site-packages/airflow/example_dags/example_branch_labels.py
[2024-06-10T20:16:12.642+0000] {logging_mixin.py:188} INFO - [2024-06-10T20:16:12.642+0000] {dag.py:3096} INFO - Sync 1 DAGs
[2024-06-10T20:16:12.658+0000] {logging_mixin.py:188} INFO - [2024-06-10T20:16:12.658+0000] {dag.py:3954} INFO - Setting next_dagrun for example_branch_labels to 2024-06-09 00:00:00+00:00, run_after=2024-06-10 00:00:00+00:00
[2024-06-10T20:16:12.674+0000] {processor.py:183} INFO - Processing /home/airflow/.local/lib/python3.12/site-packages/airflow/example_dags/example_branch_labels.py took 0.063 seconds
[2024-06-10T20:16:42.950+0000] {processor.py:161} INFO - Started process (PID=686) to work on /home/airflow/.local/lib/python3.12/site-packages/airflow/example_dags/example_branch_labels.py
[2024-06-10T20:16:42.951+0000] {processor.py:830} INFO - Processing file /home/airflow/.local/lib/python3.12/site-packages/airflow/example_dags/example_branch_labels.py for tasks to queue
[2024-06-10T20:16:42.952+0000] {logging_mixin.py:188} INFO - [2024-06-10T20:16:42.952+0000] {dagbag.py:545} INFO - Filling up the DagBag from /home/airflow/.local/lib/python3.12/site-packages/airflow/example_dags/example_branch_labels.py
[2024-06-10T20:16:42.958+0000] {processor.py:840} INFO - DAG(s) 'example_branch_labels' retrieved from /home/airflow/.local/lib/python3.12/site-packages/airflow/example_dags/example_branch_labels.py
[2024-06-10T20:16:42.975+0000] {logging_mixin.py:188} INFO - [2024-06-10T20:16:42.975+0000] {dag.py:3096} INFO - Sync 1 DAGs
[2024-06-10T20:16:42.993+0000] {logging_mixin.py:188} INFO - [2024-06-10T20:16:42.993+0000] {dag.py:3954} INFO - Setting next_dagrun for example_branch_labels to 2024-06-09 00:00:00+00:00, run_after=2024-06-10 00:00:00+00:00
[2024-06-10T20:16:43.011+0000] {processor.py:183} INFO - Processing /home/airflow/.local/lib/python3.12/site-packages/airflow/example_dags/example_branch_labels.py took 0.067 seconds
[2024-06-10T20:17:13.375+0000] {processor.py:161} INFO - Started process (PID=744) to work on /home/airflow/.local/lib/python3.12/site-packages/airflow/example_dags/example_branch_labels.py
[2024-06-10T20:17:13.377+0000] {processor.py:830} INFO - Processing file /home/airflow/.local/lib/python3.12/site-packages/airflow/example_dags/example_branch_labels.py for tasks to queue
[2024-06-10T20:17:13.378+0000] {logging_mixin.py:188} INFO - [2024-06-10T20:17:13.378+0000] {dagbag.py:545} INFO - Filling up the DagBag from /home/airflow/.local/lib/python3.12/site-packages/airflow/example_dags/example_branch_labels.py
[2024-06-10T20:17:13.385+0000] {processor.py:840} INFO - DAG(s) 'example_branch_labels' retrieved from /home/airflow/.local/lib/python3.12/site-packages/airflow/example_dags/example_branch_labels.py
[2024-06-10T20:17:13.401+0000] {logging_mixin.py:188} INFO - [2024-06-10T20:17:13.401+0000] {dag.py:3096} INFO - Sync 1 DAGs
[2024-06-10T20:17:13.419+0000] {logging_mixin.py:188} INFO - [2024-06-10T20:17:13.419+0000] {dag.py:3954} INFO - Setting next_dagrun for example_branch_labels to 2024-06-09 00:00:00+00:00, run_after=2024-06-10 00:00:00+00:00
[2024-06-10T20:17:13.436+0000] {processor.py:183} INFO - Processing /home/airflow/.local/lib/python3.12/site-packages/airflow/example_dags/example_branch_labels.py took 0.065 seconds
[2024-06-10T20:17:43.922+0000] {processor.py:161} INFO - Started process (PID=802) to work on /home/airflow/.local/lib/python3.12/site-packages/airflow/example_dags/example_branch_labels.py
[2024-06-10T20:17:43.923+0000] {processor.py:830} INFO - Processing file /home/airflow/.local/lib/python3.12/site-packages/airflow/example_dags/example_branch_labels.py for tasks to queue
[2024-06-10T20:17:43.925+0000] {logging_mixin.py:188} INFO - [2024-06-10T20:17:43.925+0000] {dagbag.py:545} INFO - Filling up the DagBag from /home/airflow/.local/lib/python3.12/site-packages/airflow/example_dags/example_branch_labels.py
[2024-06-10T20:17:43.931+0000] {processor.py:840} INFO - DAG(s) 'example_branch_labels' retrieved from /home/airflow/.local/lib/python3.12/site-packages/airflow/example_dags/example_branch_labels.py
[2024-06-10T20:17:43.948+0000] {logging_mixin.py:188} INFO - [2024-06-10T20:17:43.947+0000] {dag.py:3096} INFO - Sync 1 DAGs
[2024-06-10T20:17:43.964+0000] {logging_mixin.py:188} INFO - [2024-06-10T20:17:43.964+0000] {dag.py:3954} INFO - Setting next_dagrun for example_branch_labels to 2024-06-09 00:00:00+00:00, run_after=2024-06-10 00:00:00+00:00
[2024-06-10T20:17:43.982+0000] {processor.py:183} INFO - Processing /home/airflow/.local/lib/python3.12/site-packages/airflow/example_dags/example_branch_labels.py took 0.065 seconds
[2024-06-10T20:18:14.146+0000] {processor.py:161} INFO - Started process (PID=860) to work on /home/airflow/.local/lib/python3.12/site-packages/airflow/example_dags/example_branch_labels.py
[2024-06-10T20:18:14.148+0000] {processor.py:830} INFO - Processing file /home/airflow/.local/lib/python3.12/site-packages/airflow/example_dags/example_branch_labels.py for tasks to queue
[2024-06-10T20:18:14.149+0000] {logging_mixin.py:188} INFO - [2024-06-10T20:18:14.149+0000] {dagbag.py:545} INFO - Filling up the DagBag from /home/airflow/.local/lib/python3.12/site-packages/airflow/example_dags/example_branch_labels.py
[2024-06-10T20:18:14.155+0000] {processor.py:840} INFO - DAG(s) 'example_branch_labels' retrieved from /home/airflow/.local/lib/python3.12/site-packages/airflow/example_dags/example_branch_labels.py
[2024-06-10T20:18:14.176+0000] {logging_mixin.py:188} INFO - [2024-06-10T20:18:14.176+0000] {dag.py:3096} INFO - Sync 1 DAGs
[2024-06-10T20:18:14.193+0000] {logging_mixin.py:188} INFO - [2024-06-10T20:18:14.193+0000] {dag.py:3954} INFO - Setting next_dagrun for example_branch_labels to 2024-06-09 00:00:00+00:00, run_after=2024-06-10 00:00:00+00:00
[2024-06-10T20:18:14.212+0000] {processor.py:183} INFO - Processing /home/airflow/.local/lib/python3.12/site-packages/airflow/example_dags/example_branch_labels.py took 0.070 seconds
[2024-06-10T20:18:44.422+0000] {processor.py:161} INFO - Started process (PID=917) to work on /home/airflow/.local/lib/python3.12/site-packages/airflow/example_dags/example_branch_labels.py
[2024-06-10T20:18:44.423+0000] {processor.py:830} INFO - Processing file /home/airflow/.local/lib/python3.12/site-packages/airflow/example_dags/example_branch_labels.py for tasks to queue
[2024-06-10T20:18:44.425+0000] {logging_mixin.py:188} INFO - [2024-06-10T20:18:44.425+0000] {dagbag.py:545} INFO - Filling up the DagBag from /home/airflow/.local/lib/python3.12/site-packages/airflow/example_dags/example_branch_labels.py
[2024-06-10T20:18:44.432+0000] {processor.py:840} INFO - DAG(s) 'example_branch_labels' retrieved from /home/airflow/.local/lib/python3.12/site-packages/airflow/example_dags/example_branch_labels.py
[2024-06-10T20:18:44.460+0000] {logging_mixin.py:188} INFO - [2024-06-10T20:18:44.459+0000] {dag.py:3096} INFO - Sync 1 DAGs
[2024-06-10T20:18:44.486+0000] {logging_mixin.py:188} INFO - [2024-06-10T20:18:44.486+0000] {dag.py:3954} INFO - Setting next_dagrun for example_branch_labels to 2024-06-09 00:00:00+00:00, run_after=2024-06-10 00:00:00+00:00
[2024-06-10T20:18:44.511+0000] {processor.py:183} INFO - Processing /home/airflow/.local/lib/python3.12/site-packages/airflow/example_dags/example_branch_labels.py took 0.093 seconds
[2024-06-10T20:19:14.721+0000] {processor.py:161} INFO - Started process (PID=975) to work on /home/airflow/.local/lib/python3.12/site-packages/airflow/example_dags/example_branch_labels.py
[2024-06-10T20:19:14.722+0000] {processor.py:830} INFO - Processing file /home/airflow/.local/lib/python3.12/site-packages/airflow/example_dags/example_branch_labels.py for tasks to queue
[2024-06-10T20:19:14.724+0000] {logging_mixin.py:188} INFO - [2024-06-10T20:19:14.724+0000] {dagbag.py:545} INFO - Filling up the DagBag from /home/airflow/.local/lib/python3.12/site-packages/airflow/example_dags/example_branch_labels.py
[2024-06-10T20:19:14.731+0000] {processor.py:840} INFO - DAG(s) 'example_branch_labels' retrieved from /home/airflow/.local/lib/python3.12/site-packages/airflow/example_dags/example_branch_labels.py
[2024-06-10T20:19:14.749+0000] {logging_mixin.py:188} INFO - [2024-06-10T20:19:14.749+0000] {dag.py:3096} INFO - Sync 1 DAGs
[2024-06-10T20:19:14.769+0000] {logging_mixin.py:188} INFO - [2024-06-10T20:19:14.769+0000] {dag.py:3954} INFO - Setting next_dagrun for example_branch_labels to 2024-06-09 00:00:00+00:00, run_after=2024-06-10 00:00:00+00:00
[2024-06-10T20:19:14.790+0000] {processor.py:183} INFO - Processing /home/airflow/.local/lib/python3.12/site-packages/airflow/example_dags/example_branch_labels.py took 0.073 seconds
[2024-06-10T20:19:45.056+0000] {processor.py:161} INFO - Started process (PID=1033) to work on /home/airflow/.local/lib/python3.12/site-packages/airflow/example_dags/example_branch_labels.py
[2024-06-10T20:19:45.057+0000] {processor.py:830} INFO - Processing file /home/airflow/.local/lib/python3.12/site-packages/airflow/example_dags/example_branch_labels.py for tasks to queue
[2024-06-10T20:19:45.060+0000] {logging_mixin.py:188} INFO - [2024-06-10T20:19:45.059+0000] {dagbag.py:545} INFO - Filling up the DagBag from /home/airflow/.local/lib/python3.12/site-packages/airflow/example_dags/example_branch_labels.py
[2024-06-10T20:19:45.065+0000] {processor.py:840} INFO - DAG(s) 'example_branch_labels' retrieved from /home/airflow/.local/lib/python3.12/site-packages/airflow/example_dags/example_branch_labels.py
[2024-06-10T20:19:45.082+0000] {logging_mixin.py:188} INFO - [2024-06-10T20:19:45.082+0000] {dag.py:3096} INFO - Sync 1 DAGs
[2024-06-10T20:19:45.098+0000] {logging_mixin.py:188} INFO - [2024-06-10T20:19:45.098+0000] {dag.py:3954} INFO - Setting next_dagrun for example_branch_labels to 2024-06-09 00:00:00+00:00, run_after=2024-06-10 00:00:00+00:00
[2024-06-10T20:19:45.116+0000] {processor.py:183} INFO - Processing /home/airflow/.local/lib/python3.12/site-packages/airflow/example_dags/example_branch_labels.py took 0.064 seconds
[2024-06-10T20:20:15.501+0000] {processor.py:161} INFO - Started process (PID=1091) to work on /home/airflow/.local/lib/python3.12/site-packages/airflow/example_dags/example_branch_labels.py
[2024-06-10T20:20:15.502+0000] {processor.py:830} INFO - Processing file /home/airflow/.local/lib/python3.12/site-packages/airflow/example_dags/example_branch_labels.py for tasks to queue
[2024-06-10T20:20:15.504+0000] {logging_mixin.py:188} INFO - [2024-06-10T20:20:15.504+0000] {dagbag.py:545} INFO - Filling up the DagBag from /home/airflow/.local/lib/python3.12/site-packages/airflow/example_dags/example_branch_labels.py
[2024-06-10T20:20:15.511+0000] {processor.py:840} INFO - DAG(s) 'example_branch_labels' retrieved from /home/airflow/.local/lib/python3.12/site-packages/airflow/example_dags/example_branch_labels.py
[2024-06-10T20:20:15.528+0000] {logging_mixin.py:188} INFO - [2024-06-10T20:20:15.527+0000] {dag.py:3096} INFO - Sync 1 DAGs
[2024-06-10T20:20:15.546+0000] {logging_mixin.py:188} INFO - [2024-06-10T20:20:15.546+0000] {dag.py:3954} INFO - Setting next_dagrun for example_branch_labels to 2024-06-09 00:00:00+00:00, run_after=2024-06-10 00:00:00+00:00
[2024-06-10T20:20:15.569+0000] {processor.py:183} INFO - Processing /home/airflow/.local/lib/python3.12/site-packages/airflow/example_dags/example_branch_labels.py took 0.077 seconds
[2024-06-10T20:20:45.678+0000] {processor.py:161} INFO - Started process (PID=1149) to work on /home/airflow/.local/lib/python3.12/site-packages/airflow/example_dags/example_branch_labels.py
[2024-06-10T20:20:45.680+0000] {processor.py:830} INFO - Processing file /home/airflow/.local/lib/python3.12/site-packages/airflow/example_dags/example_branch_labels.py for tasks to queue
[2024-06-10T20:20:45.682+0000] {logging_mixin.py:188} INFO - [2024-06-10T20:20:45.682+0000] {dagbag.py:545} INFO - Filling up the DagBag from /home/airflow/.local/lib/python3.12/site-packages/airflow/example_dags/example_branch_labels.py
[2024-06-10T20:20:45.688+0000] {processor.py:840} INFO - DAG(s) 'example_branch_labels' retrieved from /home/airflow/.local/lib/python3.12/site-packages/airflow/example_dags/example_branch_labels.py
[2024-06-10T20:20:45.707+0000] {logging_mixin.py:188} INFO - [2024-06-10T20:20:45.706+0000] {dag.py:3096} INFO - Sync 1 DAGs
[2024-06-10T20:20:45.725+0000] {logging_mixin.py:188} INFO - [2024-06-10T20:20:45.725+0000] {dag.py:3954} INFO - Setting next_dagrun for example_branch_labels to 2024-06-09 00:00:00+00:00, run_after=2024-06-10 00:00:00+00:00
[2024-06-10T20:20:45.744+0000] {processor.py:183} INFO - Processing /home/airflow/.local/lib/python3.12/site-packages/airflow/example_dags/example_branch_labels.py took 0.071 seconds
[2024-06-10T20:21:16.042+0000] {processor.py:161} INFO - Started process (PID=1207) to work on /home/airflow/.local/lib/python3.12/site-packages/airflow/example_dags/example_branch_labels.py
[2024-06-10T20:21:16.043+0000] {processor.py:830} INFO - Processing file /home/airflow/.local/lib/python3.12/site-packages/airflow/example_dags/example_branch_labels.py for tasks to queue
[2024-06-10T20:21:16.045+0000] {logging_mixin.py:188} INFO - [2024-06-10T20:21:16.044+0000] {dagbag.py:545} INFO - Filling up the DagBag from /home/airflow/.local/lib/python3.12/site-packages/airflow/example_dags/example_branch_labels.py
[2024-06-10T20:21:16.050+0000] {processor.py:840} INFO - DAG(s) 'example_branch_labels' retrieved from /home/airflow/.local/lib/python3.12/site-packages/airflow/example_dags/example_branch_labels.py
[2024-06-10T20:21:16.067+0000] {logging_mixin.py:188} INFO - [2024-06-10T20:21:16.067+0000] {dag.py:3096} INFO - Sync 1 DAGs
[2024-06-10T20:21:16.083+0000] {logging_mixin.py:188} INFO - [2024-06-10T20:21:16.083+0000] {dag.py:3954} INFO - Setting next_dagrun for example_branch_labels to 2024-06-09 00:00:00+00:00, run_after=2024-06-10 00:00:00+00:00
[2024-06-10T20:21:16.098+0000] {processor.py:183} INFO - Processing /home/airflow/.local/lib/python3.12/site-packages/airflow/example_dags/example_branch_labels.py took 0.061 seconds
[2024-06-10T20:21:41.370+0000] {processor.py:161} INFO - Started process (PID=48) to work on /home/airflow/.local/lib/python3.12/site-packages/airflow/example_dags/example_branch_labels.py
[2024-06-10T20:21:41.371+0000] {processor.py:830} INFO - Processing file /home/airflow/.local/lib/python3.12/site-packages/airflow/example_dags/example_branch_labels.py for tasks to queue
[2024-06-10T20:21:41.372+0000] {logging_mixin.py:188} INFO - [2024-06-10T20:21:41.372+0000] {dagbag.py:545} INFO - Filling up the DagBag from /home/airflow/.local/lib/python3.12/site-packages/airflow/example_dags/example_branch_labels.py
[2024-06-10T20:21:41.379+0000] {processor.py:840} INFO - DAG(s) 'example_branch_labels' retrieved from /home/airflow/.local/lib/python3.12/site-packages/airflow/example_dags/example_branch_labels.py
[2024-06-10T20:21:41.406+0000] {logging_mixin.py:188} INFO - [2024-06-10T20:21:41.406+0000] {dag.py:3096} INFO - Sync 1 DAGs
[2024-06-10T20:21:41.427+0000] {logging_mixin.py:188} INFO - [2024-06-10T20:21:41.427+0000] {dag.py:3954} INFO - Setting next_dagrun for example_branch_labels to 2024-06-09 00:00:00+00:00, run_after=2024-06-10 00:00:00+00:00
[2024-06-10T20:21:41.446+0000] {processor.py:183} INFO - Processing /home/airflow/.local/lib/python3.12/site-packages/airflow/example_dags/example_branch_labels.py took 0.080 seconds
[2024-06-10T20:22:11.840+0000] {processor.py:161} INFO - Started process (PID=105) to work on /home/airflow/.local/lib/python3.12/site-packages/airflow/example_dags/example_branch_labels.py
[2024-06-10T20:22:11.841+0000] {processor.py:830} INFO - Processing file /home/airflow/.local/lib/python3.12/site-packages/airflow/example_dags/example_branch_labels.py for tasks to queue
[2024-06-10T20:22:11.843+0000] {logging_mixin.py:188} INFO - [2024-06-10T20:22:11.843+0000] {dagbag.py:545} INFO - Filling up the DagBag from /home/airflow/.local/lib/python3.12/site-packages/airflow/example_dags/example_branch_labels.py
[2024-06-10T20:22:11.852+0000] {processor.py:840} INFO - DAG(s) 'example_branch_labels' retrieved from /home/airflow/.local/lib/python3.12/site-packages/airflow/example_dags/example_branch_labels.py
[2024-06-10T20:22:11.892+0000] {logging_mixin.py:188} INFO - [2024-06-10T20:22:11.892+0000] {dag.py:3096} INFO - Sync 1 DAGs
[2024-06-10T20:22:11.916+0000] {logging_mixin.py:188} INFO - [2024-06-10T20:22:11.916+0000] {dag.py:3954} INFO - Setting next_dagrun for example_branch_labels to 2024-06-09 00:00:00+00:00, run_after=2024-06-10 00:00:00+00:00
[2024-06-10T20:22:11.933+0000] {processor.py:183} INFO - Processing /home/airflow/.local/lib/python3.12/site-packages/airflow/example_dags/example_branch_labels.py took 0.101 seconds
