[2024-06-10T20:11:13.086+0000] {processor.py:161} INFO - Started process (PID=70) to work on /home/airflow/.local/lib/python3.12/site-packages/airflow/example_dags/example_python_operator.py
[2024-06-10T20:11:13.089+0000] {processor.py:830} INFO - Processing file /home/airflow/.local/lib/python3.12/site-packages/airflow/example_dags/example_python_operator.py for tasks to queue
[2024-06-10T20:11:13.091+0000] {logging_mixin.py:188} INFO - [2024-06-10T20:11:13.090+0000] {dagbag.py:545} INFO - Filling up the DagBag from /home/airflow/.local/lib/python3.12/site-packages/airflow/example_dags/example_python_operator.py
[2024-06-10T20:11:13.103+0000] {processor.py:840} INFO - DAG(s) 'example_python_operator' retrieved from /home/airflow/.local/lib/python3.12/site-packages/airflow/example_dags/example_python_operator.py
[2024-06-10T20:11:13.201+0000] {logging_mixin.py:188} INFO - [2024-06-10T20:11:13.201+0000] {override.py:1829} INFO - Created Permission View: can delete on DAG:example_python_operator
[2024-06-10T20:11:13.261+0000] {logging_mixin.py:188} INFO - [2024-06-10T20:11:13.261+0000] {override.py:1829} INFO - Created Permission View: can edit on DAG:example_python_operator
[2024-06-10T20:11:13.269+0000] {logging_mixin.py:188} INFO - [2024-06-10T20:11:13.269+0000] {override.py:1829} INFO - Created Permission View: can read on DAG:example_python_operator
[2024-06-10T20:11:13.270+0000] {logging_mixin.py:188} INFO - [2024-06-10T20:11:13.269+0000] {dag.py:3096} INFO - Sync 1 DAGs
[2024-06-10T20:11:13.280+0000] {logging_mixin.py:188} INFO - [2024-06-10T20:11:13.280+0000] {dag.py:3118} INFO - Creating ORM DAG for example_python_operator
[2024-06-10T20:11:13.283+0000] {logging_mixin.py:188} INFO - [2024-06-10T20:11:13.283+0000] {dag.py:3954} INFO - Setting next_dagrun for example_python_operator to None, run_after=None
[2024-06-10T20:11:13.298+0000] {processor.py:183} INFO - Processing /home/airflow/.local/lib/python3.12/site-packages/airflow/example_dags/example_python_operator.py took 0.219 seconds
[2024-06-10T20:11:43.587+0000] {processor.py:161} INFO - Started process (PID=128) to work on /home/airflow/.local/lib/python3.12/site-packages/airflow/example_dags/example_python_operator.py
[2024-06-10T20:11:43.588+0000] {processor.py:830} INFO - Processing file /home/airflow/.local/lib/python3.12/site-packages/airflow/example_dags/example_python_operator.py for tasks to queue
[2024-06-10T20:11:43.589+0000] {logging_mixin.py:188} INFO - [2024-06-10T20:11:43.589+0000] {dagbag.py:545} INFO - Filling up the DagBag from /home/airflow/.local/lib/python3.12/site-packages/airflow/example_dags/example_python_operator.py
[2024-06-10T20:11:43.596+0000] {processor.py:840} INFO - DAG(s) 'example_python_operator' retrieved from /home/airflow/.local/lib/python3.12/site-packages/airflow/example_dags/example_python_operator.py
[2024-06-10T20:11:43.612+0000] {logging_mixin.py:188} INFO - [2024-06-10T20:11:43.611+0000] {dag.py:3096} INFO - Sync 1 DAGs
[2024-06-10T20:11:43.623+0000] {logging_mixin.py:188} INFO - [2024-06-10T20:11:43.623+0000] {dag.py:3954} INFO - Setting next_dagrun for example_python_operator to None, run_after=None
[2024-06-10T20:11:43.640+0000] {processor.py:183} INFO - Processing /home/airflow/.local/lib/python3.12/site-packages/airflow/example_dags/example_python_operator.py took 0.057 seconds
[2024-06-10T20:12:13.991+0000] {processor.py:161} INFO - Started process (PID=186) to work on /home/airflow/.local/lib/python3.12/site-packages/airflow/example_dags/example_python_operator.py
[2024-06-10T20:12:13.992+0000] {processor.py:830} INFO - Processing file /home/airflow/.local/lib/python3.12/site-packages/airflow/example_dags/example_python_operator.py for tasks to queue
[2024-06-10T20:12:13.993+0000] {logging_mixin.py:188} INFO - [2024-06-10T20:12:13.993+0000] {dagbag.py:545} INFO - Filling up the DagBag from /home/airflow/.local/lib/python3.12/site-packages/airflow/example_dags/example_python_operator.py
[2024-06-10T20:12:14.001+0000] {processor.py:840} INFO - DAG(s) 'example_python_operator' retrieved from /home/airflow/.local/lib/python3.12/site-packages/airflow/example_dags/example_python_operator.py
[2024-06-10T20:12:14.017+0000] {logging_mixin.py:188} INFO - [2024-06-10T20:12:14.017+0000] {dag.py:3096} INFO - Sync 1 DAGs
[2024-06-10T20:12:14.027+0000] {logging_mixin.py:188} INFO - [2024-06-10T20:12:14.026+0000] {dag.py:3954} INFO - Setting next_dagrun for example_python_operator to None, run_after=None
[2024-06-10T20:12:14.044+0000] {processor.py:183} INFO - Processing /home/airflow/.local/lib/python3.12/site-packages/airflow/example_dags/example_python_operator.py took 0.057 seconds
[2024-06-10T20:12:44.314+0000] {processor.py:161} INFO - Started process (PID=244) to work on /home/airflow/.local/lib/python3.12/site-packages/airflow/example_dags/example_python_operator.py
[2024-06-10T20:12:44.315+0000] {processor.py:830} INFO - Processing file /home/airflow/.local/lib/python3.12/site-packages/airflow/example_dags/example_python_operator.py for tasks to queue
[2024-06-10T20:12:44.317+0000] {logging_mixin.py:188} INFO - [2024-06-10T20:12:44.316+0000] {dagbag.py:545} INFO - Filling up the DagBag from /home/airflow/.local/lib/python3.12/site-packages/airflow/example_dags/example_python_operator.py
[2024-06-10T20:12:44.325+0000] {processor.py:840} INFO - DAG(s) 'example_python_operator' retrieved from /home/airflow/.local/lib/python3.12/site-packages/airflow/example_dags/example_python_operator.py
[2024-06-10T20:12:44.343+0000] {logging_mixin.py:188} INFO - [2024-06-10T20:12:44.343+0000] {dag.py:3096} INFO - Sync 1 DAGs
[2024-06-10T20:12:44.354+0000] {logging_mixin.py:188} INFO - [2024-06-10T20:12:44.353+0000] {dag.py:3954} INFO - Setting next_dagrun for example_python_operator to None, run_after=None
[2024-06-10T20:12:44.373+0000] {processor.py:183} INFO - Processing /home/airflow/.local/lib/python3.12/site-packages/airflow/example_dags/example_python_operator.py took 0.064 seconds
[2024-06-10T20:13:14.583+0000] {processor.py:161} INFO - Started process (PID=302) to work on /home/airflow/.local/lib/python3.12/site-packages/airflow/example_dags/example_python_operator.py
[2024-06-10T20:13:14.584+0000] {processor.py:830} INFO - Processing file /home/airflow/.local/lib/python3.12/site-packages/airflow/example_dags/example_python_operator.py for tasks to queue
[2024-06-10T20:13:14.587+0000] {logging_mixin.py:188} INFO - [2024-06-10T20:13:14.586+0000] {dagbag.py:545} INFO - Filling up the DagBag from /home/airflow/.local/lib/python3.12/site-packages/airflow/example_dags/example_python_operator.py
[2024-06-10T20:13:14.596+0000] {processor.py:840} INFO - DAG(s) 'example_python_operator' retrieved from /home/airflow/.local/lib/python3.12/site-packages/airflow/example_dags/example_python_operator.py
[2024-06-10T20:13:14.613+0000] {logging_mixin.py:188} INFO - [2024-06-10T20:13:14.613+0000] {dag.py:3096} INFO - Sync 1 DAGs
[2024-06-10T20:13:14.622+0000] {logging_mixin.py:188} INFO - [2024-06-10T20:13:14.622+0000] {dag.py:3954} INFO - Setting next_dagrun for example_python_operator to None, run_after=None
[2024-06-10T20:13:14.640+0000] {processor.py:183} INFO - Processing /home/airflow/.local/lib/python3.12/site-packages/airflow/example_dags/example_python_operator.py took 0.063 seconds
[2024-06-10T20:13:45.042+0000] {processor.py:161} INFO - Started process (PID=360) to work on /home/airflow/.local/lib/python3.12/site-packages/airflow/example_dags/example_python_operator.py
[2024-06-10T20:13:45.043+0000] {processor.py:830} INFO - Processing file /home/airflow/.local/lib/python3.12/site-packages/airflow/example_dags/example_python_operator.py for tasks to queue
[2024-06-10T20:13:45.046+0000] {logging_mixin.py:188} INFO - [2024-06-10T20:13:45.045+0000] {dagbag.py:545} INFO - Filling up the DagBag from /home/airflow/.local/lib/python3.12/site-packages/airflow/example_dags/example_python_operator.py
[2024-06-10T20:13:45.056+0000] {processor.py:840} INFO - DAG(s) 'example_python_operator' retrieved from /home/airflow/.local/lib/python3.12/site-packages/airflow/example_dags/example_python_operator.py
[2024-06-10T20:13:45.080+0000] {logging_mixin.py:188} INFO - [2024-06-10T20:13:45.080+0000] {dag.py:3096} INFO - Sync 1 DAGs
[2024-06-10T20:13:45.092+0000] {logging_mixin.py:188} INFO - [2024-06-10T20:13:45.092+0000] {dag.py:3954} INFO - Setting next_dagrun for example_python_operator to None, run_after=None
[2024-06-10T20:13:45.111+0000] {processor.py:183} INFO - Processing /home/airflow/.local/lib/python3.12/site-packages/airflow/example_dags/example_python_operator.py took 0.075 seconds
[2024-06-10T20:14:15.841+0000] {processor.py:161} INFO - Started process (PID=424) to work on /home/airflow/.local/lib/python3.12/site-packages/airflow/example_dags/example_python_operator.py
[2024-06-10T20:14:15.842+0000] {processor.py:830} INFO - Processing file /home/airflow/.local/lib/python3.12/site-packages/airflow/example_dags/example_python_operator.py for tasks to queue
[2024-06-10T20:14:15.844+0000] {logging_mixin.py:188} INFO - [2024-06-10T20:14:15.844+0000] {dagbag.py:545} INFO - Filling up the DagBag from /home/airflow/.local/lib/python3.12/site-packages/airflow/example_dags/example_python_operator.py
[2024-06-10T20:14:15.853+0000] {processor.py:840} INFO - DAG(s) 'example_python_operator' retrieved from /home/airflow/.local/lib/python3.12/site-packages/airflow/example_dags/example_python_operator.py
[2024-06-10T20:14:15.870+0000] {logging_mixin.py:188} INFO - [2024-06-10T20:14:15.870+0000] {dag.py:3096} INFO - Sync 1 DAGs
[2024-06-10T20:14:15.880+0000] {logging_mixin.py:188} INFO - [2024-06-10T20:14:15.880+0000] {dag.py:3954} INFO - Setting next_dagrun for example_python_operator to None, run_after=None
[2024-06-10T20:14:15.895+0000] {processor.py:183} INFO - Processing /home/airflow/.local/lib/python3.12/site-packages/airflow/example_dags/example_python_operator.py took 0.058 seconds
[2024-06-10T20:14:45.948+0000] {processor.py:161} INFO - Started process (PID=482) to work on /home/airflow/.local/lib/python3.12/site-packages/airflow/example_dags/example_python_operator.py
[2024-06-10T20:14:45.949+0000] {processor.py:830} INFO - Processing file /home/airflow/.local/lib/python3.12/site-packages/airflow/example_dags/example_python_operator.py for tasks to queue
[2024-06-10T20:14:45.951+0000] {logging_mixin.py:188} INFO - [2024-06-10T20:14:45.951+0000] {dagbag.py:545} INFO - Filling up the DagBag from /home/airflow/.local/lib/python3.12/site-packages/airflow/example_dags/example_python_operator.py
[2024-06-10T20:14:45.960+0000] {processor.py:840} INFO - DAG(s) 'example_python_operator' retrieved from /home/airflow/.local/lib/python3.12/site-packages/airflow/example_dags/example_python_operator.py
[2024-06-10T20:14:45.979+0000] {logging_mixin.py:188} INFO - [2024-06-10T20:14:45.979+0000] {dag.py:3096} INFO - Sync 1 DAGs
[2024-06-10T20:14:45.989+0000] {logging_mixin.py:188} INFO - [2024-06-10T20:14:45.989+0000] {dag.py:3954} INFO - Setting next_dagrun for example_python_operator to None, run_after=None
[2024-06-10T20:14:46.013+0000] {processor.py:183} INFO - Processing /home/airflow/.local/lib/python3.12/site-packages/airflow/example_dags/example_python_operator.py took 0.071 seconds
[2024-06-10T20:15:16.276+0000] {processor.py:161} INFO - Started process (PID=540) to work on /home/airflow/.local/lib/python3.12/site-packages/airflow/example_dags/example_python_operator.py
[2024-06-10T20:15:16.277+0000] {processor.py:830} INFO - Processing file /home/airflow/.local/lib/python3.12/site-packages/airflow/example_dags/example_python_operator.py for tasks to queue
[2024-06-10T20:15:16.279+0000] {logging_mixin.py:188} INFO - [2024-06-10T20:15:16.279+0000] {dagbag.py:545} INFO - Filling up the DagBag from /home/airflow/.local/lib/python3.12/site-packages/airflow/example_dags/example_python_operator.py
[2024-06-10T20:15:16.291+0000] {processor.py:840} INFO - DAG(s) 'example_python_operator' retrieved from /home/airflow/.local/lib/python3.12/site-packages/airflow/example_dags/example_python_operator.py
[2024-06-10T20:15:16.311+0000] {logging_mixin.py:188} INFO - [2024-06-10T20:15:16.311+0000] {dag.py:3096} INFO - Sync 1 DAGs
[2024-06-10T20:15:16.322+0000] {logging_mixin.py:188} INFO - [2024-06-10T20:15:16.322+0000] {dag.py:3954} INFO - Setting next_dagrun for example_python_operator to None, run_after=None
[2024-06-10T20:15:16.340+0000] {processor.py:183} INFO - Processing /home/airflow/.local/lib/python3.12/site-packages/airflow/example_dags/example_python_operator.py took 0.069 seconds
[2024-06-10T20:15:46.459+0000] {processor.py:161} INFO - Started process (PID=598) to work on /home/airflow/.local/lib/python3.12/site-packages/airflow/example_dags/example_python_operator.py
[2024-06-10T20:15:46.460+0000] {processor.py:830} INFO - Processing file /home/airflow/.local/lib/python3.12/site-packages/airflow/example_dags/example_python_operator.py for tasks to queue
[2024-06-10T20:15:46.461+0000] {logging_mixin.py:188} INFO - [2024-06-10T20:15:46.461+0000] {dagbag.py:545} INFO - Filling up the DagBag from /home/airflow/.local/lib/python3.12/site-packages/airflow/example_dags/example_python_operator.py
[2024-06-10T20:15:46.470+0000] {processor.py:840} INFO - DAG(s) 'example_python_operator' retrieved from /home/airflow/.local/lib/python3.12/site-packages/airflow/example_dags/example_python_operator.py
[2024-06-10T20:15:46.486+0000] {logging_mixin.py:188} INFO - [2024-06-10T20:15:46.485+0000] {dag.py:3096} INFO - Sync 1 DAGs
[2024-06-10T20:15:46.495+0000] {logging_mixin.py:188} INFO - [2024-06-10T20:15:46.495+0000] {dag.py:3954} INFO - Setting next_dagrun for example_python_operator to None, run_after=None
[2024-06-10T20:15:46.512+0000] {processor.py:183} INFO - Processing /home/airflow/.local/lib/python3.12/site-packages/airflow/example_dags/example_python_operator.py took 0.058 seconds
[2024-06-10T20:16:16.839+0000] {processor.py:161} INFO - Started process (PID=656) to work on /home/airflow/.local/lib/python3.12/site-packages/airflow/example_dags/example_python_operator.py
[2024-06-10T20:16:16.840+0000] {processor.py:830} INFO - Processing file /home/airflow/.local/lib/python3.12/site-packages/airflow/example_dags/example_python_operator.py for tasks to queue
[2024-06-10T20:16:16.842+0000] {logging_mixin.py:188} INFO - [2024-06-10T20:16:16.842+0000] {dagbag.py:545} INFO - Filling up the DagBag from /home/airflow/.local/lib/python3.12/site-packages/airflow/example_dags/example_python_operator.py
[2024-06-10T20:16:16.851+0000] {processor.py:840} INFO - DAG(s) 'example_python_operator' retrieved from /home/airflow/.local/lib/python3.12/site-packages/airflow/example_dags/example_python_operator.py
[2024-06-10T20:16:16.867+0000] {logging_mixin.py:188} INFO - [2024-06-10T20:16:16.867+0000] {dag.py:3096} INFO - Sync 1 DAGs
[2024-06-10T20:16:16.876+0000] {logging_mixin.py:188} INFO - [2024-06-10T20:16:16.876+0000] {dag.py:3954} INFO - Setting next_dagrun for example_python_operator to None, run_after=None
[2024-06-10T20:16:16.892+0000] {processor.py:183} INFO - Processing /home/airflow/.local/lib/python3.12/site-packages/airflow/example_dags/example_python_operator.py took 0.058 seconds
[2024-06-10T20:16:47.245+0000] {processor.py:161} INFO - Started process (PID=714) to work on /home/airflow/.local/lib/python3.12/site-packages/airflow/example_dags/example_python_operator.py
[2024-06-10T20:16:47.254+0000] {processor.py:830} INFO - Processing file /home/airflow/.local/lib/python3.12/site-packages/airflow/example_dags/example_python_operator.py for tasks to queue
[2024-06-10T20:16:47.257+0000] {logging_mixin.py:188} INFO - [2024-06-10T20:16:47.257+0000] {dagbag.py:545} INFO - Filling up the DagBag from /home/airflow/.local/lib/python3.12/site-packages/airflow/example_dags/example_python_operator.py
[2024-06-10T20:16:47.270+0000] {processor.py:840} INFO - DAG(s) 'example_python_operator' retrieved from /home/airflow/.local/lib/python3.12/site-packages/airflow/example_dags/example_python_operator.py
[2024-06-10T20:16:47.296+0000] {logging_mixin.py:188} INFO - [2024-06-10T20:16:47.296+0000] {dag.py:3096} INFO - Sync 1 DAGs
[2024-06-10T20:16:47.308+0000] {logging_mixin.py:188} INFO - [2024-06-10T20:16:47.308+0000] {dag.py:3954} INFO - Setting next_dagrun for example_python_operator to None, run_after=None
[2024-06-10T20:16:47.328+0000] {processor.py:183} INFO - Processing /home/airflow/.local/lib/python3.12/site-packages/airflow/example_dags/example_python_operator.py took 0.089 seconds
[2024-06-10T20:17:17.618+0000] {processor.py:161} INFO - Started process (PID=772) to work on /home/airflow/.local/lib/python3.12/site-packages/airflow/example_dags/example_python_operator.py
[2024-06-10T20:17:17.619+0000] {processor.py:830} INFO - Processing file /home/airflow/.local/lib/python3.12/site-packages/airflow/example_dags/example_python_operator.py for tasks to queue
[2024-06-10T20:17:17.620+0000] {logging_mixin.py:188} INFO - [2024-06-10T20:17:17.620+0000] {dagbag.py:545} INFO - Filling up the DagBag from /home/airflow/.local/lib/python3.12/site-packages/airflow/example_dags/example_python_operator.py
[2024-06-10T20:17:17.629+0000] {processor.py:840} INFO - DAG(s) 'example_python_operator' retrieved from /home/airflow/.local/lib/python3.12/site-packages/airflow/example_dags/example_python_operator.py
[2024-06-10T20:17:17.646+0000] {logging_mixin.py:188} INFO - [2024-06-10T20:17:17.646+0000] {dag.py:3096} INFO - Sync 1 DAGs
[2024-06-10T20:17:17.656+0000] {logging_mixin.py:188} INFO - [2024-06-10T20:17:17.655+0000] {dag.py:3954} INFO - Setting next_dagrun for example_python_operator to None, run_after=None
[2024-06-10T20:17:17.674+0000] {processor.py:183} INFO - Processing /home/airflow/.local/lib/python3.12/site-packages/airflow/example_dags/example_python_operator.py took 0.061 seconds
[2024-06-10T20:17:48.181+0000] {processor.py:161} INFO - Started process (PID=830) to work on /home/airflow/.local/lib/python3.12/site-packages/airflow/example_dags/example_python_operator.py
[2024-06-10T20:17:48.183+0000] {processor.py:830} INFO - Processing file /home/airflow/.local/lib/python3.12/site-packages/airflow/example_dags/example_python_operator.py for tasks to queue
[2024-06-10T20:17:48.185+0000] {logging_mixin.py:188} INFO - [2024-06-10T20:17:48.185+0000] {dagbag.py:545} INFO - Filling up the DagBag from /home/airflow/.local/lib/python3.12/site-packages/airflow/example_dags/example_python_operator.py
[2024-06-10T20:17:48.195+0000] {processor.py:840} INFO - DAG(s) 'example_python_operator' retrieved from /home/airflow/.local/lib/python3.12/site-packages/airflow/example_dags/example_python_operator.py
[2024-06-10T20:17:48.221+0000] {logging_mixin.py:188} INFO - [2024-06-10T20:17:48.220+0000] {dag.py:3096} INFO - Sync 1 DAGs
[2024-06-10T20:17:48.235+0000] {logging_mixin.py:188} INFO - [2024-06-10T20:17:48.234+0000] {dag.py:3954} INFO - Setting next_dagrun for example_python_operator to None, run_after=None
[2024-06-10T20:17:48.262+0000] {processor.py:183} INFO - Processing /home/airflow/.local/lib/python3.12/site-packages/airflow/example_dags/example_python_operator.py took 0.087 seconds
[2024-06-10T20:18:18.446+0000] {processor.py:161} INFO - Started process (PID=887) to work on /home/airflow/.local/lib/python3.12/site-packages/airflow/example_dags/example_python_operator.py
[2024-06-10T20:18:18.447+0000] {processor.py:830} INFO - Processing file /home/airflow/.local/lib/python3.12/site-packages/airflow/example_dags/example_python_operator.py for tasks to queue
[2024-06-10T20:18:18.449+0000] {logging_mixin.py:188} INFO - [2024-06-10T20:18:18.449+0000] {dagbag.py:545} INFO - Filling up the DagBag from /home/airflow/.local/lib/python3.12/site-packages/airflow/example_dags/example_python_operator.py
[2024-06-10T20:18:18.458+0000] {processor.py:840} INFO - DAG(s) 'example_python_operator' retrieved from /home/airflow/.local/lib/python3.12/site-packages/airflow/example_dags/example_python_operator.py
[2024-06-10T20:18:18.476+0000] {logging_mixin.py:188} INFO - [2024-06-10T20:18:18.476+0000] {dag.py:3096} INFO - Sync 1 DAGs
[2024-06-10T20:18:18.486+0000] {logging_mixin.py:188} INFO - [2024-06-10T20:18:18.486+0000] {dag.py:3954} INFO - Setting next_dagrun for example_python_operator to None, run_after=None
[2024-06-10T20:18:18.504+0000] {processor.py:183} INFO - Processing /home/airflow/.local/lib/python3.12/site-packages/airflow/example_dags/example_python_operator.py took 0.063 seconds
[2024-06-10T20:18:48.643+0000] {processor.py:161} INFO - Started process (PID=945) to work on /home/airflow/.local/lib/python3.12/site-packages/airflow/example_dags/example_python_operator.py
[2024-06-10T20:18:48.644+0000] {processor.py:830} INFO - Processing file /home/airflow/.local/lib/python3.12/site-packages/airflow/example_dags/example_python_operator.py for tasks to queue
[2024-06-10T20:18:48.645+0000] {logging_mixin.py:188} INFO - [2024-06-10T20:18:48.645+0000] {dagbag.py:545} INFO - Filling up the DagBag from /home/airflow/.local/lib/python3.12/site-packages/airflow/example_dags/example_python_operator.py
[2024-06-10T20:18:48.654+0000] {processor.py:840} INFO - DAG(s) 'example_python_operator' retrieved from /home/airflow/.local/lib/python3.12/site-packages/airflow/example_dags/example_python_operator.py
[2024-06-10T20:18:48.675+0000] {logging_mixin.py:188} INFO - [2024-06-10T20:18:48.675+0000] {dag.py:3096} INFO - Sync 1 DAGs
[2024-06-10T20:18:48.686+0000] {logging_mixin.py:188} INFO - [2024-06-10T20:18:48.686+0000] {dag.py:3954} INFO - Setting next_dagrun for example_python_operator to None, run_after=None
[2024-06-10T20:18:48.704+0000] {processor.py:183} INFO - Processing /home/airflow/.local/lib/python3.12/site-packages/airflow/example_dags/example_python_operator.py took 0.065 seconds
[2024-06-10T20:19:19.115+0000] {processor.py:161} INFO - Started process (PID=1003) to work on /home/airflow/.local/lib/python3.12/site-packages/airflow/example_dags/example_python_operator.py
[2024-06-10T20:19:19.117+0000] {processor.py:830} INFO - Processing file /home/airflow/.local/lib/python3.12/site-packages/airflow/example_dags/example_python_operator.py for tasks to queue
[2024-06-10T20:19:19.119+0000] {logging_mixin.py:188} INFO - [2024-06-10T20:19:19.119+0000] {dagbag.py:545} INFO - Filling up the DagBag from /home/airflow/.local/lib/python3.12/site-packages/airflow/example_dags/example_python_operator.py
[2024-06-10T20:19:19.130+0000] {processor.py:840} INFO - DAG(s) 'example_python_operator' retrieved from /home/airflow/.local/lib/python3.12/site-packages/airflow/example_dags/example_python_operator.py
[2024-06-10T20:19:19.153+0000] {logging_mixin.py:188} INFO - [2024-06-10T20:19:19.152+0000] {dag.py:3096} INFO - Sync 1 DAGs
[2024-06-10T20:19:19.167+0000] {logging_mixin.py:188} INFO - [2024-06-10T20:19:19.167+0000] {dag.py:3954} INFO - Setting next_dagrun for example_python_operator to None, run_after=None
[2024-06-10T20:19:19.187+0000] {processor.py:183} INFO - Processing /home/airflow/.local/lib/python3.12/site-packages/airflow/example_dags/example_python_operator.py took 0.076 seconds
[2024-06-10T20:19:49.505+0000] {processor.py:161} INFO - Started process (PID=1061) to work on /home/airflow/.local/lib/python3.12/site-packages/airflow/example_dags/example_python_operator.py
[2024-06-10T20:19:49.506+0000] {processor.py:830} INFO - Processing file /home/airflow/.local/lib/python3.12/site-packages/airflow/example_dags/example_python_operator.py for tasks to queue
[2024-06-10T20:19:49.508+0000] {logging_mixin.py:188} INFO - [2024-06-10T20:19:49.508+0000] {dagbag.py:545} INFO - Filling up the DagBag from /home/airflow/.local/lib/python3.12/site-packages/airflow/example_dags/example_python_operator.py
[2024-06-10T20:19:49.519+0000] {processor.py:840} INFO - DAG(s) 'example_python_operator' retrieved from /home/airflow/.local/lib/python3.12/site-packages/airflow/example_dags/example_python_operator.py
[2024-06-10T20:19:49.544+0000] {logging_mixin.py:188} INFO - [2024-06-10T20:19:49.544+0000] {dag.py:3096} INFO - Sync 1 DAGs
[2024-06-10T20:19:49.558+0000] {logging_mixin.py:188} INFO - [2024-06-10T20:19:49.558+0000] {dag.py:3954} INFO - Setting next_dagrun for example_python_operator to None, run_after=None
[2024-06-10T20:19:49.579+0000] {processor.py:183} INFO - Processing /home/airflow/.local/lib/python3.12/site-packages/airflow/example_dags/example_python_operator.py took 0.081 seconds
[2024-06-10T20:20:20.148+0000] {processor.py:161} INFO - Started process (PID=1119) to work on /home/airflow/.local/lib/python3.12/site-packages/airflow/example_dags/example_python_operator.py
[2024-06-10T20:20:20.150+0000] {processor.py:830} INFO - Processing file /home/airflow/.local/lib/python3.12/site-packages/airflow/example_dags/example_python_operator.py for tasks to queue
[2024-06-10T20:20:20.151+0000] {logging_mixin.py:188} INFO - [2024-06-10T20:20:20.151+0000] {dagbag.py:545} INFO - Filling up the DagBag from /home/airflow/.local/lib/python3.12/site-packages/airflow/example_dags/example_python_operator.py
[2024-06-10T20:20:20.165+0000] {processor.py:840} INFO - DAG(s) 'example_python_operator' retrieved from /home/airflow/.local/lib/python3.12/site-packages/airflow/example_dags/example_python_operator.py
[2024-06-10T20:20:20.184+0000] {logging_mixin.py:188} INFO - [2024-06-10T20:20:20.184+0000] {dag.py:3096} INFO - Sync 1 DAGs
[2024-06-10T20:20:20.194+0000] {logging_mixin.py:188} INFO - [2024-06-10T20:20:20.194+0000] {dag.py:3954} INFO - Setting next_dagrun for example_python_operator to None, run_after=None
[2024-06-10T20:20:20.215+0000] {processor.py:183} INFO - Processing /home/airflow/.local/lib/python3.12/site-packages/airflow/example_dags/example_python_operator.py took 0.071 seconds
[2024-06-10T20:20:50.992+0000] {processor.py:161} INFO - Started process (PID=1177) to work on /home/airflow/.local/lib/python3.12/site-packages/airflow/example_dags/example_python_operator.py
[2024-06-10T20:20:50.994+0000] {processor.py:830} INFO - Processing file /home/airflow/.local/lib/python3.12/site-packages/airflow/example_dags/example_python_operator.py for tasks to queue
[2024-06-10T20:20:50.995+0000] {logging_mixin.py:188} INFO - [2024-06-10T20:20:50.995+0000] {dagbag.py:545} INFO - Filling up the DagBag from /home/airflow/.local/lib/python3.12/site-packages/airflow/example_dags/example_python_operator.py
[2024-06-10T20:20:51.004+0000] {processor.py:840} INFO - DAG(s) 'example_python_operator' retrieved from /home/airflow/.local/lib/python3.12/site-packages/airflow/example_dags/example_python_operator.py
[2024-06-10T20:20:51.022+0000] {logging_mixin.py:188} INFO - [2024-06-10T20:20:51.022+0000] {dag.py:3096} INFO - Sync 1 DAGs
[2024-06-10T20:20:51.033+0000] {logging_mixin.py:188} INFO - [2024-06-10T20:20:51.033+0000] {dag.py:3954} INFO - Setting next_dagrun for example_python_operator to None, run_after=None
[2024-06-10T20:20:51.052+0000] {processor.py:183} INFO - Processing /home/airflow/.local/lib/python3.12/site-packages/airflow/example_dags/example_python_operator.py took 0.066 seconds
[2024-06-10T20:21:21.315+0000] {processor.py:161} INFO - Started process (PID=1235) to work on /home/airflow/.local/lib/python3.12/site-packages/airflow/example_dags/example_python_operator.py
[2024-06-10T20:21:21.316+0000] {processor.py:830} INFO - Processing file /home/airflow/.local/lib/python3.12/site-packages/airflow/example_dags/example_python_operator.py for tasks to queue
[2024-06-10T20:21:21.318+0000] {logging_mixin.py:188} INFO - [2024-06-10T20:21:21.318+0000] {dagbag.py:545} INFO - Filling up the DagBag from /home/airflow/.local/lib/python3.12/site-packages/airflow/example_dags/example_python_operator.py
[2024-06-10T20:21:21.326+0000] {processor.py:840} INFO - DAG(s) 'example_python_operator' retrieved from /home/airflow/.local/lib/python3.12/site-packages/airflow/example_dags/example_python_operator.py
[2024-06-10T20:21:21.342+0000] {logging_mixin.py:188} INFO - [2024-06-10T20:21:21.342+0000] {dag.py:3096} INFO - Sync 1 DAGs
[2024-06-10T20:21:21.352+0000] {logging_mixin.py:188} INFO - [2024-06-10T20:21:21.352+0000] {dag.py:3954} INFO - Setting next_dagrun for example_python_operator to None, run_after=None
[2024-06-10T20:21:21.368+0000] {processor.py:183} INFO - Processing /home/airflow/.local/lib/python3.12/site-packages/airflow/example_dags/example_python_operator.py took 0.058 seconds
[2024-06-10T20:21:43.011+0000] {processor.py:161} INFO - Started process (PID=70) to work on /home/airflow/.local/lib/python3.12/site-packages/airflow/example_dags/example_python_operator.py
[2024-06-10T20:21:43.013+0000] {processor.py:830} INFO - Processing file /home/airflow/.local/lib/python3.12/site-packages/airflow/example_dags/example_python_operator.py for tasks to queue
[2024-06-10T20:21:43.015+0000] {logging_mixin.py:188} INFO - [2024-06-10T20:21:43.014+0000] {dagbag.py:545} INFO - Filling up the DagBag from /home/airflow/.local/lib/python3.12/site-packages/airflow/example_dags/example_python_operator.py
[2024-06-10T20:21:43.025+0000] {processor.py:840} INFO - DAG(s) 'example_python_operator' retrieved from /home/airflow/.local/lib/python3.12/site-packages/airflow/example_dags/example_python_operator.py
[2024-06-10T20:21:43.099+0000] {logging_mixin.py:188} INFO - [2024-06-10T20:21:43.099+0000] {dag.py:3096} INFO - Sync 1 DAGs
[2024-06-10T20:21:43.108+0000] {logging_mixin.py:188} INFO - [2024-06-10T20:21:43.108+0000] {dag.py:3954} INFO - Setting next_dagrun for example_python_operator to None, run_after=None
[2024-06-10T20:21:43.124+0000] {processor.py:183} INFO - Processing /home/airflow/.local/lib/python3.12/site-packages/airflow/example_dags/example_python_operator.py took 0.119 seconds
[2024-06-10T20:22:13.276+0000] {processor.py:161} INFO - Started process (PID=128) to work on /home/airflow/.local/lib/python3.12/site-packages/airflow/example_dags/example_python_operator.py
[2024-06-10T20:22:13.279+0000] {processor.py:830} INFO - Processing file /home/airflow/.local/lib/python3.12/site-packages/airflow/example_dags/example_python_operator.py for tasks to queue
[2024-06-10T20:22:13.284+0000] {logging_mixin.py:188} INFO - [2024-06-10T20:22:13.284+0000] {dagbag.py:545} INFO - Filling up the DagBag from /home/airflow/.local/lib/python3.12/site-packages/airflow/example_dags/example_python_operator.py
[2024-06-10T20:22:13.294+0000] {processor.py:840} INFO - DAG(s) 'example_python_operator' retrieved from /home/airflow/.local/lib/python3.12/site-packages/airflow/example_dags/example_python_operator.py
[2024-06-10T20:22:13.318+0000] {logging_mixin.py:188} INFO - [2024-06-10T20:22:13.317+0000] {dag.py:3096} INFO - Sync 1 DAGs
[2024-06-10T20:22:13.329+0000] {logging_mixin.py:188} INFO - [2024-06-10T20:22:13.329+0000] {dag.py:3954} INFO - Setting next_dagrun for example_python_operator to None, run_after=None
[2024-06-10T20:22:13.347+0000] {processor.py:183} INFO - Processing /home/airflow/.local/lib/python3.12/site-packages/airflow/example_dags/example_python_operator.py took 0.077 seconds
