[2024-06-10T20:11:10.514+0000] {processor.py:161} INFO - Started process (PID=56) to work on /home/airflow/.local/lib/python3.12/site-packages/airflow/example_dags/example_datasets.py
[2024-06-10T20:11:10.515+0000] {processor.py:830} INFO - Processing file /home/airflow/.local/lib/python3.12/site-packages/airflow/example_dags/example_datasets.py for tasks to queue
[2024-06-10T20:11:10.517+0000] {logging_mixin.py:188} INFO - [2024-06-10T20:11:10.517+0000] {dagbag.py:545} INFO - Filling up the DagBag from /home/airflow/.local/lib/python3.12/site-packages/airflow/example_dags/example_datasets.py
[2024-06-10T20:11:10.536+0000] {processor.py:840} INFO - DAG(s) 'dataset_produces_1', 'dataset_consumes_1', 'dataset_consumes_1_and_2', 'consume_1_and_2_with_dataset_expressions', 'dataset_produces_2', 'consume_1_or_both_2_and_3_with_dataset_expressions', 'dataset_consumes_1_never_scheduled', 'conditional_dataset_and_time_based_timetable', 'dataset_consumes_unknown_never_scheduled', 'consume_1_or_2_with_dataset_expressions' retrieved from /home/airflow/.local/lib/python3.12/site-packages/airflow/example_dags/example_datasets.py
[2024-06-10T20:11:10.645+0000] {logging_mixin.py:188} INFO - [2024-06-10T20:11:10.644+0000] {override.py:1829} INFO - Created Permission View: can delete on DAG:dataset_produces_1
[2024-06-10T20:11:10.657+0000] {logging_mixin.py:188} INFO - [2024-06-10T20:11:10.657+0000] {override.py:1829} INFO - Created Permission View: can edit on DAG:dataset_produces_1
[2024-06-10T20:11:10.666+0000] {logging_mixin.py:188} INFO - [2024-06-10T20:11:10.666+0000] {override.py:1829} INFO - Created Permission View: can read on DAG:dataset_produces_1
[2024-06-10T20:11:10.684+0000] {logging_mixin.py:188} INFO - [2024-06-10T20:11:10.684+0000] {override.py:1829} INFO - Created Permission View: can delete on DAG:dataset_consumes_1
[2024-06-10T20:11:10.693+0000] {logging_mixin.py:188} INFO - [2024-06-10T20:11:10.693+0000] {override.py:1829} INFO - Created Permission View: can edit on DAG:dataset_consumes_1
[2024-06-10T20:11:10.702+0000] {logging_mixin.py:188} INFO - [2024-06-10T20:11:10.702+0000] {override.py:1829} INFO - Created Permission View: can read on DAG:dataset_consumes_1
[2024-06-10T20:11:10.718+0000] {logging_mixin.py:188} INFO - [2024-06-10T20:11:10.718+0000] {override.py:1829} INFO - Created Permission View: can delete on DAG:dataset_consumes_1_and_2
[2024-06-10T20:11:10.726+0000] {logging_mixin.py:188} INFO - [2024-06-10T20:11:10.726+0000] {override.py:1829} INFO - Created Permission View: can edit on DAG:dataset_consumes_1_and_2
[2024-06-10T20:11:10.737+0000] {logging_mixin.py:188} INFO - [2024-06-10T20:11:10.736+0000] {override.py:1829} INFO - Created Permission View: can read on DAG:dataset_consumes_1_and_2
[2024-06-10T20:11:10.753+0000] {logging_mixin.py:188} INFO - [2024-06-10T20:11:10.753+0000] {override.py:1829} INFO - Created Permission View: can delete on DAG:consume_1_and_2_with_dataset_expressions
[2024-06-10T20:11:10.763+0000] {logging_mixin.py:188} INFO - [2024-06-10T20:11:10.763+0000] {override.py:1829} INFO - Created Permission View: can edit on DAG:consume_1_and_2_with_dataset_expressions
[2024-06-10T20:11:10.773+0000] {logging_mixin.py:188} INFO - [2024-06-10T20:11:10.772+0000] {override.py:1829} INFO - Created Permission View: can read on DAG:consume_1_and_2_with_dataset_expressions
[2024-06-10T20:11:10.788+0000] {logging_mixin.py:188} INFO - [2024-06-10T20:11:10.788+0000] {override.py:1829} INFO - Created Permission View: can delete on DAG:dataset_produces_2
[2024-06-10T20:11:10.798+0000] {logging_mixin.py:188} INFO - [2024-06-10T20:11:10.798+0000] {override.py:1829} INFO - Created Permission View: can edit on DAG:dataset_produces_2
[2024-06-10T20:11:10.808+0000] {logging_mixin.py:188} INFO - [2024-06-10T20:11:10.808+0000] {override.py:1829} INFO - Created Permission View: can read on DAG:dataset_produces_2
[2024-06-10T20:11:10.825+0000] {logging_mixin.py:188} INFO - [2024-06-10T20:11:10.825+0000] {override.py:1829} INFO - Created Permission View: can delete on DAG:consume_1_or_both_2_and_3_with_dataset_expressions
[2024-06-10T20:11:10.833+0000] {logging_mixin.py:188} INFO - [2024-06-10T20:11:10.833+0000] {override.py:1829} INFO - Created Permission View: can edit on DAG:consume_1_or_both_2_and_3_with_dataset_expressions
[2024-06-10T20:11:10.841+0000] {logging_mixin.py:188} INFO - [2024-06-10T20:11:10.841+0000] {override.py:1829} INFO - Created Permission View: can read on DAG:consume_1_or_both_2_and_3_with_dataset_expressions
[2024-06-10T20:11:10.858+0000] {logging_mixin.py:188} INFO - [2024-06-10T20:11:10.857+0000] {override.py:1829} INFO - Created Permission View: can delete on DAG:dataset_consumes_1_never_scheduled
[2024-06-10T20:11:10.872+0000] {logging_mixin.py:188} INFO - [2024-06-10T20:11:10.872+0000] {override.py:1829} INFO - Created Permission View: can edit on DAG:dataset_consumes_1_never_scheduled
[2024-06-10T20:11:10.881+0000] {logging_mixin.py:188} INFO - [2024-06-10T20:11:10.880+0000] {override.py:1829} INFO - Created Permission View: can read on DAG:dataset_consumes_1_never_scheduled
[2024-06-10T20:11:10.900+0000] {logging_mixin.py:188} INFO - [2024-06-10T20:11:10.900+0000] {override.py:1829} INFO - Created Permission View: can delete on DAG:conditional_dataset_and_time_based_timetable
[2024-06-10T20:11:10.911+0000] {logging_mixin.py:188} INFO - [2024-06-10T20:11:10.911+0000] {override.py:1829} INFO - Created Permission View: can edit on DAG:conditional_dataset_and_time_based_timetable
[2024-06-10T20:11:10.921+0000] {logging_mixin.py:188} INFO - [2024-06-10T20:11:10.921+0000] {override.py:1829} INFO - Created Permission View: can read on DAG:conditional_dataset_and_time_based_timetable
[2024-06-10T20:11:10.938+0000] {logging_mixin.py:188} INFO - [2024-06-10T20:11:10.937+0000] {override.py:1829} INFO - Created Permission View: can delete on DAG:dataset_consumes_unknown_never_scheduled
[2024-06-10T20:11:10.946+0000] {logging_mixin.py:188} INFO - [2024-06-10T20:11:10.946+0000] {override.py:1829} INFO - Created Permission View: can edit on DAG:dataset_consumes_unknown_never_scheduled
[2024-06-10T20:11:10.955+0000] {logging_mixin.py:188} INFO - [2024-06-10T20:11:10.955+0000] {override.py:1829} INFO - Created Permission View: can read on DAG:dataset_consumes_unknown_never_scheduled
[2024-06-10T20:11:10.976+0000] {logging_mixin.py:188} INFO - [2024-06-10T20:11:10.975+0000] {override.py:1829} INFO - Created Permission View: can delete on DAG:consume_1_or_2_with_dataset_expressions
[2024-06-10T20:11:10.983+0000] {logging_mixin.py:188} INFO - [2024-06-10T20:11:10.983+0000] {override.py:1829} INFO - Created Permission View: can edit on DAG:consume_1_or_2_with_dataset_expressions
[2024-06-10T20:11:10.991+0000] {logging_mixin.py:188} INFO - [2024-06-10T20:11:10.991+0000] {override.py:1829} INFO - Created Permission View: can read on DAG:consume_1_or_2_with_dataset_expressions
[2024-06-10T20:11:10.992+0000] {logging_mixin.py:188} INFO - [2024-06-10T20:11:10.991+0000] {dag.py:3096} INFO - Sync 10 DAGs
[2024-06-10T20:11:11.002+0000] {logging_mixin.py:188} INFO - [2024-06-10T20:11:11.002+0000] {dag.py:3118} INFO - Creating ORM DAG for dataset_consumes_unknown_never_scheduled
[2024-06-10T20:11:11.003+0000] {logging_mixin.py:188} INFO - [2024-06-10T20:11:11.003+0000] {dag.py:3118} INFO - Creating ORM DAG for dataset_produces_1
[2024-06-10T20:11:11.004+0000] {logging_mixin.py:188} INFO - [2024-06-10T20:11:11.004+0000] {dag.py:3118} INFO - Creating ORM DAG for consume_1_and_2_with_dataset_expressions
[2024-06-10T20:11:11.005+0000] {logging_mixin.py:188} INFO - [2024-06-10T20:11:11.004+0000] {dag.py:3118} INFO - Creating ORM DAG for dataset_consumes_1
[2024-06-10T20:11:11.005+0000] {logging_mixin.py:188} INFO - [2024-06-10T20:11:11.005+0000] {dag.py:3118} INFO - Creating ORM DAG for dataset_consumes_1_never_scheduled
[2024-06-10T20:11:11.006+0000] {logging_mixin.py:188} INFO - [2024-06-10T20:11:11.006+0000] {dag.py:3118} INFO - Creating ORM DAG for dataset_produces_2
[2024-06-10T20:11:11.007+0000] {logging_mixin.py:188} INFO - [2024-06-10T20:11:11.007+0000] {dag.py:3118} INFO - Creating ORM DAG for conditional_dataset_and_time_based_timetable
[2024-06-10T20:11:11.008+0000] {logging_mixin.py:188} INFO - [2024-06-10T20:11:11.008+0000] {dag.py:3118} INFO - Creating ORM DAG for consume_1_or_2_with_dataset_expressions
[2024-06-10T20:11:11.009+0000] {logging_mixin.py:188} INFO - [2024-06-10T20:11:11.009+0000] {dag.py:3118} INFO - Creating ORM DAG for consume_1_or_both_2_and_3_with_dataset_expressions
[2024-06-10T20:11:11.010+0000] {logging_mixin.py:188} INFO - [2024-06-10T20:11:11.010+0000] {dag.py:3118} INFO - Creating ORM DAG for dataset_consumes_1_and_2
[2024-06-10T20:11:11.021+0000] {logging_mixin.py:188} INFO - [2024-06-10T20:11:11.020+0000] {dag.py:3954} INFO - Setting next_dagrun for conditional_dataset_and_time_based_timetable to 2024-06-05 01:00:00+00:00, run_after=2024-06-05 01:00:00+00:00
[2024-06-10T20:11:11.022+0000] {logging_mixin.py:188} INFO - [2024-06-10T20:11:11.022+0000] {dag.py:3954} INFO - Setting next_dagrun for consume_1_and_2_with_dataset_expressions to None, run_after=None
[2024-06-10T20:11:11.023+0000] {logging_mixin.py:188} INFO - [2024-06-10T20:11:11.023+0000] {dag.py:3954} INFO - Setting next_dagrun for consume_1_or_2_with_dataset_expressions to None, run_after=None
[2024-06-10T20:11:11.023+0000] {logging_mixin.py:188} INFO - [2024-06-10T20:11:11.023+0000] {dag.py:3954} INFO - Setting next_dagrun for consume_1_or_both_2_and_3_with_dataset_expressions to None, run_after=None
[2024-06-10T20:11:11.024+0000] {logging_mixin.py:188} INFO - [2024-06-10T20:11:11.024+0000] {dag.py:3954} INFO - Setting next_dagrun for dataset_consumes_1 to None, run_after=None
[2024-06-10T20:11:11.025+0000] {logging_mixin.py:188} INFO - [2024-06-10T20:11:11.025+0000] {dag.py:3954} INFO - Setting next_dagrun for dataset_consumes_1_and_2 to None, run_after=None
[2024-06-10T20:11:11.026+0000] {logging_mixin.py:188} INFO - [2024-06-10T20:11:11.026+0000] {dag.py:3954} INFO - Setting next_dagrun for dataset_consumes_1_never_scheduled to None, run_after=None
[2024-06-10T20:11:11.027+0000] {logging_mixin.py:188} INFO - [2024-06-10T20:11:11.027+0000] {dag.py:3954} INFO - Setting next_dagrun for dataset_consumes_unknown_never_scheduled to None, run_after=None
[2024-06-10T20:11:11.029+0000] {logging_mixin.py:188} INFO - [2024-06-10T20:11:11.029+0000] {dag.py:3954} INFO - Setting next_dagrun for dataset_produces_1 to 2024-06-09 00:00:00+00:00, run_after=2024-06-10 00:00:00+00:00
[2024-06-10T20:11:11.030+0000] {logging_mixin.py:188} INFO - [2024-06-10T20:11:11.030+0000] {dag.py:3954} INFO - Setting next_dagrun for dataset_produces_2 to None, run_after=None
[2024-06-10T20:11:11.076+0000] {processor.py:183} INFO - Processing /home/airflow/.local/lib/python3.12/site-packages/airflow/example_dags/example_datasets.py took 0.568 seconds
[2024-06-10T20:11:41.947+0000] {processor.py:161} INFO - Started process (PID=115) to work on /home/airflow/.local/lib/python3.12/site-packages/airflow/example_dags/example_datasets.py
[2024-06-10T20:11:41.949+0000] {processor.py:830} INFO - Processing file /home/airflow/.local/lib/python3.12/site-packages/airflow/example_dags/example_datasets.py for tasks to queue
[2024-06-10T20:11:41.951+0000] {logging_mixin.py:188} INFO - [2024-06-10T20:11:41.951+0000] {dagbag.py:545} INFO - Filling up the DagBag from /home/airflow/.local/lib/python3.12/site-packages/airflow/example_dags/example_datasets.py
[2024-06-10T20:11:41.965+0000] {processor.py:840} INFO - DAG(s) 'dataset_consumes_unknown_never_scheduled', 'dataset_consumes_1', 'dataset_consumes_1_never_scheduled', 'conditional_dataset_and_time_based_timetable', 'dataset_produces_2', 'dataset_consumes_1_and_2', 'dataset_produces_1', 'consume_1_and_2_with_dataset_expressions', 'consume_1_or_2_with_dataset_expressions', 'consume_1_or_both_2_and_3_with_dataset_expressions' retrieved from /home/airflow/.local/lib/python3.12/site-packages/airflow/example_dags/example_datasets.py
[2024-06-10T20:11:41.995+0000] {logging_mixin.py:188} INFO - [2024-06-10T20:11:41.995+0000] {dag.py:3096} INFO - Sync 10 DAGs
[2024-06-10T20:11:42.014+0000] {logging_mixin.py:188} INFO - [2024-06-10T20:11:42.014+0000] {dag.py:3954} INFO - Setting next_dagrun for conditional_dataset_and_time_based_timetable to 2024-06-05 01:00:00+00:00, run_after=2024-06-05 01:00:00+00:00
[2024-06-10T20:11:42.017+0000] {logging_mixin.py:188} INFO - [2024-06-10T20:11:42.017+0000] {dag.py:3954} INFO - Setting next_dagrun for consume_1_and_2_with_dataset_expressions to None, run_after=None
[2024-06-10T20:11:42.018+0000] {logging_mixin.py:188} INFO - [2024-06-10T20:11:42.018+0000] {dag.py:3954} INFO - Setting next_dagrun for consume_1_or_2_with_dataset_expressions to None, run_after=None
[2024-06-10T20:11:42.020+0000] {logging_mixin.py:188} INFO - [2024-06-10T20:11:42.020+0000] {dag.py:3954} INFO - Setting next_dagrun for consume_1_or_both_2_and_3_with_dataset_expressions to None, run_after=None
[2024-06-10T20:11:42.022+0000] {logging_mixin.py:188} INFO - [2024-06-10T20:11:42.021+0000] {dag.py:3954} INFO - Setting next_dagrun for dataset_consumes_1 to None, run_after=None
[2024-06-10T20:11:42.023+0000] {logging_mixin.py:188} INFO - [2024-06-10T20:11:42.023+0000] {dag.py:3954} INFO - Setting next_dagrun for dataset_consumes_1_and_2 to None, run_after=None
[2024-06-10T20:11:42.025+0000] {logging_mixin.py:188} INFO - [2024-06-10T20:11:42.024+0000] {dag.py:3954} INFO - Setting next_dagrun for dataset_consumes_1_never_scheduled to None, run_after=None
[2024-06-10T20:11:42.026+0000] {logging_mixin.py:188} INFO - [2024-06-10T20:11:42.026+0000] {dag.py:3954} INFO - Setting next_dagrun for dataset_consumes_unknown_never_scheduled to None, run_after=None
[2024-06-10T20:11:42.028+0000] {logging_mixin.py:188} INFO - [2024-06-10T20:11:42.028+0000] {dag.py:3954} INFO - Setting next_dagrun for dataset_produces_1 to 2024-06-09 00:00:00+00:00, run_after=2024-06-10 00:00:00+00:00
[2024-06-10T20:11:42.030+0000] {logging_mixin.py:188} INFO - [2024-06-10T20:11:42.029+0000] {dag.py:3954} INFO - Setting next_dagrun for dataset_produces_2 to None, run_after=None
[2024-06-10T20:11:42.058+0000] {processor.py:183} INFO - Processing /home/airflow/.local/lib/python3.12/site-packages/airflow/example_dags/example_datasets.py took 0.132 seconds
[2024-06-10T20:12:12.185+0000] {processor.py:161} INFO - Started process (PID=173) to work on /home/airflow/.local/lib/python3.12/site-packages/airflow/example_dags/example_datasets.py
[2024-06-10T20:12:12.191+0000] {processor.py:830} INFO - Processing file /home/airflow/.local/lib/python3.12/site-packages/airflow/example_dags/example_datasets.py for tasks to queue
[2024-06-10T20:12:12.195+0000] {logging_mixin.py:188} INFO - [2024-06-10T20:12:12.195+0000] {dagbag.py:545} INFO - Filling up the DagBag from /home/airflow/.local/lib/python3.12/site-packages/airflow/example_dags/example_datasets.py
[2024-06-10T20:12:12.210+0000] {processor.py:840} INFO - DAG(s) 'consume_1_or_2_with_dataset_expressions', 'dataset_produces_2', 'dataset_consumes_unknown_never_scheduled', 'conditional_dataset_and_time_based_timetable', 'consume_1_or_both_2_and_3_with_dataset_expressions', 'dataset_consumes_1_and_2', 'dataset_consumes_1', 'dataset_consumes_1_never_scheduled', 'consume_1_and_2_with_dataset_expressions', 'dataset_produces_1' retrieved from /home/airflow/.local/lib/python3.12/site-packages/airflow/example_dags/example_datasets.py
[2024-06-10T20:12:12.249+0000] {logging_mixin.py:188} INFO - [2024-06-10T20:12:12.249+0000] {dag.py:3096} INFO - Sync 10 DAGs
[2024-06-10T20:12:12.279+0000] {logging_mixin.py:188} INFO - [2024-06-10T20:12:12.279+0000] {dag.py:3954} INFO - Setting next_dagrun for conditional_dataset_and_time_based_timetable to 2024-06-05 01:00:00+00:00, run_after=2024-06-05 01:00:00+00:00
[2024-06-10T20:12:12.283+0000] {logging_mixin.py:188} INFO - [2024-06-10T20:12:12.283+0000] {dag.py:3954} INFO - Setting next_dagrun for consume_1_and_2_with_dataset_expressions to None, run_after=None
[2024-06-10T20:12:12.285+0000] {logging_mixin.py:188} INFO - [2024-06-10T20:12:12.285+0000] {dag.py:3954} INFO - Setting next_dagrun for consume_1_or_2_with_dataset_expressions to None, run_after=None
[2024-06-10T20:12:12.288+0000] {logging_mixin.py:188} INFO - [2024-06-10T20:12:12.288+0000] {dag.py:3954} INFO - Setting next_dagrun for consume_1_or_both_2_and_3_with_dataset_expressions to None, run_after=None
[2024-06-10T20:12:12.292+0000] {logging_mixin.py:188} INFO - [2024-06-10T20:12:12.292+0000] {dag.py:3954} INFO - Setting next_dagrun for dataset_consumes_1 to None, run_after=None
[2024-06-10T20:12:12.294+0000] {logging_mixin.py:188} INFO - [2024-06-10T20:12:12.294+0000] {dag.py:3954} INFO - Setting next_dagrun for dataset_consumes_1_and_2 to None, run_after=None
[2024-06-10T20:12:12.296+0000] {logging_mixin.py:188} INFO - [2024-06-10T20:12:12.296+0000] {dag.py:3954} INFO - Setting next_dagrun for dataset_consumes_1_never_scheduled to None, run_after=None
[2024-06-10T20:12:12.298+0000] {logging_mixin.py:188} INFO - [2024-06-10T20:12:12.297+0000] {dag.py:3954} INFO - Setting next_dagrun for dataset_consumes_unknown_never_scheduled to None, run_after=None
[2024-06-10T20:12:12.300+0000] {logging_mixin.py:188} INFO - [2024-06-10T20:12:12.300+0000] {dag.py:3954} INFO - Setting next_dagrun for dataset_produces_1 to 2024-06-09 00:00:00+00:00, run_after=2024-06-10 00:00:00+00:00
[2024-06-10T20:12:12.303+0000] {logging_mixin.py:188} INFO - [2024-06-10T20:12:12.302+0000] {dag.py:3954} INFO - Setting next_dagrun for dataset_produces_2 to None, run_after=None
[2024-06-10T20:12:12.342+0000] {processor.py:183} INFO - Processing /home/airflow/.local/lib/python3.12/site-packages/airflow/example_dags/example_datasets.py took 0.161 seconds
[2024-06-10T20:12:42.553+0000] {processor.py:161} INFO - Started process (PID=231) to work on /home/airflow/.local/lib/python3.12/site-packages/airflow/example_dags/example_datasets.py
[2024-06-10T20:12:42.555+0000] {processor.py:830} INFO - Processing file /home/airflow/.local/lib/python3.12/site-packages/airflow/example_dags/example_datasets.py for tasks to queue
[2024-06-10T20:12:42.557+0000] {logging_mixin.py:188} INFO - [2024-06-10T20:12:42.557+0000] {dagbag.py:545} INFO - Filling up the DagBag from /home/airflow/.local/lib/python3.12/site-packages/airflow/example_dags/example_datasets.py
[2024-06-10T20:12:42.567+0000] {processor.py:840} INFO - DAG(s) 'dataset_produces_2', 'conditional_dataset_and_time_based_timetable', 'dataset_produces_1', 'dataset_consumes_1_never_scheduled', 'consume_1_or_2_with_dataset_expressions', 'consume_1_or_both_2_and_3_with_dataset_expressions', 'consume_1_and_2_with_dataset_expressions', 'dataset_consumes_1_and_2', 'dataset_consumes_unknown_never_scheduled', 'dataset_consumes_1' retrieved from /home/airflow/.local/lib/python3.12/site-packages/airflow/example_dags/example_datasets.py
[2024-06-10T20:12:42.603+0000] {logging_mixin.py:188} INFO - [2024-06-10T20:12:42.602+0000] {dag.py:3096} INFO - Sync 10 DAGs
[2024-06-10T20:12:42.621+0000] {logging_mixin.py:188} INFO - [2024-06-10T20:12:42.620+0000] {dag.py:3954} INFO - Setting next_dagrun for conditional_dataset_and_time_based_timetable to 2024-06-05 01:00:00+00:00, run_after=2024-06-05 01:00:00+00:00
[2024-06-10T20:12:42.624+0000] {logging_mixin.py:188} INFO - [2024-06-10T20:12:42.624+0000] {dag.py:3954} INFO - Setting next_dagrun for consume_1_and_2_with_dataset_expressions to None, run_after=None
[2024-06-10T20:12:42.625+0000] {logging_mixin.py:188} INFO - [2024-06-10T20:12:42.625+0000] {dag.py:3954} INFO - Setting next_dagrun for consume_1_or_2_with_dataset_expressions to None, run_after=None
[2024-06-10T20:12:42.627+0000] {logging_mixin.py:188} INFO - [2024-06-10T20:12:42.626+0000] {dag.py:3954} INFO - Setting next_dagrun for consume_1_or_both_2_and_3_with_dataset_expressions to None, run_after=None
[2024-06-10T20:12:42.628+0000] {logging_mixin.py:188} INFO - [2024-06-10T20:12:42.628+0000] {dag.py:3954} INFO - Setting next_dagrun for dataset_consumes_1 to None, run_after=None
[2024-06-10T20:12:42.630+0000] {logging_mixin.py:188} INFO - [2024-06-10T20:12:42.629+0000] {dag.py:3954} INFO - Setting next_dagrun for dataset_consumes_1_and_2 to None, run_after=None
[2024-06-10T20:12:42.631+0000] {logging_mixin.py:188} INFO - [2024-06-10T20:12:42.631+0000] {dag.py:3954} INFO - Setting next_dagrun for dataset_consumes_1_never_scheduled to None, run_after=None
[2024-06-10T20:12:42.632+0000] {logging_mixin.py:188} INFO - [2024-06-10T20:12:42.632+0000] {dag.py:3954} INFO - Setting next_dagrun for dataset_consumes_unknown_never_scheduled to None, run_after=None
[2024-06-10T20:12:42.635+0000] {logging_mixin.py:188} INFO - [2024-06-10T20:12:42.635+0000] {dag.py:3954} INFO - Setting next_dagrun for dataset_produces_1 to 2024-06-09 00:00:00+00:00, run_after=2024-06-10 00:00:00+00:00
[2024-06-10T20:12:42.636+0000] {logging_mixin.py:188} INFO - [2024-06-10T20:12:42.636+0000] {dag.py:3954} INFO - Setting next_dagrun for dataset_produces_2 to None, run_after=None
[2024-06-10T20:12:42.663+0000] {processor.py:183} INFO - Processing /home/airflow/.local/lib/python3.12/site-packages/airflow/example_dags/example_datasets.py took 0.119 seconds
[2024-06-10T20:13:12.904+0000] {processor.py:161} INFO - Started process (PID=289) to work on /home/airflow/.local/lib/python3.12/site-packages/airflow/example_dags/example_datasets.py
[2024-06-10T20:13:12.906+0000] {processor.py:830} INFO - Processing file /home/airflow/.local/lib/python3.12/site-packages/airflow/example_dags/example_datasets.py for tasks to queue
[2024-06-10T20:13:12.908+0000] {logging_mixin.py:188} INFO - [2024-06-10T20:13:12.908+0000] {dagbag.py:545} INFO - Filling up the DagBag from /home/airflow/.local/lib/python3.12/site-packages/airflow/example_dags/example_datasets.py
[2024-06-10T20:13:12.920+0000] {processor.py:840} INFO - DAG(s) 'dataset_produces_1', 'dataset_produces_2', 'consume_1_and_2_with_dataset_expressions', 'dataset_consumes_1_never_scheduled', 'consume_1_or_2_with_dataset_expressions', 'dataset_consumes_1', 'dataset_consumes_1_and_2', 'conditional_dataset_and_time_based_timetable', 'dataset_consumes_unknown_never_scheduled', 'consume_1_or_both_2_and_3_with_dataset_expressions' retrieved from /home/airflow/.local/lib/python3.12/site-packages/airflow/example_dags/example_datasets.py
[2024-06-10T20:13:12.954+0000] {logging_mixin.py:188} INFO - [2024-06-10T20:13:12.954+0000] {dag.py:3096} INFO - Sync 10 DAGs
[2024-06-10T20:13:12.970+0000] {logging_mixin.py:188} INFO - [2024-06-10T20:13:12.970+0000] {dag.py:3954} INFO - Setting next_dagrun for conditional_dataset_and_time_based_timetable to 2024-06-05 01:00:00+00:00, run_after=2024-06-05 01:00:00+00:00
[2024-06-10T20:13:12.975+0000] {logging_mixin.py:188} INFO - [2024-06-10T20:13:12.975+0000] {dag.py:3954} INFO - Setting next_dagrun for consume_1_and_2_with_dataset_expressions to None, run_after=None
[2024-06-10T20:13:12.976+0000] {logging_mixin.py:188} INFO - [2024-06-10T20:13:12.976+0000] {dag.py:3954} INFO - Setting next_dagrun for consume_1_or_2_with_dataset_expressions to None, run_after=None
[2024-06-10T20:13:12.977+0000] {logging_mixin.py:188} INFO - [2024-06-10T20:13:12.977+0000] {dag.py:3954} INFO - Setting next_dagrun for consume_1_or_both_2_and_3_with_dataset_expressions to None, run_after=None
[2024-06-10T20:13:12.979+0000] {logging_mixin.py:188} INFO - [2024-06-10T20:13:12.979+0000] {dag.py:3954} INFO - Setting next_dagrun for dataset_consumes_1 to None, run_after=None
[2024-06-10T20:13:12.980+0000] {logging_mixin.py:188} INFO - [2024-06-10T20:13:12.980+0000] {dag.py:3954} INFO - Setting next_dagrun for dataset_consumes_1_and_2 to None, run_after=None
[2024-06-10T20:13:12.981+0000] {logging_mixin.py:188} INFO - [2024-06-10T20:13:12.981+0000] {dag.py:3954} INFO - Setting next_dagrun for dataset_consumes_1_never_scheduled to None, run_after=None
[2024-06-10T20:13:12.982+0000] {logging_mixin.py:188} INFO - [2024-06-10T20:13:12.982+0000] {dag.py:3954} INFO - Setting next_dagrun for dataset_consumes_unknown_never_scheduled to None, run_after=None
[2024-06-10T20:13:12.984+0000] {logging_mixin.py:188} INFO - [2024-06-10T20:13:12.984+0000] {dag.py:3954} INFO - Setting next_dagrun for dataset_produces_1 to 2024-06-09 00:00:00+00:00, run_after=2024-06-10 00:00:00+00:00
[2024-06-10T20:13:12.985+0000] {logging_mixin.py:188} INFO - [2024-06-10T20:13:12.985+0000] {dag.py:3954} INFO - Setting next_dagrun for dataset_produces_2 to None, run_after=None
[2024-06-10T20:13:13.011+0000] {processor.py:183} INFO - Processing /home/airflow/.local/lib/python3.12/site-packages/airflow/example_dags/example_datasets.py took 0.116 seconds
[2024-06-10T20:13:43.327+0000] {processor.py:161} INFO - Started process (PID=347) to work on /home/airflow/.local/lib/python3.12/site-packages/airflow/example_dags/example_datasets.py
[2024-06-10T20:13:43.328+0000] {processor.py:830} INFO - Processing file /home/airflow/.local/lib/python3.12/site-packages/airflow/example_dags/example_datasets.py for tasks to queue
[2024-06-10T20:13:43.331+0000] {logging_mixin.py:188} INFO - [2024-06-10T20:13:43.330+0000] {dagbag.py:545} INFO - Filling up the DagBag from /home/airflow/.local/lib/python3.12/site-packages/airflow/example_dags/example_datasets.py
[2024-06-10T20:13:43.344+0000] {processor.py:840} INFO - DAG(s) 'consume_1_or_2_with_dataset_expressions', 'dataset_consumes_1_never_scheduled', 'dataset_produces_2', 'consume_1_and_2_with_dataset_expressions', 'dataset_consumes_1_and_2', 'dataset_consumes_1', 'consume_1_or_both_2_and_3_with_dataset_expressions', 'dataset_consumes_unknown_never_scheduled', 'dataset_produces_1', 'conditional_dataset_and_time_based_timetable' retrieved from /home/airflow/.local/lib/python3.12/site-packages/airflow/example_dags/example_datasets.py
[2024-06-10T20:13:43.386+0000] {logging_mixin.py:188} INFO - [2024-06-10T20:13:43.386+0000] {dag.py:3096} INFO - Sync 10 DAGs
[2024-06-10T20:13:43.406+0000] {logging_mixin.py:188} INFO - [2024-06-10T20:13:43.406+0000] {dag.py:3954} INFO - Setting next_dagrun for conditional_dataset_and_time_based_timetable to 2024-06-05 01:00:00+00:00, run_after=2024-06-05 01:00:00+00:00
[2024-06-10T20:13:43.409+0000] {logging_mixin.py:188} INFO - [2024-06-10T20:13:43.409+0000] {dag.py:3954} INFO - Setting next_dagrun for consume_1_and_2_with_dataset_expressions to None, run_after=None
[2024-06-10T20:13:43.410+0000] {logging_mixin.py:188} INFO - [2024-06-10T20:13:43.410+0000] {dag.py:3954} INFO - Setting next_dagrun for consume_1_or_2_with_dataset_expressions to None, run_after=None
[2024-06-10T20:13:43.411+0000] {logging_mixin.py:188} INFO - [2024-06-10T20:13:43.411+0000] {dag.py:3954} INFO - Setting next_dagrun for consume_1_or_both_2_and_3_with_dataset_expressions to None, run_after=None
[2024-06-10T20:13:43.413+0000] {logging_mixin.py:188} INFO - [2024-06-10T20:13:43.413+0000] {dag.py:3954} INFO - Setting next_dagrun for dataset_consumes_1 to None, run_after=None
[2024-06-10T20:13:43.414+0000] {logging_mixin.py:188} INFO - [2024-06-10T20:13:43.414+0000] {dag.py:3954} INFO - Setting next_dagrun for dataset_consumes_1_and_2 to None, run_after=None
[2024-06-10T20:13:43.415+0000] {logging_mixin.py:188} INFO - [2024-06-10T20:13:43.415+0000] {dag.py:3954} INFO - Setting next_dagrun for dataset_consumes_1_never_scheduled to None, run_after=None
[2024-06-10T20:13:43.416+0000] {logging_mixin.py:188} INFO - [2024-06-10T20:13:43.416+0000] {dag.py:3954} INFO - Setting next_dagrun for dataset_consumes_unknown_never_scheduled to None, run_after=None
[2024-06-10T20:13:43.418+0000] {logging_mixin.py:188} INFO - [2024-06-10T20:13:43.418+0000] {dag.py:3954} INFO - Setting next_dagrun for dataset_produces_1 to 2024-06-09 00:00:00+00:00, run_after=2024-06-10 00:00:00+00:00
[2024-06-10T20:13:43.419+0000] {logging_mixin.py:188} INFO - [2024-06-10T20:13:43.419+0000] {dag.py:3954} INFO - Setting next_dagrun for dataset_produces_2 to None, run_after=None
[2024-06-10T20:13:43.450+0000] {processor.py:183} INFO - Processing /home/airflow/.local/lib/python3.12/site-packages/airflow/example_dags/example_datasets.py took 0.130 seconds
[2024-06-10T20:14:14.046+0000] {processor.py:161} INFO - Started process (PID=405) to work on /home/airflow/.local/lib/python3.12/site-packages/airflow/example_dags/example_datasets.py
[2024-06-10T20:14:14.047+0000] {processor.py:830} INFO - Processing file /home/airflow/.local/lib/python3.12/site-packages/airflow/example_dags/example_datasets.py for tasks to queue
[2024-06-10T20:14:14.049+0000] {logging_mixin.py:188} INFO - [2024-06-10T20:14:14.049+0000] {dagbag.py:545} INFO - Filling up the DagBag from /home/airflow/.local/lib/python3.12/site-packages/airflow/example_dags/example_datasets.py
[2024-06-10T20:14:14.060+0000] {processor.py:840} INFO - DAG(s) 'dataset_consumes_1_never_scheduled', 'consume_1_or_2_with_dataset_expressions', 'consume_1_and_2_with_dataset_expressions', 'dataset_consumes_unknown_never_scheduled', 'conditional_dataset_and_time_based_timetable', 'dataset_produces_2', 'dataset_produces_1', 'dataset_consumes_1_and_2', 'consume_1_or_both_2_and_3_with_dataset_expressions', 'dataset_consumes_1' retrieved from /home/airflow/.local/lib/python3.12/site-packages/airflow/example_dags/example_datasets.py
[2024-06-10T20:14:14.096+0000] {logging_mixin.py:188} INFO - [2024-06-10T20:14:14.096+0000] {dag.py:3096} INFO - Sync 10 DAGs
[2024-06-10T20:14:14.114+0000] {logging_mixin.py:188} INFO - [2024-06-10T20:14:14.114+0000] {dag.py:3954} INFO - Setting next_dagrun for conditional_dataset_and_time_based_timetable to 2024-06-05 01:00:00+00:00, run_after=2024-06-05 01:00:00+00:00
[2024-06-10T20:14:14.119+0000] {logging_mixin.py:188} INFO - [2024-06-10T20:14:14.117+0000] {dag.py:3954} INFO - Setting next_dagrun for consume_1_and_2_with_dataset_expressions to None, run_after=None
[2024-06-10T20:14:14.121+0000] {logging_mixin.py:188} INFO - [2024-06-10T20:14:14.121+0000] {dag.py:3954} INFO - Setting next_dagrun for consume_1_or_2_with_dataset_expressions to None, run_after=None
[2024-06-10T20:14:14.122+0000] {logging_mixin.py:188} INFO - [2024-06-10T20:14:14.122+0000] {dag.py:3954} INFO - Setting next_dagrun for consume_1_or_both_2_and_3_with_dataset_expressions to None, run_after=None
[2024-06-10T20:14:14.123+0000] {logging_mixin.py:188} INFO - [2024-06-10T20:14:14.123+0000] {dag.py:3954} INFO - Setting next_dagrun for dataset_consumes_1 to None, run_after=None
[2024-06-10T20:14:14.124+0000] {logging_mixin.py:188} INFO - [2024-06-10T20:14:14.124+0000] {dag.py:3954} INFO - Setting next_dagrun for dataset_consumes_1_and_2 to None, run_after=None
[2024-06-10T20:14:14.125+0000] {logging_mixin.py:188} INFO - [2024-06-10T20:14:14.125+0000] {dag.py:3954} INFO - Setting next_dagrun for dataset_consumes_1_never_scheduled to None, run_after=None
[2024-06-10T20:14:14.126+0000] {logging_mixin.py:188} INFO - [2024-06-10T20:14:14.126+0000] {dag.py:3954} INFO - Setting next_dagrun for dataset_consumes_unknown_never_scheduled to None, run_after=None
[2024-06-10T20:14:14.128+0000] {logging_mixin.py:188} INFO - [2024-06-10T20:14:14.128+0000] {dag.py:3954} INFO - Setting next_dagrun for dataset_produces_1 to 2024-06-09 00:00:00+00:00, run_after=2024-06-10 00:00:00+00:00
[2024-06-10T20:14:14.129+0000] {logging_mixin.py:188} INFO - [2024-06-10T20:14:14.129+0000] {dag.py:3954} INFO - Setting next_dagrun for dataset_produces_2 to None, run_after=None
[2024-06-10T20:14:14.161+0000] {processor.py:183} INFO - Processing /home/airflow/.local/lib/python3.12/site-packages/airflow/example_dags/example_datasets.py took 0.124 seconds
[2024-06-10T20:14:44.246+0000] {processor.py:161} INFO - Started process (PID=464) to work on /home/airflow/.local/lib/python3.12/site-packages/airflow/example_dags/example_datasets.py
[2024-06-10T20:14:44.252+0000] {processor.py:830} INFO - Processing file /home/airflow/.local/lib/python3.12/site-packages/airflow/example_dags/example_datasets.py for tasks to queue
[2024-06-10T20:14:44.254+0000] {logging_mixin.py:188} INFO - [2024-06-10T20:14:44.254+0000] {dagbag.py:545} INFO - Filling up the DagBag from /home/airflow/.local/lib/python3.12/site-packages/airflow/example_dags/example_datasets.py
[2024-06-10T20:14:44.265+0000] {processor.py:840} INFO - DAG(s) 'dataset_produces_1', 'consume_1_or_both_2_and_3_with_dataset_expressions', 'dataset_consumes_1', 'dataset_consumes_1_and_2', 'dataset_consumes_1_never_scheduled', 'consume_1_and_2_with_dataset_expressions', 'dataset_consumes_unknown_never_scheduled', 'consume_1_or_2_with_dataset_expressions', 'conditional_dataset_and_time_based_timetable', 'dataset_produces_2' retrieved from /home/airflow/.local/lib/python3.12/site-packages/airflow/example_dags/example_datasets.py
[2024-06-10T20:14:44.308+0000] {logging_mixin.py:188} INFO - [2024-06-10T20:14:44.307+0000] {dag.py:3096} INFO - Sync 10 DAGs
[2024-06-10T20:14:44.330+0000] {logging_mixin.py:188} INFO - [2024-06-10T20:14:44.329+0000] {dag.py:3954} INFO - Setting next_dagrun for conditional_dataset_and_time_based_timetable to 2024-06-05 01:00:00+00:00, run_after=2024-06-05 01:00:00+00:00
[2024-06-10T20:14:44.335+0000] {logging_mixin.py:188} INFO - [2024-06-10T20:14:44.334+0000] {dag.py:3954} INFO - Setting next_dagrun for consume_1_and_2_with_dataset_expressions to None, run_after=None
[2024-06-10T20:14:44.336+0000] {logging_mixin.py:188} INFO - [2024-06-10T20:14:44.336+0000] {dag.py:3954} INFO - Setting next_dagrun for consume_1_or_2_with_dataset_expressions to None, run_after=None
[2024-06-10T20:14:44.338+0000] {logging_mixin.py:188} INFO - [2024-06-10T20:14:44.337+0000] {dag.py:3954} INFO - Setting next_dagrun for consume_1_or_both_2_and_3_with_dataset_expressions to None, run_after=None
[2024-06-10T20:14:44.339+0000] {logging_mixin.py:188} INFO - [2024-06-10T20:14:44.339+0000] {dag.py:3954} INFO - Setting next_dagrun for dataset_consumes_1 to None, run_after=None
[2024-06-10T20:14:44.340+0000] {logging_mixin.py:188} INFO - [2024-06-10T20:14:44.340+0000] {dag.py:3954} INFO - Setting next_dagrun for dataset_consumes_1_and_2 to None, run_after=None
[2024-06-10T20:14:44.342+0000] {logging_mixin.py:188} INFO - [2024-06-10T20:14:44.341+0000] {dag.py:3954} INFO - Setting next_dagrun for dataset_consumes_1_never_scheduled to None, run_after=None
[2024-06-10T20:14:44.343+0000] {logging_mixin.py:188} INFO - [2024-06-10T20:14:44.343+0000] {dag.py:3954} INFO - Setting next_dagrun for dataset_consumes_unknown_never_scheduled to None, run_after=None
[2024-06-10T20:14:44.347+0000] {logging_mixin.py:188} INFO - [2024-06-10T20:14:44.347+0000] {dag.py:3954} INFO - Setting next_dagrun for dataset_produces_1 to 2024-06-09 00:00:00+00:00, run_after=2024-06-10 00:00:00+00:00
[2024-06-10T20:14:44.348+0000] {logging_mixin.py:188} INFO - [2024-06-10T20:14:44.348+0000] {dag.py:3954} INFO - Setting next_dagrun for dataset_produces_2 to None, run_after=None
[2024-06-10T20:14:44.378+0000] {processor.py:183} INFO - Processing /home/airflow/.local/lib/python3.12/site-packages/airflow/example_dags/example_datasets.py took 0.137 seconds
[2024-06-10T20:15:14.562+0000] {processor.py:161} INFO - Started process (PID=521) to work on /home/airflow/.local/lib/python3.12/site-packages/airflow/example_dags/example_datasets.py
[2024-06-10T20:15:14.564+0000] {processor.py:830} INFO - Processing file /home/airflow/.local/lib/python3.12/site-packages/airflow/example_dags/example_datasets.py for tasks to queue
[2024-06-10T20:15:14.567+0000] {logging_mixin.py:188} INFO - [2024-06-10T20:15:14.566+0000] {dagbag.py:545} INFO - Filling up the DagBag from /home/airflow/.local/lib/python3.12/site-packages/airflow/example_dags/example_datasets.py
[2024-06-10T20:15:14.581+0000] {processor.py:840} INFO - DAG(s) 'dataset_produces_2', 'dataset_consumes_unknown_never_scheduled', 'dataset_consumes_1_never_scheduled', 'dataset_produces_1', 'conditional_dataset_and_time_based_timetable', 'consume_1_or_2_with_dataset_expressions', 'dataset_consumes_1_and_2', 'dataset_consumes_1', 'consume_1_or_both_2_and_3_with_dataset_expressions', 'consume_1_and_2_with_dataset_expressions' retrieved from /home/airflow/.local/lib/python3.12/site-packages/airflow/example_dags/example_datasets.py
[2024-06-10T20:15:14.618+0000] {logging_mixin.py:188} INFO - [2024-06-10T20:15:14.618+0000] {dag.py:3096} INFO - Sync 10 DAGs
[2024-06-10T20:15:14.638+0000] {logging_mixin.py:188} INFO - [2024-06-10T20:15:14.638+0000] {dag.py:3954} INFO - Setting next_dagrun for conditional_dataset_and_time_based_timetable to 2024-06-05 01:00:00+00:00, run_after=2024-06-05 01:00:00+00:00
[2024-06-10T20:15:14.641+0000] {logging_mixin.py:188} INFO - [2024-06-10T20:15:14.641+0000] {dag.py:3954} INFO - Setting next_dagrun for consume_1_and_2_with_dataset_expressions to None, run_after=None
[2024-06-10T20:15:14.643+0000] {logging_mixin.py:188} INFO - [2024-06-10T20:15:14.642+0000] {dag.py:3954} INFO - Setting next_dagrun for consume_1_or_2_with_dataset_expressions to None, run_after=None
[2024-06-10T20:15:14.644+0000] {logging_mixin.py:188} INFO - [2024-06-10T20:15:14.644+0000] {dag.py:3954} INFO - Setting next_dagrun for consume_1_or_both_2_and_3_with_dataset_expressions to None, run_after=None
[2024-06-10T20:15:14.645+0000] {logging_mixin.py:188} INFO - [2024-06-10T20:15:14.645+0000] {dag.py:3954} INFO - Setting next_dagrun for dataset_consumes_1 to None, run_after=None
[2024-06-10T20:15:14.647+0000] {logging_mixin.py:188} INFO - [2024-06-10T20:15:14.647+0000] {dag.py:3954} INFO - Setting next_dagrun for dataset_consumes_1_and_2 to None, run_after=None
[2024-06-10T20:15:14.648+0000] {logging_mixin.py:188} INFO - [2024-06-10T20:15:14.648+0000] {dag.py:3954} INFO - Setting next_dagrun for dataset_consumes_1_never_scheduled to None, run_after=None
[2024-06-10T20:15:14.649+0000] {logging_mixin.py:188} INFO - [2024-06-10T20:15:14.649+0000] {dag.py:3954} INFO - Setting next_dagrun for dataset_consumes_unknown_never_scheduled to None, run_after=None
[2024-06-10T20:15:14.651+0000] {logging_mixin.py:188} INFO - [2024-06-10T20:15:14.651+0000] {dag.py:3954} INFO - Setting next_dagrun for dataset_produces_1 to 2024-06-09 00:00:00+00:00, run_after=2024-06-10 00:00:00+00:00
[2024-06-10T20:15:14.653+0000] {logging_mixin.py:188} INFO - [2024-06-10T20:15:14.652+0000] {dag.py:3954} INFO - Setting next_dagrun for dataset_produces_2 to None, run_after=None
[2024-06-10T20:15:14.682+0000] {processor.py:183} INFO - Processing /home/airflow/.local/lib/python3.12/site-packages/airflow/example_dags/example_datasets.py took 0.129 seconds
[2024-06-10T20:15:44.783+0000] {processor.py:161} INFO - Started process (PID=579) to work on /home/airflow/.local/lib/python3.12/site-packages/airflow/example_dags/example_datasets.py
[2024-06-10T20:15:44.785+0000] {processor.py:830} INFO - Processing file /home/airflow/.local/lib/python3.12/site-packages/airflow/example_dags/example_datasets.py for tasks to queue
[2024-06-10T20:15:44.787+0000] {logging_mixin.py:188} INFO - [2024-06-10T20:15:44.787+0000] {dagbag.py:545} INFO - Filling up the DagBag from /home/airflow/.local/lib/python3.12/site-packages/airflow/example_dags/example_datasets.py
[2024-06-10T20:15:44.799+0000] {processor.py:840} INFO - DAG(s) 'dataset_consumes_unknown_never_scheduled', 'consume_1_or_both_2_and_3_with_dataset_expressions', 'dataset_consumes_1_and_2', 'dataset_produces_1', 'dataset_produces_2', 'consume_1_or_2_with_dataset_expressions', 'conditional_dataset_and_time_based_timetable', 'dataset_consumes_1_never_scheduled', 'consume_1_and_2_with_dataset_expressions', 'dataset_consumes_1' retrieved from /home/airflow/.local/lib/python3.12/site-packages/airflow/example_dags/example_datasets.py
[2024-06-10T20:15:44.836+0000] {logging_mixin.py:188} INFO - [2024-06-10T20:15:44.836+0000] {dag.py:3096} INFO - Sync 10 DAGs
[2024-06-10T20:15:44.854+0000] {logging_mixin.py:188} INFO - [2024-06-10T20:15:44.854+0000] {dag.py:3954} INFO - Setting next_dagrun for conditional_dataset_and_time_based_timetable to 2024-06-05 01:00:00+00:00, run_after=2024-06-05 01:00:00+00:00
[2024-06-10T20:15:44.858+0000] {logging_mixin.py:188} INFO - [2024-06-10T20:15:44.857+0000] {dag.py:3954} INFO - Setting next_dagrun for consume_1_and_2_with_dataset_expressions to None, run_after=None
[2024-06-10T20:15:44.859+0000] {logging_mixin.py:188} INFO - [2024-06-10T20:15:44.859+0000] {dag.py:3954} INFO - Setting next_dagrun for consume_1_or_2_with_dataset_expressions to None, run_after=None
[2024-06-10T20:15:44.860+0000] {logging_mixin.py:188} INFO - [2024-06-10T20:15:44.860+0000] {dag.py:3954} INFO - Setting next_dagrun for consume_1_or_both_2_and_3_with_dataset_expressions to None, run_after=None
[2024-06-10T20:15:44.861+0000] {logging_mixin.py:188} INFO - [2024-06-10T20:15:44.861+0000] {dag.py:3954} INFO - Setting next_dagrun for dataset_consumes_1 to None, run_after=None
[2024-06-10T20:15:44.863+0000] {logging_mixin.py:188} INFO - [2024-06-10T20:15:44.863+0000] {dag.py:3954} INFO - Setting next_dagrun for dataset_consumes_1_and_2 to None, run_after=None
[2024-06-10T20:15:44.864+0000] {logging_mixin.py:188} INFO - [2024-06-10T20:15:44.864+0000] {dag.py:3954} INFO - Setting next_dagrun for dataset_consumes_1_never_scheduled to None, run_after=None
[2024-06-10T20:15:44.865+0000] {logging_mixin.py:188} INFO - [2024-06-10T20:15:44.865+0000] {dag.py:3954} INFO - Setting next_dagrun for dataset_consumes_unknown_never_scheduled to None, run_after=None
[2024-06-10T20:15:44.867+0000] {logging_mixin.py:188} INFO - [2024-06-10T20:15:44.867+0000] {dag.py:3954} INFO - Setting next_dagrun for dataset_produces_1 to 2024-06-09 00:00:00+00:00, run_after=2024-06-10 00:00:00+00:00
[2024-06-10T20:15:44.868+0000] {logging_mixin.py:188} INFO - [2024-06-10T20:15:44.868+0000] {dag.py:3954} INFO - Setting next_dagrun for dataset_produces_2 to None, run_after=None
[2024-06-10T20:15:44.897+0000] {processor.py:183} INFO - Processing /home/airflow/.local/lib/python3.12/site-packages/airflow/example_dags/example_datasets.py took 0.122 seconds
[2024-06-10T20:16:15.132+0000] {processor.py:161} INFO - Started process (PID=637) to work on /home/airflow/.local/lib/python3.12/site-packages/airflow/example_dags/example_datasets.py
[2024-06-10T20:16:15.133+0000] {processor.py:830} INFO - Processing file /home/airflow/.local/lib/python3.12/site-packages/airflow/example_dags/example_datasets.py for tasks to queue
[2024-06-10T20:16:15.134+0000] {logging_mixin.py:188} INFO - [2024-06-10T20:16:15.134+0000] {dagbag.py:545} INFO - Filling up the DagBag from /home/airflow/.local/lib/python3.12/site-packages/airflow/example_dags/example_datasets.py
[2024-06-10T20:16:15.145+0000] {processor.py:840} INFO - DAG(s) 'consume_1_or_2_with_dataset_expressions', 'dataset_consumes_1_and_2', 'consume_1_and_2_with_dataset_expressions', 'dataset_produces_1', 'dataset_consumes_1_never_scheduled', 'dataset_produces_2', 'conditional_dataset_and_time_based_timetable', 'dataset_consumes_1', 'dataset_consumes_unknown_never_scheduled', 'consume_1_or_both_2_and_3_with_dataset_expressions' retrieved from /home/airflow/.local/lib/python3.12/site-packages/airflow/example_dags/example_datasets.py
[2024-06-10T20:16:15.181+0000] {logging_mixin.py:188} INFO - [2024-06-10T20:16:15.181+0000] {dag.py:3096} INFO - Sync 10 DAGs
[2024-06-10T20:16:15.199+0000] {logging_mixin.py:188} INFO - [2024-06-10T20:16:15.199+0000] {dag.py:3954} INFO - Setting next_dagrun for conditional_dataset_and_time_based_timetable to 2024-06-05 01:00:00+00:00, run_after=2024-06-05 01:00:00+00:00
[2024-06-10T20:16:15.202+0000] {logging_mixin.py:188} INFO - [2024-06-10T20:16:15.202+0000] {dag.py:3954} INFO - Setting next_dagrun for consume_1_and_2_with_dataset_expressions to None, run_after=None
[2024-06-10T20:16:15.204+0000] {logging_mixin.py:188} INFO - [2024-06-10T20:16:15.204+0000] {dag.py:3954} INFO - Setting next_dagrun for consume_1_or_2_with_dataset_expressions to None, run_after=None
[2024-06-10T20:16:15.206+0000] {logging_mixin.py:188} INFO - [2024-06-10T20:16:15.206+0000] {dag.py:3954} INFO - Setting next_dagrun for consume_1_or_both_2_and_3_with_dataset_expressions to None, run_after=None
[2024-06-10T20:16:15.207+0000] {logging_mixin.py:188} INFO - [2024-06-10T20:16:15.207+0000] {dag.py:3954} INFO - Setting next_dagrun for dataset_consumes_1 to None, run_after=None
[2024-06-10T20:16:15.208+0000] {logging_mixin.py:188} INFO - [2024-06-10T20:16:15.208+0000] {dag.py:3954} INFO - Setting next_dagrun for dataset_consumes_1_and_2 to None, run_after=None
[2024-06-10T20:16:15.209+0000] {logging_mixin.py:188} INFO - [2024-06-10T20:16:15.209+0000] {dag.py:3954} INFO - Setting next_dagrun for dataset_consumes_1_never_scheduled to None, run_after=None
[2024-06-10T20:16:15.211+0000] {logging_mixin.py:188} INFO - [2024-06-10T20:16:15.210+0000] {dag.py:3954} INFO - Setting next_dagrun for dataset_consumes_unknown_never_scheduled to None, run_after=None
[2024-06-10T20:16:15.212+0000] {logging_mixin.py:188} INFO - [2024-06-10T20:16:15.212+0000] {dag.py:3954} INFO - Setting next_dagrun for dataset_produces_1 to 2024-06-09 00:00:00+00:00, run_after=2024-06-10 00:00:00+00:00
[2024-06-10T20:16:15.213+0000] {logging_mixin.py:188} INFO - [2024-06-10T20:16:15.213+0000] {dag.py:3954} INFO - Setting next_dagrun for dataset_produces_2 to None, run_after=None
[2024-06-10T20:16:15.241+0000] {processor.py:183} INFO - Processing /home/airflow/.local/lib/python3.12/site-packages/airflow/example_dags/example_datasets.py took 0.113 seconds
[2024-06-10T20:16:45.527+0000] {processor.py:161} INFO - Started process (PID=695) to work on /home/airflow/.local/lib/python3.12/site-packages/airflow/example_dags/example_datasets.py
[2024-06-10T20:16:45.529+0000] {processor.py:830} INFO - Processing file /home/airflow/.local/lib/python3.12/site-packages/airflow/example_dags/example_datasets.py for tasks to queue
[2024-06-10T20:16:45.531+0000] {logging_mixin.py:188} INFO - [2024-06-10T20:16:45.531+0000] {dagbag.py:545} INFO - Filling up the DagBag from /home/airflow/.local/lib/python3.12/site-packages/airflow/example_dags/example_datasets.py
[2024-06-10T20:16:45.541+0000] {processor.py:840} INFO - DAG(s) 'dataset_consumes_unknown_never_scheduled', 'dataset_consumes_1_and_2', 'consume_1_or_both_2_and_3_with_dataset_expressions', 'dataset_consumes_1', 'consume_1_or_2_with_dataset_expressions', 'dataset_produces_1', 'consume_1_and_2_with_dataset_expressions', 'dataset_consumes_1_never_scheduled', 'conditional_dataset_and_time_based_timetable', 'dataset_produces_2' retrieved from /home/airflow/.local/lib/python3.12/site-packages/airflow/example_dags/example_datasets.py
[2024-06-10T20:16:45.577+0000] {logging_mixin.py:188} INFO - [2024-06-10T20:16:45.577+0000] {dag.py:3096} INFO - Sync 10 DAGs
[2024-06-10T20:16:45.595+0000] {logging_mixin.py:188} INFO - [2024-06-10T20:16:45.595+0000] {dag.py:3954} INFO - Setting next_dagrun for conditional_dataset_and_time_based_timetable to 2024-06-05 01:00:00+00:00, run_after=2024-06-05 01:00:00+00:00
[2024-06-10T20:16:45.599+0000] {logging_mixin.py:188} INFO - [2024-06-10T20:16:45.599+0000] {dag.py:3954} INFO - Setting next_dagrun for consume_1_and_2_with_dataset_expressions to None, run_after=None
[2024-06-10T20:16:45.601+0000] {logging_mixin.py:188} INFO - [2024-06-10T20:16:45.601+0000] {dag.py:3954} INFO - Setting next_dagrun for consume_1_or_2_with_dataset_expressions to None, run_after=None
[2024-06-10T20:16:45.602+0000] {logging_mixin.py:188} INFO - [2024-06-10T20:16:45.602+0000] {dag.py:3954} INFO - Setting next_dagrun for consume_1_or_both_2_and_3_with_dataset_expressions to None, run_after=None
[2024-06-10T20:16:45.604+0000] {logging_mixin.py:188} INFO - [2024-06-10T20:16:45.603+0000] {dag.py:3954} INFO - Setting next_dagrun for dataset_consumes_1 to None, run_after=None
[2024-06-10T20:16:45.605+0000] {logging_mixin.py:188} INFO - [2024-06-10T20:16:45.605+0000] {dag.py:3954} INFO - Setting next_dagrun for dataset_consumes_1_and_2 to None, run_after=None
[2024-06-10T20:16:45.607+0000] {logging_mixin.py:188} INFO - [2024-06-10T20:16:45.606+0000] {dag.py:3954} INFO - Setting next_dagrun for dataset_consumes_1_never_scheduled to None, run_after=None
[2024-06-10T20:16:45.608+0000] {logging_mixin.py:188} INFO - [2024-06-10T20:16:45.608+0000] {dag.py:3954} INFO - Setting next_dagrun for dataset_consumes_unknown_never_scheduled to None, run_after=None
[2024-06-10T20:16:45.610+0000] {logging_mixin.py:188} INFO - [2024-06-10T20:16:45.610+0000] {dag.py:3954} INFO - Setting next_dagrun for dataset_produces_1 to 2024-06-09 00:00:00+00:00, run_after=2024-06-10 00:00:00+00:00
[2024-06-10T20:16:45.611+0000] {logging_mixin.py:188} INFO - [2024-06-10T20:16:45.611+0000] {dag.py:3954} INFO - Setting next_dagrun for dataset_produces_2 to None, run_after=None
[2024-06-10T20:16:45.638+0000] {processor.py:183} INFO - Processing /home/airflow/.local/lib/python3.12/site-packages/airflow/example_dags/example_datasets.py took 0.122 seconds
[2024-06-10T20:17:15.906+0000] {processor.py:161} INFO - Started process (PID=753) to work on /home/airflow/.local/lib/python3.12/site-packages/airflow/example_dags/example_datasets.py
[2024-06-10T20:17:15.908+0000] {processor.py:830} INFO - Processing file /home/airflow/.local/lib/python3.12/site-packages/airflow/example_dags/example_datasets.py for tasks to queue
[2024-06-10T20:17:15.910+0000] {logging_mixin.py:188} INFO - [2024-06-10T20:17:15.910+0000] {dagbag.py:545} INFO - Filling up the DagBag from /home/airflow/.local/lib/python3.12/site-packages/airflow/example_dags/example_datasets.py
[2024-06-10T20:17:15.921+0000] {processor.py:840} INFO - DAG(s) 'dataset_consumes_1_never_scheduled', 'dataset_consumes_1', 'dataset_consumes_1_and_2', 'consume_1_and_2_with_dataset_expressions', 'dataset_produces_2', 'consume_1_or_2_with_dataset_expressions', 'dataset_consumes_unknown_never_scheduled', 'dataset_produces_1', 'consume_1_or_both_2_and_3_with_dataset_expressions', 'conditional_dataset_and_time_based_timetable' retrieved from /home/airflow/.local/lib/python3.12/site-packages/airflow/example_dags/example_datasets.py
[2024-06-10T20:17:15.958+0000] {logging_mixin.py:188} INFO - [2024-06-10T20:17:15.958+0000] {dag.py:3096} INFO - Sync 10 DAGs
[2024-06-10T20:17:15.977+0000] {logging_mixin.py:188} INFO - [2024-06-10T20:17:15.976+0000] {dag.py:3954} INFO - Setting next_dagrun for conditional_dataset_and_time_based_timetable to 2024-06-05 01:00:00+00:00, run_after=2024-06-05 01:00:00+00:00
[2024-06-10T20:17:15.980+0000] {logging_mixin.py:188} INFO - [2024-06-10T20:17:15.980+0000] {dag.py:3954} INFO - Setting next_dagrun for consume_1_and_2_with_dataset_expressions to None, run_after=None
[2024-06-10T20:17:15.981+0000] {logging_mixin.py:188} INFO - [2024-06-10T20:17:15.981+0000] {dag.py:3954} INFO - Setting next_dagrun for consume_1_or_2_with_dataset_expressions to None, run_after=None
[2024-06-10T20:17:15.983+0000] {logging_mixin.py:188} INFO - [2024-06-10T20:17:15.983+0000] {dag.py:3954} INFO - Setting next_dagrun for consume_1_or_both_2_and_3_with_dataset_expressions to None, run_after=None
[2024-06-10T20:17:15.985+0000] {logging_mixin.py:188} INFO - [2024-06-10T20:17:15.984+0000] {dag.py:3954} INFO - Setting next_dagrun for dataset_consumes_1 to None, run_after=None
[2024-06-10T20:17:15.986+0000] {logging_mixin.py:188} INFO - [2024-06-10T20:17:15.986+0000] {dag.py:3954} INFO - Setting next_dagrun for dataset_consumes_1_and_2 to None, run_after=None
[2024-06-10T20:17:15.987+0000] {logging_mixin.py:188} INFO - [2024-06-10T20:17:15.987+0000] {dag.py:3954} INFO - Setting next_dagrun for dataset_consumes_1_never_scheduled to None, run_after=None
[2024-06-10T20:17:15.988+0000] {logging_mixin.py:188} INFO - [2024-06-10T20:17:15.988+0000] {dag.py:3954} INFO - Setting next_dagrun for dataset_consumes_unknown_never_scheduled to None, run_after=None
[2024-06-10T20:17:15.990+0000] {logging_mixin.py:188} INFO - [2024-06-10T20:17:15.990+0000] {dag.py:3954} INFO - Setting next_dagrun for dataset_produces_1 to 2024-06-09 00:00:00+00:00, run_after=2024-06-10 00:00:00+00:00
[2024-06-10T20:17:15.991+0000] {logging_mixin.py:188} INFO - [2024-06-10T20:17:15.991+0000] {dag.py:3954} INFO - Setting next_dagrun for dataset_produces_2 to None, run_after=None
[2024-06-10T20:17:16.018+0000] {processor.py:183} INFO - Processing /home/airflow/.local/lib/python3.12/site-packages/airflow/example_dags/example_datasets.py took 0.119 seconds
[2024-06-10T20:17:46.361+0000] {processor.py:161} INFO - Started process (PID=811) to work on /home/airflow/.local/lib/python3.12/site-packages/airflow/example_dags/example_datasets.py
[2024-06-10T20:17:46.362+0000] {processor.py:830} INFO - Processing file /home/airflow/.local/lib/python3.12/site-packages/airflow/example_dags/example_datasets.py for tasks to queue
[2024-06-10T20:17:46.364+0000] {logging_mixin.py:188} INFO - [2024-06-10T20:17:46.364+0000] {dagbag.py:545} INFO - Filling up the DagBag from /home/airflow/.local/lib/python3.12/site-packages/airflow/example_dags/example_datasets.py
[2024-06-10T20:17:46.375+0000] {processor.py:840} INFO - DAG(s) 'dataset_consumes_unknown_never_scheduled', 'consume_1_or_2_with_dataset_expressions', 'consume_1_or_both_2_and_3_with_dataset_expressions', 'dataset_produces_2', 'consume_1_and_2_with_dataset_expressions', 'dataset_consumes_1_never_scheduled', 'dataset_consumes_1', 'conditional_dataset_and_time_based_timetable', 'dataset_produces_1', 'dataset_consumes_1_and_2' retrieved from /home/airflow/.local/lib/python3.12/site-packages/airflow/example_dags/example_datasets.py
[2024-06-10T20:17:46.421+0000] {logging_mixin.py:188} INFO - [2024-06-10T20:17:46.421+0000] {dag.py:3096} INFO - Sync 10 DAGs
[2024-06-10T20:17:46.440+0000] {logging_mixin.py:188} INFO - [2024-06-10T20:17:46.440+0000] {dag.py:3954} INFO - Setting next_dagrun for conditional_dataset_and_time_based_timetable to 2024-06-05 01:00:00+00:00, run_after=2024-06-05 01:00:00+00:00
[2024-06-10T20:17:46.444+0000] {logging_mixin.py:188} INFO - [2024-06-10T20:17:46.444+0000] {dag.py:3954} INFO - Setting next_dagrun for consume_1_and_2_with_dataset_expressions to None, run_after=None
[2024-06-10T20:17:46.447+0000] {logging_mixin.py:188} INFO - [2024-06-10T20:17:46.446+0000] {dag.py:3954} INFO - Setting next_dagrun for consume_1_or_2_with_dataset_expressions to None, run_after=None
[2024-06-10T20:17:46.448+0000] {logging_mixin.py:188} INFO - [2024-06-10T20:17:46.448+0000] {dag.py:3954} INFO - Setting next_dagrun for consume_1_or_both_2_and_3_with_dataset_expressions to None, run_after=None
[2024-06-10T20:17:46.450+0000] {logging_mixin.py:188} INFO - [2024-06-10T20:17:46.450+0000] {dag.py:3954} INFO - Setting next_dagrun for dataset_consumes_1 to None, run_after=None
[2024-06-10T20:17:46.452+0000] {logging_mixin.py:188} INFO - [2024-06-10T20:17:46.452+0000] {dag.py:3954} INFO - Setting next_dagrun for dataset_consumes_1_and_2 to None, run_after=None
[2024-06-10T20:17:46.454+0000] {logging_mixin.py:188} INFO - [2024-06-10T20:17:46.454+0000] {dag.py:3954} INFO - Setting next_dagrun for dataset_consumes_1_never_scheduled to None, run_after=None
[2024-06-10T20:17:46.455+0000] {logging_mixin.py:188} INFO - [2024-06-10T20:17:46.455+0000] {dag.py:3954} INFO - Setting next_dagrun for dataset_consumes_unknown_never_scheduled to None, run_after=None
[2024-06-10T20:17:46.458+0000] {logging_mixin.py:188} INFO - [2024-06-10T20:17:46.458+0000] {dag.py:3954} INFO - Setting next_dagrun for dataset_produces_1 to 2024-06-09 00:00:00+00:00, run_after=2024-06-10 00:00:00+00:00
[2024-06-10T20:17:46.459+0000] {logging_mixin.py:188} INFO - [2024-06-10T20:17:46.459+0000] {dag.py:3954} INFO - Setting next_dagrun for dataset_produces_2 to None, run_after=None
[2024-06-10T20:17:46.493+0000] {processor.py:183} INFO - Processing /home/airflow/.local/lib/python3.12/site-packages/airflow/example_dags/example_datasets.py took 0.139 seconds
[2024-06-10T20:18:16.552+0000] {processor.py:161} INFO - Started process (PID=869) to work on /home/airflow/.local/lib/python3.12/site-packages/airflow/example_dags/example_datasets.py
[2024-06-10T20:18:16.553+0000] {processor.py:830} INFO - Processing file /home/airflow/.local/lib/python3.12/site-packages/airflow/example_dags/example_datasets.py for tasks to queue
[2024-06-10T20:18:16.555+0000] {logging_mixin.py:188} INFO - [2024-06-10T20:18:16.555+0000] {dagbag.py:545} INFO - Filling up the DagBag from /home/airflow/.local/lib/python3.12/site-packages/airflow/example_dags/example_datasets.py
[2024-06-10T20:18:16.565+0000] {processor.py:840} INFO - DAG(s) 'dataset_produces_1', 'dataset_consumes_1', 'consume_1_or_2_with_dataset_expressions', 'consume_1_or_both_2_and_3_with_dataset_expressions', 'dataset_consumes_unknown_never_scheduled', 'consume_1_and_2_with_dataset_expressions', 'conditional_dataset_and_time_based_timetable', 'dataset_consumes_1_never_scheduled', 'dataset_consumes_1_and_2', 'dataset_produces_2' retrieved from /home/airflow/.local/lib/python3.12/site-packages/airflow/example_dags/example_datasets.py
[2024-06-10T20:18:16.615+0000] {logging_mixin.py:188} INFO - [2024-06-10T20:18:16.615+0000] {dag.py:3096} INFO - Sync 10 DAGs
[2024-06-10T20:18:16.635+0000] {logging_mixin.py:188} INFO - [2024-06-10T20:18:16.634+0000] {dag.py:3954} INFO - Setting next_dagrun for conditional_dataset_and_time_based_timetable to 2024-06-05 01:00:00+00:00, run_after=2024-06-05 01:00:00+00:00
[2024-06-10T20:18:16.638+0000] {logging_mixin.py:188} INFO - [2024-06-10T20:18:16.638+0000] {dag.py:3954} INFO - Setting next_dagrun for consume_1_and_2_with_dataset_expressions to None, run_after=None
[2024-06-10T20:18:16.641+0000] {logging_mixin.py:188} INFO - [2024-06-10T20:18:16.640+0000] {dag.py:3954} INFO - Setting next_dagrun for consume_1_or_2_with_dataset_expressions to None, run_after=None
[2024-06-10T20:18:16.642+0000] {logging_mixin.py:188} INFO - [2024-06-10T20:18:16.642+0000] {dag.py:3954} INFO - Setting next_dagrun for consume_1_or_both_2_and_3_with_dataset_expressions to None, run_after=None
[2024-06-10T20:18:16.644+0000] {logging_mixin.py:188} INFO - [2024-06-10T20:18:16.644+0000] {dag.py:3954} INFO - Setting next_dagrun for dataset_consumes_1 to None, run_after=None
[2024-06-10T20:18:16.645+0000] {logging_mixin.py:188} INFO - [2024-06-10T20:18:16.645+0000] {dag.py:3954} INFO - Setting next_dagrun for dataset_consumes_1_and_2 to None, run_after=None
[2024-06-10T20:18:16.646+0000] {logging_mixin.py:188} INFO - [2024-06-10T20:18:16.646+0000] {dag.py:3954} INFO - Setting next_dagrun for dataset_consumes_1_never_scheduled to None, run_after=None
[2024-06-10T20:18:16.647+0000] {logging_mixin.py:188} INFO - [2024-06-10T20:18:16.647+0000] {dag.py:3954} INFO - Setting next_dagrun for dataset_consumes_unknown_never_scheduled to None, run_after=None
[2024-06-10T20:18:16.649+0000] {logging_mixin.py:188} INFO - [2024-06-10T20:18:16.649+0000] {dag.py:3954} INFO - Setting next_dagrun for dataset_produces_1 to 2024-06-09 00:00:00+00:00, run_after=2024-06-10 00:00:00+00:00
[2024-06-10T20:18:16.651+0000] {logging_mixin.py:188} INFO - [2024-06-10T20:18:16.651+0000] {dag.py:3954} INFO - Setting next_dagrun for dataset_produces_2 to None, run_after=None
[2024-06-10T20:18:16.684+0000] {processor.py:183} INFO - Processing /home/airflow/.local/lib/python3.12/site-packages/airflow/example_dags/example_datasets.py took 0.136 seconds
[2024-06-10T20:18:47.094+0000] {processor.py:161} INFO - Started process (PID=932) to work on /home/airflow/.local/lib/python3.12/site-packages/airflow/example_dags/example_datasets.py
[2024-06-10T20:18:47.095+0000] {processor.py:830} INFO - Processing file /home/airflow/.local/lib/python3.12/site-packages/airflow/example_dags/example_datasets.py for tasks to queue
[2024-06-10T20:18:47.097+0000] {logging_mixin.py:188} INFO - [2024-06-10T20:18:47.097+0000] {dagbag.py:545} INFO - Filling up the DagBag from /home/airflow/.local/lib/python3.12/site-packages/airflow/example_dags/example_datasets.py
[2024-06-10T20:18:47.109+0000] {processor.py:840} INFO - DAG(s) 'consume_1_or_2_with_dataset_expressions', 'consume_1_or_both_2_and_3_with_dataset_expressions', 'dataset_consumes_1', 'conditional_dataset_and_time_based_timetable', 'dataset_consumes_unknown_never_scheduled', 'dataset_produces_1', 'dataset_consumes_1_and_2', 'consume_1_and_2_with_dataset_expressions', 'dataset_consumes_1_never_scheduled', 'dataset_produces_2' retrieved from /home/airflow/.local/lib/python3.12/site-packages/airflow/example_dags/example_datasets.py
[2024-06-10T20:18:47.151+0000] {logging_mixin.py:188} INFO - [2024-06-10T20:18:47.151+0000] {dag.py:3096} INFO - Sync 10 DAGs
[2024-06-10T20:18:47.172+0000] {logging_mixin.py:188} INFO - [2024-06-10T20:18:47.172+0000] {dag.py:3954} INFO - Setting next_dagrun for conditional_dataset_and_time_based_timetable to 2024-06-05 01:00:00+00:00, run_after=2024-06-05 01:00:00+00:00
[2024-06-10T20:18:47.176+0000] {logging_mixin.py:188} INFO - [2024-06-10T20:18:47.175+0000] {dag.py:3954} INFO - Setting next_dagrun for consume_1_and_2_with_dataset_expressions to None, run_after=None
[2024-06-10T20:18:47.177+0000] {logging_mixin.py:188} INFO - [2024-06-10T20:18:47.177+0000] {dag.py:3954} INFO - Setting next_dagrun for consume_1_or_2_with_dataset_expressions to None, run_after=None
[2024-06-10T20:18:47.178+0000] {logging_mixin.py:188} INFO - [2024-06-10T20:18:47.178+0000] {dag.py:3954} INFO - Setting next_dagrun for consume_1_or_both_2_and_3_with_dataset_expressions to None, run_after=None
[2024-06-10T20:18:47.179+0000] {logging_mixin.py:188} INFO - [2024-06-10T20:18:47.179+0000] {dag.py:3954} INFO - Setting next_dagrun for dataset_consumes_1 to None, run_after=None
[2024-06-10T20:18:47.180+0000] {logging_mixin.py:188} INFO - [2024-06-10T20:18:47.180+0000] {dag.py:3954} INFO - Setting next_dagrun for dataset_consumes_1_and_2 to None, run_after=None
[2024-06-10T20:18:47.181+0000] {logging_mixin.py:188} INFO - [2024-06-10T20:18:47.181+0000] {dag.py:3954} INFO - Setting next_dagrun for dataset_consumes_1_never_scheduled to None, run_after=None
[2024-06-10T20:18:47.182+0000] {logging_mixin.py:188} INFO - [2024-06-10T20:18:47.182+0000] {dag.py:3954} INFO - Setting next_dagrun for dataset_consumes_unknown_never_scheduled to None, run_after=None
[2024-06-10T20:18:47.184+0000] {logging_mixin.py:188} INFO - [2024-06-10T20:18:47.184+0000] {dag.py:3954} INFO - Setting next_dagrun for dataset_produces_1 to 2024-06-09 00:00:00+00:00, run_after=2024-06-10 00:00:00+00:00
[2024-06-10T20:18:47.185+0000] {logging_mixin.py:188} INFO - [2024-06-10T20:18:47.185+0000] {dag.py:3954} INFO - Setting next_dagrun for dataset_produces_2 to None, run_after=None
[2024-06-10T20:18:47.217+0000] {processor.py:183} INFO - Processing /home/airflow/.local/lib/python3.12/site-packages/airflow/example_dags/example_datasets.py took 0.128 seconds
[2024-06-10T20:19:17.281+0000] {processor.py:161} INFO - Started process (PID=989) to work on /home/airflow/.local/lib/python3.12/site-packages/airflow/example_dags/example_datasets.py
[2024-06-10T20:19:17.283+0000] {processor.py:830} INFO - Processing file /home/airflow/.local/lib/python3.12/site-packages/airflow/example_dags/example_datasets.py for tasks to queue
[2024-06-10T20:19:17.285+0000] {logging_mixin.py:188} INFO - [2024-06-10T20:19:17.284+0000] {dagbag.py:545} INFO - Filling up the DagBag from /home/airflow/.local/lib/python3.12/site-packages/airflow/example_dags/example_datasets.py
[2024-06-10T20:19:17.296+0000] {processor.py:840} INFO - DAG(s) 'consume_1_and_2_with_dataset_expressions', 'conditional_dataset_and_time_based_timetable', 'dataset_consumes_1', 'dataset_produces_2', 'dataset_consumes_1_never_scheduled', 'dataset_consumes_unknown_never_scheduled', 'dataset_produces_1', 'dataset_consumes_1_and_2', 'consume_1_or_both_2_and_3_with_dataset_expressions', 'consume_1_or_2_with_dataset_expressions' retrieved from /home/airflow/.local/lib/python3.12/site-packages/airflow/example_dags/example_datasets.py
[2024-06-10T20:19:17.349+0000] {logging_mixin.py:188} INFO - [2024-06-10T20:19:17.349+0000] {dag.py:3096} INFO - Sync 10 DAGs
[2024-06-10T20:19:17.374+0000] {logging_mixin.py:188} INFO - [2024-06-10T20:19:17.374+0000] {dag.py:3954} INFO - Setting next_dagrun for conditional_dataset_and_time_based_timetable to 2024-06-05 01:00:00+00:00, run_after=2024-06-05 01:00:00+00:00
[2024-06-10T20:19:17.378+0000] {logging_mixin.py:188} INFO - [2024-06-10T20:19:17.378+0000] {dag.py:3954} INFO - Setting next_dagrun for consume_1_and_2_with_dataset_expressions to None, run_after=None
[2024-06-10T20:19:17.379+0000] {logging_mixin.py:188} INFO - [2024-06-10T20:19:17.379+0000] {dag.py:3954} INFO - Setting next_dagrun for consume_1_or_2_with_dataset_expressions to None, run_after=None
[2024-06-10T20:19:17.381+0000] {logging_mixin.py:188} INFO - [2024-06-10T20:19:17.381+0000] {dag.py:3954} INFO - Setting next_dagrun for consume_1_or_both_2_and_3_with_dataset_expressions to None, run_after=None
[2024-06-10T20:19:17.382+0000] {logging_mixin.py:188} INFO - [2024-06-10T20:19:17.382+0000] {dag.py:3954} INFO - Setting next_dagrun for dataset_consumes_1 to None, run_after=None
[2024-06-10T20:19:17.383+0000] {logging_mixin.py:188} INFO - [2024-06-10T20:19:17.383+0000] {dag.py:3954} INFO - Setting next_dagrun for dataset_consumes_1_and_2 to None, run_after=None
[2024-06-10T20:19:17.384+0000] {logging_mixin.py:188} INFO - [2024-06-10T20:19:17.384+0000] {dag.py:3954} INFO - Setting next_dagrun for dataset_consumes_1_never_scheduled to None, run_after=None
[2024-06-10T20:19:17.386+0000] {logging_mixin.py:188} INFO - [2024-06-10T20:19:17.385+0000] {dag.py:3954} INFO - Setting next_dagrun for dataset_consumes_unknown_never_scheduled to None, run_after=None
[2024-06-10T20:19:17.388+0000] {logging_mixin.py:188} INFO - [2024-06-10T20:19:17.388+0000] {dag.py:3954} INFO - Setting next_dagrun for dataset_produces_1 to 2024-06-09 00:00:00+00:00, run_after=2024-06-10 00:00:00+00:00
[2024-06-10T20:19:17.389+0000] {logging_mixin.py:188} INFO - [2024-06-10T20:19:17.389+0000] {dag.py:3954} INFO - Setting next_dagrun for dataset_produces_2 to None, run_after=None
[2024-06-10T20:19:17.418+0000] {processor.py:183} INFO - Processing /home/airflow/.local/lib/python3.12/site-packages/airflow/example_dags/example_datasets.py took 0.142 seconds
[2024-06-10T20:19:47.471+0000] {processor.py:161} INFO - Started process (PID=1047) to work on /home/airflow/.local/lib/python3.12/site-packages/airflow/example_dags/example_datasets.py
[2024-06-10T20:19:47.472+0000] {processor.py:830} INFO - Processing file /home/airflow/.local/lib/python3.12/site-packages/airflow/example_dags/example_datasets.py for tasks to queue
[2024-06-10T20:19:47.474+0000] {logging_mixin.py:188} INFO - [2024-06-10T20:19:47.474+0000] {dagbag.py:545} INFO - Filling up the DagBag from /home/airflow/.local/lib/python3.12/site-packages/airflow/example_dags/example_datasets.py
[2024-06-10T20:19:47.484+0000] {processor.py:840} INFO - DAG(s) 'dataset_consumes_1_never_scheduled', 'dataset_consumes_1_and_2', 'conditional_dataset_and_time_based_timetable', 'dataset_consumes_1', 'dataset_produces_2', 'consume_1_or_2_with_dataset_expressions', 'dataset_produces_1', 'consume_1_and_2_with_dataset_expressions', 'consume_1_or_both_2_and_3_with_dataset_expressions', 'dataset_consumes_unknown_never_scheduled' retrieved from /home/airflow/.local/lib/python3.12/site-packages/airflow/example_dags/example_datasets.py
[2024-06-10T20:19:47.521+0000] {logging_mixin.py:188} INFO - [2024-06-10T20:19:47.521+0000] {dag.py:3096} INFO - Sync 10 DAGs
[2024-06-10T20:19:47.540+0000] {logging_mixin.py:188} INFO - [2024-06-10T20:19:47.540+0000] {dag.py:3954} INFO - Setting next_dagrun for conditional_dataset_and_time_based_timetable to 2024-06-05 01:00:00+00:00, run_after=2024-06-05 01:00:00+00:00
[2024-06-10T20:19:47.543+0000] {logging_mixin.py:188} INFO - [2024-06-10T20:19:47.543+0000] {dag.py:3954} INFO - Setting next_dagrun for consume_1_and_2_with_dataset_expressions to None, run_after=None
[2024-06-10T20:19:47.545+0000] {logging_mixin.py:188} INFO - [2024-06-10T20:19:47.545+0000] {dag.py:3954} INFO - Setting next_dagrun for consume_1_or_2_with_dataset_expressions to None, run_after=None
[2024-06-10T20:19:47.547+0000] {logging_mixin.py:188} INFO - [2024-06-10T20:19:47.546+0000] {dag.py:3954} INFO - Setting next_dagrun for consume_1_or_both_2_and_3_with_dataset_expressions to None, run_after=None
[2024-06-10T20:19:47.548+0000] {logging_mixin.py:188} INFO - [2024-06-10T20:19:47.548+0000] {dag.py:3954} INFO - Setting next_dagrun for dataset_consumes_1 to None, run_after=None
[2024-06-10T20:19:47.550+0000] {logging_mixin.py:188} INFO - [2024-06-10T20:19:47.550+0000] {dag.py:3954} INFO - Setting next_dagrun for dataset_consumes_1_and_2 to None, run_after=None
[2024-06-10T20:19:47.551+0000] {logging_mixin.py:188} INFO - [2024-06-10T20:19:47.551+0000] {dag.py:3954} INFO - Setting next_dagrun for dataset_consumes_1_never_scheduled to None, run_after=None
[2024-06-10T20:19:47.553+0000] {logging_mixin.py:188} INFO - [2024-06-10T20:19:47.552+0000] {dag.py:3954} INFO - Setting next_dagrun for dataset_consumes_unknown_never_scheduled to None, run_after=None
[2024-06-10T20:19:47.555+0000] {logging_mixin.py:188} INFO - [2024-06-10T20:19:47.555+0000] {dag.py:3954} INFO - Setting next_dagrun for dataset_produces_1 to 2024-06-09 00:00:00+00:00, run_after=2024-06-10 00:00:00+00:00
[2024-06-10T20:19:47.556+0000] {logging_mixin.py:188} INFO - [2024-06-10T20:19:47.556+0000] {dag.py:3954} INFO - Setting next_dagrun for dataset_produces_2 to None, run_after=None
[2024-06-10T20:19:47.587+0000] {processor.py:183} INFO - Processing /home/airflow/.local/lib/python3.12/site-packages/airflow/example_dags/example_datasets.py took 0.121 seconds
[2024-06-10T20:20:17.961+0000] {processor.py:161} INFO - Started process (PID=1105) to work on /home/airflow/.local/lib/python3.12/site-packages/airflow/example_dags/example_datasets.py
[2024-06-10T20:20:17.963+0000] {processor.py:830} INFO - Processing file /home/airflow/.local/lib/python3.12/site-packages/airflow/example_dags/example_datasets.py for tasks to queue
[2024-06-10T20:20:17.966+0000] {logging_mixin.py:188} INFO - [2024-06-10T20:20:17.965+0000] {dagbag.py:545} INFO - Filling up the DagBag from /home/airflow/.local/lib/python3.12/site-packages/airflow/example_dags/example_datasets.py
[2024-06-10T20:20:17.979+0000] {processor.py:840} INFO - DAG(s) 'dataset_consumes_1_and_2', 'dataset_consumes_1_never_scheduled', 'consume_1_or_2_with_dataset_expressions', 'dataset_consumes_1', 'consume_1_or_both_2_and_3_with_dataset_expressions', 'dataset_produces_2', 'dataset_consumes_unknown_never_scheduled', 'dataset_produces_1', 'consume_1_and_2_with_dataset_expressions', 'conditional_dataset_and_time_based_timetable' retrieved from /home/airflow/.local/lib/python3.12/site-packages/airflow/example_dags/example_datasets.py
[2024-06-10T20:20:18.021+0000] {logging_mixin.py:188} INFO - [2024-06-10T20:20:18.021+0000] {dag.py:3096} INFO - Sync 10 DAGs
[2024-06-10T20:20:18.038+0000] {logging_mixin.py:188} INFO - [2024-06-10T20:20:18.037+0000] {dag.py:3954} INFO - Setting next_dagrun for conditional_dataset_and_time_based_timetable to 2024-06-05 01:00:00+00:00, run_after=2024-06-05 01:00:00+00:00
[2024-06-10T20:20:18.041+0000] {logging_mixin.py:188} INFO - [2024-06-10T20:20:18.040+0000] {dag.py:3954} INFO - Setting next_dagrun for consume_1_and_2_with_dataset_expressions to None, run_after=None
[2024-06-10T20:20:18.042+0000] {logging_mixin.py:188} INFO - [2024-06-10T20:20:18.042+0000] {dag.py:3954} INFO - Setting next_dagrun for consume_1_or_2_with_dataset_expressions to None, run_after=None
[2024-06-10T20:20:18.044+0000] {logging_mixin.py:188} INFO - [2024-06-10T20:20:18.044+0000] {dag.py:3954} INFO - Setting next_dagrun for consume_1_or_both_2_and_3_with_dataset_expressions to None, run_after=None
[2024-06-10T20:20:18.045+0000] {logging_mixin.py:188} INFO - [2024-06-10T20:20:18.045+0000] {dag.py:3954} INFO - Setting next_dagrun for dataset_consumes_1 to None, run_after=None
[2024-06-10T20:20:18.046+0000] {logging_mixin.py:188} INFO - [2024-06-10T20:20:18.046+0000] {dag.py:3954} INFO - Setting next_dagrun for dataset_consumes_1_and_2 to None, run_after=None
[2024-06-10T20:20:18.047+0000] {logging_mixin.py:188} INFO - [2024-06-10T20:20:18.047+0000] {dag.py:3954} INFO - Setting next_dagrun for dataset_consumes_1_never_scheduled to None, run_after=None
[2024-06-10T20:20:18.049+0000] {logging_mixin.py:188} INFO - [2024-06-10T20:20:18.048+0000] {dag.py:3954} INFO - Setting next_dagrun for dataset_consumes_unknown_never_scheduled to None, run_after=None
[2024-06-10T20:20:18.050+0000] {logging_mixin.py:188} INFO - [2024-06-10T20:20:18.050+0000] {dag.py:3954} INFO - Setting next_dagrun for dataset_produces_1 to 2024-06-09 00:00:00+00:00, run_after=2024-06-10 00:00:00+00:00
[2024-06-10T20:20:18.052+0000] {logging_mixin.py:188} INFO - [2024-06-10T20:20:18.052+0000] {dag.py:3954} INFO - Setting next_dagrun for dataset_produces_2 to None, run_after=None
[2024-06-10T20:20:18.077+0000] {processor.py:183} INFO - Processing /home/airflow/.local/lib/python3.12/site-packages/airflow/example_dags/example_datasets.py took 0.124 seconds
[2024-06-10T20:20:48.201+0000] {processor.py:161} INFO - Started process (PID=1164) to work on /home/airflow/.local/lib/python3.12/site-packages/airflow/example_dags/example_datasets.py
[2024-06-10T20:20:48.202+0000] {processor.py:830} INFO - Processing file /home/airflow/.local/lib/python3.12/site-packages/airflow/example_dags/example_datasets.py for tasks to queue
[2024-06-10T20:20:48.205+0000] {logging_mixin.py:188} INFO - [2024-06-10T20:20:48.205+0000] {dagbag.py:545} INFO - Filling up the DagBag from /home/airflow/.local/lib/python3.12/site-packages/airflow/example_dags/example_datasets.py
[2024-06-10T20:20:48.229+0000] {processor.py:840} INFO - DAG(s) 'dataset_consumes_1_never_scheduled', 'consume_1_and_2_with_dataset_expressions', 'consume_1_or_2_with_dataset_expressions', 'conditional_dataset_and_time_based_timetable', 'dataset_produces_1', 'dataset_consumes_1', 'dataset_consumes_1_and_2', 'dataset_consumes_unknown_never_scheduled', 'dataset_produces_2', 'consume_1_or_both_2_and_3_with_dataset_expressions' retrieved from /home/airflow/.local/lib/python3.12/site-packages/airflow/example_dags/example_datasets.py
[2024-06-10T20:20:48.279+0000] {logging_mixin.py:188} INFO - [2024-06-10T20:20:48.278+0000] {dag.py:3096} INFO - Sync 10 DAGs
[2024-06-10T20:20:48.306+0000] {logging_mixin.py:188} INFO - [2024-06-10T20:20:48.305+0000] {dag.py:3954} INFO - Setting next_dagrun for conditional_dataset_and_time_based_timetable to 2024-06-05 01:00:00+00:00, run_after=2024-06-05 01:00:00+00:00
[2024-06-10T20:20:48.312+0000] {logging_mixin.py:188} INFO - [2024-06-10T20:20:48.312+0000] {dag.py:3954} INFO - Setting next_dagrun for consume_1_and_2_with_dataset_expressions to None, run_after=None
[2024-06-10T20:20:48.315+0000] {logging_mixin.py:188} INFO - [2024-06-10T20:20:48.314+0000] {dag.py:3954} INFO - Setting next_dagrun for consume_1_or_2_with_dataset_expressions to None, run_after=None
[2024-06-10T20:20:48.317+0000] {logging_mixin.py:188} INFO - [2024-06-10T20:20:48.317+0000] {dag.py:3954} INFO - Setting next_dagrun for consume_1_or_both_2_and_3_with_dataset_expressions to None, run_after=None
[2024-06-10T20:20:48.321+0000] {logging_mixin.py:188} INFO - [2024-06-10T20:20:48.320+0000] {dag.py:3954} INFO - Setting next_dagrun for dataset_consumes_1 to None, run_after=None
[2024-06-10T20:20:48.323+0000] {logging_mixin.py:188} INFO - [2024-06-10T20:20:48.323+0000] {dag.py:3954} INFO - Setting next_dagrun for dataset_consumes_1_and_2 to None, run_after=None
[2024-06-10T20:20:48.326+0000] {logging_mixin.py:188} INFO - [2024-06-10T20:20:48.325+0000] {dag.py:3954} INFO - Setting next_dagrun for dataset_consumes_1_never_scheduled to None, run_after=None
[2024-06-10T20:20:48.329+0000] {logging_mixin.py:188} INFO - [2024-06-10T20:20:48.329+0000] {dag.py:3954} INFO - Setting next_dagrun for dataset_consumes_unknown_never_scheduled to None, run_after=None
[2024-06-10T20:20:48.332+0000] {logging_mixin.py:188} INFO - [2024-06-10T20:20:48.332+0000] {dag.py:3954} INFO - Setting next_dagrun for dataset_produces_1 to 2024-06-09 00:00:00+00:00, run_after=2024-06-10 00:00:00+00:00
[2024-06-10T20:20:48.336+0000] {logging_mixin.py:188} INFO - [2024-06-10T20:20:48.336+0000] {dag.py:3954} INFO - Setting next_dagrun for dataset_produces_2 to None, run_after=None
[2024-06-10T20:20:48.373+0000] {processor.py:183} INFO - Processing /home/airflow/.local/lib/python3.12/site-packages/airflow/example_dags/example_datasets.py took 0.181 seconds
[2024-06-10T20:21:18.519+0000] {processor.py:161} INFO - Started process (PID=1220) to work on /home/airflow/.local/lib/python3.12/site-packages/airflow/example_dags/example_datasets.py
[2024-06-10T20:21:18.520+0000] {processor.py:830} INFO - Processing file /home/airflow/.local/lib/python3.12/site-packages/airflow/example_dags/example_datasets.py for tasks to queue
[2024-06-10T20:21:18.523+0000] {logging_mixin.py:188} INFO - [2024-06-10T20:21:18.522+0000] {dagbag.py:545} INFO - Filling up the DagBag from /home/airflow/.local/lib/python3.12/site-packages/airflow/example_dags/example_datasets.py
[2024-06-10T20:21:18.535+0000] {processor.py:840} INFO - DAG(s) 'consume_1_or_both_2_and_3_with_dataset_expressions', 'dataset_consumes_1_and_2', 'dataset_consumes_unknown_never_scheduled', 'conditional_dataset_and_time_based_timetable', 'dataset_produces_1', 'consume_1_or_2_with_dataset_expressions', 'dataset_consumes_1_never_scheduled', 'consume_1_and_2_with_dataset_expressions', 'dataset_consumes_1', 'dataset_produces_2' retrieved from /home/airflow/.local/lib/python3.12/site-packages/airflow/example_dags/example_datasets.py
[2024-06-10T20:21:18.569+0000] {logging_mixin.py:188} INFO - [2024-06-10T20:21:18.568+0000] {dag.py:3096} INFO - Sync 10 DAGs
[2024-06-10T20:21:18.586+0000] {logging_mixin.py:188} INFO - [2024-06-10T20:21:18.586+0000] {dag.py:3954} INFO - Setting next_dagrun for conditional_dataset_and_time_based_timetable to 2024-06-05 01:00:00+00:00, run_after=2024-06-05 01:00:00+00:00
[2024-06-10T20:21:18.589+0000] {logging_mixin.py:188} INFO - [2024-06-10T20:21:18.589+0000] {dag.py:3954} INFO - Setting next_dagrun for consume_1_and_2_with_dataset_expressions to None, run_after=None
[2024-06-10T20:21:18.591+0000] {logging_mixin.py:188} INFO - [2024-06-10T20:21:18.591+0000] {dag.py:3954} INFO - Setting next_dagrun for consume_1_or_2_with_dataset_expressions to None, run_after=None
[2024-06-10T20:21:18.593+0000] {logging_mixin.py:188} INFO - [2024-06-10T20:21:18.593+0000] {dag.py:3954} INFO - Setting next_dagrun for consume_1_or_both_2_and_3_with_dataset_expressions to None, run_after=None
[2024-06-10T20:21:18.594+0000] {logging_mixin.py:188} INFO - [2024-06-10T20:21:18.594+0000] {dag.py:3954} INFO - Setting next_dagrun for dataset_consumes_1 to None, run_after=None
[2024-06-10T20:21:18.595+0000] {logging_mixin.py:188} INFO - [2024-06-10T20:21:18.595+0000] {dag.py:3954} INFO - Setting next_dagrun for dataset_consumes_1_and_2 to None, run_after=None
[2024-06-10T20:21:18.597+0000] {logging_mixin.py:188} INFO - [2024-06-10T20:21:18.597+0000] {dag.py:3954} INFO - Setting next_dagrun for dataset_consumes_1_never_scheduled to None, run_after=None
[2024-06-10T20:21:18.599+0000] {logging_mixin.py:188} INFO - [2024-06-10T20:21:18.599+0000] {dag.py:3954} INFO - Setting next_dagrun for dataset_consumes_unknown_never_scheduled to None, run_after=None
[2024-06-10T20:21:18.601+0000] {logging_mixin.py:188} INFO - [2024-06-10T20:21:18.601+0000] {dag.py:3954} INFO - Setting next_dagrun for dataset_produces_1 to 2024-06-09 00:00:00+00:00, run_after=2024-06-10 00:00:00+00:00
[2024-06-10T20:21:18.603+0000] {logging_mixin.py:188} INFO - [2024-06-10T20:21:18.603+0000] {dag.py:3954} INFO - Setting next_dagrun for dataset_produces_2 to None, run_after=None
[2024-06-10T20:21:18.629+0000] {processor.py:183} INFO - Processing /home/airflow/.local/lib/python3.12/site-packages/airflow/example_dags/example_datasets.py took 0.119 seconds
[2024-06-10T20:21:42.016+0000] {processor.py:161} INFO - Started process (PID=56) to work on /home/airflow/.local/lib/python3.12/site-packages/airflow/example_dags/example_datasets.py
[2024-06-10T20:21:42.017+0000] {processor.py:830} INFO - Processing file /home/airflow/.local/lib/python3.12/site-packages/airflow/example_dags/example_datasets.py for tasks to queue
[2024-06-10T20:21:42.018+0000] {logging_mixin.py:188} INFO - [2024-06-10T20:21:42.018+0000] {dagbag.py:545} INFO - Filling up the DagBag from /home/airflow/.local/lib/python3.12/site-packages/airflow/example_dags/example_datasets.py
[2024-06-10T20:21:42.031+0000] {processor.py:840} INFO - DAG(s) 'dataset_produces_1', 'dataset_consumes_unknown_never_scheduled', 'dataset_consumes_1', 'dataset_consumes_1_never_scheduled', 'consume_1_or_both_2_and_3_with_dataset_expressions', 'dataset_produces_2', 'consume_1_and_2_with_dataset_expressions', 'consume_1_or_2_with_dataset_expressions', 'conditional_dataset_and_time_based_timetable', 'dataset_consumes_1_and_2' retrieved from /home/airflow/.local/lib/python3.12/site-packages/airflow/example_dags/example_datasets.py
[2024-06-10T20:21:42.074+0000] {logging_mixin.py:188} INFO - [2024-06-10T20:21:42.074+0000] {dag.py:3096} INFO - Sync 10 DAGs
[2024-06-10T20:21:42.095+0000] {logging_mixin.py:188} INFO - [2024-06-10T20:21:42.095+0000] {dag.py:3954} INFO - Setting next_dagrun for conditional_dataset_and_time_based_timetable to 2024-06-05 01:00:00+00:00, run_after=2024-06-05 01:00:00+00:00
[2024-06-10T20:21:42.098+0000] {logging_mixin.py:188} INFO - [2024-06-10T20:21:42.098+0000] {dag.py:3954} INFO - Setting next_dagrun for consume_1_and_2_with_dataset_expressions to None, run_after=None
[2024-06-10T20:21:42.101+0000] {logging_mixin.py:188} INFO - [2024-06-10T20:21:42.101+0000] {dag.py:3954} INFO - Setting next_dagrun for consume_1_or_2_with_dataset_expressions to None, run_after=None
[2024-06-10T20:21:42.102+0000] {logging_mixin.py:188} INFO - [2024-06-10T20:21:42.102+0000] {dag.py:3954} INFO - Setting next_dagrun for consume_1_or_both_2_and_3_with_dataset_expressions to None, run_after=None
[2024-06-10T20:21:42.103+0000] {logging_mixin.py:188} INFO - [2024-06-10T20:21:42.103+0000] {dag.py:3954} INFO - Setting next_dagrun for dataset_consumes_1 to None, run_after=None
[2024-06-10T20:21:42.105+0000] {logging_mixin.py:188} INFO - [2024-06-10T20:21:42.104+0000] {dag.py:3954} INFO - Setting next_dagrun for dataset_consumes_1_and_2 to None, run_after=None
[2024-06-10T20:21:42.106+0000] {logging_mixin.py:188} INFO - [2024-06-10T20:21:42.106+0000] {dag.py:3954} INFO - Setting next_dagrun for dataset_consumes_1_never_scheduled to None, run_after=None
[2024-06-10T20:21:42.108+0000] {logging_mixin.py:188} INFO - [2024-06-10T20:21:42.108+0000] {dag.py:3954} INFO - Setting next_dagrun for dataset_consumes_unknown_never_scheduled to None, run_after=None
[2024-06-10T20:21:42.110+0000] {logging_mixin.py:188} INFO - [2024-06-10T20:21:42.110+0000] {dag.py:3954} INFO - Setting next_dagrun for dataset_produces_1 to 2024-06-09 00:00:00+00:00, run_after=2024-06-10 00:00:00+00:00
[2024-06-10T20:21:42.111+0000] {logging_mixin.py:188} INFO - [2024-06-10T20:21:42.111+0000] {dag.py:3954} INFO - Setting next_dagrun for dataset_produces_2 to None, run_after=None
[2024-06-10T20:21:42.146+0000] {processor.py:183} INFO - Processing /home/airflow/.local/lib/python3.12/site-packages/airflow/example_dags/example_datasets.py took 0.135 seconds
[2024-06-10T20:22:12.376+0000] {processor.py:161} INFO - Started process (PID=114) to work on /home/airflow/.local/lib/python3.12/site-packages/airflow/example_dags/example_datasets.py
[2024-06-10T20:22:12.377+0000] {processor.py:830} INFO - Processing file /home/airflow/.local/lib/python3.12/site-packages/airflow/example_dags/example_datasets.py for tasks to queue
[2024-06-10T20:22:12.378+0000] {logging_mixin.py:188} INFO - [2024-06-10T20:22:12.378+0000] {dagbag.py:545} INFO - Filling up the DagBag from /home/airflow/.local/lib/python3.12/site-packages/airflow/example_dags/example_datasets.py
[2024-06-10T20:22:12.387+0000] {processor.py:840} INFO - DAG(s) 'dataset_produces_2', 'dataset_produces_1', 'consume_1_or_both_2_and_3_with_dataset_expressions', 'consume_1_and_2_with_dataset_expressions', 'dataset_consumes_1_never_scheduled', 'dataset_consumes_1_and_2', 'dataset_consumes_1', 'consume_1_or_2_with_dataset_expressions', 'dataset_consumes_unknown_never_scheduled', 'conditional_dataset_and_time_based_timetable' retrieved from /home/airflow/.local/lib/python3.12/site-packages/airflow/example_dags/example_datasets.py
[2024-06-10T20:22:12.425+0000] {logging_mixin.py:188} INFO - [2024-06-10T20:22:12.425+0000] {dag.py:3096} INFO - Sync 10 DAGs
[2024-06-10T20:22:12.451+0000] {logging_mixin.py:188} INFO - [2024-06-10T20:22:12.451+0000] {dag.py:3954} INFO - Setting next_dagrun for conditional_dataset_and_time_based_timetable to 2024-06-05 01:00:00+00:00, run_after=2024-06-05 01:00:00+00:00
[2024-06-10T20:22:12.454+0000] {logging_mixin.py:188} INFO - [2024-06-10T20:22:12.454+0000] {dag.py:3954} INFO - Setting next_dagrun for consume_1_and_2_with_dataset_expressions to None, run_after=None
[2024-06-10T20:22:12.455+0000] {logging_mixin.py:188} INFO - [2024-06-10T20:22:12.455+0000] {dag.py:3954} INFO - Setting next_dagrun for consume_1_or_2_with_dataset_expressions to None, run_after=None
[2024-06-10T20:22:12.457+0000] {logging_mixin.py:188} INFO - [2024-06-10T20:22:12.456+0000] {dag.py:3954} INFO - Setting next_dagrun for consume_1_or_both_2_and_3_with_dataset_expressions to None, run_after=None
[2024-06-10T20:22:12.458+0000] {logging_mixin.py:188} INFO - [2024-06-10T20:22:12.458+0000] {dag.py:3954} INFO - Setting next_dagrun for dataset_consumes_1 to None, run_after=None
[2024-06-10T20:22:12.460+0000] {logging_mixin.py:188} INFO - [2024-06-10T20:22:12.459+0000] {dag.py:3954} INFO - Setting next_dagrun for dataset_consumes_1_and_2 to None, run_after=None
[2024-06-10T20:22:12.461+0000] {logging_mixin.py:188} INFO - [2024-06-10T20:22:12.461+0000] {dag.py:3954} INFO - Setting next_dagrun for dataset_consumes_1_never_scheduled to None, run_after=None
[2024-06-10T20:22:12.462+0000] {logging_mixin.py:188} INFO - [2024-06-10T20:22:12.462+0000] {dag.py:3954} INFO - Setting next_dagrun for dataset_consumes_unknown_never_scheduled to None, run_after=None
[2024-06-10T20:22:12.464+0000] {logging_mixin.py:188} INFO - [2024-06-10T20:22:12.464+0000] {dag.py:3954} INFO - Setting next_dagrun for dataset_produces_1 to 2024-06-09 00:00:00+00:00, run_after=2024-06-10 00:00:00+00:00
[2024-06-10T20:22:12.465+0000] {logging_mixin.py:188} INFO - [2024-06-10T20:22:12.465+0000] {dag.py:3954} INFO - Setting next_dagrun for dataset_produces_2 to None, run_after=None
[2024-06-10T20:22:12.494+0000] {processor.py:183} INFO - Processing /home/airflow/.local/lib/python3.12/site-packages/airflow/example_dags/example_datasets.py took 0.122 seconds
