[2024-06-10T20:11:07.696+0000] {processor.py:161} INFO - Started process (PID=44) to work on /home/airflow/.local/lib/python3.12/site-packages/airflow/example_dags/example_short_circuit_operator.py
[2024-06-10T20:11:07.698+0000] {processor.py:830} INFO - Processing file /home/airflow/.local/lib/python3.12/site-packages/airflow/example_dags/example_short_circuit_operator.py for tasks to queue
[2024-06-10T20:11:07.700+0000] {logging_mixin.py:188} INFO - [2024-06-10T20:11:07.700+0000] {dagbag.py:545} INFO - Filling up the DagBag from /home/airflow/.local/lib/python3.12/site-packages/airflow/example_dags/example_short_circuit_operator.py
[2024-06-10T20:11:07.712+0000] {processor.py:840} INFO - DAG(s) 'example_short_circuit_operator' retrieved from /home/airflow/.local/lib/python3.12/site-packages/airflow/example_dags/example_short_circuit_operator.py
[2024-06-10T20:11:07.930+0000] {logging_mixin.py:188} INFO - [2024-06-10T20:11:07.929+0000] {override.py:1829} INFO - Created Permission View: can delete on DAG:example_short_circuit_operator
[2024-06-10T20:11:07.943+0000] {logging_mixin.py:188} INFO - [2024-06-10T20:11:07.943+0000] {override.py:1829} INFO - Created Permission View: can edit on DAG:example_short_circuit_operator
[2024-06-10T20:11:07.951+0000] {logging_mixin.py:188} INFO - [2024-06-10T20:11:07.951+0000] {override.py:1829} INFO - Created Permission View: can read on DAG:example_short_circuit_operator
[2024-06-10T20:11:07.952+0000] {logging_mixin.py:188} INFO - [2024-06-10T20:11:07.952+0000] {dag.py:3096} INFO - Sync 1 DAGs
[2024-06-10T20:11:07.961+0000] {logging_mixin.py:188} INFO - [2024-06-10T20:11:07.961+0000] {dag.py:3118} INFO - Creating ORM DAG for example_short_circuit_operator
[2024-06-10T20:11:07.970+0000] {logging_mixin.py:188} INFO - [2024-06-10T20:11:07.970+0000] {dag.py:3954} INFO - Setting next_dagrun for example_short_circuit_operator to 2024-06-09 00:00:00+00:00, run_after=2024-06-10 00:00:00+00:00
[2024-06-10T20:11:07.988+0000] {processor.py:183} INFO - Processing /home/airflow/.local/lib/python3.12/site-packages/airflow/example_dags/example_short_circuit_operator.py took 0.300 seconds
[2024-06-10T20:11:38.194+0000] {processor.py:161} INFO - Started process (PID=102) to work on /home/airflow/.local/lib/python3.12/site-packages/airflow/example_dags/example_short_circuit_operator.py
[2024-06-10T20:11:38.195+0000] {processor.py:830} INFO - Processing file /home/airflow/.local/lib/python3.12/site-packages/airflow/example_dags/example_short_circuit_operator.py for tasks to queue
[2024-06-10T20:11:38.196+0000] {logging_mixin.py:188} INFO - [2024-06-10T20:11:38.196+0000] {dagbag.py:545} INFO - Filling up the DagBag from /home/airflow/.local/lib/python3.12/site-packages/airflow/example_dags/example_short_circuit_operator.py
[2024-06-10T20:11:38.202+0000] {processor.py:840} INFO - DAG(s) 'example_short_circuit_operator' retrieved from /home/airflow/.local/lib/python3.12/site-packages/airflow/example_dags/example_short_circuit_operator.py
[2024-06-10T20:11:38.222+0000] {logging_mixin.py:188} INFO - [2024-06-10T20:11:38.222+0000] {dag.py:3096} INFO - Sync 1 DAGs
[2024-06-10T20:11:38.241+0000] {logging_mixin.py:188} INFO - [2024-06-10T20:11:38.241+0000] {dag.py:3954} INFO - Setting next_dagrun for example_short_circuit_operator to 2024-06-09 00:00:00+00:00, run_after=2024-06-10 00:00:00+00:00
[2024-06-10T20:11:38.265+0000] {processor.py:183} INFO - Processing /home/airflow/.local/lib/python3.12/site-packages/airflow/example_dags/example_short_circuit_operator.py took 0.075 seconds
[2024-06-10T20:12:08.418+0000] {processor.py:161} INFO - Started process (PID=160) to work on /home/airflow/.local/lib/python3.12/site-packages/airflow/example_dags/example_short_circuit_operator.py
[2024-06-10T20:12:08.419+0000] {processor.py:830} INFO - Processing file /home/airflow/.local/lib/python3.12/site-packages/airflow/example_dags/example_short_circuit_operator.py for tasks to queue
[2024-06-10T20:12:08.421+0000] {logging_mixin.py:188} INFO - [2024-06-10T20:12:08.421+0000] {dagbag.py:545} INFO - Filling up the DagBag from /home/airflow/.local/lib/python3.12/site-packages/airflow/example_dags/example_short_circuit_operator.py
[2024-06-10T20:12:08.426+0000] {processor.py:840} INFO - DAG(s) 'example_short_circuit_operator' retrieved from /home/airflow/.local/lib/python3.12/site-packages/airflow/example_dags/example_short_circuit_operator.py
[2024-06-10T20:12:08.444+0000] {logging_mixin.py:188} INFO - [2024-06-10T20:12:08.444+0000] {dag.py:3096} INFO - Sync 1 DAGs
[2024-06-10T20:12:08.464+0000] {logging_mixin.py:188} INFO - [2024-06-10T20:12:08.464+0000] {dag.py:3954} INFO - Setting next_dagrun for example_short_circuit_operator to 2024-06-09 00:00:00+00:00, run_after=2024-06-10 00:00:00+00:00
[2024-06-10T20:12:08.481+0000] {processor.py:183} INFO - Processing /home/airflow/.local/lib/python3.12/site-packages/airflow/example_dags/example_short_circuit_operator.py took 0.067 seconds
[2024-06-10T20:12:38.888+0000] {processor.py:161} INFO - Started process (PID=218) to work on /home/airflow/.local/lib/python3.12/site-packages/airflow/example_dags/example_short_circuit_operator.py
[2024-06-10T20:12:38.889+0000] {processor.py:830} INFO - Processing file /home/airflow/.local/lib/python3.12/site-packages/airflow/example_dags/example_short_circuit_operator.py for tasks to queue
[2024-06-10T20:12:38.891+0000] {logging_mixin.py:188} INFO - [2024-06-10T20:12:38.890+0000] {dagbag.py:545} INFO - Filling up the DagBag from /home/airflow/.local/lib/python3.12/site-packages/airflow/example_dags/example_short_circuit_operator.py
[2024-06-10T20:12:38.896+0000] {processor.py:840} INFO - DAG(s) 'example_short_circuit_operator' retrieved from /home/airflow/.local/lib/python3.12/site-packages/airflow/example_dags/example_short_circuit_operator.py
[2024-06-10T20:12:38.913+0000] {logging_mixin.py:188} INFO - [2024-06-10T20:12:38.913+0000] {dag.py:3096} INFO - Sync 1 DAGs
[2024-06-10T20:12:38.928+0000] {logging_mixin.py:188} INFO - [2024-06-10T20:12:38.927+0000] {dag.py:3954} INFO - Setting next_dagrun for example_short_circuit_operator to 2024-06-09 00:00:00+00:00, run_after=2024-06-10 00:00:00+00:00
[2024-06-10T20:12:38.945+0000] {processor.py:183} INFO - Processing /home/airflow/.local/lib/python3.12/site-packages/airflow/example_dags/example_short_circuit_operator.py took 0.061 seconds
[2024-06-10T20:13:09.267+0000] {processor.py:161} INFO - Started process (PID=276) to work on /home/airflow/.local/lib/python3.12/site-packages/airflow/example_dags/example_short_circuit_operator.py
[2024-06-10T20:13:09.268+0000] {processor.py:830} INFO - Processing file /home/airflow/.local/lib/python3.12/site-packages/airflow/example_dags/example_short_circuit_operator.py for tasks to queue
[2024-06-10T20:13:09.269+0000] {logging_mixin.py:188} INFO - [2024-06-10T20:13:09.269+0000] {dagbag.py:545} INFO - Filling up the DagBag from /home/airflow/.local/lib/python3.12/site-packages/airflow/example_dags/example_short_circuit_operator.py
[2024-06-10T20:13:09.275+0000] {processor.py:840} INFO - DAG(s) 'example_short_circuit_operator' retrieved from /home/airflow/.local/lib/python3.12/site-packages/airflow/example_dags/example_short_circuit_operator.py
[2024-06-10T20:13:09.290+0000] {logging_mixin.py:188} INFO - [2024-06-10T20:13:09.290+0000] {dag.py:3096} INFO - Sync 1 DAGs
[2024-06-10T20:13:09.305+0000] {logging_mixin.py:188} INFO - [2024-06-10T20:13:09.305+0000] {dag.py:3954} INFO - Setting next_dagrun for example_short_circuit_operator to 2024-06-09 00:00:00+00:00, run_after=2024-06-10 00:00:00+00:00
[2024-06-10T20:13:09.326+0000] {processor.py:183} INFO - Processing /home/airflow/.local/lib/python3.12/site-packages/airflow/example_dags/example_short_circuit_operator.py took 0.063 seconds
[2024-06-10T20:13:39.665+0000] {processor.py:161} INFO - Started process (PID=334) to work on /home/airflow/.local/lib/python3.12/site-packages/airflow/example_dags/example_short_circuit_operator.py
[2024-06-10T20:13:39.666+0000] {processor.py:830} INFO - Processing file /home/airflow/.local/lib/python3.12/site-packages/airflow/example_dags/example_short_circuit_operator.py for tasks to queue
[2024-06-10T20:13:39.668+0000] {logging_mixin.py:188} INFO - [2024-06-10T20:13:39.668+0000] {dagbag.py:545} INFO - Filling up the DagBag from /home/airflow/.local/lib/python3.12/site-packages/airflow/example_dags/example_short_circuit_operator.py
[2024-06-10T20:13:39.674+0000] {processor.py:840} INFO - DAG(s) 'example_short_circuit_operator' retrieved from /home/airflow/.local/lib/python3.12/site-packages/airflow/example_dags/example_short_circuit_operator.py
[2024-06-10T20:13:39.694+0000] {logging_mixin.py:188} INFO - [2024-06-10T20:13:39.694+0000] {dag.py:3096} INFO - Sync 1 DAGs
[2024-06-10T20:13:39.715+0000] {logging_mixin.py:188} INFO - [2024-06-10T20:13:39.715+0000] {dag.py:3954} INFO - Setting next_dagrun for example_short_circuit_operator to 2024-06-09 00:00:00+00:00, run_after=2024-06-10 00:00:00+00:00
[2024-06-10T20:13:39.738+0000] {processor.py:183} INFO - Processing /home/airflow/.local/lib/python3.12/site-packages/airflow/example_dags/example_short_circuit_operator.py took 0.077 seconds
[2024-06-10T20:14:10.241+0000] {processor.py:161} INFO - Started process (PID=392) to work on /home/airflow/.local/lib/python3.12/site-packages/airflow/example_dags/example_short_circuit_operator.py
[2024-06-10T20:14:10.243+0000] {processor.py:830} INFO - Processing file /home/airflow/.local/lib/python3.12/site-packages/airflow/example_dags/example_short_circuit_operator.py for tasks to queue
[2024-06-10T20:14:10.244+0000] {logging_mixin.py:188} INFO - [2024-06-10T20:14:10.244+0000] {dagbag.py:545} INFO - Filling up the DagBag from /home/airflow/.local/lib/python3.12/site-packages/airflow/example_dags/example_short_circuit_operator.py
[2024-06-10T20:14:10.250+0000] {processor.py:840} INFO - DAG(s) 'example_short_circuit_operator' retrieved from /home/airflow/.local/lib/python3.12/site-packages/airflow/example_dags/example_short_circuit_operator.py
[2024-06-10T20:14:10.267+0000] {logging_mixin.py:188} INFO - [2024-06-10T20:14:10.267+0000] {dag.py:3096} INFO - Sync 1 DAGs
[2024-06-10T20:14:10.284+0000] {logging_mixin.py:188} INFO - [2024-06-10T20:14:10.284+0000] {dag.py:3954} INFO - Setting next_dagrun for example_short_circuit_operator to 2024-06-09 00:00:00+00:00, run_after=2024-06-10 00:00:00+00:00
[2024-06-10T20:14:10.304+0000] {processor.py:183} INFO - Processing /home/airflow/.local/lib/python3.12/site-packages/airflow/example_dags/example_short_circuit_operator.py took 0.067 seconds
[2024-06-10T20:14:40.398+0000] {processor.py:161} INFO - Started process (PID=450) to work on /home/airflow/.local/lib/python3.12/site-packages/airflow/example_dags/example_short_circuit_operator.py
[2024-06-10T20:14:40.399+0000] {processor.py:830} INFO - Processing file /home/airflow/.local/lib/python3.12/site-packages/airflow/example_dags/example_short_circuit_operator.py for tasks to queue
[2024-06-10T20:14:40.401+0000] {logging_mixin.py:188} INFO - [2024-06-10T20:14:40.400+0000] {dagbag.py:545} INFO - Filling up the DagBag from /home/airflow/.local/lib/python3.12/site-packages/airflow/example_dags/example_short_circuit_operator.py
[2024-06-10T20:14:40.406+0000] {processor.py:840} INFO - DAG(s) 'example_short_circuit_operator' retrieved from /home/airflow/.local/lib/python3.12/site-packages/airflow/example_dags/example_short_circuit_operator.py
[2024-06-10T20:14:40.422+0000] {logging_mixin.py:188} INFO - [2024-06-10T20:14:40.422+0000] {dag.py:3096} INFO - Sync 1 DAGs
[2024-06-10T20:14:40.465+0000] {logging_mixin.py:188} INFO - [2024-06-10T20:14:40.465+0000] {dag.py:3954} INFO - Setting next_dagrun for example_short_circuit_operator to 2024-06-09 00:00:00+00:00, run_after=2024-06-10 00:00:00+00:00
[2024-06-10T20:14:40.481+0000] {processor.py:183} INFO - Processing /home/airflow/.local/lib/python3.12/site-packages/airflow/example_dags/example_short_circuit_operator.py took 0.086 seconds
[2024-06-10T20:15:10.815+0000] {processor.py:161} INFO - Started process (PID=508) to work on /home/airflow/.local/lib/python3.12/site-packages/airflow/example_dags/example_short_circuit_operator.py
[2024-06-10T20:15:10.816+0000] {processor.py:830} INFO - Processing file /home/airflow/.local/lib/python3.12/site-packages/airflow/example_dags/example_short_circuit_operator.py for tasks to queue
[2024-06-10T20:15:10.817+0000] {logging_mixin.py:188} INFO - [2024-06-10T20:15:10.817+0000] {dagbag.py:545} INFO - Filling up the DagBag from /home/airflow/.local/lib/python3.12/site-packages/airflow/example_dags/example_short_circuit_operator.py
[2024-06-10T20:15:10.823+0000] {processor.py:840} INFO - DAG(s) 'example_short_circuit_operator' retrieved from /home/airflow/.local/lib/python3.12/site-packages/airflow/example_dags/example_short_circuit_operator.py
[2024-06-10T20:15:10.839+0000] {logging_mixin.py:188} INFO - [2024-06-10T20:15:10.839+0000] {dag.py:3096} INFO - Sync 1 DAGs
[2024-06-10T20:15:10.854+0000] {logging_mixin.py:188} INFO - [2024-06-10T20:15:10.854+0000] {dag.py:3954} INFO - Setting next_dagrun for example_short_circuit_operator to 2024-06-09 00:00:00+00:00, run_after=2024-06-10 00:00:00+00:00
[2024-06-10T20:15:10.872+0000] {processor.py:183} INFO - Processing /home/airflow/.local/lib/python3.12/site-packages/airflow/example_dags/example_short_circuit_operator.py took 0.061 seconds
[2024-06-10T20:15:41.128+0000] {processor.py:161} INFO - Started process (PID=566) to work on /home/airflow/.local/lib/python3.12/site-packages/airflow/example_dags/example_short_circuit_operator.py
[2024-06-10T20:15:41.129+0000] {processor.py:830} INFO - Processing file /home/airflow/.local/lib/python3.12/site-packages/airflow/example_dags/example_short_circuit_operator.py for tasks to queue
[2024-06-10T20:15:41.131+0000] {logging_mixin.py:188} INFO - [2024-06-10T20:15:41.130+0000] {dagbag.py:545} INFO - Filling up the DagBag from /home/airflow/.local/lib/python3.12/site-packages/airflow/example_dags/example_short_circuit_operator.py
[2024-06-10T20:15:41.137+0000] {processor.py:840} INFO - DAG(s) 'example_short_circuit_operator' retrieved from /home/airflow/.local/lib/python3.12/site-packages/airflow/example_dags/example_short_circuit_operator.py
[2024-06-10T20:15:41.153+0000] {logging_mixin.py:188} INFO - [2024-06-10T20:15:41.153+0000] {dag.py:3096} INFO - Sync 1 DAGs
[2024-06-10T20:15:41.169+0000] {logging_mixin.py:188} INFO - [2024-06-10T20:15:41.169+0000] {dag.py:3954} INFO - Setting next_dagrun for example_short_circuit_operator to 2024-06-09 00:00:00+00:00, run_after=2024-06-10 00:00:00+00:00
[2024-06-10T20:15:41.187+0000] {processor.py:183} INFO - Processing /home/airflow/.local/lib/python3.12/site-packages/airflow/example_dags/example_short_circuit_operator.py took 0.062 seconds
[2024-06-10T20:16:11.322+0000] {processor.py:161} INFO - Started process (PID=624) to work on /home/airflow/.local/lib/python3.12/site-packages/airflow/example_dags/example_short_circuit_operator.py
[2024-06-10T20:16:11.323+0000] {processor.py:830} INFO - Processing file /home/airflow/.local/lib/python3.12/site-packages/airflow/example_dags/example_short_circuit_operator.py for tasks to queue
[2024-06-10T20:16:11.325+0000] {logging_mixin.py:188} INFO - [2024-06-10T20:16:11.325+0000] {dagbag.py:545} INFO - Filling up the DagBag from /home/airflow/.local/lib/python3.12/site-packages/airflow/example_dags/example_short_circuit_operator.py
[2024-06-10T20:16:11.330+0000] {processor.py:840} INFO - DAG(s) 'example_short_circuit_operator' retrieved from /home/airflow/.local/lib/python3.12/site-packages/airflow/example_dags/example_short_circuit_operator.py
[2024-06-10T20:16:11.347+0000] {logging_mixin.py:188} INFO - [2024-06-10T20:16:11.346+0000] {dag.py:3096} INFO - Sync 1 DAGs
[2024-06-10T20:16:11.362+0000] {logging_mixin.py:188} INFO - [2024-06-10T20:16:11.361+0000] {dag.py:3954} INFO - Setting next_dagrun for example_short_circuit_operator to 2024-06-09 00:00:00+00:00, run_after=2024-06-10 00:00:00+00:00
[2024-06-10T20:16:11.381+0000] {processor.py:183} INFO - Processing /home/airflow/.local/lib/python3.12/site-packages/airflow/example_dags/example_short_circuit_operator.py took 0.063 seconds
[2024-06-10T20:16:41.668+0000] {processor.py:161} INFO - Started process (PID=682) to work on /home/airflow/.local/lib/python3.12/site-packages/airflow/example_dags/example_short_circuit_operator.py
[2024-06-10T20:16:41.669+0000] {processor.py:830} INFO - Processing file /home/airflow/.local/lib/python3.12/site-packages/airflow/example_dags/example_short_circuit_operator.py for tasks to queue
[2024-06-10T20:16:41.671+0000] {logging_mixin.py:188} INFO - [2024-06-10T20:16:41.671+0000] {dagbag.py:545} INFO - Filling up the DagBag from /home/airflow/.local/lib/python3.12/site-packages/airflow/example_dags/example_short_circuit_operator.py
[2024-06-10T20:16:41.676+0000] {processor.py:840} INFO - DAG(s) 'example_short_circuit_operator' retrieved from /home/airflow/.local/lib/python3.12/site-packages/airflow/example_dags/example_short_circuit_operator.py
[2024-06-10T20:16:41.693+0000] {logging_mixin.py:188} INFO - [2024-06-10T20:16:41.692+0000] {dag.py:3096} INFO - Sync 1 DAGs
[2024-06-10T20:16:41.709+0000] {logging_mixin.py:188} INFO - [2024-06-10T20:16:41.709+0000] {dag.py:3954} INFO - Setting next_dagrun for example_short_circuit_operator to 2024-06-09 00:00:00+00:00, run_after=2024-06-10 00:00:00+00:00
[2024-06-10T20:16:41.725+0000] {processor.py:183} INFO - Processing /home/airflow/.local/lib/python3.12/site-packages/airflow/example_dags/example_short_circuit_operator.py took 0.061 seconds
[2024-06-10T20:17:12.257+0000] {processor.py:161} INFO - Started process (PID=740) to work on /home/airflow/.local/lib/python3.12/site-packages/airflow/example_dags/example_short_circuit_operator.py
[2024-06-10T20:17:12.258+0000] {processor.py:830} INFO - Processing file /home/airflow/.local/lib/python3.12/site-packages/airflow/example_dags/example_short_circuit_operator.py for tasks to queue
[2024-06-10T20:17:12.260+0000] {logging_mixin.py:188} INFO - [2024-06-10T20:17:12.260+0000] {dagbag.py:545} INFO - Filling up the DagBag from /home/airflow/.local/lib/python3.12/site-packages/airflow/example_dags/example_short_circuit_operator.py
[2024-06-10T20:17:12.267+0000] {processor.py:840} INFO - DAG(s) 'example_short_circuit_operator' retrieved from /home/airflow/.local/lib/python3.12/site-packages/airflow/example_dags/example_short_circuit_operator.py
[2024-06-10T20:17:12.288+0000] {logging_mixin.py:188} INFO - [2024-06-10T20:17:12.287+0000] {dag.py:3096} INFO - Sync 1 DAGs
[2024-06-10T20:17:12.306+0000] {logging_mixin.py:188} INFO - [2024-06-10T20:17:12.306+0000] {dag.py:3954} INFO - Setting next_dagrun for example_short_circuit_operator to 2024-06-09 00:00:00+00:00, run_after=2024-06-10 00:00:00+00:00
[2024-06-10T20:17:12.325+0000] {processor.py:183} INFO - Processing /home/airflow/.local/lib/python3.12/site-packages/airflow/example_dags/example_short_circuit_operator.py took 0.073 seconds
[2024-06-10T20:17:42.675+0000] {processor.py:161} INFO - Started process (PID=798) to work on /home/airflow/.local/lib/python3.12/site-packages/airflow/example_dags/example_short_circuit_operator.py
[2024-06-10T20:17:42.676+0000] {processor.py:830} INFO - Processing file /home/airflow/.local/lib/python3.12/site-packages/airflow/example_dags/example_short_circuit_operator.py for tasks to queue
[2024-06-10T20:17:42.678+0000] {logging_mixin.py:188} INFO - [2024-06-10T20:17:42.677+0000] {dagbag.py:545} INFO - Filling up the DagBag from /home/airflow/.local/lib/python3.12/site-packages/airflow/example_dags/example_short_circuit_operator.py
[2024-06-10T20:17:42.683+0000] {processor.py:840} INFO - DAG(s) 'example_short_circuit_operator' retrieved from /home/airflow/.local/lib/python3.12/site-packages/airflow/example_dags/example_short_circuit_operator.py
[2024-06-10T20:17:42.701+0000] {logging_mixin.py:188} INFO - [2024-06-10T20:17:42.701+0000] {dag.py:3096} INFO - Sync 1 DAGs
[2024-06-10T20:17:42.719+0000] {logging_mixin.py:188} INFO - [2024-06-10T20:17:42.719+0000] {dag.py:3954} INFO - Setting next_dagrun for example_short_circuit_operator to 2024-06-09 00:00:00+00:00, run_after=2024-06-10 00:00:00+00:00
[2024-06-10T20:17:42.737+0000] {processor.py:183} INFO - Processing /home/airflow/.local/lib/python3.12/site-packages/airflow/example_dags/example_short_circuit_operator.py took 0.067 seconds
[2024-06-10T20:18:12.903+0000] {processor.py:161} INFO - Started process (PID=856) to work on /home/airflow/.local/lib/python3.12/site-packages/airflow/example_dags/example_short_circuit_operator.py
[2024-06-10T20:18:12.904+0000] {processor.py:830} INFO - Processing file /home/airflow/.local/lib/python3.12/site-packages/airflow/example_dags/example_short_circuit_operator.py for tasks to queue
[2024-06-10T20:18:12.906+0000] {logging_mixin.py:188} INFO - [2024-06-10T20:18:12.906+0000] {dagbag.py:545} INFO - Filling up the DagBag from /home/airflow/.local/lib/python3.12/site-packages/airflow/example_dags/example_short_circuit_operator.py
[2024-06-10T20:18:12.911+0000] {processor.py:840} INFO - DAG(s) 'example_short_circuit_operator' retrieved from /home/airflow/.local/lib/python3.12/site-packages/airflow/example_dags/example_short_circuit_operator.py
[2024-06-10T20:18:12.928+0000] {logging_mixin.py:188} INFO - [2024-06-10T20:18:12.928+0000] {dag.py:3096} INFO - Sync 1 DAGs
[2024-06-10T20:18:12.945+0000] {logging_mixin.py:188} INFO - [2024-06-10T20:18:12.945+0000] {dag.py:3954} INFO - Setting next_dagrun for example_short_circuit_operator to 2024-06-09 00:00:00+00:00, run_after=2024-06-10 00:00:00+00:00
[2024-06-10T20:18:12.963+0000] {processor.py:183} INFO - Processing /home/airflow/.local/lib/python3.12/site-packages/airflow/example_dags/example_short_circuit_operator.py took 0.064 seconds
[2024-06-10T20:18:43.304+0000] {processor.py:161} INFO - Started process (PID=913) to work on /home/airflow/.local/lib/python3.12/site-packages/airflow/example_dags/example_short_circuit_operator.py
[2024-06-10T20:18:43.306+0000] {processor.py:830} INFO - Processing file /home/airflow/.local/lib/python3.12/site-packages/airflow/example_dags/example_short_circuit_operator.py for tasks to queue
[2024-06-10T20:18:43.308+0000] {logging_mixin.py:188} INFO - [2024-06-10T20:18:43.308+0000] {dagbag.py:545} INFO - Filling up the DagBag from /home/airflow/.local/lib/python3.12/site-packages/airflow/example_dags/example_short_circuit_operator.py
[2024-06-10T20:18:43.320+0000] {processor.py:840} INFO - DAG(s) 'example_short_circuit_operator' retrieved from /home/airflow/.local/lib/python3.12/site-packages/airflow/example_dags/example_short_circuit_operator.py
[2024-06-10T20:18:43.344+0000] {logging_mixin.py:188} INFO - [2024-06-10T20:18:43.344+0000] {dag.py:3096} INFO - Sync 1 DAGs
[2024-06-10T20:18:43.365+0000] {logging_mixin.py:188} INFO - [2024-06-10T20:18:43.364+0000] {dag.py:3954} INFO - Setting next_dagrun for example_short_circuit_operator to 2024-06-09 00:00:00+00:00, run_after=2024-06-10 00:00:00+00:00
[2024-06-10T20:18:43.479+0000] {processor.py:183} INFO - Processing /home/airflow/.local/lib/python3.12/site-packages/airflow/example_dags/example_short_circuit_operator.py took 0.180 seconds
[2024-06-10T20:19:14.498+0000] {processor.py:161} INFO - Started process (PID=971) to work on /home/airflow/.local/lib/python3.12/site-packages/airflow/example_dags/example_short_circuit_operator.py
[2024-06-10T20:19:14.499+0000] {processor.py:830} INFO - Processing file /home/airflow/.local/lib/python3.12/site-packages/airflow/example_dags/example_short_circuit_operator.py for tasks to queue
[2024-06-10T20:19:14.502+0000] {logging_mixin.py:188} INFO - [2024-06-10T20:19:14.501+0000] {dagbag.py:545} INFO - Filling up the DagBag from /home/airflow/.local/lib/python3.12/site-packages/airflow/example_dags/example_short_circuit_operator.py
[2024-06-10T20:19:14.508+0000] {processor.py:840} INFO - DAG(s) 'example_short_circuit_operator' retrieved from /home/airflow/.local/lib/python3.12/site-packages/airflow/example_dags/example_short_circuit_operator.py
[2024-06-10T20:19:14.530+0000] {logging_mixin.py:188} INFO - [2024-06-10T20:19:14.530+0000] {dag.py:3096} INFO - Sync 1 DAGs
[2024-06-10T20:19:14.549+0000] {logging_mixin.py:188} INFO - [2024-06-10T20:19:14.549+0000] {dag.py:3954} INFO - Setting next_dagrun for example_short_circuit_operator to 2024-06-09 00:00:00+00:00, run_after=2024-06-10 00:00:00+00:00
[2024-06-10T20:19:14.571+0000] {processor.py:183} INFO - Processing /home/airflow/.local/lib/python3.12/site-packages/airflow/example_dags/example_short_circuit_operator.py took 0.078 seconds
[2024-06-10T20:19:44.882+0000] {processor.py:161} INFO - Started process (PID=1029) to work on /home/airflow/.local/lib/python3.12/site-packages/airflow/example_dags/example_short_circuit_operator.py
[2024-06-10T20:19:44.883+0000] {processor.py:830} INFO - Processing file /home/airflow/.local/lib/python3.12/site-packages/airflow/example_dags/example_short_circuit_operator.py for tasks to queue
[2024-06-10T20:19:44.885+0000] {logging_mixin.py:188} INFO - [2024-06-10T20:19:44.884+0000] {dagbag.py:545} INFO - Filling up the DagBag from /home/airflow/.local/lib/python3.12/site-packages/airflow/example_dags/example_short_circuit_operator.py
[2024-06-10T20:19:44.890+0000] {processor.py:840} INFO - DAG(s) 'example_short_circuit_operator' retrieved from /home/airflow/.local/lib/python3.12/site-packages/airflow/example_dags/example_short_circuit_operator.py
[2024-06-10T20:19:44.910+0000] {logging_mixin.py:188} INFO - [2024-06-10T20:19:44.910+0000] {dag.py:3096} INFO - Sync 1 DAGs
[2024-06-10T20:19:44.926+0000] {logging_mixin.py:188} INFO - [2024-06-10T20:19:44.926+0000] {dag.py:3954} INFO - Setting next_dagrun for example_short_circuit_operator to 2024-06-09 00:00:00+00:00, run_after=2024-06-10 00:00:00+00:00
[2024-06-10T20:19:44.945+0000] {processor.py:183} INFO - Processing /home/airflow/.local/lib/python3.12/site-packages/airflow/example_dags/example_short_circuit_operator.py took 0.068 seconds
[2024-06-10T20:20:15.238+0000] {processor.py:161} INFO - Started process (PID=1087) to work on /home/airflow/.local/lib/python3.12/site-packages/airflow/example_dags/example_short_circuit_operator.py
[2024-06-10T20:20:15.239+0000] {processor.py:830} INFO - Processing file /home/airflow/.local/lib/python3.12/site-packages/airflow/example_dags/example_short_circuit_operator.py for tasks to queue
[2024-06-10T20:20:15.242+0000] {logging_mixin.py:188} INFO - [2024-06-10T20:20:15.241+0000] {dagbag.py:545} INFO - Filling up the DagBag from /home/airflow/.local/lib/python3.12/site-packages/airflow/example_dags/example_short_circuit_operator.py
[2024-06-10T20:20:15.248+0000] {processor.py:840} INFO - DAG(s) 'example_short_circuit_operator' retrieved from /home/airflow/.local/lib/python3.12/site-packages/airflow/example_dags/example_short_circuit_operator.py
[2024-06-10T20:20:15.265+0000] {logging_mixin.py:188} INFO - [2024-06-10T20:20:15.265+0000] {dag.py:3096} INFO - Sync 1 DAGs
[2024-06-10T20:20:15.280+0000] {logging_mixin.py:188} INFO - [2024-06-10T20:20:15.280+0000] {dag.py:3954} INFO - Setting next_dagrun for example_short_circuit_operator to 2024-06-09 00:00:00+00:00, run_after=2024-06-10 00:00:00+00:00
[2024-06-10T20:20:15.298+0000] {processor.py:183} INFO - Processing /home/airflow/.local/lib/python3.12/site-packages/airflow/example_dags/example_short_circuit_operator.py took 0.066 seconds
[2024-06-10T20:20:45.427+0000] {processor.py:161} INFO - Started process (PID=1145) to work on /home/airflow/.local/lib/python3.12/site-packages/airflow/example_dags/example_short_circuit_operator.py
[2024-06-10T20:20:45.428+0000] {processor.py:830} INFO - Processing file /home/airflow/.local/lib/python3.12/site-packages/airflow/example_dags/example_short_circuit_operator.py for tasks to queue
[2024-06-10T20:20:45.430+0000] {logging_mixin.py:188} INFO - [2024-06-10T20:20:45.430+0000] {dagbag.py:545} INFO - Filling up the DagBag from /home/airflow/.local/lib/python3.12/site-packages/airflow/example_dags/example_short_circuit_operator.py
[2024-06-10T20:20:45.437+0000] {processor.py:840} INFO - DAG(s) 'example_short_circuit_operator' retrieved from /home/airflow/.local/lib/python3.12/site-packages/airflow/example_dags/example_short_circuit_operator.py
[2024-06-10T20:20:45.458+0000] {logging_mixin.py:188} INFO - [2024-06-10T20:20:45.457+0000] {dag.py:3096} INFO - Sync 1 DAGs
[2024-06-10T20:20:45.475+0000] {logging_mixin.py:188} INFO - [2024-06-10T20:20:45.474+0000] {dag.py:3954} INFO - Setting next_dagrun for example_short_circuit_operator to 2024-06-09 00:00:00+00:00, run_after=2024-06-10 00:00:00+00:00
[2024-06-10T20:20:45.494+0000] {processor.py:183} INFO - Processing /home/airflow/.local/lib/python3.12/site-packages/airflow/example_dags/example_short_circuit_operator.py took 0.072 seconds
[2024-06-10T20:21:15.808+0000] {processor.py:161} INFO - Started process (PID=1203) to work on /home/airflow/.local/lib/python3.12/site-packages/airflow/example_dags/example_short_circuit_operator.py
[2024-06-10T20:21:15.809+0000] {processor.py:830} INFO - Processing file /home/airflow/.local/lib/python3.12/site-packages/airflow/example_dags/example_short_circuit_operator.py for tasks to queue
[2024-06-10T20:21:15.812+0000] {logging_mixin.py:188} INFO - [2024-06-10T20:21:15.812+0000] {dagbag.py:545} INFO - Filling up the DagBag from /home/airflow/.local/lib/python3.12/site-packages/airflow/example_dags/example_short_circuit_operator.py
[2024-06-10T20:21:15.820+0000] {processor.py:840} INFO - DAG(s) 'example_short_circuit_operator' retrieved from /home/airflow/.local/lib/python3.12/site-packages/airflow/example_dags/example_short_circuit_operator.py
[2024-06-10T20:21:15.837+0000] {logging_mixin.py:188} INFO - [2024-06-10T20:21:15.837+0000] {dag.py:3096} INFO - Sync 1 DAGs
[2024-06-10T20:21:15.852+0000] {logging_mixin.py:188} INFO - [2024-06-10T20:21:15.852+0000] {dag.py:3954} INFO - Setting next_dagrun for example_short_circuit_operator to 2024-06-09 00:00:00+00:00, run_after=2024-06-10 00:00:00+00:00
[2024-06-10T20:21:15.869+0000] {processor.py:183} INFO - Processing /home/airflow/.local/lib/python3.12/site-packages/airflow/example_dags/example_short_circuit_operator.py took 0.071 seconds
[2024-06-10T20:21:41.163+0000] {processor.py:161} INFO - Started process (PID=44) to work on /home/airflow/.local/lib/python3.12/site-packages/airflow/example_dags/example_short_circuit_operator.py
[2024-06-10T20:21:41.164+0000] {processor.py:830} INFO - Processing file /home/airflow/.local/lib/python3.12/site-packages/airflow/example_dags/example_short_circuit_operator.py for tasks to queue
[2024-06-10T20:21:41.166+0000] {logging_mixin.py:188} INFO - [2024-06-10T20:21:41.165+0000] {dagbag.py:545} INFO - Filling up the DagBag from /home/airflow/.local/lib/python3.12/site-packages/airflow/example_dags/example_short_circuit_operator.py
[2024-06-10T20:21:41.173+0000] {processor.py:840} INFO - DAG(s) 'example_short_circuit_operator' retrieved from /home/airflow/.local/lib/python3.12/site-packages/airflow/example_dags/example_short_circuit_operator.py
[2024-06-10T20:21:41.198+0000] {logging_mixin.py:188} INFO - [2024-06-10T20:21:41.197+0000] {dag.py:3096} INFO - Sync 1 DAGs
[2024-06-10T20:21:41.215+0000] {logging_mixin.py:188} INFO - [2024-06-10T20:21:41.215+0000] {dag.py:3954} INFO - Setting next_dagrun for example_short_circuit_operator to 2024-06-09 00:00:00+00:00, run_after=2024-06-10 00:00:00+00:00
[2024-06-10T20:21:41.233+0000] {processor.py:183} INFO - Processing /home/airflow/.local/lib/python3.12/site-packages/airflow/example_dags/example_short_circuit_operator.py took 0.074 seconds
[2024-06-10T20:22:11.613+0000] {processor.py:161} INFO - Started process (PID=102) to work on /home/airflow/.local/lib/python3.12/site-packages/airflow/example_dags/example_short_circuit_operator.py
[2024-06-10T20:22:11.614+0000] {processor.py:830} INFO - Processing file /home/airflow/.local/lib/python3.12/site-packages/airflow/example_dags/example_short_circuit_operator.py for tasks to queue
[2024-06-10T20:22:11.616+0000] {logging_mixin.py:188} INFO - [2024-06-10T20:22:11.615+0000] {dagbag.py:545} INFO - Filling up the DagBag from /home/airflow/.local/lib/python3.12/site-packages/airflow/example_dags/example_short_circuit_operator.py
[2024-06-10T20:22:11.620+0000] {processor.py:840} INFO - DAG(s) 'example_short_circuit_operator' retrieved from /home/airflow/.local/lib/python3.12/site-packages/airflow/example_dags/example_short_circuit_operator.py
[2024-06-10T20:22:11.637+0000] {logging_mixin.py:188} INFO - [2024-06-10T20:22:11.637+0000] {dag.py:3096} INFO - Sync 1 DAGs
[2024-06-10T20:22:11.652+0000] {logging_mixin.py:188} INFO - [2024-06-10T20:22:11.652+0000] {dag.py:3954} INFO - Setting next_dagrun for example_short_circuit_operator to 2024-06-09 00:00:00+00:00, run_after=2024-06-10 00:00:00+00:00
[2024-06-10T20:22:11.667+0000] {processor.py:183} INFO - Processing /home/airflow/.local/lib/python3.12/site-packages/airflow/example_dags/example_short_circuit_operator.py took 0.058 seconds
