[2024-06-10T20:11:13.911+0000] {processor.py:161} INFO - Started process (PID=75) to work on /home/airflow/.local/lib/python3.12/site-packages/airflow/example_dags/example_bash_operator.py
[2024-06-10T20:11:13.913+0000] {processor.py:830} INFO - Processing file /home/airflow/.local/lib/python3.12/site-packages/airflow/example_dags/example_bash_operator.py for tasks to queue
[2024-06-10T20:11:13.915+0000] {logging_mixin.py:188} INFO - [2024-06-10T20:11:13.914+0000] {dagbag.py:545} INFO - Filling up the DagBag from /home/airflow/.local/lib/python3.12/site-packages/airflow/example_dags/example_bash_operator.py
[2024-06-10T20:11:13.929+0000] {processor.py:840} INFO - DAG(s) 'example_bash_operator' retrieved from /home/airflow/.local/lib/python3.12/site-packages/airflow/example_dags/example_bash_operator.py
[2024-06-10T20:11:14.035+0000] {logging_mixin.py:188} INFO - [2024-06-10T20:11:14.035+0000] {override.py:1829} INFO - Created Permission View: can delete on DAG:example_bash_operator
[2024-06-10T20:11:14.047+0000] {logging_mixin.py:188} INFO - [2024-06-10T20:11:14.047+0000] {override.py:1829} INFO - Created Permission View: can edit on DAG:example_bash_operator
[2024-06-10T20:11:14.058+0000] {logging_mixin.py:188} INFO - [2024-06-10T20:11:14.058+0000] {override.py:1829} INFO - Created Permission View: can read on DAG:example_bash_operator
[2024-06-10T20:11:14.135+0000] {logging_mixin.py:188} INFO - [2024-06-10T20:11:14.135+0000] {dag.py:3096} INFO - Sync 1 DAGs
[2024-06-10T20:11:14.154+0000] {logging_mixin.py:188} INFO - [2024-06-10T20:11:14.154+0000] {dag.py:3118} INFO - Creating ORM DAG for example_bash_operator
[2024-06-10T20:11:14.172+0000] {logging_mixin.py:188} INFO - [2024-06-10T20:11:14.172+0000] {dag.py:3954} INFO - Setting next_dagrun for example_bash_operator to 2024-06-09 00:00:00+00:00, run_after=2024-06-10 00:00:00+00:00
[2024-06-10T20:11:14.201+0000] {processor.py:183} INFO - Processing /home/airflow/.local/lib/python3.12/site-packages/airflow/example_dags/example_bash_operator.py took 0.294 seconds
[2024-06-10T20:11:44.883+0000] {processor.py:161} INFO - Started process (PID=133) to work on /home/airflow/.local/lib/python3.12/site-packages/airflow/example_dags/example_bash_operator.py
[2024-06-10T20:11:44.884+0000] {processor.py:830} INFO - Processing file /home/airflow/.local/lib/python3.12/site-packages/airflow/example_dags/example_bash_operator.py for tasks to queue
[2024-06-10T20:11:44.886+0000] {logging_mixin.py:188} INFO - [2024-06-10T20:11:44.885+0000] {dagbag.py:545} INFO - Filling up the DagBag from /home/airflow/.local/lib/python3.12/site-packages/airflow/example_dags/example_bash_operator.py
[2024-06-10T20:11:44.894+0000] {processor.py:840} INFO - DAG(s) 'example_bash_operator' retrieved from /home/airflow/.local/lib/python3.12/site-packages/airflow/example_dags/example_bash_operator.py
[2024-06-10T20:11:44.920+0000] {logging_mixin.py:188} INFO - [2024-06-10T20:11:44.920+0000] {dag.py:3096} INFO - Sync 1 DAGs
[2024-06-10T20:11:44.942+0000] {logging_mixin.py:188} INFO - [2024-06-10T20:11:44.942+0000] {dag.py:3954} INFO - Setting next_dagrun for example_bash_operator to 2024-06-09 00:00:00+00:00, run_after=2024-06-10 00:00:00+00:00
[2024-06-10T20:11:44.960+0000] {processor.py:183} INFO - Processing /home/airflow/.local/lib/python3.12/site-packages/airflow/example_dags/example_bash_operator.py took 0.082 seconds
[2024-06-10T20:12:15.395+0000] {processor.py:161} INFO - Started process (PID=197) to work on /home/airflow/.local/lib/python3.12/site-packages/airflow/example_dags/example_bash_operator.py
[2024-06-10T20:12:15.396+0000] {processor.py:830} INFO - Processing file /home/airflow/.local/lib/python3.12/site-packages/airflow/example_dags/example_bash_operator.py for tasks to queue
[2024-06-10T20:12:15.398+0000] {logging_mixin.py:188} INFO - [2024-06-10T20:12:15.398+0000] {dagbag.py:545} INFO - Filling up the DagBag from /home/airflow/.local/lib/python3.12/site-packages/airflow/example_dags/example_bash_operator.py
[2024-06-10T20:12:15.407+0000] {processor.py:840} INFO - DAG(s) 'example_bash_operator' retrieved from /home/airflow/.local/lib/python3.12/site-packages/airflow/example_dags/example_bash_operator.py
[2024-06-10T20:12:15.428+0000] {logging_mixin.py:188} INFO - [2024-06-10T20:12:15.428+0000] {dag.py:3096} INFO - Sync 1 DAGs
[2024-06-10T20:12:15.446+0000] {logging_mixin.py:188} INFO - [2024-06-10T20:12:15.446+0000] {dag.py:3954} INFO - Setting next_dagrun for example_bash_operator to 2024-06-09 00:00:00+00:00, run_after=2024-06-10 00:00:00+00:00
[2024-06-10T20:12:15.464+0000] {processor.py:183} INFO - Processing /home/airflow/.local/lib/python3.12/site-packages/airflow/example_dags/example_bash_operator.py took 0.074 seconds
[2024-06-10T20:12:45.670+0000] {processor.py:161} INFO - Started process (PID=255) to work on /home/airflow/.local/lib/python3.12/site-packages/airflow/example_dags/example_bash_operator.py
[2024-06-10T20:12:45.671+0000] {processor.py:830} INFO - Processing file /home/airflow/.local/lib/python3.12/site-packages/airflow/example_dags/example_bash_operator.py for tasks to queue
[2024-06-10T20:12:45.673+0000] {logging_mixin.py:188} INFO - [2024-06-10T20:12:45.673+0000] {dagbag.py:545} INFO - Filling up the DagBag from /home/airflow/.local/lib/python3.12/site-packages/airflow/example_dags/example_bash_operator.py
[2024-06-10T20:12:45.682+0000] {processor.py:840} INFO - DAG(s) 'example_bash_operator' retrieved from /home/airflow/.local/lib/python3.12/site-packages/airflow/example_dags/example_bash_operator.py
[2024-06-10T20:12:45.701+0000] {logging_mixin.py:188} INFO - [2024-06-10T20:12:45.700+0000] {dag.py:3096} INFO - Sync 1 DAGs
[2024-06-10T20:12:45.717+0000] {logging_mixin.py:188} INFO - [2024-06-10T20:12:45.717+0000] {dag.py:3954} INFO - Setting next_dagrun for example_bash_operator to 2024-06-09 00:00:00+00:00, run_after=2024-06-10 00:00:00+00:00
[2024-06-10T20:12:45.739+0000] {processor.py:183} INFO - Processing /home/airflow/.local/lib/python3.12/site-packages/airflow/example_dags/example_bash_operator.py took 0.073 seconds
[2024-06-10T20:13:15.969+0000] {processor.py:161} INFO - Started process (PID=313) to work on /home/airflow/.local/lib/python3.12/site-packages/airflow/example_dags/example_bash_operator.py
[2024-06-10T20:13:15.969+0000] {processor.py:830} INFO - Processing file /home/airflow/.local/lib/python3.12/site-packages/airflow/example_dags/example_bash_operator.py for tasks to queue
[2024-06-10T20:13:15.971+0000] {logging_mixin.py:188} INFO - [2024-06-10T20:13:15.971+0000] {dagbag.py:545} INFO - Filling up the DagBag from /home/airflow/.local/lib/python3.12/site-packages/airflow/example_dags/example_bash_operator.py
[2024-06-10T20:13:15.981+0000] {processor.py:840} INFO - DAG(s) 'example_bash_operator' retrieved from /home/airflow/.local/lib/python3.12/site-packages/airflow/example_dags/example_bash_operator.py
[2024-06-10T20:13:16.001+0000] {logging_mixin.py:188} INFO - [2024-06-10T20:13:16.000+0000] {dag.py:3096} INFO - Sync 1 DAGs
[2024-06-10T20:13:16.017+0000] {logging_mixin.py:188} INFO - [2024-06-10T20:13:16.017+0000] {dag.py:3954} INFO - Setting next_dagrun for example_bash_operator to 2024-06-09 00:00:00+00:00, run_after=2024-06-10 00:00:00+00:00
[2024-06-10T20:13:16.036+0000] {processor.py:183} INFO - Processing /home/airflow/.local/lib/python3.12/site-packages/airflow/example_dags/example_bash_operator.py took 0.071 seconds
[2024-06-10T20:13:46.397+0000] {processor.py:161} INFO - Started process (PID=371) to work on /home/airflow/.local/lib/python3.12/site-packages/airflow/example_dags/example_bash_operator.py
[2024-06-10T20:13:46.398+0000] {processor.py:830} INFO - Processing file /home/airflow/.local/lib/python3.12/site-packages/airflow/example_dags/example_bash_operator.py for tasks to queue
[2024-06-10T20:13:46.399+0000] {logging_mixin.py:188} INFO - [2024-06-10T20:13:46.399+0000] {dagbag.py:545} INFO - Filling up the DagBag from /home/airflow/.local/lib/python3.12/site-packages/airflow/example_dags/example_bash_operator.py
[2024-06-10T20:13:46.408+0000] {processor.py:840} INFO - DAG(s) 'example_bash_operator' retrieved from /home/airflow/.local/lib/python3.12/site-packages/airflow/example_dags/example_bash_operator.py
[2024-06-10T20:13:46.429+0000] {logging_mixin.py:188} INFO - [2024-06-10T20:13:46.429+0000] {dag.py:3096} INFO - Sync 1 DAGs
[2024-06-10T20:13:46.447+0000] {logging_mixin.py:188} INFO - [2024-06-10T20:13:46.447+0000] {dag.py:3954} INFO - Setting next_dagrun for example_bash_operator to 2024-06-09 00:00:00+00:00, run_after=2024-06-10 00:00:00+00:00
[2024-06-10T20:13:46.463+0000] {processor.py:183} INFO - Processing /home/airflow/.local/lib/python3.12/site-packages/airflow/example_dags/example_bash_operator.py took 0.071 seconds
[2024-06-10T20:14:17.154+0000] {processor.py:161} INFO - Started process (PID=429) to work on /home/airflow/.local/lib/python3.12/site-packages/airflow/example_dags/example_bash_operator.py
[2024-06-10T20:14:17.155+0000] {processor.py:830} INFO - Processing file /home/airflow/.local/lib/python3.12/site-packages/airflow/example_dags/example_bash_operator.py for tasks to queue
[2024-06-10T20:14:17.157+0000] {logging_mixin.py:188} INFO - [2024-06-10T20:14:17.157+0000] {dagbag.py:545} INFO - Filling up the DagBag from /home/airflow/.local/lib/python3.12/site-packages/airflow/example_dags/example_bash_operator.py
[2024-06-10T20:14:17.166+0000] {processor.py:840} INFO - DAG(s) 'example_bash_operator' retrieved from /home/airflow/.local/lib/python3.12/site-packages/airflow/example_dags/example_bash_operator.py
[2024-06-10T20:14:17.192+0000] {logging_mixin.py:188} INFO - [2024-06-10T20:14:17.191+0000] {dag.py:3096} INFO - Sync 1 DAGs
[2024-06-10T20:14:17.218+0000] {logging_mixin.py:188} INFO - [2024-06-10T20:14:17.218+0000] {dag.py:3954} INFO - Setting next_dagrun for example_bash_operator to 2024-06-09 00:00:00+00:00, run_after=2024-06-10 00:00:00+00:00
[2024-06-10T20:14:17.239+0000] {processor.py:183} INFO - Processing /home/airflow/.local/lib/python3.12/site-packages/airflow/example_dags/example_bash_operator.py took 0.090 seconds
[2024-06-10T20:14:47.265+0000] {processor.py:161} INFO - Started process (PID=487) to work on /home/airflow/.local/lib/python3.12/site-packages/airflow/example_dags/example_bash_operator.py
[2024-06-10T20:14:47.266+0000] {processor.py:830} INFO - Processing file /home/airflow/.local/lib/python3.12/site-packages/airflow/example_dags/example_bash_operator.py for tasks to queue
[2024-06-10T20:14:47.267+0000] {logging_mixin.py:188} INFO - [2024-06-10T20:14:47.267+0000] {dagbag.py:545} INFO - Filling up the DagBag from /home/airflow/.local/lib/python3.12/site-packages/airflow/example_dags/example_bash_operator.py
[2024-06-10T20:14:47.277+0000] {processor.py:840} INFO - DAG(s) 'example_bash_operator' retrieved from /home/airflow/.local/lib/python3.12/site-packages/airflow/example_dags/example_bash_operator.py
[2024-06-10T20:14:47.298+0000] {logging_mixin.py:188} INFO - [2024-06-10T20:14:47.297+0000] {dag.py:3096} INFO - Sync 1 DAGs
[2024-06-10T20:14:47.314+0000] {logging_mixin.py:188} INFO - [2024-06-10T20:14:47.314+0000] {dag.py:3954} INFO - Setting next_dagrun for example_bash_operator to 2024-06-09 00:00:00+00:00, run_after=2024-06-10 00:00:00+00:00
[2024-06-10T20:14:47.329+0000] {processor.py:183} INFO - Processing /home/airflow/.local/lib/python3.12/site-packages/airflow/example_dags/example_bash_operator.py took 0.068 seconds
[2024-06-10T20:15:17.569+0000] {processor.py:161} INFO - Started process (PID=545) to work on /home/airflow/.local/lib/python3.12/site-packages/airflow/example_dags/example_bash_operator.py
[2024-06-10T20:15:17.571+0000] {processor.py:830} INFO - Processing file /home/airflow/.local/lib/python3.12/site-packages/airflow/example_dags/example_bash_operator.py for tasks to queue
[2024-06-10T20:15:17.573+0000] {logging_mixin.py:188} INFO - [2024-06-10T20:15:17.572+0000] {dagbag.py:545} INFO - Filling up the DagBag from /home/airflow/.local/lib/python3.12/site-packages/airflow/example_dags/example_bash_operator.py
[2024-06-10T20:15:17.582+0000] {processor.py:840} INFO - DAG(s) 'example_bash_operator' retrieved from /home/airflow/.local/lib/python3.12/site-packages/airflow/example_dags/example_bash_operator.py
[2024-06-10T20:15:17.606+0000] {logging_mixin.py:188} INFO - [2024-06-10T20:15:17.605+0000] {dag.py:3096} INFO - Sync 1 DAGs
[2024-06-10T20:15:17.624+0000] {logging_mixin.py:188} INFO - [2024-06-10T20:15:17.624+0000] {dag.py:3954} INFO - Setting next_dagrun for example_bash_operator to 2024-06-09 00:00:00+00:00, run_after=2024-06-10 00:00:00+00:00
[2024-06-10T20:15:17.640+0000] {processor.py:183} INFO - Processing /home/airflow/.local/lib/python3.12/site-packages/airflow/example_dags/example_bash_operator.py took 0.075 seconds
[2024-06-10T20:15:47.761+0000] {processor.py:161} INFO - Started process (PID=603) to work on /home/airflow/.local/lib/python3.12/site-packages/airflow/example_dags/example_bash_operator.py
[2024-06-10T20:15:47.762+0000] {processor.py:830} INFO - Processing file /home/airflow/.local/lib/python3.12/site-packages/airflow/example_dags/example_bash_operator.py for tasks to queue
[2024-06-10T20:15:47.764+0000] {logging_mixin.py:188} INFO - [2024-06-10T20:15:47.764+0000] {dagbag.py:545} INFO - Filling up the DagBag from /home/airflow/.local/lib/python3.12/site-packages/airflow/example_dags/example_bash_operator.py
[2024-06-10T20:15:47.776+0000] {processor.py:840} INFO - DAG(s) 'example_bash_operator' retrieved from /home/airflow/.local/lib/python3.12/site-packages/airflow/example_dags/example_bash_operator.py
[2024-06-10T20:15:47.800+0000] {logging_mixin.py:188} INFO - [2024-06-10T20:15:47.799+0000] {dag.py:3096} INFO - Sync 1 DAGs
[2024-06-10T20:15:47.817+0000] {logging_mixin.py:188} INFO - [2024-06-10T20:15:47.817+0000] {dag.py:3954} INFO - Setting next_dagrun for example_bash_operator to 2024-06-09 00:00:00+00:00, run_after=2024-06-10 00:00:00+00:00
[2024-06-10T20:15:47.835+0000] {processor.py:183} INFO - Processing /home/airflow/.local/lib/python3.12/site-packages/airflow/example_dags/example_bash_operator.py took 0.081 seconds
[2024-06-10T20:16:18.128+0000] {processor.py:161} INFO - Started process (PID=661) to work on /home/airflow/.local/lib/python3.12/site-packages/airflow/example_dags/example_bash_operator.py
[2024-06-10T20:16:18.129+0000] {processor.py:830} INFO - Processing file /home/airflow/.local/lib/python3.12/site-packages/airflow/example_dags/example_bash_operator.py for tasks to queue
[2024-06-10T20:16:18.131+0000] {logging_mixin.py:188} INFO - [2024-06-10T20:16:18.131+0000] {dagbag.py:545} INFO - Filling up the DagBag from /home/airflow/.local/lib/python3.12/site-packages/airflow/example_dags/example_bash_operator.py
[2024-06-10T20:16:18.139+0000] {processor.py:840} INFO - DAG(s) 'example_bash_operator' retrieved from /home/airflow/.local/lib/python3.12/site-packages/airflow/example_dags/example_bash_operator.py
[2024-06-10T20:16:18.160+0000] {logging_mixin.py:188} INFO - [2024-06-10T20:16:18.160+0000] {dag.py:3096} INFO - Sync 1 DAGs
[2024-06-10T20:16:18.180+0000] {logging_mixin.py:188} INFO - [2024-06-10T20:16:18.180+0000] {dag.py:3954} INFO - Setting next_dagrun for example_bash_operator to 2024-06-09 00:00:00+00:00, run_after=2024-06-10 00:00:00+00:00
[2024-06-10T20:16:18.196+0000] {processor.py:183} INFO - Processing /home/airflow/.local/lib/python3.12/site-packages/airflow/example_dags/example_bash_operator.py took 0.072 seconds
[2024-06-10T20:16:48.589+0000] {processor.py:161} INFO - Started process (PID=719) to work on /home/airflow/.local/lib/python3.12/site-packages/airflow/example_dags/example_bash_operator.py
[2024-06-10T20:16:48.590+0000] {processor.py:830} INFO - Processing file /home/airflow/.local/lib/python3.12/site-packages/airflow/example_dags/example_bash_operator.py for tasks to queue
[2024-06-10T20:16:48.592+0000] {logging_mixin.py:188} INFO - [2024-06-10T20:16:48.592+0000] {dagbag.py:545} INFO - Filling up the DagBag from /home/airflow/.local/lib/python3.12/site-packages/airflow/example_dags/example_bash_operator.py
[2024-06-10T20:16:48.602+0000] {processor.py:840} INFO - DAG(s) 'example_bash_operator' retrieved from /home/airflow/.local/lib/python3.12/site-packages/airflow/example_dags/example_bash_operator.py
[2024-06-10T20:16:48.628+0000] {logging_mixin.py:188} INFO - [2024-06-10T20:16:48.627+0000] {dag.py:3096} INFO - Sync 1 DAGs
[2024-06-10T20:16:48.645+0000] {logging_mixin.py:188} INFO - [2024-06-10T20:16:48.644+0000] {dag.py:3954} INFO - Setting next_dagrun for example_bash_operator to 2024-06-09 00:00:00+00:00, run_after=2024-06-10 00:00:00+00:00
[2024-06-10T20:16:48.663+0000] {processor.py:183} INFO - Processing /home/airflow/.local/lib/python3.12/site-packages/airflow/example_dags/example_bash_operator.py took 0.078 seconds
[2024-06-10T20:17:18.969+0000] {processor.py:161} INFO - Started process (PID=777) to work on /home/airflow/.local/lib/python3.12/site-packages/airflow/example_dags/example_bash_operator.py
[2024-06-10T20:17:18.970+0000] {processor.py:830} INFO - Processing file /home/airflow/.local/lib/python3.12/site-packages/airflow/example_dags/example_bash_operator.py for tasks to queue
[2024-06-10T20:17:18.973+0000] {logging_mixin.py:188} INFO - [2024-06-10T20:17:18.973+0000] {dagbag.py:545} INFO - Filling up the DagBag from /home/airflow/.local/lib/python3.12/site-packages/airflow/example_dags/example_bash_operator.py
[2024-06-10T20:17:18.987+0000] {processor.py:840} INFO - DAG(s) 'example_bash_operator' retrieved from /home/airflow/.local/lib/python3.12/site-packages/airflow/example_dags/example_bash_operator.py
[2024-06-10T20:17:19.017+0000] {logging_mixin.py:188} INFO - [2024-06-10T20:17:19.017+0000] {dag.py:3096} INFO - Sync 1 DAGs
[2024-06-10T20:17:19.045+0000] {logging_mixin.py:188} INFO - [2024-06-10T20:17:19.045+0000] {dag.py:3954} INFO - Setting next_dagrun for example_bash_operator to 2024-06-09 00:00:00+00:00, run_after=2024-06-10 00:00:00+00:00
[2024-06-10T20:17:19.069+0000] {processor.py:183} INFO - Processing /home/airflow/.local/lib/python3.12/site-packages/airflow/example_dags/example_bash_operator.py took 0.108 seconds
[2024-06-10T20:17:49.599+0000] {processor.py:161} INFO - Started process (PID=835) to work on /home/airflow/.local/lib/python3.12/site-packages/airflow/example_dags/example_bash_operator.py
[2024-06-10T20:17:49.600+0000] {processor.py:830} INFO - Processing file /home/airflow/.local/lib/python3.12/site-packages/airflow/example_dags/example_bash_operator.py for tasks to queue
[2024-06-10T20:17:49.602+0000] {logging_mixin.py:188} INFO - [2024-06-10T20:17:49.602+0000] {dagbag.py:545} INFO - Filling up the DagBag from /home/airflow/.local/lib/python3.12/site-packages/airflow/example_dags/example_bash_operator.py
[2024-06-10T20:17:49.613+0000] {processor.py:840} INFO - DAG(s) 'example_bash_operator' retrieved from /home/airflow/.local/lib/python3.12/site-packages/airflow/example_dags/example_bash_operator.py
[2024-06-10T20:17:49.637+0000] {logging_mixin.py:188} INFO - [2024-06-10T20:17:49.637+0000] {dag.py:3096} INFO - Sync 1 DAGs
[2024-06-10T20:17:49.657+0000] {logging_mixin.py:188} INFO - [2024-06-10T20:17:49.657+0000] {dag.py:3954} INFO - Setting next_dagrun for example_bash_operator to 2024-06-09 00:00:00+00:00, run_after=2024-06-10 00:00:00+00:00
[2024-06-10T20:17:49.680+0000] {processor.py:183} INFO - Processing /home/airflow/.local/lib/python3.12/site-packages/airflow/example_dags/example_bash_operator.py took 0.086 seconds
[2024-06-10T20:18:19.743+0000] {processor.py:161} INFO - Started process (PID=892) to work on /home/airflow/.local/lib/python3.12/site-packages/airflow/example_dags/example_bash_operator.py
[2024-06-10T20:18:19.744+0000] {processor.py:830} INFO - Processing file /home/airflow/.local/lib/python3.12/site-packages/airflow/example_dags/example_bash_operator.py for tasks to queue
[2024-06-10T20:18:19.746+0000] {logging_mixin.py:188} INFO - [2024-06-10T20:18:19.746+0000] {dagbag.py:545} INFO - Filling up the DagBag from /home/airflow/.local/lib/python3.12/site-packages/airflow/example_dags/example_bash_operator.py
[2024-06-10T20:18:19.754+0000] {processor.py:840} INFO - DAG(s) 'example_bash_operator' retrieved from /home/airflow/.local/lib/python3.12/site-packages/airflow/example_dags/example_bash_operator.py
[2024-06-10T20:18:19.774+0000] {logging_mixin.py:188} INFO - [2024-06-10T20:18:19.773+0000] {dag.py:3096} INFO - Sync 1 DAGs
[2024-06-10T20:18:19.791+0000] {logging_mixin.py:188} INFO - [2024-06-10T20:18:19.791+0000] {dag.py:3954} INFO - Setting next_dagrun for example_bash_operator to 2024-06-09 00:00:00+00:00, run_after=2024-06-10 00:00:00+00:00
[2024-06-10T20:18:19.806+0000] {processor.py:183} INFO - Processing /home/airflow/.local/lib/python3.12/site-packages/airflow/example_dags/example_bash_operator.py took 0.067 seconds
[2024-06-10T20:18:49.941+0000] {processor.py:161} INFO - Started process (PID=950) to work on /home/airflow/.local/lib/python3.12/site-packages/airflow/example_dags/example_bash_operator.py
[2024-06-10T20:18:49.942+0000] {processor.py:830} INFO - Processing file /home/airflow/.local/lib/python3.12/site-packages/airflow/example_dags/example_bash_operator.py for tasks to queue
[2024-06-10T20:18:49.943+0000] {logging_mixin.py:188} INFO - [2024-06-10T20:18:49.943+0000] {dagbag.py:545} INFO - Filling up the DagBag from /home/airflow/.local/lib/python3.12/site-packages/airflow/example_dags/example_bash_operator.py
[2024-06-10T20:18:49.954+0000] {processor.py:840} INFO - DAG(s) 'example_bash_operator' retrieved from /home/airflow/.local/lib/python3.12/site-packages/airflow/example_dags/example_bash_operator.py
[2024-06-10T20:18:49.974+0000] {logging_mixin.py:188} INFO - [2024-06-10T20:18:49.974+0000] {dag.py:3096} INFO - Sync 1 DAGs
[2024-06-10T20:18:49.991+0000] {logging_mixin.py:188} INFO - [2024-06-10T20:18:49.991+0000] {dag.py:3954} INFO - Setting next_dagrun for example_bash_operator to 2024-06-09 00:00:00+00:00, run_after=2024-06-10 00:00:00+00:00
[2024-06-10T20:18:50.009+0000] {processor.py:183} INFO - Processing /home/airflow/.local/lib/python3.12/site-packages/airflow/example_dags/example_bash_operator.py took 0.073 seconds
[2024-06-10T20:19:20.387+0000] {processor.py:161} INFO - Started process (PID=1008) to work on /home/airflow/.local/lib/python3.12/site-packages/airflow/example_dags/example_bash_operator.py
[2024-06-10T20:19:20.389+0000] {processor.py:830} INFO - Processing file /home/airflow/.local/lib/python3.12/site-packages/airflow/example_dags/example_bash_operator.py for tasks to queue
[2024-06-10T20:19:20.391+0000] {logging_mixin.py:188} INFO - [2024-06-10T20:19:20.390+0000] {dagbag.py:545} INFO - Filling up the DagBag from /home/airflow/.local/lib/python3.12/site-packages/airflow/example_dags/example_bash_operator.py
[2024-06-10T20:19:20.400+0000] {processor.py:840} INFO - DAG(s) 'example_bash_operator' retrieved from /home/airflow/.local/lib/python3.12/site-packages/airflow/example_dags/example_bash_operator.py
[2024-06-10T20:19:20.422+0000] {logging_mixin.py:188} INFO - [2024-06-10T20:19:20.422+0000] {dag.py:3096} INFO - Sync 1 DAGs
[2024-06-10T20:19:20.444+0000] {logging_mixin.py:188} INFO - [2024-06-10T20:19:20.444+0000] {dag.py:3954} INFO - Setting next_dagrun for example_bash_operator to 2024-06-09 00:00:00+00:00, run_after=2024-06-10 00:00:00+00:00
[2024-06-10T20:19:20.471+0000] {processor.py:183} INFO - Processing /home/airflow/.local/lib/python3.12/site-packages/airflow/example_dags/example_bash_operator.py took 0.089 seconds
[2024-06-10T20:19:50.796+0000] {processor.py:161} INFO - Started process (PID=1066) to work on /home/airflow/.local/lib/python3.12/site-packages/airflow/example_dags/example_bash_operator.py
[2024-06-10T20:19:50.797+0000] {processor.py:830} INFO - Processing file /home/airflow/.local/lib/python3.12/site-packages/airflow/example_dags/example_bash_operator.py for tasks to queue
[2024-06-10T20:19:50.799+0000] {logging_mixin.py:188} INFO - [2024-06-10T20:19:50.798+0000] {dagbag.py:545} INFO - Filling up the DagBag from /home/airflow/.local/lib/python3.12/site-packages/airflow/example_dags/example_bash_operator.py
[2024-06-10T20:19:50.807+0000] {processor.py:840} INFO - DAG(s) 'example_bash_operator' retrieved from /home/airflow/.local/lib/python3.12/site-packages/airflow/example_dags/example_bash_operator.py
[2024-06-10T20:19:50.827+0000] {logging_mixin.py:188} INFO - [2024-06-10T20:19:50.827+0000] {dag.py:3096} INFO - Sync 1 DAGs
[2024-06-10T20:19:50.843+0000] {logging_mixin.py:188} INFO - [2024-06-10T20:19:50.843+0000] {dag.py:3954} INFO - Setting next_dagrun for example_bash_operator to 2024-06-09 00:00:00+00:00, run_after=2024-06-10 00:00:00+00:00
[2024-06-10T20:19:50.860+0000] {processor.py:183} INFO - Processing /home/airflow/.local/lib/python3.12/site-packages/airflow/example_dags/example_bash_operator.py took 0.068 seconds
[2024-06-10T20:20:21.485+0000] {processor.py:161} INFO - Started process (PID=1124) to work on /home/airflow/.local/lib/python3.12/site-packages/airflow/example_dags/example_bash_operator.py
[2024-06-10T20:20:21.486+0000] {processor.py:830} INFO - Processing file /home/airflow/.local/lib/python3.12/site-packages/airflow/example_dags/example_bash_operator.py for tasks to queue
[2024-06-10T20:20:21.488+0000] {logging_mixin.py:188} INFO - [2024-06-10T20:20:21.488+0000] {dagbag.py:545} INFO - Filling up the DagBag from /home/airflow/.local/lib/python3.12/site-packages/airflow/example_dags/example_bash_operator.py
[2024-06-10T20:20:21.500+0000] {processor.py:840} INFO - DAG(s) 'example_bash_operator' retrieved from /home/airflow/.local/lib/python3.12/site-packages/airflow/example_dags/example_bash_operator.py
[2024-06-10T20:20:21.524+0000] {logging_mixin.py:188} INFO - [2024-06-10T20:20:21.524+0000] {dag.py:3096} INFO - Sync 1 DAGs
[2024-06-10T20:20:21.552+0000] {logging_mixin.py:188} INFO - [2024-06-10T20:20:21.552+0000] {dag.py:3954} INFO - Setting next_dagrun for example_bash_operator to 2024-06-09 00:00:00+00:00, run_after=2024-06-10 00:00:00+00:00
[2024-06-10T20:20:21.579+0000] {processor.py:183} INFO - Processing /home/airflow/.local/lib/python3.12/site-packages/airflow/example_dags/example_bash_operator.py took 0.099 seconds
[2024-06-10T20:20:52.287+0000] {processor.py:161} INFO - Started process (PID=1182) to work on /home/airflow/.local/lib/python3.12/site-packages/airflow/example_dags/example_bash_operator.py
[2024-06-10T20:20:52.288+0000] {processor.py:830} INFO - Processing file /home/airflow/.local/lib/python3.12/site-packages/airflow/example_dags/example_bash_operator.py for tasks to queue
[2024-06-10T20:20:52.291+0000] {logging_mixin.py:188} INFO - [2024-06-10T20:20:52.290+0000] {dagbag.py:545} INFO - Filling up the DagBag from /home/airflow/.local/lib/python3.12/site-packages/airflow/example_dags/example_bash_operator.py
[2024-06-10T20:20:52.304+0000] {processor.py:840} INFO - DAG(s) 'example_bash_operator' retrieved from /home/airflow/.local/lib/python3.12/site-packages/airflow/example_dags/example_bash_operator.py
[2024-06-10T20:20:52.343+0000] {logging_mixin.py:188} INFO - [2024-06-10T20:20:52.343+0000] {dag.py:3096} INFO - Sync 1 DAGs
[2024-06-10T20:20:52.366+0000] {logging_mixin.py:188} INFO - [2024-06-10T20:20:52.366+0000] {dag.py:3954} INFO - Setting next_dagrun for example_bash_operator to 2024-06-09 00:00:00+00:00, run_after=2024-06-10 00:00:00+00:00
[2024-06-10T20:20:52.393+0000] {processor.py:183} INFO - Processing /home/airflow/.local/lib/python3.12/site-packages/airflow/example_dags/example_bash_operator.py took 0.113 seconds
[2024-06-10T20:21:22.519+0000] {processor.py:161} INFO - Started process (PID=1240) to work on /home/airflow/.local/lib/python3.12/site-packages/airflow/example_dags/example_bash_operator.py
[2024-06-10T20:21:22.520+0000] {processor.py:830} INFO - Processing file /home/airflow/.local/lib/python3.12/site-packages/airflow/example_dags/example_bash_operator.py for tasks to queue
[2024-06-10T20:21:22.522+0000] {logging_mixin.py:188} INFO - [2024-06-10T20:21:22.521+0000] {dagbag.py:545} INFO - Filling up the DagBag from /home/airflow/.local/lib/python3.12/site-packages/airflow/example_dags/example_bash_operator.py
[2024-06-10T20:21:22.531+0000] {processor.py:840} INFO - DAG(s) 'example_bash_operator' retrieved from /home/airflow/.local/lib/python3.12/site-packages/airflow/example_dags/example_bash_operator.py
[2024-06-10T20:21:22.552+0000] {logging_mixin.py:188} INFO - [2024-06-10T20:21:22.551+0000] {dag.py:3096} INFO - Sync 1 DAGs
[2024-06-10T20:21:22.570+0000] {logging_mixin.py:188} INFO - [2024-06-10T20:21:22.570+0000] {dag.py:3954} INFO - Setting next_dagrun for example_bash_operator to 2024-06-09 00:00:00+00:00, run_after=2024-06-10 00:00:00+00:00
[2024-06-10T20:21:22.588+0000] {processor.py:183} INFO - Processing /home/airflow/.local/lib/python3.12/site-packages/airflow/example_dags/example_bash_operator.py took 0.073 seconds
[2024-06-10T20:21:43.336+0000] {processor.py:161} INFO - Started process (PID=75) to work on /home/airflow/.local/lib/python3.12/site-packages/airflow/example_dags/example_bash_operator.py
[2024-06-10T20:21:43.337+0000] {processor.py:830} INFO - Processing file /home/airflow/.local/lib/python3.12/site-packages/airflow/example_dags/example_bash_operator.py for tasks to queue
[2024-06-10T20:21:43.339+0000] {logging_mixin.py:188} INFO - [2024-06-10T20:21:43.339+0000] {dagbag.py:545} INFO - Filling up the DagBag from /home/airflow/.local/lib/python3.12/site-packages/airflow/example_dags/example_bash_operator.py
[2024-06-10T20:21:43.351+0000] {processor.py:840} INFO - DAG(s) 'example_bash_operator' retrieved from /home/airflow/.local/lib/python3.12/site-packages/airflow/example_dags/example_bash_operator.py
[2024-06-10T20:21:43.382+0000] {logging_mixin.py:188} INFO - [2024-06-10T20:21:43.382+0000] {dag.py:3096} INFO - Sync 1 DAGs
[2024-06-10T20:21:43.403+0000] {logging_mixin.py:188} INFO - [2024-06-10T20:21:43.403+0000] {dag.py:3954} INFO - Setting next_dagrun for example_bash_operator to 2024-06-09 00:00:00+00:00, run_after=2024-06-10 00:00:00+00:00
[2024-06-10T20:21:43.423+0000] {processor.py:183} INFO - Processing /home/airflow/.local/lib/python3.12/site-packages/airflow/example_dags/example_bash_operator.py took 0.092 seconds
[2024-06-10T20:22:13.586+0000] {processor.py:161} INFO - Started process (PID=133) to work on /home/airflow/.local/lib/python3.12/site-packages/airflow/example_dags/example_bash_operator.py
[2024-06-10T20:22:13.591+0000] {processor.py:830} INFO - Processing file /home/airflow/.local/lib/python3.12/site-packages/airflow/example_dags/example_bash_operator.py for tasks to queue
[2024-06-10T20:22:13.594+0000] {logging_mixin.py:188} INFO - [2024-06-10T20:22:13.594+0000] {dagbag.py:545} INFO - Filling up the DagBag from /home/airflow/.local/lib/python3.12/site-packages/airflow/example_dags/example_bash_operator.py
[2024-06-10T20:22:13.604+0000] {processor.py:840} INFO - DAG(s) 'example_bash_operator' retrieved from /home/airflow/.local/lib/python3.12/site-packages/airflow/example_dags/example_bash_operator.py
[2024-06-10T20:22:13.626+0000] {logging_mixin.py:188} INFO - [2024-06-10T20:22:13.625+0000] {dag.py:3096} INFO - Sync 1 DAGs
[2024-06-10T20:22:13.641+0000] {logging_mixin.py:188} INFO - [2024-06-10T20:22:13.641+0000] {dag.py:3954} INFO - Setting next_dagrun for example_bash_operator to 2024-06-09 00:00:00+00:00, run_after=2024-06-10 00:00:00+00:00
[2024-06-10T20:22:13.660+0000] {processor.py:183} INFO - Processing /home/airflow/.local/lib/python3.12/site-packages/airflow/example_dags/example_bash_operator.py took 0.088 seconds
