[2024-06-10T20:11:10.873+0000] {processor.py:161} INFO - Started process (PID=58) to work on /home/airflow/.local/lib/python3.12/site-packages/airflow/example_dags/example_skip_dag.py
[2024-06-10T20:11:10.874+0000] {processor.py:830} INFO - Processing file /home/airflow/.local/lib/python3.12/site-packages/airflow/example_dags/example_skip_dag.py for tasks to queue
[2024-06-10T20:11:10.877+0000] {logging_mixin.py:188} INFO - [2024-06-10T20:11:10.876+0000] {dagbag.py:545} INFO - Filling up the DagBag from /home/airflow/.local/lib/python3.12/site-packages/airflow/example_dags/example_skip_dag.py
[2024-06-10T20:11:10.889+0000] {processor.py:840} INFO - DAG(s) 'example_skip_dag' retrieved from /home/airflow/.local/lib/python3.12/site-packages/airflow/example_dags/example_skip_dag.py
[2024-06-10T20:11:11.000+0000] {logging_mixin.py:188} INFO - [2024-06-10T20:11:10.999+0000] {override.py:1829} INFO - Created Permission View: can delete on DAG:example_skip_dag
[2024-06-10T20:11:11.010+0000] {logging_mixin.py:188} INFO - [2024-06-10T20:11:11.010+0000] {override.py:1829} INFO - Created Permission View: can edit on DAG:example_skip_dag
[2024-06-10T20:11:11.020+0000] {logging_mixin.py:188} INFO - [2024-06-10T20:11:11.020+0000] {override.py:1829} INFO - Created Permission View: can read on DAG:example_skip_dag
[2024-06-10T20:11:11.021+0000] {logging_mixin.py:188} INFO - [2024-06-10T20:11:11.021+0000] {dag.py:3096} INFO - Sync 1 DAGs
[2024-06-10T20:11:11.034+0000] {logging_mixin.py:188} INFO - [2024-06-10T20:11:11.034+0000] {dag.py:3118} INFO - Creating ORM DAG for example_skip_dag
[2024-06-10T20:11:11.044+0000] {logging_mixin.py:188} INFO - [2024-06-10T20:11:11.044+0000] {dag.py:3954} INFO - Setting next_dagrun for example_skip_dag to 2024-06-09 00:00:00+00:00, run_after=2024-06-10 00:00:00+00:00
[2024-06-10T20:11:11.063+0000] {processor.py:183} INFO - Processing /home/airflow/.local/lib/python3.12/site-packages/airflow/example_dags/example_skip_dag.py took 0.196 seconds
[2024-06-10T20:11:41.948+0000] {processor.py:161} INFO - Started process (PID=116) to work on /home/airflow/.local/lib/python3.12/site-packages/airflow/example_dags/example_skip_dag.py
[2024-06-10T20:11:41.950+0000] {processor.py:830} INFO - Processing file /home/airflow/.local/lib/python3.12/site-packages/airflow/example_dags/example_skip_dag.py for tasks to queue
[2024-06-10T20:11:41.952+0000] {logging_mixin.py:188} INFO - [2024-06-10T20:11:41.952+0000] {dagbag.py:545} INFO - Filling up the DagBag from /home/airflow/.local/lib/python3.12/site-packages/airflow/example_dags/example_skip_dag.py
[2024-06-10T20:11:41.959+0000] {processor.py:840} INFO - DAG(s) 'example_skip_dag' retrieved from /home/airflow/.local/lib/python3.12/site-packages/airflow/example_dags/example_skip_dag.py
[2024-06-10T20:11:41.975+0000] {logging_mixin.py:188} INFO - [2024-06-10T20:11:41.975+0000] {dag.py:3096} INFO - Sync 1 DAGs
[2024-06-10T20:11:41.995+0000] {logging_mixin.py:188} INFO - [2024-06-10T20:11:41.995+0000] {dag.py:3954} INFO - Setting next_dagrun for example_skip_dag to 2024-06-09 00:00:00+00:00, run_after=2024-06-10 00:00:00+00:00
[2024-06-10T20:11:42.016+0000] {processor.py:183} INFO - Processing /home/airflow/.local/lib/python3.12/site-packages/airflow/example_dags/example_skip_dag.py took 0.088 seconds
[2024-06-10T20:12:12.185+0000] {processor.py:161} INFO - Started process (PID=174) to work on /home/airflow/.local/lib/python3.12/site-packages/airflow/example_dags/example_skip_dag.py
[2024-06-10T20:12:12.186+0000] {processor.py:830} INFO - Processing file /home/airflow/.local/lib/python3.12/site-packages/airflow/example_dags/example_skip_dag.py for tasks to queue
[2024-06-10T20:12:12.192+0000] {logging_mixin.py:188} INFO - [2024-06-10T20:12:12.192+0000] {dagbag.py:545} INFO - Filling up the DagBag from /home/airflow/.local/lib/python3.12/site-packages/airflow/example_dags/example_skip_dag.py
[2024-06-10T20:12:12.197+0000] {processor.py:840} INFO - DAG(s) 'example_skip_dag' retrieved from /home/airflow/.local/lib/python3.12/site-packages/airflow/example_dags/example_skip_dag.py
[2024-06-10T20:12:12.215+0000] {logging_mixin.py:188} INFO - [2024-06-10T20:12:12.215+0000] {dag.py:3096} INFO - Sync 1 DAGs
[2024-06-10T20:12:12.233+0000] {logging_mixin.py:188} INFO - [2024-06-10T20:12:12.233+0000] {dag.py:3954} INFO - Setting next_dagrun for example_skip_dag to 2024-06-09 00:00:00+00:00, run_after=2024-06-10 00:00:00+00:00
[2024-06-10T20:12:12.252+0000] {processor.py:183} INFO - Processing /home/airflow/.local/lib/python3.12/site-packages/airflow/example_dags/example_skip_dag.py took 0.071 seconds
[2024-06-10T20:12:42.553+0000] {processor.py:161} INFO - Started process (PID=232) to work on /home/airflow/.local/lib/python3.12/site-packages/airflow/example_dags/example_skip_dag.py
[2024-06-10T20:12:42.554+0000] {processor.py:830} INFO - Processing file /home/airflow/.local/lib/python3.12/site-packages/airflow/example_dags/example_skip_dag.py for tasks to queue
[2024-06-10T20:12:42.557+0000] {logging_mixin.py:188} INFO - [2024-06-10T20:12:42.556+0000] {dagbag.py:545} INFO - Filling up the DagBag from /home/airflow/.local/lib/python3.12/site-packages/airflow/example_dags/example_skip_dag.py
[2024-06-10T20:12:42.562+0000] {processor.py:840} INFO - DAG(s) 'example_skip_dag' retrieved from /home/airflow/.local/lib/python3.12/site-packages/airflow/example_dags/example_skip_dag.py
[2024-06-10T20:12:42.578+0000] {logging_mixin.py:188} INFO - [2024-06-10T20:12:42.578+0000] {dag.py:3096} INFO - Sync 1 DAGs
[2024-06-10T20:12:42.594+0000] {logging_mixin.py:188} INFO - [2024-06-10T20:12:42.594+0000] {dag.py:3954} INFO - Setting next_dagrun for example_skip_dag to 2024-06-09 00:00:00+00:00, run_after=2024-06-10 00:00:00+00:00
[2024-06-10T20:12:42.612+0000] {processor.py:183} INFO - Processing /home/airflow/.local/lib/python3.12/site-packages/airflow/example_dags/example_skip_dag.py took 0.065 seconds
[2024-06-10T20:13:12.906+0000] {processor.py:161} INFO - Started process (PID=290) to work on /home/airflow/.local/lib/python3.12/site-packages/airflow/example_dags/example_skip_dag.py
[2024-06-10T20:13:12.908+0000] {processor.py:830} INFO - Processing file /home/airflow/.local/lib/python3.12/site-packages/airflow/example_dags/example_skip_dag.py for tasks to queue
[2024-06-10T20:13:12.910+0000] {logging_mixin.py:188} INFO - [2024-06-10T20:13:12.910+0000] {dagbag.py:545} INFO - Filling up the DagBag from /home/airflow/.local/lib/python3.12/site-packages/airflow/example_dags/example_skip_dag.py
[2024-06-10T20:13:12.916+0000] {processor.py:840} INFO - DAG(s) 'example_skip_dag' retrieved from /home/airflow/.local/lib/python3.12/site-packages/airflow/example_dags/example_skip_dag.py
[2024-06-10T20:13:12.934+0000] {logging_mixin.py:188} INFO - [2024-06-10T20:13:12.933+0000] {dag.py:3096} INFO - Sync 1 DAGs
[2024-06-10T20:13:12.950+0000] {logging_mixin.py:188} INFO - [2024-06-10T20:13:12.949+0000] {dag.py:3954} INFO - Setting next_dagrun for example_skip_dag to 2024-06-09 00:00:00+00:00, run_after=2024-06-10 00:00:00+00:00
[2024-06-10T20:13:12.968+0000] {processor.py:183} INFO - Processing /home/airflow/.local/lib/python3.12/site-packages/airflow/example_dags/example_skip_dag.py took 0.072 seconds
[2024-06-10T20:13:43.327+0000] {processor.py:161} INFO - Started process (PID=348) to work on /home/airflow/.local/lib/python3.12/site-packages/airflow/example_dags/example_skip_dag.py
[2024-06-10T20:13:43.328+0000] {processor.py:830} INFO - Processing file /home/airflow/.local/lib/python3.12/site-packages/airflow/example_dags/example_skip_dag.py for tasks to queue
[2024-06-10T20:13:43.331+0000] {logging_mixin.py:188} INFO - [2024-06-10T20:13:43.330+0000] {dagbag.py:545} INFO - Filling up the DagBag from /home/airflow/.local/lib/python3.12/site-packages/airflow/example_dags/example_skip_dag.py
[2024-06-10T20:13:43.337+0000] {processor.py:840} INFO - DAG(s) 'example_skip_dag' retrieved from /home/airflow/.local/lib/python3.12/site-packages/airflow/example_dags/example_skip_dag.py
[2024-06-10T20:13:43.355+0000] {logging_mixin.py:188} INFO - [2024-06-10T20:13:43.355+0000] {dag.py:3096} INFO - Sync 1 DAGs
[2024-06-10T20:13:43.375+0000] {logging_mixin.py:188} INFO - [2024-06-10T20:13:43.375+0000] {dag.py:3954} INFO - Setting next_dagrun for example_skip_dag to 2024-06-09 00:00:00+00:00, run_after=2024-06-10 00:00:00+00:00
[2024-06-10T20:13:43.393+0000] {processor.py:183} INFO - Processing /home/airflow/.local/lib/python3.12/site-packages/airflow/example_dags/example_skip_dag.py took 0.073 seconds
[2024-06-10T20:14:14.045+0000] {processor.py:161} INFO - Started process (PID=406) to work on /home/airflow/.local/lib/python3.12/site-packages/airflow/example_dags/example_skip_dag.py
[2024-06-10T20:14:14.047+0000] {processor.py:830} INFO - Processing file /home/airflow/.local/lib/python3.12/site-packages/airflow/example_dags/example_skip_dag.py for tasks to queue
[2024-06-10T20:14:14.049+0000] {logging_mixin.py:188} INFO - [2024-06-10T20:14:14.049+0000] {dagbag.py:545} INFO - Filling up the DagBag from /home/airflow/.local/lib/python3.12/site-packages/airflow/example_dags/example_skip_dag.py
[2024-06-10T20:14:14.056+0000] {processor.py:840} INFO - DAG(s) 'example_skip_dag' retrieved from /home/airflow/.local/lib/python3.12/site-packages/airflow/example_dags/example_skip_dag.py
[2024-06-10T20:14:14.072+0000] {logging_mixin.py:188} INFO - [2024-06-10T20:14:14.072+0000] {dag.py:3096} INFO - Sync 1 DAGs
[2024-06-10T20:14:14.089+0000] {logging_mixin.py:188} INFO - [2024-06-10T20:14:14.089+0000] {dag.py:3954} INFO - Setting next_dagrun for example_skip_dag to 2024-06-09 00:00:00+00:00, run_after=2024-06-10 00:00:00+00:00
[2024-06-10T20:14:14.106+0000] {processor.py:183} INFO - Processing /home/airflow/.local/lib/python3.12/site-packages/airflow/example_dags/example_skip_dag.py took 0.068 seconds
[2024-06-10T20:14:44.243+0000] {processor.py:161} INFO - Started process (PID=463) to work on /home/airflow/.local/lib/python3.12/site-packages/airflow/example_dags/example_skip_dag.py
[2024-06-10T20:14:44.245+0000] {processor.py:830} INFO - Processing file /home/airflow/.local/lib/python3.12/site-packages/airflow/example_dags/example_skip_dag.py for tasks to queue
[2024-06-10T20:14:44.250+0000] {logging_mixin.py:188} INFO - [2024-06-10T20:14:44.250+0000] {dagbag.py:545} INFO - Filling up the DagBag from /home/airflow/.local/lib/python3.12/site-packages/airflow/example_dags/example_skip_dag.py
[2024-06-10T20:14:44.258+0000] {processor.py:840} INFO - DAG(s) 'example_skip_dag' retrieved from /home/airflow/.local/lib/python3.12/site-packages/airflow/example_dags/example_skip_dag.py
[2024-06-10T20:14:44.275+0000] {logging_mixin.py:188} INFO - [2024-06-10T20:14:44.275+0000] {dag.py:3096} INFO - Sync 1 DAGs
[2024-06-10T20:14:44.295+0000] {logging_mixin.py:188} INFO - [2024-06-10T20:14:44.295+0000] {dag.py:3954} INFO - Setting next_dagrun for example_skip_dag to 2024-06-09 00:00:00+00:00, run_after=2024-06-10 00:00:00+00:00
[2024-06-10T20:14:44.317+0000] {processor.py:183} INFO - Processing /home/airflow/.local/lib/python3.12/site-packages/airflow/example_dags/example_skip_dag.py took 0.079 seconds
[2024-06-10T20:15:14.562+0000] {processor.py:161} INFO - Started process (PID=522) to work on /home/airflow/.local/lib/python3.12/site-packages/airflow/example_dags/example_skip_dag.py
[2024-06-10T20:15:14.564+0000] {processor.py:830} INFO - Processing file /home/airflow/.local/lib/python3.12/site-packages/airflow/example_dags/example_skip_dag.py for tasks to queue
[2024-06-10T20:15:14.567+0000] {logging_mixin.py:188} INFO - [2024-06-10T20:15:14.566+0000] {dagbag.py:545} INFO - Filling up the DagBag from /home/airflow/.local/lib/python3.12/site-packages/airflow/example_dags/example_skip_dag.py
[2024-06-10T20:15:14.575+0000] {processor.py:840} INFO - DAG(s) 'example_skip_dag' retrieved from /home/airflow/.local/lib/python3.12/site-packages/airflow/example_dags/example_skip_dag.py
[2024-06-10T20:15:14.593+0000] {logging_mixin.py:188} INFO - [2024-06-10T20:15:14.593+0000] {dag.py:3096} INFO - Sync 1 DAGs
[2024-06-10T20:15:14.611+0000] {logging_mixin.py:188} INFO - [2024-06-10T20:15:14.610+0000] {dag.py:3954} INFO - Setting next_dagrun for example_skip_dag to 2024-06-09 00:00:00+00:00, run_after=2024-06-10 00:00:00+00:00
[2024-06-10T20:15:14.630+0000] {processor.py:183} INFO - Processing /home/airflow/.local/lib/python3.12/site-packages/airflow/example_dags/example_skip_dag.py took 0.077 seconds
[2024-06-10T20:15:44.784+0000] {processor.py:161} INFO - Started process (PID=580) to work on /home/airflow/.local/lib/python3.12/site-packages/airflow/example_dags/example_skip_dag.py
[2024-06-10T20:15:44.785+0000] {processor.py:830} INFO - Processing file /home/airflow/.local/lib/python3.12/site-packages/airflow/example_dags/example_skip_dag.py for tasks to queue
[2024-06-10T20:15:44.788+0000] {logging_mixin.py:188} INFO - [2024-06-10T20:15:44.787+0000] {dagbag.py:545} INFO - Filling up the DagBag from /home/airflow/.local/lib/python3.12/site-packages/airflow/example_dags/example_skip_dag.py
[2024-06-10T20:15:44.794+0000] {processor.py:840} INFO - DAG(s) 'example_skip_dag' retrieved from /home/airflow/.local/lib/python3.12/site-packages/airflow/example_dags/example_skip_dag.py
[2024-06-10T20:15:44.813+0000] {logging_mixin.py:188} INFO - [2024-06-10T20:15:44.813+0000] {dag.py:3096} INFO - Sync 1 DAGs
[2024-06-10T20:15:44.830+0000] {logging_mixin.py:188} INFO - [2024-06-10T20:15:44.830+0000] {dag.py:3954} INFO - Setting next_dagrun for example_skip_dag to 2024-06-09 00:00:00+00:00, run_after=2024-06-10 00:00:00+00:00
[2024-06-10T20:15:44.849+0000] {processor.py:183} INFO - Processing /home/airflow/.local/lib/python3.12/site-packages/airflow/example_dags/example_skip_dag.py took 0.073 seconds
[2024-06-10T20:16:15.132+0000] {processor.py:161} INFO - Started process (PID=638) to work on /home/airflow/.local/lib/python3.12/site-packages/airflow/example_dags/example_skip_dag.py
[2024-06-10T20:16:15.133+0000] {processor.py:830} INFO - Processing file /home/airflow/.local/lib/python3.12/site-packages/airflow/example_dags/example_skip_dag.py for tasks to queue
[2024-06-10T20:16:15.134+0000] {logging_mixin.py:188} INFO - [2024-06-10T20:16:15.134+0000] {dagbag.py:545} INFO - Filling up the DagBag from /home/airflow/.local/lib/python3.12/site-packages/airflow/example_dags/example_skip_dag.py
[2024-06-10T20:16:15.139+0000] {processor.py:840} INFO - DAG(s) 'example_skip_dag' retrieved from /home/airflow/.local/lib/python3.12/site-packages/airflow/example_dags/example_skip_dag.py
[2024-06-10T20:16:15.156+0000] {logging_mixin.py:188} INFO - [2024-06-10T20:16:15.156+0000] {dag.py:3096} INFO - Sync 1 DAGs
[2024-06-10T20:16:15.172+0000] {logging_mixin.py:188} INFO - [2024-06-10T20:16:15.172+0000] {dag.py:3954} INFO - Setting next_dagrun for example_skip_dag to 2024-06-09 00:00:00+00:00, run_after=2024-06-10 00:00:00+00:00
[2024-06-10T20:16:15.190+0000] {processor.py:183} INFO - Processing /home/airflow/.local/lib/python3.12/site-packages/airflow/example_dags/example_skip_dag.py took 0.063 seconds
[2024-06-10T20:16:45.525+0000] {processor.py:161} INFO - Started process (PID=696) to work on /home/airflow/.local/lib/python3.12/site-packages/airflow/example_dags/example_skip_dag.py
[2024-06-10T20:16:45.526+0000] {processor.py:830} INFO - Processing file /home/airflow/.local/lib/python3.12/site-packages/airflow/example_dags/example_skip_dag.py for tasks to queue
[2024-06-10T20:16:45.528+0000] {logging_mixin.py:188} INFO - [2024-06-10T20:16:45.528+0000] {dagbag.py:545} INFO - Filling up the DagBag from /home/airflow/.local/lib/python3.12/site-packages/airflow/example_dags/example_skip_dag.py
[2024-06-10T20:16:45.534+0000] {processor.py:840} INFO - DAG(s) 'example_skip_dag' retrieved from /home/airflow/.local/lib/python3.12/site-packages/airflow/example_dags/example_skip_dag.py
[2024-06-10T20:16:45.552+0000] {logging_mixin.py:188} INFO - [2024-06-10T20:16:45.552+0000] {dag.py:3096} INFO - Sync 1 DAGs
[2024-06-10T20:16:45.569+0000] {logging_mixin.py:188} INFO - [2024-06-10T20:16:45.569+0000] {dag.py:3954} INFO - Setting next_dagrun for example_skip_dag to 2024-06-09 00:00:00+00:00, run_after=2024-06-10 00:00:00+00:00
[2024-06-10T20:16:45.585+0000] {processor.py:183} INFO - Processing /home/airflow/.local/lib/python3.12/site-packages/airflow/example_dags/example_skip_dag.py took 0.069 seconds
[2024-06-10T20:17:15.903+0000] {processor.py:161} INFO - Started process (PID=754) to work on /home/airflow/.local/lib/python3.12/site-packages/airflow/example_dags/example_skip_dag.py
[2024-06-10T20:17:15.904+0000] {processor.py:830} INFO - Processing file /home/airflow/.local/lib/python3.12/site-packages/airflow/example_dags/example_skip_dag.py for tasks to queue
[2024-06-10T20:17:15.907+0000] {logging_mixin.py:188} INFO - [2024-06-10T20:17:15.907+0000] {dagbag.py:545} INFO - Filling up the DagBag from /home/airflow/.local/lib/python3.12/site-packages/airflow/example_dags/example_skip_dag.py
[2024-06-10T20:17:15.913+0000] {processor.py:840} INFO - DAG(s) 'example_skip_dag' retrieved from /home/airflow/.local/lib/python3.12/site-packages/airflow/example_dags/example_skip_dag.py
[2024-06-10T20:17:15.930+0000] {logging_mixin.py:188} INFO - [2024-06-10T20:17:15.929+0000] {dag.py:3096} INFO - Sync 1 DAGs
[2024-06-10T20:17:15.946+0000] {logging_mixin.py:188} INFO - [2024-06-10T20:17:15.946+0000] {dag.py:3954} INFO - Setting next_dagrun for example_skip_dag to 2024-06-09 00:00:00+00:00, run_after=2024-06-10 00:00:00+00:00
[2024-06-10T20:17:15.964+0000] {processor.py:183} INFO - Processing /home/airflow/.local/lib/python3.12/site-packages/airflow/example_dags/example_skip_dag.py took 0.069 seconds
[2024-06-10T20:17:46.360+0000] {processor.py:161} INFO - Started process (PID=812) to work on /home/airflow/.local/lib/python3.12/site-packages/airflow/example_dags/example_skip_dag.py
[2024-06-10T20:17:46.362+0000] {processor.py:830} INFO - Processing file /home/airflow/.local/lib/python3.12/site-packages/airflow/example_dags/example_skip_dag.py for tasks to queue
[2024-06-10T20:17:46.364+0000] {logging_mixin.py:188} INFO - [2024-06-10T20:17:46.364+0000] {dagbag.py:545} INFO - Filling up the DagBag from /home/airflow/.local/lib/python3.12/site-packages/airflow/example_dags/example_skip_dag.py
[2024-06-10T20:17:46.370+0000] {processor.py:840} INFO - DAG(s) 'example_skip_dag' retrieved from /home/airflow/.local/lib/python3.12/site-packages/airflow/example_dags/example_skip_dag.py
[2024-06-10T20:17:46.391+0000] {logging_mixin.py:188} INFO - [2024-06-10T20:17:46.391+0000] {dag.py:3096} INFO - Sync 1 DAGs
[2024-06-10T20:17:46.412+0000] {logging_mixin.py:188} INFO - [2024-06-10T20:17:46.412+0000] {dag.py:3954} INFO - Setting next_dagrun for example_skip_dag to 2024-06-09 00:00:00+00:00, run_after=2024-06-10 00:00:00+00:00
[2024-06-10T20:17:46.434+0000] {processor.py:183} INFO - Processing /home/airflow/.local/lib/python3.12/site-packages/airflow/example_dags/example_skip_dag.py took 0.080 seconds
[2024-06-10T20:18:16.720+0000] {processor.py:161} INFO - Started process (PID=875) to work on /home/airflow/.local/lib/python3.12/site-packages/airflow/example_dags/example_skip_dag.py
[2024-06-10T20:18:16.721+0000] {processor.py:830} INFO - Processing file /home/airflow/.local/lib/python3.12/site-packages/airflow/example_dags/example_skip_dag.py for tasks to queue
[2024-06-10T20:18:16.723+0000] {logging_mixin.py:188} INFO - [2024-06-10T20:18:16.723+0000] {dagbag.py:545} INFO - Filling up the DagBag from /home/airflow/.local/lib/python3.12/site-packages/airflow/example_dags/example_skip_dag.py
[2024-06-10T20:18:16.729+0000] {processor.py:840} INFO - DAG(s) 'example_skip_dag' retrieved from /home/airflow/.local/lib/python3.12/site-packages/airflow/example_dags/example_skip_dag.py
[2024-06-10T20:18:16.746+0000] {logging_mixin.py:188} INFO - [2024-06-10T20:18:16.746+0000] {dag.py:3096} INFO - Sync 1 DAGs
[2024-06-10T20:18:16.764+0000] {logging_mixin.py:188} INFO - [2024-06-10T20:18:16.764+0000] {dag.py:3954} INFO - Setting next_dagrun for example_skip_dag to 2024-06-09 00:00:00+00:00, run_after=2024-06-10 00:00:00+00:00
[2024-06-10T20:18:16.781+0000] {processor.py:183} INFO - Processing /home/airflow/.local/lib/python3.12/site-packages/airflow/example_dags/example_skip_dag.py took 0.069 seconds
[2024-06-10T20:18:47.249+0000] {processor.py:161} INFO - Started process (PID=933) to work on /home/airflow/.local/lib/python3.12/site-packages/airflow/example_dags/example_skip_dag.py
[2024-06-10T20:18:47.250+0000] {processor.py:830} INFO - Processing file /home/airflow/.local/lib/python3.12/site-packages/airflow/example_dags/example_skip_dag.py for tasks to queue
[2024-06-10T20:18:47.252+0000] {logging_mixin.py:188} INFO - [2024-06-10T20:18:47.252+0000] {dagbag.py:545} INFO - Filling up the DagBag from /home/airflow/.local/lib/python3.12/site-packages/airflow/example_dags/example_skip_dag.py
[2024-06-10T20:18:47.260+0000] {processor.py:840} INFO - DAG(s) 'example_skip_dag' retrieved from /home/airflow/.local/lib/python3.12/site-packages/airflow/example_dags/example_skip_dag.py
[2024-06-10T20:18:47.278+0000] {logging_mixin.py:188} INFO - [2024-06-10T20:18:47.278+0000] {dag.py:3096} INFO - Sync 1 DAGs
[2024-06-10T20:18:47.300+0000] {logging_mixin.py:188} INFO - [2024-06-10T20:18:47.299+0000] {dag.py:3954} INFO - Setting next_dagrun for example_skip_dag to 2024-06-09 00:00:00+00:00, run_after=2024-06-10 00:00:00+00:00
[2024-06-10T20:18:47.322+0000] {processor.py:183} INFO - Processing /home/airflow/.local/lib/python3.12/site-packages/airflow/example_dags/example_skip_dag.py took 0.078 seconds
[2024-06-10T20:19:17.455+0000] {processor.py:161} INFO - Started process (PID=990) to work on /home/airflow/.local/lib/python3.12/site-packages/airflow/example_dags/example_skip_dag.py
[2024-06-10T20:19:17.456+0000] {processor.py:830} INFO - Processing file /home/airflow/.local/lib/python3.12/site-packages/airflow/example_dags/example_skip_dag.py for tasks to queue
[2024-06-10T20:19:17.458+0000] {logging_mixin.py:188} INFO - [2024-06-10T20:19:17.458+0000] {dagbag.py:545} INFO - Filling up the DagBag from /home/airflow/.local/lib/python3.12/site-packages/airflow/example_dags/example_skip_dag.py
[2024-06-10T20:19:17.468+0000] {processor.py:840} INFO - DAG(s) 'example_skip_dag' retrieved from /home/airflow/.local/lib/python3.12/site-packages/airflow/example_dags/example_skip_dag.py
[2024-06-10T20:19:17.485+0000] {logging_mixin.py:188} INFO - [2024-06-10T20:19:17.485+0000] {dag.py:3096} INFO - Sync 1 DAGs
[2024-06-10T20:19:17.502+0000] {logging_mixin.py:188} INFO - [2024-06-10T20:19:17.502+0000] {dag.py:3954} INFO - Setting next_dagrun for example_skip_dag to 2024-06-09 00:00:00+00:00, run_after=2024-06-10 00:00:00+00:00
[2024-06-10T20:19:17.521+0000] {processor.py:183} INFO - Processing /home/airflow/.local/lib/python3.12/site-packages/airflow/example_dags/example_skip_dag.py took 0.073 seconds
[2024-06-10T20:19:47.631+0000] {processor.py:161} INFO - Started process (PID=1048) to work on /home/airflow/.local/lib/python3.12/site-packages/airflow/example_dags/example_skip_dag.py
[2024-06-10T20:19:47.632+0000] {processor.py:830} INFO - Processing file /home/airflow/.local/lib/python3.12/site-packages/airflow/example_dags/example_skip_dag.py for tasks to queue
[2024-06-10T20:19:47.635+0000] {logging_mixin.py:188} INFO - [2024-06-10T20:19:47.635+0000] {dagbag.py:545} INFO - Filling up the DagBag from /home/airflow/.local/lib/python3.12/site-packages/airflow/example_dags/example_skip_dag.py
[2024-06-10T20:19:47.642+0000] {processor.py:840} INFO - DAG(s) 'example_skip_dag' retrieved from /home/airflow/.local/lib/python3.12/site-packages/airflow/example_dags/example_skip_dag.py
[2024-06-10T20:19:47.662+0000] {logging_mixin.py:188} INFO - [2024-06-10T20:19:47.662+0000] {dag.py:3096} INFO - Sync 1 DAGs
[2024-06-10T20:19:47.680+0000] {logging_mixin.py:188} INFO - [2024-06-10T20:19:47.680+0000] {dag.py:3954} INFO - Setting next_dagrun for example_skip_dag to 2024-06-09 00:00:00+00:00, run_after=2024-06-10 00:00:00+00:00
[2024-06-10T20:19:47.698+0000] {processor.py:183} INFO - Processing /home/airflow/.local/lib/python3.12/site-packages/airflow/example_dags/example_skip_dag.py took 0.074 seconds
[2024-06-10T20:20:17.963+0000] {processor.py:161} INFO - Started process (PID=1106) to work on /home/airflow/.local/lib/python3.12/site-packages/airflow/example_dags/example_skip_dag.py
[2024-06-10T20:20:17.964+0000] {processor.py:830} INFO - Processing file /home/airflow/.local/lib/python3.12/site-packages/airflow/example_dags/example_skip_dag.py for tasks to queue
[2024-06-10T20:20:17.968+0000] {logging_mixin.py:188} INFO - [2024-06-10T20:20:17.967+0000] {dagbag.py:545} INFO - Filling up the DagBag from /home/airflow/.local/lib/python3.12/site-packages/airflow/example_dags/example_skip_dag.py
[2024-06-10T20:20:17.987+0000] {processor.py:840} INFO - DAG(s) 'example_skip_dag' retrieved from /home/airflow/.local/lib/python3.12/site-packages/airflow/example_dags/example_skip_dag.py
[2024-06-10T20:20:18.003+0000] {logging_mixin.py:188} INFO - [2024-06-10T20:20:18.003+0000] {dag.py:3096} INFO - Sync 1 DAGs
[2024-06-10T20:20:18.018+0000] {logging_mixin.py:188} INFO - [2024-06-10T20:20:18.018+0000] {dag.py:3954} INFO - Setting next_dagrun for example_skip_dag to 2024-06-09 00:00:00+00:00, run_after=2024-06-10 00:00:00+00:00
[2024-06-10T20:20:18.036+0000] {processor.py:183} INFO - Processing /home/airflow/.local/lib/python3.12/site-packages/airflow/example_dags/example_skip_dag.py took 0.080 seconds
[2024-06-10T20:20:48.079+0000] {processor.py:161} INFO - Started process (PID=1163) to work on /home/airflow/.local/lib/python3.12/site-packages/airflow/example_dags/example_skip_dag.py
[2024-06-10T20:20:48.080+0000] {processor.py:830} INFO - Processing file /home/airflow/.local/lib/python3.12/site-packages/airflow/example_dags/example_skip_dag.py for tasks to queue
[2024-06-10T20:20:48.082+0000] {logging_mixin.py:188} INFO - [2024-06-10T20:20:48.081+0000] {dagbag.py:545} INFO - Filling up the DagBag from /home/airflow/.local/lib/python3.12/site-packages/airflow/example_dags/example_skip_dag.py
[2024-06-10T20:20:48.086+0000] {processor.py:840} INFO - DAG(s) 'example_skip_dag' retrieved from /home/airflow/.local/lib/python3.12/site-packages/airflow/example_dags/example_skip_dag.py
[2024-06-10T20:20:48.102+0000] {logging_mixin.py:188} INFO - [2024-06-10T20:20:48.102+0000] {dag.py:3096} INFO - Sync 1 DAGs
[2024-06-10T20:20:48.132+0000] {logging_mixin.py:188} INFO - [2024-06-10T20:20:48.132+0000] {dag.py:3954} INFO - Setting next_dagrun for example_skip_dag to 2024-06-09 00:00:00+00:00, run_after=2024-06-10 00:00:00+00:00
[2024-06-10T20:20:48.147+0000] {processor.py:183} INFO - Processing /home/airflow/.local/lib/python3.12/site-packages/airflow/example_dags/example_skip_dag.py took 0.073 seconds
[2024-06-10T20:21:18.619+0000] {processor.py:161} INFO - Started process (PID=1222) to work on /home/airflow/.local/lib/python3.12/site-packages/airflow/example_dags/example_skip_dag.py
[2024-06-10T20:21:18.620+0000] {processor.py:830} INFO - Processing file /home/airflow/.local/lib/python3.12/site-packages/airflow/example_dags/example_skip_dag.py for tasks to queue
[2024-06-10T20:21:18.622+0000] {logging_mixin.py:188} INFO - [2024-06-10T20:21:18.622+0000] {dagbag.py:545} INFO - Filling up the DagBag from /home/airflow/.local/lib/python3.12/site-packages/airflow/example_dags/example_skip_dag.py
[2024-06-10T20:21:18.627+0000] {processor.py:840} INFO - DAG(s) 'example_skip_dag' retrieved from /home/airflow/.local/lib/python3.12/site-packages/airflow/example_dags/example_skip_dag.py
[2024-06-10T20:21:18.644+0000] {logging_mixin.py:188} INFO - [2024-06-10T20:21:18.644+0000] {dag.py:3096} INFO - Sync 1 DAGs
[2024-06-10T20:21:18.660+0000] {logging_mixin.py:188} INFO - [2024-06-10T20:21:18.660+0000] {dag.py:3954} INFO - Setting next_dagrun for example_skip_dag to 2024-06-09 00:00:00+00:00, run_after=2024-06-10 00:00:00+00:00
[2024-06-10T20:21:18.675+0000] {processor.py:183} INFO - Processing /home/airflow/.local/lib/python3.12/site-packages/airflow/example_dags/example_skip_dag.py took 0.061 seconds
[2024-06-10T20:21:42.151+0000] {processor.py:161} INFO - Started process (PID=58) to work on /home/airflow/.local/lib/python3.12/site-packages/airflow/example_dags/example_skip_dag.py
[2024-06-10T20:21:42.152+0000] {processor.py:830} INFO - Processing file /home/airflow/.local/lib/python3.12/site-packages/airflow/example_dags/example_skip_dag.py for tasks to queue
[2024-06-10T20:21:42.154+0000] {logging_mixin.py:188} INFO - [2024-06-10T20:21:42.154+0000] {dagbag.py:545} INFO - Filling up the DagBag from /home/airflow/.local/lib/python3.12/site-packages/airflow/example_dags/example_skip_dag.py
[2024-06-10T20:21:42.161+0000] {processor.py:840} INFO - DAG(s) 'example_skip_dag' retrieved from /home/airflow/.local/lib/python3.12/site-packages/airflow/example_dags/example_skip_dag.py
[2024-06-10T20:21:42.182+0000] {logging_mixin.py:188} INFO - [2024-06-10T20:21:42.182+0000] {dag.py:3096} INFO - Sync 1 DAGs
[2024-06-10T20:21:42.200+0000] {logging_mixin.py:188} INFO - [2024-06-10T20:21:42.199+0000] {dag.py:3954} INFO - Setting next_dagrun for example_skip_dag to 2024-06-09 00:00:00+00:00, run_after=2024-06-10 00:00:00+00:00
[2024-06-10T20:21:42.219+0000] {processor.py:183} INFO - Processing /home/airflow/.local/lib/python3.12/site-packages/airflow/example_dags/example_skip_dag.py took 0.072 seconds
[2024-06-10T20:22:12.519+0000] {processor.py:161} INFO - Started process (PID=116) to work on /home/airflow/.local/lib/python3.12/site-packages/airflow/example_dags/example_skip_dag.py
[2024-06-10T20:22:12.520+0000] {processor.py:830} INFO - Processing file /home/airflow/.local/lib/python3.12/site-packages/airflow/example_dags/example_skip_dag.py for tasks to queue
[2024-06-10T20:22:12.521+0000] {logging_mixin.py:188} INFO - [2024-06-10T20:22:12.521+0000] {dagbag.py:545} INFO - Filling up the DagBag from /home/airflow/.local/lib/python3.12/site-packages/airflow/example_dags/example_skip_dag.py
[2024-06-10T20:22:12.526+0000] {processor.py:840} INFO - DAG(s) 'example_skip_dag' retrieved from /home/airflow/.local/lib/python3.12/site-packages/airflow/example_dags/example_skip_dag.py
[2024-06-10T20:22:12.542+0000] {logging_mixin.py:188} INFO - [2024-06-10T20:22:12.541+0000] {dag.py:3096} INFO - Sync 1 DAGs
[2024-06-10T20:22:12.558+0000] {logging_mixin.py:188} INFO - [2024-06-10T20:22:12.557+0000] {dag.py:3954} INFO - Setting next_dagrun for example_skip_dag to 2024-06-09 00:00:00+00:00, run_after=2024-06-10 00:00:00+00:00
[2024-06-10T20:22:12.576+0000] {processor.py:183} INFO - Processing /home/airflow/.local/lib/python3.12/site-packages/airflow/example_dags/example_skip_dag.py took 0.062 seconds
