[2024-06-10T20:11:13.332+0000] {processor.py:161} INFO - Started process (PID=71) to work on /home/airflow/.local/lib/python3.12/site-packages/airflow/example_dags/example_sla_dag.py
[2024-06-10T20:11:13.333+0000] {processor.py:830} INFO - Processing file /home/airflow/.local/lib/python3.12/site-packages/airflow/example_dags/example_sla_dag.py for tasks to queue
[2024-06-10T20:11:13.335+0000] {logging_mixin.py:188} INFO - [2024-06-10T20:11:13.335+0000] {dagbag.py:545} INFO - Filling up the DagBag from /home/airflow/.local/lib/python3.12/site-packages/airflow/example_dags/example_sla_dag.py
[2024-06-10T20:11:13.345+0000] {processor.py:840} INFO - DAG(s) 'example_sla_dag' retrieved from /home/airflow/.local/lib/python3.12/site-packages/airflow/example_dags/example_sla_dag.py
[2024-06-10T20:11:13.434+0000] {logging_mixin.py:188} INFO - [2024-06-10T20:11:13.433+0000] {override.py:1829} INFO - Created Permission View: can delete on DAG:example_sla_dag
[2024-06-10T20:11:13.448+0000] {logging_mixin.py:188} INFO - [2024-06-10T20:11:13.447+0000] {override.py:1829} INFO - Created Permission View: can edit on DAG:example_sla_dag
[2024-06-10T20:11:13.456+0000] {logging_mixin.py:188} INFO - [2024-06-10T20:11:13.455+0000] {override.py:1829} INFO - Created Permission View: can read on DAG:example_sla_dag
[2024-06-10T20:11:13.460+0000] {logging_mixin.py:188} INFO - [2024-06-10T20:11:13.459+0000] {dag.py:3096} INFO - Sync 1 DAGs
[2024-06-10T20:11:13.470+0000] {logging_mixin.py:188} INFO - [2024-06-10T20:11:13.470+0000] {dag.py:3118} INFO - Creating ORM DAG for example_sla_dag
[2024-06-10T20:11:13.481+0000] {logging_mixin.py:188} INFO - [2024-06-10T20:11:13.481+0000] {dag.py:3954} INFO - Setting next_dagrun for example_sla_dag to 2024-06-10 20:08:00+00:00, run_after=2024-06-10 20:10:00+00:00
[2024-06-10T20:11:13.498+0000] {processor.py:183} INFO - Processing /home/airflow/.local/lib/python3.12/site-packages/airflow/example_dags/example_sla_dag.py took 0.169 seconds
[2024-06-10T20:11:43.666+0000] {processor.py:161} INFO - Started process (PID=129) to work on /home/airflow/.local/lib/python3.12/site-packages/airflow/example_dags/example_sla_dag.py
[2024-06-10T20:11:43.667+0000] {processor.py:830} INFO - Processing file /home/airflow/.local/lib/python3.12/site-packages/airflow/example_dags/example_sla_dag.py for tasks to queue
[2024-06-10T20:11:43.669+0000] {logging_mixin.py:188} INFO - [2024-06-10T20:11:43.669+0000] {dagbag.py:545} INFO - Filling up the DagBag from /home/airflow/.local/lib/python3.12/site-packages/airflow/example_dags/example_sla_dag.py
[2024-06-10T20:11:43.675+0000] {processor.py:840} INFO - DAG(s) 'example_sla_dag' retrieved from /home/airflow/.local/lib/python3.12/site-packages/airflow/example_dags/example_sla_dag.py
[2024-06-10T20:11:43.688+0000] {logging_mixin.py:188} INFO - [2024-06-10T20:11:43.688+0000] {dag.py:3096} INFO - Sync 1 DAGs
[2024-06-10T20:11:43.703+0000] {logging_mixin.py:188} INFO - [2024-06-10T20:11:43.703+0000] {dag.py:3954} INFO - Setting next_dagrun for example_sla_dag to 2024-06-10 20:08:00+00:00, run_after=2024-06-10 20:10:00+00:00
[2024-06-10T20:11:43.719+0000] {processor.py:183} INFO - Processing /home/airflow/.local/lib/python3.12/site-packages/airflow/example_dags/example_sla_dag.py took 0.057 seconds
[2024-06-10T20:12:14.078+0000] {processor.py:161} INFO - Started process (PID=187) to work on /home/airflow/.local/lib/python3.12/site-packages/airflow/example_dags/example_sla_dag.py
[2024-06-10T20:12:14.079+0000] {processor.py:830} INFO - Processing file /home/airflow/.local/lib/python3.12/site-packages/airflow/example_dags/example_sla_dag.py for tasks to queue
[2024-06-10T20:12:14.080+0000] {logging_mixin.py:188} INFO - [2024-06-10T20:12:14.080+0000] {dagbag.py:545} INFO - Filling up the DagBag from /home/airflow/.local/lib/python3.12/site-packages/airflow/example_dags/example_sla_dag.py
[2024-06-10T20:12:14.086+0000] {processor.py:840} INFO - DAG(s) 'example_sla_dag' retrieved from /home/airflow/.local/lib/python3.12/site-packages/airflow/example_dags/example_sla_dag.py
[2024-06-10T20:12:14.109+0000] {logging_mixin.py:188} INFO - [2024-06-10T20:12:14.109+0000] {dag.py:3096} INFO - Sync 1 DAGs
[2024-06-10T20:12:14.131+0000] {logging_mixin.py:188} INFO - [2024-06-10T20:12:14.131+0000] {dag.py:3954} INFO - Setting next_dagrun for example_sla_dag to 2024-06-10 20:10:00+00:00, run_after=2024-06-10 20:12:00+00:00
[2024-06-10T20:12:14.148+0000] {processor.py:183} INFO - Processing /home/airflow/.local/lib/python3.12/site-packages/airflow/example_dags/example_sla_dag.py took 0.075 seconds
[2024-06-10T20:12:44.418+0000] {processor.py:161} INFO - Started process (PID=245) to work on /home/airflow/.local/lib/python3.12/site-packages/airflow/example_dags/example_sla_dag.py
[2024-06-10T20:12:44.419+0000] {processor.py:830} INFO - Processing file /home/airflow/.local/lib/python3.12/site-packages/airflow/example_dags/example_sla_dag.py for tasks to queue
[2024-06-10T20:12:44.421+0000] {logging_mixin.py:188} INFO - [2024-06-10T20:12:44.421+0000] {dagbag.py:545} INFO - Filling up the DagBag from /home/airflow/.local/lib/python3.12/site-packages/airflow/example_dags/example_sla_dag.py
[2024-06-10T20:12:44.430+0000] {processor.py:840} INFO - DAG(s) 'example_sla_dag' retrieved from /home/airflow/.local/lib/python3.12/site-packages/airflow/example_dags/example_sla_dag.py
[2024-06-10T20:12:44.451+0000] {logging_mixin.py:188} INFO - [2024-06-10T20:12:44.451+0000] {dag.py:3096} INFO - Sync 1 DAGs
[2024-06-10T20:12:44.470+0000] {logging_mixin.py:188} INFO - [2024-06-10T20:12:44.470+0000] {dag.py:3954} INFO - Setting next_dagrun for example_sla_dag to 2024-06-10 20:10:00+00:00, run_after=2024-06-10 20:12:00+00:00
[2024-06-10T20:12:44.487+0000] {processor.py:183} INFO - Processing /home/airflow/.local/lib/python3.12/site-packages/airflow/example_dags/example_sla_dag.py took 0.076 seconds
[2024-06-10T20:13:14.709+0000] {processor.py:161} INFO - Started process (PID=303) to work on /home/airflow/.local/lib/python3.12/site-packages/airflow/example_dags/example_sla_dag.py
[2024-06-10T20:13:14.710+0000] {processor.py:830} INFO - Processing file /home/airflow/.local/lib/python3.12/site-packages/airflow/example_dags/example_sla_dag.py for tasks to queue
[2024-06-10T20:13:14.714+0000] {logging_mixin.py:188} INFO - [2024-06-10T20:13:14.713+0000] {dagbag.py:545} INFO - Filling up the DagBag from /home/airflow/.local/lib/python3.12/site-packages/airflow/example_dags/example_sla_dag.py
[2024-06-10T20:13:14.730+0000] {processor.py:840} INFO - DAG(s) 'example_sla_dag' retrieved from /home/airflow/.local/lib/python3.12/site-packages/airflow/example_dags/example_sla_dag.py
[2024-06-10T20:13:14.760+0000] {logging_mixin.py:188} INFO - [2024-06-10T20:13:14.759+0000] {dag.py:3096} INFO - Sync 1 DAGs
[2024-06-10T20:13:14.780+0000] {logging_mixin.py:188} INFO - [2024-06-10T20:13:14.780+0000] {dag.py:3954} INFO - Setting next_dagrun for example_sla_dag to 2024-06-10 20:10:00+00:00, run_after=2024-06-10 20:12:00+00:00
[2024-06-10T20:13:14.799+0000] {processor.py:183} INFO - Processing /home/airflow/.local/lib/python3.12/site-packages/airflow/example_dags/example_sla_dag.py took 0.101 seconds
[2024-06-10T20:13:45.155+0000] {processor.py:161} INFO - Started process (PID=361) to work on /home/airflow/.local/lib/python3.12/site-packages/airflow/example_dags/example_sla_dag.py
[2024-06-10T20:13:45.156+0000] {processor.py:830} INFO - Processing file /home/airflow/.local/lib/python3.12/site-packages/airflow/example_dags/example_sla_dag.py for tasks to queue
[2024-06-10T20:13:45.158+0000] {logging_mixin.py:188} INFO - [2024-06-10T20:13:45.158+0000] {dagbag.py:545} INFO - Filling up the DagBag from /home/airflow/.local/lib/python3.12/site-packages/airflow/example_dags/example_sla_dag.py
[2024-06-10T20:13:45.166+0000] {processor.py:840} INFO - DAG(s) 'example_sla_dag' retrieved from /home/airflow/.local/lib/python3.12/site-packages/airflow/example_dags/example_sla_dag.py
[2024-06-10T20:13:45.181+0000] {logging_mixin.py:188} INFO - [2024-06-10T20:13:45.181+0000] {dag.py:3096} INFO - Sync 1 DAGs
[2024-06-10T20:13:45.197+0000] {logging_mixin.py:188} INFO - [2024-06-10T20:13:45.197+0000] {dag.py:3954} INFO - Setting next_dagrun for example_sla_dag to 2024-06-10 20:10:00+00:00, run_after=2024-06-10 20:12:00+00:00
[2024-06-10T20:13:45.214+0000] {processor.py:183} INFO - Processing /home/airflow/.local/lib/python3.12/site-packages/airflow/example_dags/example_sla_dag.py took 0.065 seconds
[2024-06-10T20:14:15.934+0000] {processor.py:161} INFO - Started process (PID=425) to work on /home/airflow/.local/lib/python3.12/site-packages/airflow/example_dags/example_sla_dag.py
[2024-06-10T20:14:15.936+0000] {processor.py:830} INFO - Processing file /home/airflow/.local/lib/python3.12/site-packages/airflow/example_dags/example_sla_dag.py for tasks to queue
[2024-06-10T20:14:15.939+0000] {logging_mixin.py:188} INFO - [2024-06-10T20:14:15.938+0000] {dagbag.py:545} INFO - Filling up the DagBag from /home/airflow/.local/lib/python3.12/site-packages/airflow/example_dags/example_sla_dag.py
[2024-06-10T20:14:15.946+0000] {processor.py:840} INFO - DAG(s) 'example_sla_dag' retrieved from /home/airflow/.local/lib/python3.12/site-packages/airflow/example_dags/example_sla_dag.py
[2024-06-10T20:14:15.962+0000] {logging_mixin.py:188} INFO - [2024-06-10T20:14:15.962+0000] {dag.py:3096} INFO - Sync 1 DAGs
[2024-06-10T20:14:15.980+0000] {logging_mixin.py:188} INFO - [2024-06-10T20:14:15.980+0000] {dag.py:3954} INFO - Setting next_dagrun for example_sla_dag to 2024-06-10 20:12:00+00:00, run_after=2024-06-10 20:14:00+00:00
[2024-06-10T20:14:15.997+0000] {processor.py:183} INFO - Processing /home/airflow/.local/lib/python3.12/site-packages/airflow/example_dags/example_sla_dag.py took 0.069 seconds
[2024-06-10T20:14:46.059+0000] {processor.py:161} INFO - Started process (PID=483) to work on /home/airflow/.local/lib/python3.12/site-packages/airflow/example_dags/example_sla_dag.py
[2024-06-10T20:14:46.060+0000] {processor.py:830} INFO - Processing file /home/airflow/.local/lib/python3.12/site-packages/airflow/example_dags/example_sla_dag.py for tasks to queue
[2024-06-10T20:14:46.062+0000] {logging_mixin.py:188} INFO - [2024-06-10T20:14:46.062+0000] {dagbag.py:545} INFO - Filling up the DagBag from /home/airflow/.local/lib/python3.12/site-packages/airflow/example_dags/example_sla_dag.py
[2024-06-10T20:14:46.069+0000] {processor.py:840} INFO - DAG(s) 'example_sla_dag' retrieved from /home/airflow/.local/lib/python3.12/site-packages/airflow/example_dags/example_sla_dag.py
[2024-06-10T20:14:46.084+0000] {logging_mixin.py:188} INFO - [2024-06-10T20:14:46.084+0000] {dag.py:3096} INFO - Sync 1 DAGs
[2024-06-10T20:14:46.101+0000] {logging_mixin.py:188} INFO - [2024-06-10T20:14:46.101+0000] {dag.py:3954} INFO - Setting next_dagrun for example_sla_dag to 2024-06-10 20:12:00+00:00, run_after=2024-06-10 20:14:00+00:00
[2024-06-10T20:14:46.120+0000] {processor.py:183} INFO - Processing /home/airflow/.local/lib/python3.12/site-packages/airflow/example_dags/example_sla_dag.py took 0.066 seconds
[2024-06-10T20:15:16.375+0000] {processor.py:161} INFO - Started process (PID=541) to work on /home/airflow/.local/lib/python3.12/site-packages/airflow/example_dags/example_sla_dag.py
[2024-06-10T20:15:16.376+0000] {processor.py:830} INFO - Processing file /home/airflow/.local/lib/python3.12/site-packages/airflow/example_dags/example_sla_dag.py for tasks to queue
[2024-06-10T20:15:16.377+0000] {logging_mixin.py:188} INFO - [2024-06-10T20:15:16.377+0000] {dagbag.py:545} INFO - Filling up the DagBag from /home/airflow/.local/lib/python3.12/site-packages/airflow/example_dags/example_sla_dag.py
[2024-06-10T20:15:16.384+0000] {processor.py:840} INFO - DAG(s) 'example_sla_dag' retrieved from /home/airflow/.local/lib/python3.12/site-packages/airflow/example_dags/example_sla_dag.py
[2024-06-10T20:15:16.399+0000] {logging_mixin.py:188} INFO - [2024-06-10T20:15:16.399+0000] {dag.py:3096} INFO - Sync 1 DAGs
[2024-06-10T20:15:16.421+0000] {logging_mixin.py:188} INFO - [2024-06-10T20:15:16.420+0000] {dag.py:3954} INFO - Setting next_dagrun for example_sla_dag to 2024-06-10 20:12:00+00:00, run_after=2024-06-10 20:14:00+00:00
[2024-06-10T20:15:16.437+0000] {processor.py:183} INFO - Processing /home/airflow/.local/lib/python3.12/site-packages/airflow/example_dags/example_sla_dag.py took 0.066 seconds
[2024-06-10T20:15:46.542+0000] {processor.py:161} INFO - Started process (PID=599) to work on /home/airflow/.local/lib/python3.12/site-packages/airflow/example_dags/example_sla_dag.py
[2024-06-10T20:15:46.543+0000] {processor.py:830} INFO - Processing file /home/airflow/.local/lib/python3.12/site-packages/airflow/example_dags/example_sla_dag.py for tasks to queue
[2024-06-10T20:15:46.544+0000] {logging_mixin.py:188} INFO - [2024-06-10T20:15:46.544+0000] {dagbag.py:545} INFO - Filling up the DagBag from /home/airflow/.local/lib/python3.12/site-packages/airflow/example_dags/example_sla_dag.py
[2024-06-10T20:15:46.550+0000] {processor.py:840} INFO - DAG(s) 'example_sla_dag' retrieved from /home/airflow/.local/lib/python3.12/site-packages/airflow/example_dags/example_sla_dag.py
[2024-06-10T20:15:46.570+0000] {logging_mixin.py:188} INFO - [2024-06-10T20:15:46.569+0000] {dag.py:3096} INFO - Sync 1 DAGs
[2024-06-10T20:15:46.586+0000] {logging_mixin.py:188} INFO - [2024-06-10T20:15:46.586+0000] {dag.py:3954} INFO - Setting next_dagrun for example_sla_dag to 2024-06-10 20:12:00+00:00, run_after=2024-06-10 20:14:00+00:00
[2024-06-10T20:15:46.601+0000] {processor.py:183} INFO - Processing /home/airflow/.local/lib/python3.12/site-packages/airflow/example_dags/example_sla_dag.py took 0.063 seconds
[2024-06-10T20:16:16.921+0000] {processor.py:161} INFO - Started process (PID=657) to work on /home/airflow/.local/lib/python3.12/site-packages/airflow/example_dags/example_sla_dag.py
[2024-06-10T20:16:16.923+0000] {processor.py:830} INFO - Processing file /home/airflow/.local/lib/python3.12/site-packages/airflow/example_dags/example_sla_dag.py for tasks to queue
[2024-06-10T20:16:16.924+0000] {logging_mixin.py:188} INFO - [2024-06-10T20:16:16.924+0000] {dagbag.py:545} INFO - Filling up the DagBag from /home/airflow/.local/lib/python3.12/site-packages/airflow/example_dags/example_sla_dag.py
[2024-06-10T20:16:16.930+0000] {processor.py:840} INFO - DAG(s) 'example_sla_dag' retrieved from /home/airflow/.local/lib/python3.12/site-packages/airflow/example_dags/example_sla_dag.py
[2024-06-10T20:16:16.946+0000] {logging_mixin.py:188} INFO - [2024-06-10T20:16:16.945+0000] {dag.py:3096} INFO - Sync 1 DAGs
[2024-06-10T20:16:16.962+0000] {logging_mixin.py:188} INFO - [2024-06-10T20:16:16.962+0000] {dag.py:3954} INFO - Setting next_dagrun for example_sla_dag to 2024-06-10 20:14:00+00:00, run_after=2024-06-10 20:16:00+00:00
[2024-06-10T20:16:16.979+0000] {processor.py:183} INFO - Processing /home/airflow/.local/lib/python3.12/site-packages/airflow/example_dags/example_sla_dag.py took 0.061 seconds
[2024-06-10T20:16:47.364+0000] {processor.py:161} INFO - Started process (PID=715) to work on /home/airflow/.local/lib/python3.12/site-packages/airflow/example_dags/example_sla_dag.py
[2024-06-10T20:16:47.365+0000] {processor.py:830} INFO - Processing file /home/airflow/.local/lib/python3.12/site-packages/airflow/example_dags/example_sla_dag.py for tasks to queue
[2024-06-10T20:16:47.367+0000] {logging_mixin.py:188} INFO - [2024-06-10T20:16:47.367+0000] {dagbag.py:545} INFO - Filling up the DagBag from /home/airflow/.local/lib/python3.12/site-packages/airflow/example_dags/example_sla_dag.py
[2024-06-10T20:16:47.375+0000] {processor.py:840} INFO - DAG(s) 'example_sla_dag' retrieved from /home/airflow/.local/lib/python3.12/site-packages/airflow/example_dags/example_sla_dag.py
[2024-06-10T20:16:47.391+0000] {logging_mixin.py:188} INFO - [2024-06-10T20:16:47.391+0000] {dag.py:3096} INFO - Sync 1 DAGs
[2024-06-10T20:16:47.410+0000] {logging_mixin.py:188} INFO - [2024-06-10T20:16:47.410+0000] {dag.py:3954} INFO - Setting next_dagrun for example_sla_dag to 2024-06-10 20:14:00+00:00, run_after=2024-06-10 20:16:00+00:00
[2024-06-10T20:16:47.427+0000] {processor.py:183} INFO - Processing /home/airflow/.local/lib/python3.12/site-packages/airflow/example_dags/example_sla_dag.py took 0.068 seconds
[2024-06-10T20:17:17.721+0000] {processor.py:161} INFO - Started process (PID=773) to work on /home/airflow/.local/lib/python3.12/site-packages/airflow/example_dags/example_sla_dag.py
[2024-06-10T20:17:17.722+0000] {processor.py:830} INFO - Processing file /home/airflow/.local/lib/python3.12/site-packages/airflow/example_dags/example_sla_dag.py for tasks to queue
[2024-06-10T20:17:17.724+0000] {logging_mixin.py:188} INFO - [2024-06-10T20:17:17.724+0000] {dagbag.py:545} INFO - Filling up the DagBag from /home/airflow/.local/lib/python3.12/site-packages/airflow/example_dags/example_sla_dag.py
[2024-06-10T20:17:17.732+0000] {processor.py:840} INFO - DAG(s) 'example_sla_dag' retrieved from /home/airflow/.local/lib/python3.12/site-packages/airflow/example_dags/example_sla_dag.py
[2024-06-10T20:17:17.748+0000] {logging_mixin.py:188} INFO - [2024-06-10T20:17:17.748+0000] {dag.py:3096} INFO - Sync 1 DAGs
[2024-06-10T20:17:17.766+0000] {logging_mixin.py:188} INFO - [2024-06-10T20:17:17.766+0000] {dag.py:3954} INFO - Setting next_dagrun for example_sla_dag to 2024-06-10 20:14:00+00:00, run_after=2024-06-10 20:16:00+00:00
[2024-06-10T20:17:17.784+0000] {processor.py:183} INFO - Processing /home/airflow/.local/lib/python3.12/site-packages/airflow/example_dags/example_sla_dag.py took 0.069 seconds
[2024-06-10T20:17:48.321+0000] {processor.py:161} INFO - Started process (PID=831) to work on /home/airflow/.local/lib/python3.12/site-packages/airflow/example_dags/example_sla_dag.py
[2024-06-10T20:17:48.323+0000] {processor.py:830} INFO - Processing file /home/airflow/.local/lib/python3.12/site-packages/airflow/example_dags/example_sla_dag.py for tasks to queue
[2024-06-10T20:17:48.325+0000] {logging_mixin.py:188} INFO - [2024-06-10T20:17:48.324+0000] {dagbag.py:545} INFO - Filling up the DagBag from /home/airflow/.local/lib/python3.12/site-packages/airflow/example_dags/example_sla_dag.py
[2024-06-10T20:17:48.334+0000] {processor.py:840} INFO - DAG(s) 'example_sla_dag' retrieved from /home/airflow/.local/lib/python3.12/site-packages/airflow/example_dags/example_sla_dag.py
[2024-06-10T20:17:48.354+0000] {logging_mixin.py:188} INFO - [2024-06-10T20:17:48.354+0000] {dag.py:3096} INFO - Sync 1 DAGs
[2024-06-10T20:17:48.380+0000] {logging_mixin.py:188} INFO - [2024-06-10T20:17:48.380+0000] {dag.py:3954} INFO - Setting next_dagrun for example_sla_dag to 2024-06-10 20:14:00+00:00, run_after=2024-06-10 20:16:00+00:00
[2024-06-10T20:17:48.406+0000] {processor.py:183} INFO - Processing /home/airflow/.local/lib/python3.12/site-packages/airflow/example_dags/example_sla_dag.py took 0.091 seconds
[2024-06-10T20:18:18.518+0000] {processor.py:161} INFO - Started process (PID=888) to work on /home/airflow/.local/lib/python3.12/site-packages/airflow/example_dags/example_sla_dag.py
[2024-06-10T20:18:18.519+0000] {processor.py:830} INFO - Processing file /home/airflow/.local/lib/python3.12/site-packages/airflow/example_dags/example_sla_dag.py for tasks to queue
[2024-06-10T20:18:18.521+0000] {logging_mixin.py:188} INFO - [2024-06-10T20:18:18.520+0000] {dagbag.py:545} INFO - Filling up the DagBag from /home/airflow/.local/lib/python3.12/site-packages/airflow/example_dags/example_sla_dag.py
[2024-06-10T20:18:18.527+0000] {processor.py:840} INFO - DAG(s) 'example_sla_dag' retrieved from /home/airflow/.local/lib/python3.12/site-packages/airflow/example_dags/example_sla_dag.py
[2024-06-10T20:18:18.543+0000] {logging_mixin.py:188} INFO - [2024-06-10T20:18:18.543+0000] {dag.py:3096} INFO - Sync 1 DAGs
[2024-06-10T20:18:18.563+0000] {logging_mixin.py:188} INFO - [2024-06-10T20:18:18.563+0000] {dag.py:3954} INFO - Setting next_dagrun for example_sla_dag to 2024-06-10 20:16:00+00:00, run_after=2024-06-10 20:18:00+00:00
[2024-06-10T20:18:18.578+0000] {processor.py:183} INFO - Processing /home/airflow/.local/lib/python3.12/site-packages/airflow/example_dags/example_sla_dag.py took 0.065 seconds
[2024-06-10T20:18:48.727+0000] {processor.py:161} INFO - Started process (PID=946) to work on /home/airflow/.local/lib/python3.12/site-packages/airflow/example_dags/example_sla_dag.py
[2024-06-10T20:18:48.728+0000] {processor.py:830} INFO - Processing file /home/airflow/.local/lib/python3.12/site-packages/airflow/example_dags/example_sla_dag.py for tasks to queue
[2024-06-10T20:18:48.730+0000] {logging_mixin.py:188} INFO - [2024-06-10T20:18:48.730+0000] {dagbag.py:545} INFO - Filling up the DagBag from /home/airflow/.local/lib/python3.12/site-packages/airflow/example_dags/example_sla_dag.py
[2024-06-10T20:18:48.737+0000] {processor.py:840} INFO - DAG(s) 'example_sla_dag' retrieved from /home/airflow/.local/lib/python3.12/site-packages/airflow/example_dags/example_sla_dag.py
[2024-06-10T20:18:48.752+0000] {logging_mixin.py:188} INFO - [2024-06-10T20:18:48.752+0000] {dag.py:3096} INFO - Sync 1 DAGs
[2024-06-10T20:18:48.771+0000] {logging_mixin.py:188} INFO - [2024-06-10T20:18:48.771+0000] {dag.py:3954} INFO - Setting next_dagrun for example_sla_dag to 2024-06-10 20:16:00+00:00, run_after=2024-06-10 20:18:00+00:00
[2024-06-10T20:18:48.788+0000] {processor.py:183} INFO - Processing /home/airflow/.local/lib/python3.12/site-packages/airflow/example_dags/example_sla_dag.py took 0.065 seconds
[2024-06-10T20:19:19.179+0000] {processor.py:161} INFO - Started process (PID=1004) to work on /home/airflow/.local/lib/python3.12/site-packages/airflow/example_dags/example_sla_dag.py
[2024-06-10T20:19:19.180+0000] {processor.py:830} INFO - Processing file /home/airflow/.local/lib/python3.12/site-packages/airflow/example_dags/example_sla_dag.py for tasks to queue
[2024-06-10T20:19:19.182+0000] {logging_mixin.py:188} INFO - [2024-06-10T20:19:19.182+0000] {dagbag.py:545} INFO - Filling up the DagBag from /home/airflow/.local/lib/python3.12/site-packages/airflow/example_dags/example_sla_dag.py
[2024-06-10T20:19:19.192+0000] {processor.py:840} INFO - DAG(s) 'example_sla_dag' retrieved from /home/airflow/.local/lib/python3.12/site-packages/airflow/example_dags/example_sla_dag.py
[2024-06-10T20:19:19.209+0000] {logging_mixin.py:188} INFO - [2024-06-10T20:19:19.209+0000] {dag.py:3096} INFO - Sync 1 DAGs
[2024-06-10T20:19:19.229+0000] {logging_mixin.py:188} INFO - [2024-06-10T20:19:19.229+0000] {dag.py:3954} INFO - Setting next_dagrun for example_sla_dag to 2024-06-10 20:16:00+00:00, run_after=2024-06-10 20:18:00+00:00
[2024-06-10T20:19:19.249+0000] {processor.py:183} INFO - Processing /home/airflow/.local/lib/python3.12/site-packages/airflow/example_dags/example_sla_dag.py took 0.075 seconds
[2024-06-10T20:19:49.612+0000] {processor.py:161} INFO - Started process (PID=1062) to work on /home/airflow/.local/lib/python3.12/site-packages/airflow/example_dags/example_sla_dag.py
[2024-06-10T20:19:49.613+0000] {processor.py:830} INFO - Processing file /home/airflow/.local/lib/python3.12/site-packages/airflow/example_dags/example_sla_dag.py for tasks to queue
[2024-06-10T20:19:49.615+0000] {logging_mixin.py:188} INFO - [2024-06-10T20:19:49.615+0000] {dagbag.py:545} INFO - Filling up the DagBag from /home/airflow/.local/lib/python3.12/site-packages/airflow/example_dags/example_sla_dag.py
[2024-06-10T20:19:49.624+0000] {processor.py:840} INFO - DAG(s) 'example_sla_dag' retrieved from /home/airflow/.local/lib/python3.12/site-packages/airflow/example_dags/example_sla_dag.py
[2024-06-10T20:19:49.638+0000] {logging_mixin.py:188} INFO - [2024-06-10T20:19:49.638+0000] {dag.py:3096} INFO - Sync 1 DAGs
[2024-06-10T20:19:49.655+0000] {logging_mixin.py:188} INFO - [2024-06-10T20:19:49.654+0000] {dag.py:3954} INFO - Setting next_dagrun for example_sla_dag to 2024-06-10 20:16:00+00:00, run_after=2024-06-10 20:18:00+00:00
[2024-06-10T20:19:49.671+0000] {processor.py:183} INFO - Processing /home/airflow/.local/lib/python3.12/site-packages/airflow/example_dags/example_sla_dag.py took 0.063 seconds
[2024-06-10T20:20:20.269+0000] {processor.py:161} INFO - Started process (PID=1120) to work on /home/airflow/.local/lib/python3.12/site-packages/airflow/example_dags/example_sla_dag.py
[2024-06-10T20:20:20.270+0000] {processor.py:830} INFO - Processing file /home/airflow/.local/lib/python3.12/site-packages/airflow/example_dags/example_sla_dag.py for tasks to queue
[2024-06-10T20:20:20.272+0000] {logging_mixin.py:188} INFO - [2024-06-10T20:20:20.272+0000] {dagbag.py:545} INFO - Filling up the DagBag from /home/airflow/.local/lib/python3.12/site-packages/airflow/example_dags/example_sla_dag.py
[2024-06-10T20:20:20.282+0000] {processor.py:840} INFO - DAG(s) 'example_sla_dag' retrieved from /home/airflow/.local/lib/python3.12/site-packages/airflow/example_dags/example_sla_dag.py
[2024-06-10T20:20:20.304+0000] {logging_mixin.py:188} INFO - [2024-06-10T20:20:20.304+0000] {dag.py:3096} INFO - Sync 1 DAGs
[2024-06-10T20:20:20.324+0000] {logging_mixin.py:188} INFO - [2024-06-10T20:20:20.324+0000] {dag.py:3954} INFO - Setting next_dagrun for example_sla_dag to 2024-06-10 20:18:00+00:00, run_after=2024-06-10 20:20:00+00:00
[2024-06-10T20:20:20.342+0000] {processor.py:183} INFO - Processing /home/airflow/.local/lib/python3.12/site-packages/airflow/example_dags/example_sla_dag.py took 0.079 seconds
[2024-06-10T20:20:51.046+0000] {processor.py:161} INFO - Started process (PID=1178) to work on /home/airflow/.local/lib/python3.12/site-packages/airflow/example_dags/example_sla_dag.py
[2024-06-10T20:20:51.047+0000] {processor.py:830} INFO - Processing file /home/airflow/.local/lib/python3.12/site-packages/airflow/example_dags/example_sla_dag.py for tasks to queue
[2024-06-10T20:20:51.049+0000] {logging_mixin.py:188} INFO - [2024-06-10T20:20:51.049+0000] {dagbag.py:545} INFO - Filling up the DagBag from /home/airflow/.local/lib/python3.12/site-packages/airflow/example_dags/example_sla_dag.py
[2024-06-10T20:20:51.057+0000] {processor.py:840} INFO - DAG(s) 'example_sla_dag' retrieved from /home/airflow/.local/lib/python3.12/site-packages/airflow/example_dags/example_sla_dag.py
[2024-06-10T20:20:51.075+0000] {logging_mixin.py:188} INFO - [2024-06-10T20:20:51.074+0000] {dag.py:3096} INFO - Sync 1 DAGs
[2024-06-10T20:20:51.094+0000] {logging_mixin.py:188} INFO - [2024-06-10T20:20:51.094+0000] {dag.py:3954} INFO - Setting next_dagrun for example_sla_dag to 2024-06-10 20:18:00+00:00, run_after=2024-06-10 20:20:00+00:00
[2024-06-10T20:20:51.115+0000] {processor.py:183} INFO - Processing /home/airflow/.local/lib/python3.12/site-packages/airflow/example_dags/example_sla_dag.py took 0.073 seconds
[2024-06-10T20:21:21.340+0000] {processor.py:161} INFO - Started process (PID=1236) to work on /home/airflow/.local/lib/python3.12/site-packages/airflow/example_dags/example_sla_dag.py
[2024-06-10T20:21:21.341+0000] {processor.py:830} INFO - Processing file /home/airflow/.local/lib/python3.12/site-packages/airflow/example_dags/example_sla_dag.py for tasks to queue
[2024-06-10T20:21:21.343+0000] {logging_mixin.py:188} INFO - [2024-06-10T20:21:21.343+0000] {dagbag.py:545} INFO - Filling up the DagBag from /home/airflow/.local/lib/python3.12/site-packages/airflow/example_dags/example_sla_dag.py
[2024-06-10T20:21:21.349+0000] {processor.py:840} INFO - DAG(s) 'example_sla_dag' retrieved from /home/airflow/.local/lib/python3.12/site-packages/airflow/example_dags/example_sla_dag.py
[2024-06-10T20:21:21.365+0000] {logging_mixin.py:188} INFO - [2024-06-10T20:21:21.365+0000] {dag.py:3096} INFO - Sync 1 DAGs
[2024-06-10T20:21:21.383+0000] {logging_mixin.py:188} INFO - [2024-06-10T20:21:21.383+0000] {dag.py:3954} INFO - Setting next_dagrun for example_sla_dag to 2024-06-10 20:18:00+00:00, run_after=2024-06-10 20:20:00+00:00
[2024-06-10T20:21:21.398+0000] {processor.py:183} INFO - Processing /home/airflow/.local/lib/python3.12/site-packages/airflow/example_dags/example_sla_dag.py took 0.062 seconds
[2024-06-10T20:21:43.101+0000] {processor.py:161} INFO - Started process (PID=71) to work on /home/airflow/.local/lib/python3.12/site-packages/airflow/example_dags/example_sla_dag.py
[2024-06-10T20:21:43.102+0000] {processor.py:830} INFO - Processing file /home/airflow/.local/lib/python3.12/site-packages/airflow/example_dags/example_sla_dag.py for tasks to queue
[2024-06-10T20:21:43.104+0000] {logging_mixin.py:188} INFO - [2024-06-10T20:21:43.104+0000] {dagbag.py:545} INFO - Filling up the DagBag from /home/airflow/.local/lib/python3.12/site-packages/airflow/example_dags/example_sla_dag.py
[2024-06-10T20:21:43.113+0000] {processor.py:840} INFO - DAG(s) 'example_sla_dag' retrieved from /home/airflow/.local/lib/python3.12/site-packages/airflow/example_dags/example_sla_dag.py
[2024-06-10T20:21:43.132+0000] {logging_mixin.py:188} INFO - [2024-06-10T20:21:43.131+0000] {dag.py:3096} INFO - Sync 1 DAGs
[2024-06-10T20:21:43.149+0000] {logging_mixin.py:188} INFO - [2024-06-10T20:21:43.149+0000] {dag.py:3954} INFO - Setting next_dagrun for example_sla_dag to 2024-06-10 20:18:00+00:00, run_after=2024-06-10 20:20:00+00:00
[2024-06-10T20:21:43.166+0000] {processor.py:183} INFO - Processing /home/airflow/.local/lib/python3.12/site-packages/airflow/example_dags/example_sla_dag.py took 0.068 seconds
[2024-06-10T20:22:13.379+0000] {processor.py:161} INFO - Started process (PID=129) to work on /home/airflow/.local/lib/python3.12/site-packages/airflow/example_dags/example_sla_dag.py
[2024-06-10T20:22:13.380+0000] {processor.py:830} INFO - Processing file /home/airflow/.local/lib/python3.12/site-packages/airflow/example_dags/example_sla_dag.py for tasks to queue
[2024-06-10T20:22:13.382+0000] {logging_mixin.py:188} INFO - [2024-06-10T20:22:13.382+0000] {dagbag.py:545} INFO - Filling up the DagBag from /home/airflow/.local/lib/python3.12/site-packages/airflow/example_dags/example_sla_dag.py
[2024-06-10T20:22:13.390+0000] {processor.py:840} INFO - DAG(s) 'example_sla_dag' retrieved from /home/airflow/.local/lib/python3.12/site-packages/airflow/example_dags/example_sla_dag.py
[2024-06-10T20:22:13.407+0000] {logging_mixin.py:188} INFO - [2024-06-10T20:22:13.407+0000] {dag.py:3096} INFO - Sync 1 DAGs
[2024-06-10T20:22:13.426+0000] {logging_mixin.py:188} INFO - [2024-06-10T20:22:13.426+0000] {dag.py:3954} INFO - Setting next_dagrun for example_sla_dag to 2024-06-10 20:20:00+00:00, run_after=2024-06-10 20:22:00+00:00
[2024-06-10T20:22:13.444+0000] {processor.py:183} INFO - Processing /home/airflow/.local/lib/python3.12/site-packages/airflow/example_dags/example_sla_dag.py took 0.069 seconds
