[2024-06-10T20:11:09.920+0000] {processor.py:161} INFO - Started process (PID=52) to work on /home/airflow/.local/lib/python3.12/site-packages/airflow/example_dags/example_dag_decorator.py
[2024-06-10T20:11:09.920+0000] {processor.py:830} INFO - Processing file /home/airflow/.local/lib/python3.12/site-packages/airflow/example_dags/example_dag_decorator.py for tasks to queue
[2024-06-10T20:11:09.922+0000] {logging_mixin.py:188} INFO - [2024-06-10T20:11:09.922+0000] {dagbag.py:545} INFO - Filling up the DagBag from /home/airflow/.local/lib/python3.12/site-packages/airflow/example_dags/example_dag_decorator.py
[2024-06-10T20:11:10.201+0000] {processor.py:840} INFO - DAG(s) 'example_dag_decorator' retrieved from /home/airflow/.local/lib/python3.12/site-packages/airflow/example_dags/example_dag_decorator.py
[2024-06-10T20:11:10.414+0000] {logging_mixin.py:188} INFO - [2024-06-10T20:11:10.414+0000] {override.py:1829} INFO - Created Permission View: can delete on DAG:example_dag_decorator
[2024-06-10T20:11:10.428+0000] {logging_mixin.py:188} INFO - [2024-06-10T20:11:10.428+0000] {override.py:1829} INFO - Created Permission View: can edit on DAG:example_dag_decorator
[2024-06-10T20:11:10.438+0000] {logging_mixin.py:188} INFO - [2024-06-10T20:11:10.438+0000] {override.py:1829} INFO - Created Permission View: can read on DAG:example_dag_decorator
[2024-06-10T20:11:10.442+0000] {logging_mixin.py:188} INFO - [2024-06-10T20:11:10.442+0000] {dag.py:3096} INFO - Sync 1 DAGs
[2024-06-10T20:11:10.456+0000] {logging_mixin.py:188} INFO - [2024-06-10T20:11:10.456+0000] {dag.py:3118} INFO - Creating ORM DAG for example_dag_decorator
[2024-06-10T20:11:10.460+0000] {logging_mixin.py:188} INFO - [2024-06-10T20:11:10.460+0000] {dag.py:3954} INFO - Setting next_dagrun for example_dag_decorator to None, run_after=None
[2024-06-10T20:11:10.478+0000] {processor.py:183} INFO - Processing /home/airflow/.local/lib/python3.12/site-packages/airflow/example_dags/example_dag_decorator.py took 0.565 seconds
[2024-06-10T20:11:40.645+0000] {processor.py:161} INFO - Started process (PID=110) to work on /home/airflow/.local/lib/python3.12/site-packages/airflow/example_dags/example_dag_decorator.py
[2024-06-10T20:11:40.645+0000] {processor.py:830} INFO - Processing file /home/airflow/.local/lib/python3.12/site-packages/airflow/example_dags/example_dag_decorator.py for tasks to queue
[2024-06-10T20:11:40.647+0000] {logging_mixin.py:188} INFO - [2024-06-10T20:11:40.647+0000] {dagbag.py:545} INFO - Filling up the DagBag from /home/airflow/.local/lib/python3.12/site-packages/airflow/example_dags/example_dag_decorator.py
[2024-06-10T20:11:40.735+0000] {processor.py:840} INFO - DAG(s) 'example_dag_decorator' retrieved from /home/airflow/.local/lib/python3.12/site-packages/airflow/example_dags/example_dag_decorator.py
[2024-06-10T20:11:40.811+0000] {logging_mixin.py:188} INFO - [2024-06-10T20:11:40.810+0000] {dag.py:3096} INFO - Sync 1 DAGs
[2024-06-10T20:11:40.819+0000] {logging_mixin.py:188} INFO - [2024-06-10T20:11:40.818+0000] {dag.py:3954} INFO - Setting next_dagrun for example_dag_decorator to None, run_after=None
[2024-06-10T20:11:40.836+0000] {processor.py:183} INFO - Processing /home/airflow/.local/lib/python3.12/site-packages/airflow/example_dags/example_dag_decorator.py took 0.196 seconds
[2024-06-10T20:12:10.995+0000] {processor.py:161} INFO - Started process (PID=170) to work on /home/airflow/.local/lib/python3.12/site-packages/airflow/example_dags/example_dag_decorator.py
[2024-06-10T20:12:10.996+0000] {processor.py:830} INFO - Processing file /home/airflow/.local/lib/python3.12/site-packages/airflow/example_dags/example_dag_decorator.py for tasks to queue
[2024-06-10T20:12:10.998+0000] {logging_mixin.py:188} INFO - [2024-06-10T20:12:10.998+0000] {dagbag.py:545} INFO - Filling up the DagBag from /home/airflow/.local/lib/python3.12/site-packages/airflow/example_dags/example_dag_decorator.py
[2024-06-10T20:12:11.069+0000] {processor.py:840} INFO - DAG(s) 'example_dag_decorator' retrieved from /home/airflow/.local/lib/python3.12/site-packages/airflow/example_dags/example_dag_decorator.py
[2024-06-10T20:12:11.138+0000] {logging_mixin.py:188} INFO - [2024-06-10T20:12:11.138+0000] {dag.py:3096} INFO - Sync 1 DAGs
[2024-06-10T20:12:11.144+0000] {logging_mixin.py:188} INFO - [2024-06-10T20:12:11.144+0000] {dag.py:3954} INFO - Setting next_dagrun for example_dag_decorator to None, run_after=None
[2024-06-10T20:12:11.158+0000] {processor.py:183} INFO - Processing /home/airflow/.local/lib/python3.12/site-packages/airflow/example_dags/example_dag_decorator.py took 0.166 seconds
[2024-06-10T20:12:41.500+0000] {processor.py:161} INFO - Started process (PID=230) to work on /home/airflow/.local/lib/python3.12/site-packages/airflow/example_dags/example_dag_decorator.py
[2024-06-10T20:12:41.501+0000] {processor.py:830} INFO - Processing file /home/airflow/.local/lib/python3.12/site-packages/airflow/example_dags/example_dag_decorator.py for tasks to queue
[2024-06-10T20:12:41.504+0000] {logging_mixin.py:188} INFO - [2024-06-10T20:12:41.503+0000] {dagbag.py:545} INFO - Filling up the DagBag from /home/airflow/.local/lib/python3.12/site-packages/airflow/example_dags/example_dag_decorator.py
[2024-06-10T20:12:41.584+0000] {processor.py:840} INFO - DAG(s) 'example_dag_decorator' retrieved from /home/airflow/.local/lib/python3.12/site-packages/airflow/example_dags/example_dag_decorator.py
[2024-06-10T20:12:41.658+0000] {logging_mixin.py:188} INFO - [2024-06-10T20:12:41.658+0000] {dag.py:3096} INFO - Sync 1 DAGs
[2024-06-10T20:12:41.665+0000] {logging_mixin.py:188} INFO - [2024-06-10T20:12:41.665+0000] {dag.py:3954} INFO - Setting next_dagrun for example_dag_decorator to None, run_after=None
[2024-06-10T20:12:41.683+0000] {processor.py:183} INFO - Processing /home/airflow/.local/lib/python3.12/site-packages/airflow/example_dags/example_dag_decorator.py took 0.187 seconds
[2024-06-10T20:13:11.833+0000] {processor.py:161} INFO - Started process (PID=288) to work on /home/airflow/.local/lib/python3.12/site-packages/airflow/example_dags/example_dag_decorator.py
[2024-06-10T20:13:11.834+0000] {processor.py:830} INFO - Processing file /home/airflow/.local/lib/python3.12/site-packages/airflow/example_dags/example_dag_decorator.py for tasks to queue
[2024-06-10T20:13:11.835+0000] {logging_mixin.py:188} INFO - [2024-06-10T20:13:11.835+0000] {dagbag.py:545} INFO - Filling up the DagBag from /home/airflow/.local/lib/python3.12/site-packages/airflow/example_dags/example_dag_decorator.py
[2024-06-10T20:13:11.908+0000] {processor.py:840} INFO - DAG(s) 'example_dag_decorator' retrieved from /home/airflow/.local/lib/python3.12/site-packages/airflow/example_dags/example_dag_decorator.py
[2024-06-10T20:13:11.979+0000] {logging_mixin.py:188} INFO - [2024-06-10T20:13:11.979+0000] {dag.py:3096} INFO - Sync 1 DAGs
[2024-06-10T20:13:11.991+0000] {logging_mixin.py:188} INFO - [2024-06-10T20:13:11.990+0000] {dag.py:3954} INFO - Setting next_dagrun for example_dag_decorator to None, run_after=None
[2024-06-10T20:13:12.006+0000] {processor.py:183} INFO - Processing /home/airflow/.local/lib/python3.12/site-packages/airflow/example_dags/example_dag_decorator.py took 0.178 seconds
[2024-06-10T20:13:42.258+0000] {processor.py:161} INFO - Started process (PID=346) to work on /home/airflow/.local/lib/python3.12/site-packages/airflow/example_dags/example_dag_decorator.py
[2024-06-10T20:13:42.259+0000] {processor.py:830} INFO - Processing file /home/airflow/.local/lib/python3.12/site-packages/airflow/example_dags/example_dag_decorator.py for tasks to queue
[2024-06-10T20:13:42.261+0000] {logging_mixin.py:188} INFO - [2024-06-10T20:13:42.260+0000] {dagbag.py:545} INFO - Filling up the DagBag from /home/airflow/.local/lib/python3.12/site-packages/airflow/example_dags/example_dag_decorator.py
[2024-06-10T20:13:42.337+0000] {processor.py:840} INFO - DAG(s) 'example_dag_decorator' retrieved from /home/airflow/.local/lib/python3.12/site-packages/airflow/example_dags/example_dag_decorator.py
[2024-06-10T20:13:42.422+0000] {logging_mixin.py:188} INFO - [2024-06-10T20:13:42.422+0000] {dag.py:3096} INFO - Sync 1 DAGs
[2024-06-10T20:13:42.432+0000] {logging_mixin.py:188} INFO - [2024-06-10T20:13:42.431+0000] {dag.py:3954} INFO - Setting next_dagrun for example_dag_decorator to None, run_after=None
[2024-06-10T20:13:42.459+0000] {processor.py:183} INFO - Processing /home/airflow/.local/lib/python3.12/site-packages/airflow/example_dags/example_dag_decorator.py took 0.205 seconds
[2024-06-10T20:14:12.719+0000] {processor.py:161} INFO - Started process (PID=400) to work on /home/airflow/.local/lib/python3.12/site-packages/airflow/example_dags/example_dag_decorator.py
[2024-06-10T20:14:12.720+0000] {processor.py:830} INFO - Processing file /home/airflow/.local/lib/python3.12/site-packages/airflow/example_dags/example_dag_decorator.py for tasks to queue
[2024-06-10T20:14:12.723+0000] {logging_mixin.py:188} INFO - [2024-06-10T20:14:12.722+0000] {dagbag.py:545} INFO - Filling up the DagBag from /home/airflow/.local/lib/python3.12/site-packages/airflow/example_dags/example_dag_decorator.py
[2024-06-10T20:14:12.804+0000] {processor.py:840} INFO - DAG(s) 'example_dag_decorator' retrieved from /home/airflow/.local/lib/python3.12/site-packages/airflow/example_dags/example_dag_decorator.py
[2024-06-10T20:14:12.880+0000] {logging_mixin.py:188} INFO - [2024-06-10T20:14:12.879+0000] {dag.py:3096} INFO - Sync 1 DAGs
[2024-06-10T20:14:12.887+0000] {logging_mixin.py:188} INFO - [2024-06-10T20:14:12.887+0000] {dag.py:3954} INFO - Setting next_dagrun for example_dag_decorator to None, run_after=None
[2024-06-10T20:14:12.904+0000] {processor.py:183} INFO - Processing /home/airflow/.local/lib/python3.12/site-packages/airflow/example_dags/example_dag_decorator.py took 0.188 seconds
[2024-06-10T20:14:42.958+0000] {processor.py:161} INFO - Started process (PID=459) to work on /home/airflow/.local/lib/python3.12/site-packages/airflow/example_dags/example_dag_decorator.py
[2024-06-10T20:14:42.959+0000] {processor.py:830} INFO - Processing file /home/airflow/.local/lib/python3.12/site-packages/airflow/example_dags/example_dag_decorator.py for tasks to queue
[2024-06-10T20:14:42.961+0000] {logging_mixin.py:188} INFO - [2024-06-10T20:14:42.960+0000] {dagbag.py:545} INFO - Filling up the DagBag from /home/airflow/.local/lib/python3.12/site-packages/airflow/example_dags/example_dag_decorator.py
[2024-06-10T20:14:43.039+0000] {processor.py:840} INFO - DAG(s) 'example_dag_decorator' retrieved from /home/airflow/.local/lib/python3.12/site-packages/airflow/example_dags/example_dag_decorator.py
[2024-06-10T20:14:43.110+0000] {logging_mixin.py:188} INFO - [2024-06-10T20:14:43.110+0000] {dag.py:3096} INFO - Sync 1 DAGs
[2024-06-10T20:14:43.119+0000] {logging_mixin.py:188} INFO - [2024-06-10T20:14:43.119+0000] {dag.py:3954} INFO - Setting next_dagrun for example_dag_decorator to None, run_after=None
[2024-06-10T20:14:43.135+0000] {processor.py:183} INFO - Processing /home/airflow/.local/lib/python3.12/site-packages/airflow/example_dags/example_dag_decorator.py took 0.182 seconds
[2024-06-10T20:15:13.371+0000] {processor.py:161} INFO - Started process (PID=519) to work on /home/airflow/.local/lib/python3.12/site-packages/airflow/example_dags/example_dag_decorator.py
[2024-06-10T20:15:13.372+0000] {processor.py:830} INFO - Processing file /home/airflow/.local/lib/python3.12/site-packages/airflow/example_dags/example_dag_decorator.py for tasks to queue
[2024-06-10T20:15:13.374+0000] {logging_mixin.py:188} INFO - [2024-06-10T20:15:13.373+0000] {dagbag.py:545} INFO - Filling up the DagBag from /home/airflow/.local/lib/python3.12/site-packages/airflow/example_dags/example_dag_decorator.py
[2024-06-10T20:15:13.453+0000] {processor.py:840} INFO - DAG(s) 'example_dag_decorator' retrieved from /home/airflow/.local/lib/python3.12/site-packages/airflow/example_dags/example_dag_decorator.py
[2024-06-10T20:15:13.524+0000] {logging_mixin.py:188} INFO - [2024-06-10T20:15:13.524+0000] {dag.py:3096} INFO - Sync 1 DAGs
[2024-06-10T20:15:13.532+0000] {logging_mixin.py:188} INFO - [2024-06-10T20:15:13.531+0000] {dag.py:3954} INFO - Setting next_dagrun for example_dag_decorator to None, run_after=None
[2024-06-10T20:15:13.547+0000] {processor.py:183} INFO - Processing /home/airflow/.local/lib/python3.12/site-packages/airflow/example_dags/example_dag_decorator.py took 0.180 seconds
[2024-06-10T20:15:43.599+0000] {processor.py:161} INFO - Started process (PID=577) to work on /home/airflow/.local/lib/python3.12/site-packages/airflow/example_dags/example_dag_decorator.py
[2024-06-10T20:15:43.599+0000] {processor.py:830} INFO - Processing file /home/airflow/.local/lib/python3.12/site-packages/airflow/example_dags/example_dag_decorator.py for tasks to queue
[2024-06-10T20:15:43.601+0000] {logging_mixin.py:188} INFO - [2024-06-10T20:15:43.601+0000] {dagbag.py:545} INFO - Filling up the DagBag from /home/airflow/.local/lib/python3.12/site-packages/airflow/example_dags/example_dag_decorator.py
[2024-06-10T20:15:43.681+0000] {processor.py:840} INFO - DAG(s) 'example_dag_decorator' retrieved from /home/airflow/.local/lib/python3.12/site-packages/airflow/example_dags/example_dag_decorator.py
[2024-06-10T20:15:43.754+0000] {logging_mixin.py:188} INFO - [2024-06-10T20:15:43.754+0000] {dag.py:3096} INFO - Sync 1 DAGs
[2024-06-10T20:15:43.762+0000] {logging_mixin.py:188} INFO - [2024-06-10T20:15:43.761+0000] {dag.py:3954} INFO - Setting next_dagrun for example_dag_decorator to None, run_after=None
[2024-06-10T20:15:43.778+0000] {processor.py:183} INFO - Processing /home/airflow/.local/lib/python3.12/site-packages/airflow/example_dags/example_dag_decorator.py took 0.184 seconds
[2024-06-10T20:16:13.931+0000] {processor.py:161} INFO - Started process (PID=635) to work on /home/airflow/.local/lib/python3.12/site-packages/airflow/example_dags/example_dag_decorator.py
[2024-06-10T20:16:13.932+0000] {processor.py:830} INFO - Processing file /home/airflow/.local/lib/python3.12/site-packages/airflow/example_dags/example_dag_decorator.py for tasks to queue
[2024-06-10T20:16:13.934+0000] {logging_mixin.py:188} INFO - [2024-06-10T20:16:13.933+0000] {dagbag.py:545} INFO - Filling up the DagBag from /home/airflow/.local/lib/python3.12/site-packages/airflow/example_dags/example_dag_decorator.py
[2024-06-10T20:16:14.012+0000] {processor.py:840} INFO - DAG(s) 'example_dag_decorator' retrieved from /home/airflow/.local/lib/python3.12/site-packages/airflow/example_dags/example_dag_decorator.py
[2024-06-10T20:16:14.083+0000] {logging_mixin.py:188} INFO - [2024-06-10T20:16:14.083+0000] {dag.py:3096} INFO - Sync 1 DAGs
[2024-06-10T20:16:14.090+0000] {logging_mixin.py:188} INFO - [2024-06-10T20:16:14.090+0000] {dag.py:3954} INFO - Setting next_dagrun for example_dag_decorator to None, run_after=None
[2024-06-10T20:16:14.107+0000] {processor.py:183} INFO - Processing /home/airflow/.local/lib/python3.12/site-packages/airflow/example_dags/example_dag_decorator.py took 0.181 seconds
[2024-06-10T20:16:44.298+0000] {processor.py:161} INFO - Started process (PID=693) to work on /home/airflow/.local/lib/python3.12/site-packages/airflow/example_dags/example_dag_decorator.py
[2024-06-10T20:16:44.299+0000] {processor.py:830} INFO - Processing file /home/airflow/.local/lib/python3.12/site-packages/airflow/example_dags/example_dag_decorator.py for tasks to queue
[2024-06-10T20:16:44.301+0000] {logging_mixin.py:188} INFO - [2024-06-10T20:16:44.301+0000] {dagbag.py:545} INFO - Filling up the DagBag from /home/airflow/.local/lib/python3.12/site-packages/airflow/example_dags/example_dag_decorator.py
[2024-06-10T20:16:44.401+0000] {processor.py:840} INFO - DAG(s) 'example_dag_decorator' retrieved from /home/airflow/.local/lib/python3.12/site-packages/airflow/example_dags/example_dag_decorator.py
[2024-06-10T20:16:44.500+0000] {logging_mixin.py:188} INFO - [2024-06-10T20:16:44.500+0000] {dag.py:3096} INFO - Sync 1 DAGs
[2024-06-10T20:16:44.509+0000] {logging_mixin.py:188} INFO - [2024-06-10T20:16:44.509+0000] {dag.py:3954} INFO - Setting next_dagrun for example_dag_decorator to None, run_after=None
[2024-06-10T20:16:44.527+0000] {processor.py:183} INFO - Processing /home/airflow/.local/lib/python3.12/site-packages/airflow/example_dags/example_dag_decorator.py took 0.234 seconds
[2024-06-10T20:17:14.682+0000] {processor.py:161} INFO - Started process (PID=751) to work on /home/airflow/.local/lib/python3.12/site-packages/airflow/example_dags/example_dag_decorator.py
[2024-06-10T20:17:14.683+0000] {processor.py:830} INFO - Processing file /home/airflow/.local/lib/python3.12/site-packages/airflow/example_dags/example_dag_decorator.py for tasks to queue
[2024-06-10T20:17:14.685+0000] {logging_mixin.py:188} INFO - [2024-06-10T20:17:14.685+0000] {dagbag.py:545} INFO - Filling up the DagBag from /home/airflow/.local/lib/python3.12/site-packages/airflow/example_dags/example_dag_decorator.py
[2024-06-10T20:17:14.770+0000] {processor.py:840} INFO - DAG(s) 'example_dag_decorator' retrieved from /home/airflow/.local/lib/python3.12/site-packages/airflow/example_dags/example_dag_decorator.py
[2024-06-10T20:17:14.949+0000] {logging_mixin.py:188} INFO - [2024-06-10T20:17:14.949+0000] {dag.py:3096} INFO - Sync 1 DAGs
[2024-06-10T20:17:14.959+0000] {logging_mixin.py:188} INFO - [2024-06-10T20:17:14.959+0000] {dag.py:3954} INFO - Setting next_dagrun for example_dag_decorator to None, run_after=None
[2024-06-10T20:17:14.977+0000] {processor.py:183} INFO - Processing /home/airflow/.local/lib/python3.12/site-packages/airflow/example_dags/example_dag_decorator.py took 0.300 seconds
[2024-06-10T20:17:45.303+0000] {processor.py:161} INFO - Started process (PID=810) to work on /home/airflow/.local/lib/python3.12/site-packages/airflow/example_dags/example_dag_decorator.py
[2024-06-10T20:17:45.304+0000] {processor.py:830} INFO - Processing file /home/airflow/.local/lib/python3.12/site-packages/airflow/example_dags/example_dag_decorator.py for tasks to queue
[2024-06-10T20:17:45.306+0000] {logging_mixin.py:188} INFO - [2024-06-10T20:17:45.306+0000] {dagbag.py:545} INFO - Filling up the DagBag from /home/airflow/.local/lib/python3.12/site-packages/airflow/example_dags/example_dag_decorator.py
[2024-06-10T20:17:45.393+0000] {processor.py:840} INFO - DAG(s) 'example_dag_decorator' retrieved from /home/airflow/.local/lib/python3.12/site-packages/airflow/example_dags/example_dag_decorator.py
[2024-06-10T20:17:45.636+0000] {logging_mixin.py:188} INFO - [2024-06-10T20:17:45.636+0000] {dag.py:3096} INFO - Sync 1 DAGs
[2024-06-10T20:17:45.649+0000] {logging_mixin.py:188} INFO - [2024-06-10T20:17:45.649+0000] {dag.py:3954} INFO - Setting next_dagrun for example_dag_decorator to None, run_after=None
[2024-06-10T20:17:45.669+0000] {processor.py:183} INFO - Processing /home/airflow/.local/lib/python3.12/site-packages/airflow/example_dags/example_dag_decorator.py took 0.372 seconds
[2024-06-10T20:18:16.552+0000] {processor.py:161} INFO - Started process (PID=868) to work on /home/airflow/.local/lib/python3.12/site-packages/airflow/example_dags/example_dag_decorator.py
[2024-06-10T20:18:16.553+0000] {processor.py:830} INFO - Processing file /home/airflow/.local/lib/python3.12/site-packages/airflow/example_dags/example_dag_decorator.py for tasks to queue
[2024-06-10T20:18:16.555+0000] {logging_mixin.py:188} INFO - [2024-06-10T20:18:16.555+0000] {dagbag.py:545} INFO - Filling up the DagBag from /home/airflow/.local/lib/python3.12/site-packages/airflow/example_dags/example_dag_decorator.py
[2024-06-10T20:18:16.642+0000] {processor.py:840} INFO - DAG(s) 'example_dag_decorator' retrieved from /home/airflow/.local/lib/python3.12/site-packages/airflow/example_dags/example_dag_decorator.py
[2024-06-10T20:18:16.747+0000] {logging_mixin.py:188} INFO - [2024-06-10T20:18:16.747+0000] {dag.py:3096} INFO - Sync 1 DAGs
[2024-06-10T20:18:16.871+0000] {logging_mixin.py:188} INFO - [2024-06-10T20:18:16.871+0000] {dag.py:3954} INFO - Setting next_dagrun for example_dag_decorator to None, run_after=None
[2024-06-10T20:18:16.891+0000] {processor.py:183} INFO - Processing /home/airflow/.local/lib/python3.12/site-packages/airflow/example_dags/example_dag_decorator.py took 0.343 seconds
[2024-06-10T20:18:47.094+0000] {processor.py:161} INFO - Started process (PID=931) to work on /home/airflow/.local/lib/python3.12/site-packages/airflow/example_dags/example_dag_decorator.py
[2024-06-10T20:18:47.095+0000] {processor.py:830} INFO - Processing file /home/airflow/.local/lib/python3.12/site-packages/airflow/example_dags/example_dag_decorator.py for tasks to queue
[2024-06-10T20:18:47.097+0000] {logging_mixin.py:188} INFO - [2024-06-10T20:18:47.097+0000] {dagbag.py:545} INFO - Filling up the DagBag from /home/airflow/.local/lib/python3.12/site-packages/airflow/example_dags/example_dag_decorator.py
[2024-06-10T20:18:47.192+0000] {processor.py:840} INFO - DAG(s) 'example_dag_decorator' retrieved from /home/airflow/.local/lib/python3.12/site-packages/airflow/example_dags/example_dag_decorator.py
[2024-06-10T20:18:47.277+0000] {logging_mixin.py:188} INFO - [2024-06-10T20:18:47.277+0000] {dag.py:3096} INFO - Sync 1 DAGs
[2024-06-10T20:18:47.399+0000] {logging_mixin.py:188} INFO - [2024-06-10T20:18:47.399+0000] {dag.py:3954} INFO - Setting next_dagrun for example_dag_decorator to None, run_after=None
[2024-06-10T20:18:47.524+0000] {processor.py:183} INFO - Processing /home/airflow/.local/lib/python3.12/site-packages/airflow/example_dags/example_dag_decorator.py took 0.438 seconds
[2024-06-10T20:19:18.469+0000] {processor.py:161} INFO - Started process (PID=991) to work on /home/airflow/.local/lib/python3.12/site-packages/airflow/example_dags/example_dag_decorator.py
[2024-06-10T20:19:18.470+0000] {processor.py:830} INFO - Processing file /home/airflow/.local/lib/python3.12/site-packages/airflow/example_dags/example_dag_decorator.py for tasks to queue
[2024-06-10T20:19:18.472+0000] {logging_mixin.py:188} INFO - [2024-06-10T20:19:18.472+0000] {dagbag.py:545} INFO - Filling up the DagBag from /home/airflow/.local/lib/python3.12/site-packages/airflow/example_dags/example_dag_decorator.py
[2024-06-10T20:19:18.552+0000] {processor.py:840} INFO - DAG(s) 'example_dag_decorator' retrieved from /home/airflow/.local/lib/python3.12/site-packages/airflow/example_dags/example_dag_decorator.py
[2024-06-10T20:19:18.736+0000] {logging_mixin.py:188} INFO - [2024-06-10T20:19:18.736+0000] {dag.py:3096} INFO - Sync 1 DAGs
[2024-06-10T20:19:18.743+0000] {logging_mixin.py:188} INFO - [2024-06-10T20:19:18.743+0000] {dag.py:3954} INFO - Setting next_dagrun for example_dag_decorator to None, run_after=None
[2024-06-10T20:19:18.761+0000] {processor.py:183} INFO - Processing /home/airflow/.local/lib/python3.12/site-packages/airflow/example_dags/example_dag_decorator.py took 0.296 seconds
[2024-06-10T20:19:48.810+0000] {processor.py:161} INFO - Started process (PID=1051) to work on /home/airflow/.local/lib/python3.12/site-packages/airflow/example_dags/example_dag_decorator.py
[2024-06-10T20:19:48.811+0000] {processor.py:830} INFO - Processing file /home/airflow/.local/lib/python3.12/site-packages/airflow/example_dags/example_dag_decorator.py for tasks to queue
[2024-06-10T20:19:48.812+0000] {logging_mixin.py:188} INFO - [2024-06-10T20:19:48.812+0000] {dagbag.py:545} INFO - Filling up the DagBag from /home/airflow/.local/lib/python3.12/site-packages/airflow/example_dags/example_dag_decorator.py
[2024-06-10T20:19:48.890+0000] {processor.py:840} INFO - DAG(s) 'example_dag_decorator' retrieved from /home/airflow/.local/lib/python3.12/site-packages/airflow/example_dags/example_dag_decorator.py
[2024-06-10T20:19:49.071+0000] {logging_mixin.py:188} INFO - [2024-06-10T20:19:49.071+0000] {dag.py:3096} INFO - Sync 1 DAGs
[2024-06-10T20:19:49.078+0000] {logging_mixin.py:188} INFO - [2024-06-10T20:19:49.078+0000] {dag.py:3954} INFO - Setting next_dagrun for example_dag_decorator to None, run_after=None
[2024-06-10T20:19:49.099+0000] {processor.py:183} INFO - Processing /home/airflow/.local/lib/python3.12/site-packages/airflow/example_dags/example_dag_decorator.py took 0.294 seconds
[2024-06-10T20:20:19.285+0000] {processor.py:161} INFO - Started process (PID=1111) to work on /home/airflow/.local/lib/python3.12/site-packages/airflow/example_dags/example_dag_decorator.py
[2024-06-10T20:20:19.286+0000] {processor.py:830} INFO - Processing file /home/airflow/.local/lib/python3.12/site-packages/airflow/example_dags/example_dag_decorator.py for tasks to queue
[2024-06-10T20:20:19.293+0000] {logging_mixin.py:188} INFO - [2024-06-10T20:20:19.293+0000] {dagbag.py:545} INFO - Filling up the DagBag from /home/airflow/.local/lib/python3.12/site-packages/airflow/example_dags/example_dag_decorator.py
[2024-06-10T20:20:19.394+0000] {processor.py:840} INFO - DAG(s) 'example_dag_decorator' retrieved from /home/airflow/.local/lib/python3.12/site-packages/airflow/example_dags/example_dag_decorator.py
[2024-06-10T20:20:19.569+0000] {logging_mixin.py:188} INFO - [2024-06-10T20:20:19.569+0000] {dag.py:3096} INFO - Sync 1 DAGs
[2024-06-10T20:20:19.576+0000] {logging_mixin.py:188} INFO - [2024-06-10T20:20:19.576+0000] {dag.py:3954} INFO - Setting next_dagrun for example_dag_decorator to None, run_after=None
[2024-06-10T20:20:19.592+0000] {processor.py:183} INFO - Processing /home/airflow/.local/lib/python3.12/site-packages/airflow/example_dags/example_dag_decorator.py took 0.318 seconds
[2024-06-10T20:20:50.552+0000] {processor.py:161} INFO - Started process (PID=1169) to work on /home/airflow/.local/lib/python3.12/site-packages/airflow/example_dags/example_dag_decorator.py
[2024-06-10T20:20:50.554+0000] {processor.py:830} INFO - Processing file /home/airflow/.local/lib/python3.12/site-packages/airflow/example_dags/example_dag_decorator.py for tasks to queue
[2024-06-10T20:20:50.557+0000] {logging_mixin.py:188} INFO - [2024-06-10T20:20:50.556+0000] {dagbag.py:545} INFO - Filling up the DagBag from /home/airflow/.local/lib/python3.12/site-packages/airflow/example_dags/example_dag_decorator.py
[2024-06-10T20:20:50.641+0000] {processor.py:840} INFO - DAG(s) 'example_dag_decorator' retrieved from /home/airflow/.local/lib/python3.12/site-packages/airflow/example_dags/example_dag_decorator.py
[2024-06-10T20:20:50.810+0000] {logging_mixin.py:188} INFO - [2024-06-10T20:20:50.810+0000] {dag.py:3096} INFO - Sync 1 DAGs
[2024-06-10T20:20:50.817+0000] {logging_mixin.py:188} INFO - [2024-06-10T20:20:50.817+0000] {dag.py:3954} INFO - Setting next_dagrun for example_dag_decorator to None, run_after=None
[2024-06-10T20:20:50.832+0000] {processor.py:183} INFO - Processing /home/airflow/.local/lib/python3.12/site-packages/airflow/example_dags/example_dag_decorator.py took 0.287 seconds
[2024-06-10T20:21:20.934+0000] {processor.py:161} INFO - Started process (PID=1229) to work on /home/airflow/.local/lib/python3.12/site-packages/airflow/example_dags/example_dag_decorator.py
[2024-06-10T20:21:20.935+0000] {processor.py:830} INFO - Processing file /home/airflow/.local/lib/python3.12/site-packages/airflow/example_dags/example_dag_decorator.py for tasks to queue
[2024-06-10T20:21:20.937+0000] {logging_mixin.py:188} INFO - [2024-06-10T20:21:20.937+0000] {dagbag.py:545} INFO - Filling up the DagBag from /home/airflow/.local/lib/python3.12/site-packages/airflow/example_dags/example_dag_decorator.py
[2024-06-10T20:21:21.014+0000] {processor.py:840} INFO - DAG(s) 'example_dag_decorator' retrieved from /home/airflow/.local/lib/python3.12/site-packages/airflow/example_dags/example_dag_decorator.py
[2024-06-10T20:21:21.181+0000] {logging_mixin.py:188} INFO - [2024-06-10T20:21:21.181+0000] {dag.py:3096} INFO - Sync 1 DAGs
[2024-06-10T20:21:21.189+0000] {logging_mixin.py:188} INFO - [2024-06-10T20:21:21.188+0000] {dag.py:3954} INFO - Setting next_dagrun for example_dag_decorator to None, run_after=None
[2024-06-10T20:21:21.205+0000] {processor.py:183} INFO - Processing /home/airflow/.local/lib/python3.12/site-packages/airflow/example_dags/example_dag_decorator.py took 0.276 seconds
[2024-06-10T20:21:41.730+0000] {processor.py:161} INFO - Started process (PID=52) to work on /home/airflow/.local/lib/python3.12/site-packages/airflow/example_dags/example_dag_decorator.py
[2024-06-10T20:21:41.731+0000] {processor.py:830} INFO - Processing file /home/airflow/.local/lib/python3.12/site-packages/airflow/example_dags/example_dag_decorator.py for tasks to queue
[2024-06-10T20:21:41.733+0000] {logging_mixin.py:188} INFO - [2024-06-10T20:21:41.732+0000] {dagbag.py:545} INFO - Filling up the DagBag from /home/airflow/.local/lib/python3.12/site-packages/airflow/example_dags/example_dag_decorator.py
[2024-06-10T20:21:41.819+0000] {processor.py:840} INFO - DAG(s) 'example_dag_decorator' retrieved from /home/airflow/.local/lib/python3.12/site-packages/airflow/example_dags/example_dag_decorator.py
[2024-06-10T20:21:41.829+0000] {logging_mixin.py:188} INFO - [2024-06-10T20:21:41.829+0000] {dag.py:3096} INFO - Sync 1 DAGs
[2024-06-10T20:21:41.839+0000] {logging_mixin.py:188} INFO - [2024-06-10T20:21:41.839+0000] {dag.py:3954} INFO - Setting next_dagrun for example_dag_decorator to None, run_after=None
[2024-06-10T20:21:41.860+0000] {processor.py:183} INFO - Processing /home/airflow/.local/lib/python3.12/site-packages/airflow/example_dags/example_dag_decorator.py took 0.134 seconds
[2024-06-10T20:22:12.161+0000] {processor.py:161} INFO - Started process (PID=110) to work on /home/airflow/.local/lib/python3.12/site-packages/airflow/example_dags/example_dag_decorator.py
[2024-06-10T20:22:12.162+0000] {processor.py:830} INFO - Processing file /home/airflow/.local/lib/python3.12/site-packages/airflow/example_dags/example_dag_decorator.py for tasks to queue
[2024-06-10T20:22:12.164+0000] {logging_mixin.py:188} INFO - [2024-06-10T20:22:12.163+0000] {dagbag.py:545} INFO - Filling up the DagBag from /home/airflow/.local/lib/python3.12/site-packages/airflow/example_dags/example_dag_decorator.py
[2024-06-10T20:22:12.247+0000] {processor.py:840} INFO - DAG(s) 'example_dag_decorator' retrieved from /home/airflow/.local/lib/python3.12/site-packages/airflow/example_dags/example_dag_decorator.py
[2024-06-10T20:22:12.322+0000] {logging_mixin.py:188} INFO - [2024-06-10T20:22:12.321+0000] {dag.py:3096} INFO - Sync 1 DAGs
[2024-06-10T20:22:12.331+0000] {logging_mixin.py:188} INFO - [2024-06-10T20:22:12.331+0000] {dag.py:3954} INFO - Setting next_dagrun for example_dag_decorator to None, run_after=None
[2024-06-10T20:22:12.346+0000] {processor.py:183} INFO - Processing /home/airflow/.local/lib/python3.12/site-packages/airflow/example_dags/example_dag_decorator.py took 0.189 seconds
