[2024-06-10T20:11:16.286+0000] {processor.py:161} INFO - Started process (PID=92) to work on /home/airflow/.local/lib/python3.12/site-packages/airflow/example_dags/example_external_task_marker_dag.py
[2024-06-10T20:11:16.288+0000] {processor.py:830} INFO - Processing file /home/airflow/.local/lib/python3.12/site-packages/airflow/example_dags/example_external_task_marker_dag.py for tasks to queue
[2024-06-10T20:11:16.290+0000] {logging_mixin.py:188} INFO - [2024-06-10T20:11:16.289+0000] {dagbag.py:545} INFO - Filling up the DagBag from /home/airflow/.local/lib/python3.12/site-packages/airflow/example_dags/example_external_task_marker_dag.py
[2024-06-10T20:11:16.297+0000] {processor.py:840} INFO - DAG(s) 'example_external_task_marker_child', 'example_external_task_marker_parent' retrieved from /home/airflow/.local/lib/python3.12/site-packages/airflow/example_dags/example_external_task_marker_dag.py
[2024-06-10T20:11:16.418+0000] {logging_mixin.py:188} INFO - [2024-06-10T20:11:16.417+0000] {override.py:1829} INFO - Created Permission View: can delete on DAG:example_external_task_marker_child
[2024-06-10T20:11:16.431+0000] {logging_mixin.py:188} INFO - [2024-06-10T20:11:16.431+0000] {override.py:1829} INFO - Created Permission View: can edit on DAG:example_external_task_marker_child
[2024-06-10T20:11:16.442+0000] {logging_mixin.py:188} INFO - [2024-06-10T20:11:16.442+0000] {override.py:1829} INFO - Created Permission View: can read on DAG:example_external_task_marker_child
[2024-06-10T20:11:16.460+0000] {logging_mixin.py:188} INFO - [2024-06-10T20:11:16.460+0000] {override.py:1829} INFO - Created Permission View: can delete on DAG:example_external_task_marker_parent
[2024-06-10T20:11:16.470+0000] {logging_mixin.py:188} INFO - [2024-06-10T20:11:16.470+0000] {override.py:1829} INFO - Created Permission View: can edit on DAG:example_external_task_marker_parent
[2024-06-10T20:11:16.480+0000] {logging_mixin.py:188} INFO - [2024-06-10T20:11:16.479+0000] {override.py:1829} INFO - Created Permission View: can read on DAG:example_external_task_marker_parent
[2024-06-10T20:11:16.481+0000] {logging_mixin.py:188} INFO - [2024-06-10T20:11:16.480+0000] {dag.py:3096} INFO - Sync 2 DAGs
[2024-06-10T20:11:16.493+0000] {logging_mixin.py:188} INFO - [2024-06-10T20:11:16.492+0000] {dag.py:3118} INFO - Creating ORM DAG for example_external_task_marker_child
[2024-06-10T20:11:16.494+0000] {logging_mixin.py:188} INFO - [2024-06-10T20:11:16.494+0000] {dag.py:3118} INFO - Creating ORM DAG for example_external_task_marker_parent
[2024-06-10T20:11:16.495+0000] {logging_mixin.py:188} INFO - [2024-06-10T20:11:16.495+0000] {dag.py:3954} INFO - Setting next_dagrun for example_external_task_marker_child to None, run_after=None
[2024-06-10T20:11:16.496+0000] {logging_mixin.py:188} INFO - [2024-06-10T20:11:16.496+0000] {dag.py:3954} INFO - Setting next_dagrun for example_external_task_marker_parent to None, run_after=None
[2024-06-10T20:11:16.519+0000] {processor.py:183} INFO - Processing /home/airflow/.local/lib/python3.12/site-packages/airflow/example_dags/example_external_task_marker_dag.py took 0.238 seconds
[2024-06-10T20:11:46.682+0000] {processor.py:161} INFO - Started process (PID=150) to work on /home/airflow/.local/lib/python3.12/site-packages/airflow/example_dags/example_external_task_marker_dag.py
[2024-06-10T20:11:46.683+0000] {processor.py:830} INFO - Processing file /home/airflow/.local/lib/python3.12/site-packages/airflow/example_dags/example_external_task_marker_dag.py for tasks to queue
[2024-06-10T20:11:46.684+0000] {logging_mixin.py:188} INFO - [2024-06-10T20:11:46.684+0000] {dagbag.py:545} INFO - Filling up the DagBag from /home/airflow/.local/lib/python3.12/site-packages/airflow/example_dags/example_external_task_marker_dag.py
[2024-06-10T20:11:46.689+0000] {processor.py:840} INFO - DAG(s) 'example_external_task_marker_parent', 'example_external_task_marker_child' retrieved from /home/airflow/.local/lib/python3.12/site-packages/airflow/example_dags/example_external_task_marker_dag.py
[2024-06-10T20:11:46.706+0000] {logging_mixin.py:188} INFO - [2024-06-10T20:11:46.706+0000] {dag.py:3096} INFO - Sync 2 DAGs
[2024-06-10T20:11:46.715+0000] {logging_mixin.py:188} INFO - [2024-06-10T20:11:46.715+0000] {dag.py:3954} INFO - Setting next_dagrun for example_external_task_marker_child to None, run_after=None
[2024-06-10T20:11:46.718+0000] {logging_mixin.py:188} INFO - [2024-06-10T20:11:46.718+0000] {dag.py:3954} INFO - Setting next_dagrun for example_external_task_marker_parent to None, run_after=None
[2024-06-10T20:11:46.735+0000] {processor.py:183} INFO - Processing /home/airflow/.local/lib/python3.12/site-packages/airflow/example_dags/example_external_task_marker_dag.py took 0.057 seconds
[2024-06-10T20:12:17.057+0000] {processor.py:161} INFO - Started process (PID=208) to work on /home/airflow/.local/lib/python3.12/site-packages/airflow/example_dags/example_external_task_marker_dag.py
[2024-06-10T20:12:17.058+0000] {processor.py:830} INFO - Processing file /home/airflow/.local/lib/python3.12/site-packages/airflow/example_dags/example_external_task_marker_dag.py for tasks to queue
[2024-06-10T20:12:17.060+0000] {logging_mixin.py:188} INFO - [2024-06-10T20:12:17.060+0000] {dagbag.py:545} INFO - Filling up the DagBag from /home/airflow/.local/lib/python3.12/site-packages/airflow/example_dags/example_external_task_marker_dag.py
[2024-06-10T20:12:17.065+0000] {processor.py:840} INFO - DAG(s) 'example_external_task_marker_child', 'example_external_task_marker_parent' retrieved from /home/airflow/.local/lib/python3.12/site-packages/airflow/example_dags/example_external_task_marker_dag.py
[2024-06-10T20:12:17.085+0000] {logging_mixin.py:188} INFO - [2024-06-10T20:12:17.084+0000] {dag.py:3096} INFO - Sync 2 DAGs
[2024-06-10T20:12:17.097+0000] {logging_mixin.py:188} INFO - [2024-06-10T20:12:17.097+0000] {dag.py:3954} INFO - Setting next_dagrun for example_external_task_marker_child to None, run_after=None
[2024-06-10T20:12:17.102+0000] {logging_mixin.py:188} INFO - [2024-06-10T20:12:17.101+0000] {dag.py:3954} INFO - Setting next_dagrun for example_external_task_marker_parent to None, run_after=None
[2024-06-10T20:12:17.118+0000] {processor.py:183} INFO - Processing /home/airflow/.local/lib/python3.12/site-packages/airflow/example_dags/example_external_task_marker_dag.py took 0.066 seconds
[2024-06-10T20:12:47.352+0000] {processor.py:161} INFO - Started process (PID=266) to work on /home/airflow/.local/lib/python3.12/site-packages/airflow/example_dags/example_external_task_marker_dag.py
[2024-06-10T20:12:47.353+0000] {processor.py:830} INFO - Processing file /home/airflow/.local/lib/python3.12/site-packages/airflow/example_dags/example_external_task_marker_dag.py for tasks to queue
[2024-06-10T20:12:47.354+0000] {logging_mixin.py:188} INFO - [2024-06-10T20:12:47.354+0000] {dagbag.py:545} INFO - Filling up the DagBag from /home/airflow/.local/lib/python3.12/site-packages/airflow/example_dags/example_external_task_marker_dag.py
[2024-06-10T20:12:47.359+0000] {processor.py:840} INFO - DAG(s) 'example_external_task_marker_parent', 'example_external_task_marker_child' retrieved from /home/airflow/.local/lib/python3.12/site-packages/airflow/example_dags/example_external_task_marker_dag.py
[2024-06-10T20:12:47.402+0000] {logging_mixin.py:188} INFO - [2024-06-10T20:12:47.402+0000] {dag.py:3096} INFO - Sync 2 DAGs
[2024-06-10T20:12:47.414+0000] {logging_mixin.py:188} INFO - [2024-06-10T20:12:47.413+0000] {dag.py:3954} INFO - Setting next_dagrun for example_external_task_marker_child to None, run_after=None
[2024-06-10T20:12:47.417+0000] {logging_mixin.py:188} INFO - [2024-06-10T20:12:47.416+0000] {dag.py:3954} INFO - Setting next_dagrun for example_external_task_marker_parent to None, run_after=None
[2024-06-10T20:12:47.438+0000] {processor.py:183} INFO - Processing /home/airflow/.local/lib/python3.12/site-packages/airflow/example_dags/example_external_task_marker_dag.py took 0.091 seconds
[2024-06-10T20:13:17.692+0000] {processor.py:161} INFO - Started process (PID=324) to work on /home/airflow/.local/lib/python3.12/site-packages/airflow/example_dags/example_external_task_marker_dag.py
[2024-06-10T20:13:17.693+0000] {processor.py:830} INFO - Processing file /home/airflow/.local/lib/python3.12/site-packages/airflow/example_dags/example_external_task_marker_dag.py for tasks to queue
[2024-06-10T20:13:17.695+0000] {logging_mixin.py:188} INFO - [2024-06-10T20:13:17.695+0000] {dagbag.py:545} INFO - Filling up the DagBag from /home/airflow/.local/lib/python3.12/site-packages/airflow/example_dags/example_external_task_marker_dag.py
[2024-06-10T20:13:17.701+0000] {processor.py:840} INFO - DAG(s) 'example_external_task_marker_parent', 'example_external_task_marker_child' retrieved from /home/airflow/.local/lib/python3.12/site-packages/airflow/example_dags/example_external_task_marker_dag.py
[2024-06-10T20:13:17.727+0000] {logging_mixin.py:188} INFO - [2024-06-10T20:13:17.726+0000] {dag.py:3096} INFO - Sync 2 DAGs
[2024-06-10T20:13:17.739+0000] {logging_mixin.py:188} INFO - [2024-06-10T20:13:17.738+0000] {dag.py:3954} INFO - Setting next_dagrun for example_external_task_marker_child to None, run_after=None
[2024-06-10T20:13:17.743+0000] {logging_mixin.py:188} INFO - [2024-06-10T20:13:17.742+0000] {dag.py:3954} INFO - Setting next_dagrun for example_external_task_marker_parent to None, run_after=None
[2024-06-10T20:13:17.762+0000] {processor.py:183} INFO - Processing /home/airflow/.local/lib/python3.12/site-packages/airflow/example_dags/example_external_task_marker_dag.py took 0.075 seconds
[2024-06-10T20:13:48.237+0000] {processor.py:161} INFO - Started process (PID=382) to work on /home/airflow/.local/lib/python3.12/site-packages/airflow/example_dags/example_external_task_marker_dag.py
[2024-06-10T20:13:48.239+0000] {processor.py:830} INFO - Processing file /home/airflow/.local/lib/python3.12/site-packages/airflow/example_dags/example_external_task_marker_dag.py for tasks to queue
[2024-06-10T20:13:48.241+0000] {logging_mixin.py:188} INFO - [2024-06-10T20:13:48.241+0000] {dagbag.py:545} INFO - Filling up the DagBag from /home/airflow/.local/lib/python3.12/site-packages/airflow/example_dags/example_external_task_marker_dag.py
[2024-06-10T20:13:48.246+0000] {processor.py:840} INFO - DAG(s) 'example_external_task_marker_parent', 'example_external_task_marker_child' retrieved from /home/airflow/.local/lib/python3.12/site-packages/airflow/example_dags/example_external_task_marker_dag.py
[2024-06-10T20:13:48.267+0000] {logging_mixin.py:188} INFO - [2024-06-10T20:13:48.267+0000] {dag.py:3096} INFO - Sync 2 DAGs
[2024-06-10T20:13:48.279+0000] {logging_mixin.py:188} INFO - [2024-06-10T20:13:48.279+0000] {dag.py:3954} INFO - Setting next_dagrun for example_external_task_marker_child to None, run_after=None
[2024-06-10T20:13:48.282+0000] {logging_mixin.py:188} INFO - [2024-06-10T20:13:48.282+0000] {dag.py:3954} INFO - Setting next_dagrun for example_external_task_marker_parent to None, run_after=None
[2024-06-10T20:13:48.301+0000] {processor.py:183} INFO - Processing /home/airflow/.local/lib/python3.12/site-packages/airflow/example_dags/example_external_task_marker_dag.py took 0.070 seconds
[2024-06-10T20:14:18.914+0000] {processor.py:161} INFO - Started process (PID=440) to work on /home/airflow/.local/lib/python3.12/site-packages/airflow/example_dags/example_external_task_marker_dag.py
[2024-06-10T20:14:18.915+0000] {processor.py:830} INFO - Processing file /home/airflow/.local/lib/python3.12/site-packages/airflow/example_dags/example_external_task_marker_dag.py for tasks to queue
[2024-06-10T20:14:18.917+0000] {logging_mixin.py:188} INFO - [2024-06-10T20:14:18.917+0000] {dagbag.py:545} INFO - Filling up the DagBag from /home/airflow/.local/lib/python3.12/site-packages/airflow/example_dags/example_external_task_marker_dag.py
[2024-06-10T20:14:18.923+0000] {processor.py:840} INFO - DAG(s) 'example_external_task_marker_parent', 'example_external_task_marker_child' retrieved from /home/airflow/.local/lib/python3.12/site-packages/airflow/example_dags/example_external_task_marker_dag.py
[2024-06-10T20:14:18.950+0000] {logging_mixin.py:188} INFO - [2024-06-10T20:14:18.949+0000] {dag.py:3096} INFO - Sync 2 DAGs
[2024-06-10T20:14:18.959+0000] {logging_mixin.py:188} INFO - [2024-06-10T20:14:18.959+0000] {dag.py:3954} INFO - Setting next_dagrun for example_external_task_marker_child to None, run_after=None
[2024-06-10T20:14:18.963+0000] {logging_mixin.py:188} INFO - [2024-06-10T20:14:18.963+0000] {dag.py:3954} INFO - Setting next_dagrun for example_external_task_marker_parent to None, run_after=None
[2024-06-10T20:14:18.978+0000] {processor.py:183} INFO - Processing /home/airflow/.local/lib/python3.12/site-packages/airflow/example_dags/example_external_task_marker_dag.py took 0.068 seconds
[2024-06-10T20:14:49.856+0000] {processor.py:161} INFO - Started process (PID=498) to work on /home/airflow/.local/lib/python3.12/site-packages/airflow/example_dags/example_external_task_marker_dag.py
[2024-06-10T20:14:49.857+0000] {processor.py:830} INFO - Processing file /home/airflow/.local/lib/python3.12/site-packages/airflow/example_dags/example_external_task_marker_dag.py for tasks to queue
[2024-06-10T20:14:49.859+0000] {logging_mixin.py:188} INFO - [2024-06-10T20:14:49.859+0000] {dagbag.py:545} INFO - Filling up the DagBag from /home/airflow/.local/lib/python3.12/site-packages/airflow/example_dags/example_external_task_marker_dag.py
[2024-06-10T20:14:49.864+0000] {processor.py:840} INFO - DAG(s) 'example_external_task_marker_parent', 'example_external_task_marker_child' retrieved from /home/airflow/.local/lib/python3.12/site-packages/airflow/example_dags/example_external_task_marker_dag.py
[2024-06-10T20:14:49.882+0000] {logging_mixin.py:188} INFO - [2024-06-10T20:14:49.882+0000] {dag.py:3096} INFO - Sync 2 DAGs
[2024-06-10T20:14:49.892+0000] {logging_mixin.py:188} INFO - [2024-06-10T20:14:49.892+0000] {dag.py:3954} INFO - Setting next_dagrun for example_external_task_marker_child to None, run_after=None
[2024-06-10T20:14:49.895+0000] {logging_mixin.py:188} INFO - [2024-06-10T20:14:49.895+0000] {dag.py:3954} INFO - Setting next_dagrun for example_external_task_marker_parent to None, run_after=None
[2024-06-10T20:14:49.912+0000] {processor.py:183} INFO - Processing /home/airflow/.local/lib/python3.12/site-packages/airflow/example_dags/example_external_task_marker_dag.py took 0.061 seconds
[2024-06-10T20:15:20.274+0000] {processor.py:161} INFO - Started process (PID=556) to work on /home/airflow/.local/lib/python3.12/site-packages/airflow/example_dags/example_external_task_marker_dag.py
[2024-06-10T20:15:20.275+0000] {processor.py:830} INFO - Processing file /home/airflow/.local/lib/python3.12/site-packages/airflow/example_dags/example_external_task_marker_dag.py for tasks to queue
[2024-06-10T20:15:20.277+0000] {logging_mixin.py:188} INFO - [2024-06-10T20:15:20.276+0000] {dagbag.py:545} INFO - Filling up the DagBag from /home/airflow/.local/lib/python3.12/site-packages/airflow/example_dags/example_external_task_marker_dag.py
[2024-06-10T20:15:20.281+0000] {processor.py:840} INFO - DAG(s) 'example_external_task_marker_parent', 'example_external_task_marker_child' retrieved from /home/airflow/.local/lib/python3.12/site-packages/airflow/example_dags/example_external_task_marker_dag.py
[2024-06-10T20:15:20.298+0000] {logging_mixin.py:188} INFO - [2024-06-10T20:15:20.298+0000] {dag.py:3096} INFO - Sync 2 DAGs
[2024-06-10T20:15:20.308+0000] {logging_mixin.py:188} INFO - [2024-06-10T20:15:20.307+0000] {dag.py:3954} INFO - Setting next_dagrun for example_external_task_marker_child to None, run_after=None
[2024-06-10T20:15:20.310+0000] {logging_mixin.py:188} INFO - [2024-06-10T20:15:20.310+0000] {dag.py:3954} INFO - Setting next_dagrun for example_external_task_marker_parent to None, run_after=None
[2024-06-10T20:15:20.326+0000] {processor.py:183} INFO - Processing /home/airflow/.local/lib/python3.12/site-packages/airflow/example_dags/example_external_task_marker_dag.py took 0.056 seconds
[2024-06-10T20:15:50.447+0000] {processor.py:161} INFO - Started process (PID=614) to work on /home/airflow/.local/lib/python3.12/site-packages/airflow/example_dags/example_external_task_marker_dag.py
[2024-06-10T20:15:50.448+0000] {processor.py:830} INFO - Processing file /home/airflow/.local/lib/python3.12/site-packages/airflow/example_dags/example_external_task_marker_dag.py for tasks to queue
[2024-06-10T20:15:50.450+0000] {logging_mixin.py:188} INFO - [2024-06-10T20:15:50.450+0000] {dagbag.py:545} INFO - Filling up the DagBag from /home/airflow/.local/lib/python3.12/site-packages/airflow/example_dags/example_external_task_marker_dag.py
[2024-06-10T20:15:50.456+0000] {processor.py:840} INFO - DAG(s) 'example_external_task_marker_child', 'example_external_task_marker_parent' retrieved from /home/airflow/.local/lib/python3.12/site-packages/airflow/example_dags/example_external_task_marker_dag.py
[2024-06-10T20:15:50.474+0000] {logging_mixin.py:188} INFO - [2024-06-10T20:15:50.474+0000] {dag.py:3096} INFO - Sync 2 DAGs
[2024-06-10T20:15:50.484+0000] {logging_mixin.py:188} INFO - [2024-06-10T20:15:50.484+0000] {dag.py:3954} INFO - Setting next_dagrun for example_external_task_marker_child to None, run_after=None
[2024-06-10T20:15:50.487+0000] {logging_mixin.py:188} INFO - [2024-06-10T20:15:50.487+0000] {dag.py:3954} INFO - Setting next_dagrun for example_external_task_marker_parent to None, run_after=None
[2024-06-10T20:15:50.505+0000] {processor.py:183} INFO - Processing /home/airflow/.local/lib/python3.12/site-packages/airflow/example_dags/example_external_task_marker_dag.py took 0.061 seconds
[2024-06-10T20:16:20.790+0000] {processor.py:161} INFO - Started process (PID=672) to work on /home/airflow/.local/lib/python3.12/site-packages/airflow/example_dags/example_external_task_marker_dag.py
[2024-06-10T20:16:20.791+0000] {processor.py:830} INFO - Processing file /home/airflow/.local/lib/python3.12/site-packages/airflow/example_dags/example_external_task_marker_dag.py for tasks to queue
[2024-06-10T20:16:20.793+0000] {logging_mixin.py:188} INFO - [2024-06-10T20:16:20.793+0000] {dagbag.py:545} INFO - Filling up the DagBag from /home/airflow/.local/lib/python3.12/site-packages/airflow/example_dags/example_external_task_marker_dag.py
[2024-06-10T20:16:20.798+0000] {processor.py:840} INFO - DAG(s) 'example_external_task_marker_parent', 'example_external_task_marker_child' retrieved from /home/airflow/.local/lib/python3.12/site-packages/airflow/example_dags/example_external_task_marker_dag.py
[2024-06-10T20:16:20.815+0000] {logging_mixin.py:188} INFO - [2024-06-10T20:16:20.815+0000] {dag.py:3096} INFO - Sync 2 DAGs
[2024-06-10T20:16:20.825+0000] {logging_mixin.py:188} INFO - [2024-06-10T20:16:20.825+0000] {dag.py:3954} INFO - Setting next_dagrun for example_external_task_marker_child to None, run_after=None
[2024-06-10T20:16:20.828+0000] {logging_mixin.py:188} INFO - [2024-06-10T20:16:20.828+0000] {dag.py:3954} INFO - Setting next_dagrun for example_external_task_marker_parent to None, run_after=None
[2024-06-10T20:16:20.843+0000] {processor.py:183} INFO - Processing /home/airflow/.local/lib/python3.12/site-packages/airflow/example_dags/example_external_task_marker_dag.py took 0.057 seconds
[2024-06-10T20:16:51.277+0000] {processor.py:161} INFO - Started process (PID=730) to work on /home/airflow/.local/lib/python3.12/site-packages/airflow/example_dags/example_external_task_marker_dag.py
[2024-06-10T20:16:51.278+0000] {processor.py:830} INFO - Processing file /home/airflow/.local/lib/python3.12/site-packages/airflow/example_dags/example_external_task_marker_dag.py for tasks to queue
[2024-06-10T20:16:51.280+0000] {logging_mixin.py:188} INFO - [2024-06-10T20:16:51.280+0000] {dagbag.py:545} INFO - Filling up the DagBag from /home/airflow/.local/lib/python3.12/site-packages/airflow/example_dags/example_external_task_marker_dag.py
[2024-06-10T20:16:51.285+0000] {processor.py:840} INFO - DAG(s) 'example_external_task_marker_parent', 'example_external_task_marker_child' retrieved from /home/airflow/.local/lib/python3.12/site-packages/airflow/example_dags/example_external_task_marker_dag.py
[2024-06-10T20:16:51.303+0000] {logging_mixin.py:188} INFO - [2024-06-10T20:16:51.303+0000] {dag.py:3096} INFO - Sync 2 DAGs
[2024-06-10T20:16:51.313+0000] {logging_mixin.py:188} INFO - [2024-06-10T20:16:51.313+0000] {dag.py:3954} INFO - Setting next_dagrun for example_external_task_marker_child to None, run_after=None
[2024-06-10T20:16:51.316+0000] {logging_mixin.py:188} INFO - [2024-06-10T20:16:51.316+0000] {dag.py:3954} INFO - Setting next_dagrun for example_external_task_marker_parent to None, run_after=None
[2024-06-10T20:16:51.332+0000] {processor.py:183} INFO - Processing /home/airflow/.local/lib/python3.12/site-packages/airflow/example_dags/example_external_task_marker_dag.py took 0.059 seconds
[2024-06-10T20:17:21.716+0000] {processor.py:161} INFO - Started process (PID=788) to work on /home/airflow/.local/lib/python3.12/site-packages/airflow/example_dags/example_external_task_marker_dag.py
[2024-06-10T20:17:21.718+0000] {processor.py:830} INFO - Processing file /home/airflow/.local/lib/python3.12/site-packages/airflow/example_dags/example_external_task_marker_dag.py for tasks to queue
[2024-06-10T20:17:21.720+0000] {logging_mixin.py:188} INFO - [2024-06-10T20:17:21.720+0000] {dagbag.py:545} INFO - Filling up the DagBag from /home/airflow/.local/lib/python3.12/site-packages/airflow/example_dags/example_external_task_marker_dag.py
[2024-06-10T20:17:21.726+0000] {processor.py:840} INFO - DAG(s) 'example_external_task_marker_child', 'example_external_task_marker_parent' retrieved from /home/airflow/.local/lib/python3.12/site-packages/airflow/example_dags/example_external_task_marker_dag.py
[2024-06-10T20:17:21.743+0000] {logging_mixin.py:188} INFO - [2024-06-10T20:17:21.743+0000] {dag.py:3096} INFO - Sync 2 DAGs
[2024-06-10T20:17:21.753+0000] {logging_mixin.py:188} INFO - [2024-06-10T20:17:21.752+0000] {dag.py:3954} INFO - Setting next_dagrun for example_external_task_marker_child to None, run_after=None
[2024-06-10T20:17:21.757+0000] {logging_mixin.py:188} INFO - [2024-06-10T20:17:21.757+0000] {dag.py:3954} INFO - Setting next_dagrun for example_external_task_marker_parent to None, run_after=None
[2024-06-10T20:17:21.776+0000] {processor.py:183} INFO - Processing /home/airflow/.local/lib/python3.12/site-packages/airflow/example_dags/example_external_task_marker_dag.py took 0.069 seconds
[2024-06-10T20:17:52.356+0000] {processor.py:161} INFO - Started process (PID=846) to work on /home/airflow/.local/lib/python3.12/site-packages/airflow/example_dags/example_external_task_marker_dag.py
[2024-06-10T20:17:52.358+0000] {processor.py:830} INFO - Processing file /home/airflow/.local/lib/python3.12/site-packages/airflow/example_dags/example_external_task_marker_dag.py for tasks to queue
[2024-06-10T20:17:52.360+0000] {logging_mixin.py:188} INFO - [2024-06-10T20:17:52.360+0000] {dagbag.py:545} INFO - Filling up the DagBag from /home/airflow/.local/lib/python3.12/site-packages/airflow/example_dags/example_external_task_marker_dag.py
[2024-06-10T20:17:52.366+0000] {processor.py:840} INFO - DAG(s) 'example_external_task_marker_parent', 'example_external_task_marker_child' retrieved from /home/airflow/.local/lib/python3.12/site-packages/airflow/example_dags/example_external_task_marker_dag.py
[2024-06-10T20:17:52.389+0000] {logging_mixin.py:188} INFO - [2024-06-10T20:17:52.389+0000] {dag.py:3096} INFO - Sync 2 DAGs
[2024-06-10T20:17:52.401+0000] {logging_mixin.py:188} INFO - [2024-06-10T20:17:52.401+0000] {dag.py:3954} INFO - Setting next_dagrun for example_external_task_marker_child to None, run_after=None
[2024-06-10T20:17:52.406+0000] {logging_mixin.py:188} INFO - [2024-06-10T20:17:52.405+0000] {dag.py:3954} INFO - Setting next_dagrun for example_external_task_marker_parent to None, run_after=None
[2024-06-10T20:17:52.427+0000] {processor.py:183} INFO - Processing /home/airflow/.local/lib/python3.12/site-packages/airflow/example_dags/example_external_task_marker_dag.py took 0.077 seconds
[2024-06-10T20:18:23.366+0000] {processor.py:161} INFO - Started process (PID=903) to work on /home/airflow/.local/lib/python3.12/site-packages/airflow/example_dags/example_external_task_marker_dag.py
[2024-06-10T20:18:23.367+0000] {processor.py:830} INFO - Processing file /home/airflow/.local/lib/python3.12/site-packages/airflow/example_dags/example_external_task_marker_dag.py for tasks to queue
[2024-06-10T20:18:23.369+0000] {logging_mixin.py:188} INFO - [2024-06-10T20:18:23.369+0000] {dagbag.py:545} INFO - Filling up the DagBag from /home/airflow/.local/lib/python3.12/site-packages/airflow/example_dags/example_external_task_marker_dag.py
[2024-06-10T20:18:23.375+0000] {processor.py:840} INFO - DAG(s) 'example_external_task_marker_parent', 'example_external_task_marker_child' retrieved from /home/airflow/.local/lib/python3.12/site-packages/airflow/example_dags/example_external_task_marker_dag.py
[2024-06-10T20:18:23.392+0000] {logging_mixin.py:188} INFO - [2024-06-10T20:18:23.392+0000] {dag.py:3096} INFO - Sync 2 DAGs
[2024-06-10T20:18:23.403+0000] {logging_mixin.py:188} INFO - [2024-06-10T20:18:23.402+0000] {dag.py:3954} INFO - Setting next_dagrun for example_external_task_marker_child to None, run_after=None
[2024-06-10T20:18:23.406+0000] {logging_mixin.py:188} INFO - [2024-06-10T20:18:23.406+0000] {dag.py:3954} INFO - Setting next_dagrun for example_external_task_marker_parent to None, run_after=None
[2024-06-10T20:18:23.423+0000] {processor.py:183} INFO - Processing /home/airflow/.local/lib/python3.12/site-packages/airflow/example_dags/example_external_task_marker_dag.py took 0.061 seconds
[2024-06-10T20:18:53.546+0000] {processor.py:161} INFO - Started process (PID=961) to work on /home/airflow/.local/lib/python3.12/site-packages/airflow/example_dags/example_external_task_marker_dag.py
[2024-06-10T20:18:53.547+0000] {processor.py:830} INFO - Processing file /home/airflow/.local/lib/python3.12/site-packages/airflow/example_dags/example_external_task_marker_dag.py for tasks to queue
[2024-06-10T20:18:53.548+0000] {logging_mixin.py:188} INFO - [2024-06-10T20:18:53.548+0000] {dagbag.py:545} INFO - Filling up the DagBag from /home/airflow/.local/lib/python3.12/site-packages/airflow/example_dags/example_external_task_marker_dag.py
[2024-06-10T20:18:53.553+0000] {processor.py:840} INFO - DAG(s) 'example_external_task_marker_parent', 'example_external_task_marker_child' retrieved from /home/airflow/.local/lib/python3.12/site-packages/airflow/example_dags/example_external_task_marker_dag.py
[2024-06-10T20:18:53.571+0000] {logging_mixin.py:188} INFO - [2024-06-10T20:18:53.571+0000] {dag.py:3096} INFO - Sync 2 DAGs
[2024-06-10T20:18:53.582+0000] {logging_mixin.py:188} INFO - [2024-06-10T20:18:53.582+0000] {dag.py:3954} INFO - Setting next_dagrun for example_external_task_marker_child to None, run_after=None
[2024-06-10T20:18:53.585+0000] {logging_mixin.py:188} INFO - [2024-06-10T20:18:53.585+0000] {dag.py:3954} INFO - Setting next_dagrun for example_external_task_marker_parent to None, run_after=None
[2024-06-10T20:18:53.602+0000] {processor.py:183} INFO - Processing /home/airflow/.local/lib/python3.12/site-packages/airflow/example_dags/example_external_task_marker_dag.py took 0.061 seconds
[2024-06-10T20:19:23.916+0000] {processor.py:161} INFO - Started process (PID=1019) to work on /home/airflow/.local/lib/python3.12/site-packages/airflow/example_dags/example_external_task_marker_dag.py
[2024-06-10T20:19:23.917+0000] {processor.py:830} INFO - Processing file /home/airflow/.local/lib/python3.12/site-packages/airflow/example_dags/example_external_task_marker_dag.py for tasks to queue
[2024-06-10T20:19:23.919+0000] {logging_mixin.py:188} INFO - [2024-06-10T20:19:23.919+0000] {dagbag.py:545} INFO - Filling up the DagBag from /home/airflow/.local/lib/python3.12/site-packages/airflow/example_dags/example_external_task_marker_dag.py
[2024-06-10T20:19:23.925+0000] {processor.py:840} INFO - DAG(s) 'example_external_task_marker_child', 'example_external_task_marker_parent' retrieved from /home/airflow/.local/lib/python3.12/site-packages/airflow/example_dags/example_external_task_marker_dag.py
[2024-06-10T20:19:23.947+0000] {logging_mixin.py:188} INFO - [2024-06-10T20:19:23.946+0000] {dag.py:3096} INFO - Sync 2 DAGs
[2024-06-10T20:19:23.958+0000] {logging_mixin.py:188} INFO - [2024-06-10T20:19:23.958+0000] {dag.py:3954} INFO - Setting next_dagrun for example_external_task_marker_child to None, run_after=None
[2024-06-10T20:19:23.962+0000] {logging_mixin.py:188} INFO - [2024-06-10T20:19:23.962+0000] {dag.py:3954} INFO - Setting next_dagrun for example_external_task_marker_parent to None, run_after=None
[2024-06-10T20:19:23.981+0000] {processor.py:183} INFO - Processing /home/airflow/.local/lib/python3.12/site-packages/airflow/example_dags/example_external_task_marker_dag.py took 0.070 seconds
[2024-06-10T20:19:54.258+0000] {processor.py:161} INFO - Started process (PID=1077) to work on /home/airflow/.local/lib/python3.12/site-packages/airflow/example_dags/example_external_task_marker_dag.py
[2024-06-10T20:19:54.259+0000] {processor.py:830} INFO - Processing file /home/airflow/.local/lib/python3.12/site-packages/airflow/example_dags/example_external_task_marker_dag.py for tasks to queue
[2024-06-10T20:19:54.261+0000] {logging_mixin.py:188} INFO - [2024-06-10T20:19:54.261+0000] {dagbag.py:545} INFO - Filling up the DagBag from /home/airflow/.local/lib/python3.12/site-packages/airflow/example_dags/example_external_task_marker_dag.py
[2024-06-10T20:19:54.266+0000] {processor.py:840} INFO - DAG(s) 'example_external_task_marker_child', 'example_external_task_marker_parent' retrieved from /home/airflow/.local/lib/python3.12/site-packages/airflow/example_dags/example_external_task_marker_dag.py
[2024-06-10T20:19:54.283+0000] {logging_mixin.py:188} INFO - [2024-06-10T20:19:54.283+0000] {dag.py:3096} INFO - Sync 2 DAGs
[2024-06-10T20:19:54.294+0000] {logging_mixin.py:188} INFO - [2024-06-10T20:19:54.294+0000] {dag.py:3954} INFO - Setting next_dagrun for example_external_task_marker_child to None, run_after=None
[2024-06-10T20:19:54.297+0000] {logging_mixin.py:188} INFO - [2024-06-10T20:19:54.297+0000] {dag.py:3954} INFO - Setting next_dagrun for example_external_task_marker_parent to None, run_after=None
[2024-06-10T20:19:54.311+0000] {processor.py:183} INFO - Processing /home/airflow/.local/lib/python3.12/site-packages/airflow/example_dags/example_external_task_marker_dag.py took 0.058 seconds
[2024-06-10T20:20:24.951+0000] {processor.py:161} INFO - Started process (PID=1135) to work on /home/airflow/.local/lib/python3.12/site-packages/airflow/example_dags/example_external_task_marker_dag.py
[2024-06-10T20:20:24.952+0000] {processor.py:830} INFO - Processing file /home/airflow/.local/lib/python3.12/site-packages/airflow/example_dags/example_external_task_marker_dag.py for tasks to queue
[2024-06-10T20:20:24.954+0000] {logging_mixin.py:188} INFO - [2024-06-10T20:20:24.954+0000] {dagbag.py:545} INFO - Filling up the DagBag from /home/airflow/.local/lib/python3.12/site-packages/airflow/example_dags/example_external_task_marker_dag.py
[2024-06-10T20:20:24.959+0000] {processor.py:840} INFO - DAG(s) 'example_external_task_marker_child', 'example_external_task_marker_parent' retrieved from /home/airflow/.local/lib/python3.12/site-packages/airflow/example_dags/example_external_task_marker_dag.py
[2024-06-10T20:20:24.977+0000] {logging_mixin.py:188} INFO - [2024-06-10T20:20:24.977+0000] {dag.py:3096} INFO - Sync 2 DAGs
[2024-06-10T20:20:24.987+0000] {logging_mixin.py:188} INFO - [2024-06-10T20:20:24.987+0000] {dag.py:3954} INFO - Setting next_dagrun for example_external_task_marker_child to None, run_after=None
[2024-06-10T20:20:24.990+0000] {logging_mixin.py:188} INFO - [2024-06-10T20:20:24.990+0000] {dag.py:3954} INFO - Setting next_dagrun for example_external_task_marker_parent to None, run_after=None
[2024-06-10T20:20:25.003+0000] {processor.py:183} INFO - Processing /home/airflow/.local/lib/python3.12/site-packages/airflow/example_dags/example_external_task_marker_dag.py took 0.057 seconds
[2024-06-10T20:20:55.882+0000] {processor.py:161} INFO - Started process (PID=1193) to work on /home/airflow/.local/lib/python3.12/site-packages/airflow/example_dags/example_external_task_marker_dag.py
[2024-06-10T20:20:55.883+0000] {processor.py:830} INFO - Processing file /home/airflow/.local/lib/python3.12/site-packages/airflow/example_dags/example_external_task_marker_dag.py for tasks to queue
[2024-06-10T20:20:55.885+0000] {logging_mixin.py:188} INFO - [2024-06-10T20:20:55.885+0000] {dagbag.py:545} INFO - Filling up the DagBag from /home/airflow/.local/lib/python3.12/site-packages/airflow/example_dags/example_external_task_marker_dag.py
[2024-06-10T20:20:55.890+0000] {processor.py:840} INFO - DAG(s) 'example_external_task_marker_parent', 'example_external_task_marker_child' retrieved from /home/airflow/.local/lib/python3.12/site-packages/airflow/example_dags/example_external_task_marker_dag.py
[2024-06-10T20:20:55.911+0000] {logging_mixin.py:188} INFO - [2024-06-10T20:20:55.910+0000] {dag.py:3096} INFO - Sync 2 DAGs
[2024-06-10T20:20:55.922+0000] {logging_mixin.py:188} INFO - [2024-06-10T20:20:55.921+0000] {dag.py:3954} INFO - Setting next_dagrun for example_external_task_marker_child to None, run_after=None
[2024-06-10T20:20:55.925+0000] {logging_mixin.py:188} INFO - [2024-06-10T20:20:55.925+0000] {dag.py:3954} INFO - Setting next_dagrun for example_external_task_marker_parent to None, run_after=None
[2024-06-10T20:20:55.949+0000] {processor.py:183} INFO - Processing /home/airflow/.local/lib/python3.12/site-packages/airflow/example_dags/example_external_task_marker_dag.py took 0.072 seconds
[2024-06-10T20:21:43.961+0000] {processor.py:161} INFO - Started process (PID=86) to work on /home/airflow/.local/lib/python3.12/site-packages/airflow/example_dags/example_external_task_marker_dag.py
[2024-06-10T20:21:43.963+0000] {processor.py:830} INFO - Processing file /home/airflow/.local/lib/python3.12/site-packages/airflow/example_dags/example_external_task_marker_dag.py for tasks to queue
[2024-06-10T20:21:43.966+0000] {logging_mixin.py:188} INFO - [2024-06-10T20:21:43.966+0000] {dagbag.py:545} INFO - Filling up the DagBag from /home/airflow/.local/lib/python3.12/site-packages/airflow/example_dags/example_external_task_marker_dag.py
[2024-06-10T20:21:43.976+0000] {processor.py:840} INFO - DAG(s) 'example_external_task_marker_parent', 'example_external_task_marker_child' retrieved from /home/airflow/.local/lib/python3.12/site-packages/airflow/example_dags/example_external_task_marker_dag.py
[2024-06-10T20:21:44.024+0000] {logging_mixin.py:188} INFO - [2024-06-10T20:21:44.023+0000] {dag.py:3096} INFO - Sync 2 DAGs
[2024-06-10T20:21:44.043+0000] {logging_mixin.py:188} INFO - [2024-06-10T20:21:44.043+0000] {dag.py:3954} INFO - Setting next_dagrun for example_external_task_marker_child to None, run_after=None
[2024-06-10T20:21:44.049+0000] {logging_mixin.py:188} INFO - [2024-06-10T20:21:44.049+0000] {dag.py:3954} INFO - Setting next_dagrun for example_external_task_marker_parent to None, run_after=None
[2024-06-10T20:21:44.076+0000] {processor.py:183} INFO - Processing /home/airflow/.local/lib/python3.12/site-packages/airflow/example_dags/example_external_task_marker_dag.py took 0.123 seconds
[2024-06-10T20:22:14.311+0000] {processor.py:161} INFO - Started process (PID=144) to work on /home/airflow/.local/lib/python3.12/site-packages/airflow/example_dags/example_external_task_marker_dag.py
[2024-06-10T20:22:14.312+0000] {processor.py:830} INFO - Processing file /home/airflow/.local/lib/python3.12/site-packages/airflow/example_dags/example_external_task_marker_dag.py for tasks to queue
[2024-06-10T20:22:14.314+0000] {logging_mixin.py:188} INFO - [2024-06-10T20:22:14.314+0000] {dagbag.py:545} INFO - Filling up the DagBag from /home/airflow/.local/lib/python3.12/site-packages/airflow/example_dags/example_external_task_marker_dag.py
[2024-06-10T20:22:14.319+0000] {processor.py:840} INFO - DAG(s) 'example_external_task_marker_child', 'example_external_task_marker_parent' retrieved from /home/airflow/.local/lib/python3.12/site-packages/airflow/example_dags/example_external_task_marker_dag.py
[2024-06-10T20:22:14.343+0000] {logging_mixin.py:188} INFO - [2024-06-10T20:22:14.343+0000] {dag.py:3096} INFO - Sync 2 DAGs
[2024-06-10T20:22:14.352+0000] {logging_mixin.py:188} INFO - [2024-06-10T20:22:14.352+0000] {dag.py:3954} INFO - Setting next_dagrun for example_external_task_marker_child to None, run_after=None
[2024-06-10T20:22:14.355+0000] {logging_mixin.py:188} INFO - [2024-06-10T20:22:14.355+0000] {dag.py:3954} INFO - Setting next_dagrun for example_external_task_marker_parent to None, run_after=None
[2024-06-10T20:22:14.369+0000] {processor.py:183} INFO - Processing /home/airflow/.local/lib/python3.12/site-packages/airflow/example_dags/example_external_task_marker_dag.py took 0.062 seconds
