[2024-06-10T20:11:09.931+0000] {processor.py:161} INFO - Started process (PID=53) to work on /home/airflow/.local/lib/python3.12/site-packages/airflow/example_dags/example_display_name.py
[2024-06-10T20:11:09.932+0000] {processor.py:830} INFO - Processing file /home/airflow/.local/lib/python3.12/site-packages/airflow/example_dags/example_display_name.py for tasks to queue
[2024-06-10T20:11:09.934+0000] {logging_mixin.py:188} INFO - [2024-06-10T20:11:09.934+0000] {dagbag.py:545} INFO - Filling up the DagBag from /home/airflow/.local/lib/python3.12/site-packages/airflow/example_dags/example_display_name.py
[2024-06-10T20:11:09.942+0000] {processor.py:840} INFO - DAG(s) 'example_display_name' retrieved from /home/airflow/.local/lib/python3.12/site-packages/airflow/example_dags/example_display_name.py
[2024-06-10T20:11:10.039+0000] {logging_mixin.py:188} INFO - [2024-06-10T20:11:10.038+0000] {override.py:1829} INFO - Created Permission View: can delete on DAG:example_display_name
[2024-06-10T20:11:10.049+0000] {logging_mixin.py:188} INFO - [2024-06-10T20:11:10.049+0000] {override.py:1829} INFO - Created Permission View: can edit on DAG:example_display_name
[2024-06-10T20:11:10.073+0000] {logging_mixin.py:188} INFO - [2024-06-10T20:11:10.072+0000] {override.py:1829} INFO - Created Permission View: can read on DAG:example_display_name
[2024-06-10T20:11:10.073+0000] {logging_mixin.py:188} INFO - [2024-06-10T20:11:10.073+0000] {dag.py:3096} INFO - Sync 1 DAGs
[2024-06-10T20:11:10.083+0000] {logging_mixin.py:188} INFO - [2024-06-10T20:11:10.083+0000] {dag.py:3118} INFO - Creating ORM DAG for example_display_name
[2024-06-10T20:11:10.102+0000] {logging_mixin.py:188} INFO - [2024-06-10T20:11:10.102+0000] {dag.py:3954} INFO - Setting next_dagrun for example_display_name to None, run_after=None
[2024-06-10T20:11:10.120+0000] {processor.py:183} INFO - Processing /home/airflow/.local/lib/python3.12/site-packages/airflow/example_dags/example_display_name.py took 0.193 seconds
[2024-06-10T20:11:40.657+0000] {processor.py:161} INFO - Started process (PID=111) to work on /home/airflow/.local/lib/python3.12/site-packages/airflow/example_dags/example_display_name.py
[2024-06-10T20:11:40.658+0000] {processor.py:830} INFO - Processing file /home/airflow/.local/lib/python3.12/site-packages/airflow/example_dags/example_display_name.py for tasks to queue
[2024-06-10T20:11:40.660+0000] {logging_mixin.py:188} INFO - [2024-06-10T20:11:40.659+0000] {dagbag.py:545} INFO - Filling up the DagBag from /home/airflow/.local/lib/python3.12/site-packages/airflow/example_dags/example_display_name.py
[2024-06-10T20:11:40.664+0000] {processor.py:840} INFO - DAG(s) 'example_display_name' retrieved from /home/airflow/.local/lib/python3.12/site-packages/airflow/example_dags/example_display_name.py
[2024-06-10T20:11:40.678+0000] {logging_mixin.py:188} INFO - [2024-06-10T20:11:40.678+0000] {dag.py:3096} INFO - Sync 1 DAGs
[2024-06-10T20:11:40.687+0000] {logging_mixin.py:188} INFO - [2024-06-10T20:11:40.687+0000] {dag.py:3954} INFO - Setting next_dagrun for example_display_name to None, run_after=None
[2024-06-10T20:11:40.710+0000] {processor.py:183} INFO - Processing /home/airflow/.local/lib/python3.12/site-packages/airflow/example_dags/example_display_name.py took 0.057 seconds
[2024-06-10T20:12:10.770+0000] {processor.py:161} INFO - Started process (PID=168) to work on /home/airflow/.local/lib/python3.12/site-packages/airflow/example_dags/example_display_name.py
[2024-06-10T20:12:10.771+0000] {processor.py:830} INFO - Processing file /home/airflow/.local/lib/python3.12/site-packages/airflow/example_dags/example_display_name.py for tasks to queue
[2024-06-10T20:12:10.773+0000] {logging_mixin.py:188} INFO - [2024-06-10T20:12:10.773+0000] {dagbag.py:545} INFO - Filling up the DagBag from /home/airflow/.local/lib/python3.12/site-packages/airflow/example_dags/example_display_name.py
[2024-06-10T20:12:10.777+0000] {processor.py:840} INFO - DAG(s) 'example_display_name' retrieved from /home/airflow/.local/lib/python3.12/site-packages/airflow/example_dags/example_display_name.py
[2024-06-10T20:12:10.789+0000] {logging_mixin.py:188} INFO - [2024-06-10T20:12:10.789+0000] {dag.py:3096} INFO - Sync 1 DAGs
[2024-06-10T20:12:10.799+0000] {logging_mixin.py:188} INFO - [2024-06-10T20:12:10.799+0000] {dag.py:3954} INFO - Setting next_dagrun for example_display_name to None, run_after=None
[2024-06-10T20:12:10.816+0000] {processor.py:183} INFO - Processing /home/airflow/.local/lib/python3.12/site-packages/airflow/example_dags/example_display_name.py took 0.050 seconds
[2024-06-10T20:12:41.322+0000] {processor.py:161} INFO - Started process (PID=226) to work on /home/airflow/.local/lib/python3.12/site-packages/airflow/example_dags/example_display_name.py
[2024-06-10T20:12:41.323+0000] {processor.py:830} INFO - Processing file /home/airflow/.local/lib/python3.12/site-packages/airflow/example_dags/example_display_name.py for tasks to queue
[2024-06-10T20:12:41.325+0000] {logging_mixin.py:188} INFO - [2024-06-10T20:12:41.324+0000] {dagbag.py:545} INFO - Filling up the DagBag from /home/airflow/.local/lib/python3.12/site-packages/airflow/example_dags/example_display_name.py
[2024-06-10T20:12:41.329+0000] {processor.py:840} INFO - DAG(s) 'example_display_name' retrieved from /home/airflow/.local/lib/python3.12/site-packages/airflow/example_dags/example_display_name.py
[2024-06-10T20:12:41.344+0000] {logging_mixin.py:188} INFO - [2024-06-10T20:12:41.344+0000] {dag.py:3096} INFO - Sync 1 DAGs
[2024-06-10T20:12:41.354+0000] {logging_mixin.py:188} INFO - [2024-06-10T20:12:41.354+0000] {dag.py:3954} INFO - Setting next_dagrun for example_display_name to None, run_after=None
[2024-06-10T20:12:41.371+0000] {processor.py:183} INFO - Processing /home/airflow/.local/lib/python3.12/site-packages/airflow/example_dags/example_display_name.py took 0.053 seconds
[2024-06-10T20:13:11.660+0000] {processor.py:161} INFO - Started process (PID=284) to work on /home/airflow/.local/lib/python3.12/site-packages/airflow/example_dags/example_display_name.py
[2024-06-10T20:13:11.661+0000] {processor.py:830} INFO - Processing file /home/airflow/.local/lib/python3.12/site-packages/airflow/example_dags/example_display_name.py for tasks to queue
[2024-06-10T20:13:11.663+0000] {logging_mixin.py:188} INFO - [2024-06-10T20:13:11.662+0000] {dagbag.py:545} INFO - Filling up the DagBag from /home/airflow/.local/lib/python3.12/site-packages/airflow/example_dags/example_display_name.py
[2024-06-10T20:13:11.667+0000] {processor.py:840} INFO - DAG(s) 'example_display_name' retrieved from /home/airflow/.local/lib/python3.12/site-packages/airflow/example_dags/example_display_name.py
[2024-06-10T20:13:11.683+0000] {logging_mixin.py:188} INFO - [2024-06-10T20:13:11.683+0000] {dag.py:3096} INFO - Sync 1 DAGs
[2024-06-10T20:13:11.693+0000] {logging_mixin.py:188} INFO - [2024-06-10T20:13:11.692+0000] {dag.py:3954} INFO - Setting next_dagrun for example_display_name to None, run_after=None
[2024-06-10T20:13:11.711+0000] {processor.py:183} INFO - Processing /home/airflow/.local/lib/python3.12/site-packages/airflow/example_dags/example_display_name.py took 0.055 seconds
[2024-06-10T20:13:42.080+0000] {processor.py:161} INFO - Started process (PID=342) to work on /home/airflow/.local/lib/python3.12/site-packages/airflow/example_dags/example_display_name.py
[2024-06-10T20:13:42.081+0000] {processor.py:830} INFO - Processing file /home/airflow/.local/lib/python3.12/site-packages/airflow/example_dags/example_display_name.py for tasks to queue
[2024-06-10T20:13:42.083+0000] {logging_mixin.py:188} INFO - [2024-06-10T20:13:42.083+0000] {dagbag.py:545} INFO - Filling up the DagBag from /home/airflow/.local/lib/python3.12/site-packages/airflow/example_dags/example_display_name.py
[2024-06-10T20:13:42.088+0000] {processor.py:840} INFO - DAG(s) 'example_display_name' retrieved from /home/airflow/.local/lib/python3.12/site-packages/airflow/example_dags/example_display_name.py
[2024-06-10T20:13:42.103+0000] {logging_mixin.py:188} INFO - [2024-06-10T20:13:42.103+0000] {dag.py:3096} INFO - Sync 1 DAGs
[2024-06-10T20:13:42.113+0000] {logging_mixin.py:188} INFO - [2024-06-10T20:13:42.113+0000] {dag.py:3954} INFO - Setting next_dagrun for example_display_name to None, run_after=None
[2024-06-10T20:13:42.129+0000] {processor.py:183} INFO - Processing /home/airflow/.local/lib/python3.12/site-packages/airflow/example_dags/example_display_name.py took 0.053 seconds
[2024-06-10T20:14:12.741+0000] {processor.py:161} INFO - Started process (PID=401) to work on /home/airflow/.local/lib/python3.12/site-packages/airflow/example_dags/example_display_name.py
[2024-06-10T20:14:12.742+0000] {processor.py:830} INFO - Processing file /home/airflow/.local/lib/python3.12/site-packages/airflow/example_dags/example_display_name.py for tasks to queue
[2024-06-10T20:14:12.744+0000] {logging_mixin.py:188} INFO - [2024-06-10T20:14:12.744+0000] {dagbag.py:545} INFO - Filling up the DagBag from /home/airflow/.local/lib/python3.12/site-packages/airflow/example_dags/example_display_name.py
[2024-06-10T20:14:12.748+0000] {processor.py:840} INFO - DAG(s) 'example_display_name' retrieved from /home/airflow/.local/lib/python3.12/site-packages/airflow/example_dags/example_display_name.py
[2024-06-10T20:14:12.763+0000] {logging_mixin.py:188} INFO - [2024-06-10T20:14:12.763+0000] {dag.py:3096} INFO - Sync 1 DAGs
[2024-06-10T20:14:12.773+0000] {logging_mixin.py:188} INFO - [2024-06-10T20:14:12.773+0000] {dag.py:3954} INFO - Setting next_dagrun for example_display_name to None, run_after=None
[2024-06-10T20:14:12.793+0000] {processor.py:183} INFO - Processing /home/airflow/.local/lib/python3.12/site-packages/airflow/example_dags/example_display_name.py took 0.056 seconds
[2024-06-10T20:14:42.878+0000] {processor.py:161} INFO - Started process (PID=458) to work on /home/airflow/.local/lib/python3.12/site-packages/airflow/example_dags/example_display_name.py
[2024-06-10T20:14:42.880+0000] {processor.py:830} INFO - Processing file /home/airflow/.local/lib/python3.12/site-packages/airflow/example_dags/example_display_name.py for tasks to queue
[2024-06-10T20:14:42.881+0000] {logging_mixin.py:188} INFO - [2024-06-10T20:14:42.881+0000] {dagbag.py:545} INFO - Filling up the DagBag from /home/airflow/.local/lib/python3.12/site-packages/airflow/example_dags/example_display_name.py
[2024-06-10T20:14:42.886+0000] {processor.py:840} INFO - DAG(s) 'example_display_name' retrieved from /home/airflow/.local/lib/python3.12/site-packages/airflow/example_dags/example_display_name.py
[2024-06-10T20:14:42.899+0000] {logging_mixin.py:188} INFO - [2024-06-10T20:14:42.899+0000] {dag.py:3096} INFO - Sync 1 DAGs
[2024-06-10T20:14:42.909+0000] {logging_mixin.py:188} INFO - [2024-06-10T20:14:42.909+0000] {dag.py:3954} INFO - Setting next_dagrun for example_display_name to None, run_after=None
[2024-06-10T20:14:42.925+0000] {processor.py:183} INFO - Processing /home/airflow/.local/lib/python3.12/site-packages/airflow/example_dags/example_display_name.py took 0.051 seconds
[2024-06-10T20:15:13.266+0000] {processor.py:161} INFO - Started process (PID=516) to work on /home/airflow/.local/lib/python3.12/site-packages/airflow/example_dags/example_display_name.py
[2024-06-10T20:15:13.267+0000] {processor.py:830} INFO - Processing file /home/airflow/.local/lib/python3.12/site-packages/airflow/example_dags/example_display_name.py for tasks to queue
[2024-06-10T20:15:13.269+0000] {logging_mixin.py:188} INFO - [2024-06-10T20:15:13.268+0000] {dagbag.py:545} INFO - Filling up the DagBag from /home/airflow/.local/lib/python3.12/site-packages/airflow/example_dags/example_display_name.py
[2024-06-10T20:15:13.274+0000] {processor.py:840} INFO - DAG(s) 'example_display_name' retrieved from /home/airflow/.local/lib/python3.12/site-packages/airflow/example_dags/example_display_name.py
[2024-06-10T20:15:13.288+0000] {logging_mixin.py:188} INFO - [2024-06-10T20:15:13.288+0000] {dag.py:3096} INFO - Sync 1 DAGs
[2024-06-10T20:15:13.298+0000] {logging_mixin.py:188} INFO - [2024-06-10T20:15:13.298+0000] {dag.py:3954} INFO - Setting next_dagrun for example_display_name to None, run_after=None
[2024-06-10T20:15:13.316+0000] {processor.py:183} INFO - Processing /home/airflow/.local/lib/python3.12/site-packages/airflow/example_dags/example_display_name.py took 0.054 seconds
[2024-06-10T20:15:43.495+0000] {processor.py:161} INFO - Started process (PID=574) to work on /home/airflow/.local/lib/python3.12/site-packages/airflow/example_dags/example_display_name.py
[2024-06-10T20:15:43.496+0000] {processor.py:830} INFO - Processing file /home/airflow/.local/lib/python3.12/site-packages/airflow/example_dags/example_display_name.py for tasks to queue
[2024-06-10T20:15:43.497+0000] {logging_mixin.py:188} INFO - [2024-06-10T20:15:43.497+0000] {dagbag.py:545} INFO - Filling up the DagBag from /home/airflow/.local/lib/python3.12/site-packages/airflow/example_dags/example_display_name.py
[2024-06-10T20:15:43.502+0000] {processor.py:840} INFO - DAG(s) 'example_display_name' retrieved from /home/airflow/.local/lib/python3.12/site-packages/airflow/example_dags/example_display_name.py
[2024-06-10T20:15:43.516+0000] {logging_mixin.py:188} INFO - [2024-06-10T20:15:43.516+0000] {dag.py:3096} INFO - Sync 1 DAGs
[2024-06-10T20:15:43.525+0000] {logging_mixin.py:188} INFO - [2024-06-10T20:15:43.525+0000] {dag.py:3954} INFO - Setting next_dagrun for example_display_name to None, run_after=None
[2024-06-10T20:15:43.542+0000] {processor.py:183} INFO - Processing /home/airflow/.local/lib/python3.12/site-packages/airflow/example_dags/example_display_name.py took 0.051 seconds
[2024-06-10T20:16:13.830+0000] {processor.py:161} INFO - Started process (PID=632) to work on /home/airflow/.local/lib/python3.12/site-packages/airflow/example_dags/example_display_name.py
[2024-06-10T20:16:13.831+0000] {processor.py:830} INFO - Processing file /home/airflow/.local/lib/python3.12/site-packages/airflow/example_dags/example_display_name.py for tasks to queue
[2024-06-10T20:16:13.832+0000] {logging_mixin.py:188} INFO - [2024-06-10T20:16:13.832+0000] {dagbag.py:545} INFO - Filling up the DagBag from /home/airflow/.local/lib/python3.12/site-packages/airflow/example_dags/example_display_name.py
[2024-06-10T20:16:13.837+0000] {processor.py:840} INFO - DAG(s) 'example_display_name' retrieved from /home/airflow/.local/lib/python3.12/site-packages/airflow/example_dags/example_display_name.py
[2024-06-10T20:16:13.852+0000] {logging_mixin.py:188} INFO - [2024-06-10T20:16:13.852+0000] {dag.py:3096} INFO - Sync 1 DAGs
[2024-06-10T20:16:13.864+0000] {logging_mixin.py:188} INFO - [2024-06-10T20:16:13.863+0000] {dag.py:3954} INFO - Setting next_dagrun for example_display_name to None, run_after=None
[2024-06-10T20:16:13.882+0000] {processor.py:183} INFO - Processing /home/airflow/.local/lib/python3.12/site-packages/airflow/example_dags/example_display_name.py took 0.056 seconds
[2024-06-10T20:16:44.171+0000] {processor.py:161} INFO - Started process (PID=690) to work on /home/airflow/.local/lib/python3.12/site-packages/airflow/example_dags/example_display_name.py
[2024-06-10T20:16:44.172+0000] {processor.py:830} INFO - Processing file /home/airflow/.local/lib/python3.12/site-packages/airflow/example_dags/example_display_name.py for tasks to queue
[2024-06-10T20:16:44.174+0000] {logging_mixin.py:188} INFO - [2024-06-10T20:16:44.174+0000] {dagbag.py:545} INFO - Filling up the DagBag from /home/airflow/.local/lib/python3.12/site-packages/airflow/example_dags/example_display_name.py
[2024-06-10T20:16:44.179+0000] {processor.py:840} INFO - DAG(s) 'example_display_name' retrieved from /home/airflow/.local/lib/python3.12/site-packages/airflow/example_dags/example_display_name.py
[2024-06-10T20:16:44.197+0000] {logging_mixin.py:188} INFO - [2024-06-10T20:16:44.197+0000] {dag.py:3096} INFO - Sync 1 DAGs
[2024-06-10T20:16:44.208+0000] {logging_mixin.py:188} INFO - [2024-06-10T20:16:44.207+0000] {dag.py:3954} INFO - Setting next_dagrun for example_display_name to None, run_after=None
[2024-06-10T20:16:44.229+0000] {processor.py:183} INFO - Processing /home/airflow/.local/lib/python3.12/site-packages/airflow/example_dags/example_display_name.py took 0.063 seconds
[2024-06-10T20:17:14.591+0000] {processor.py:161} INFO - Started process (PID=748) to work on /home/airflow/.local/lib/python3.12/site-packages/airflow/example_dags/example_display_name.py
[2024-06-10T20:17:14.592+0000] {processor.py:830} INFO - Processing file /home/airflow/.local/lib/python3.12/site-packages/airflow/example_dags/example_display_name.py for tasks to queue
[2024-06-10T20:17:14.594+0000] {logging_mixin.py:188} INFO - [2024-06-10T20:17:14.594+0000] {dagbag.py:545} INFO - Filling up the DagBag from /home/airflow/.local/lib/python3.12/site-packages/airflow/example_dags/example_display_name.py
[2024-06-10T20:17:14.600+0000] {processor.py:840} INFO - DAG(s) 'example_display_name' retrieved from /home/airflow/.local/lib/python3.12/site-packages/airflow/example_dags/example_display_name.py
[2024-06-10T20:17:14.615+0000] {logging_mixin.py:188} INFO - [2024-06-10T20:17:14.615+0000] {dag.py:3096} INFO - Sync 1 DAGs
[2024-06-10T20:17:14.625+0000] {logging_mixin.py:188} INFO - [2024-06-10T20:17:14.625+0000] {dag.py:3954} INFO - Setting next_dagrun for example_display_name to None, run_after=None
[2024-06-10T20:17:14.644+0000] {processor.py:183} INFO - Processing /home/airflow/.local/lib/python3.12/site-packages/airflow/example_dags/example_display_name.py took 0.057 seconds
[2024-06-10T20:17:45.058+0000] {processor.py:161} INFO - Started process (PID=806) to work on /home/airflow/.local/lib/python3.12/site-packages/airflow/example_dags/example_display_name.py
[2024-06-10T20:17:45.059+0000] {processor.py:830} INFO - Processing file /home/airflow/.local/lib/python3.12/site-packages/airflow/example_dags/example_display_name.py for tasks to queue
[2024-06-10T20:17:45.061+0000] {logging_mixin.py:188} INFO - [2024-06-10T20:17:45.060+0000] {dagbag.py:545} INFO - Filling up the DagBag from /home/airflow/.local/lib/python3.12/site-packages/airflow/example_dags/example_display_name.py
[2024-06-10T20:17:45.069+0000] {processor.py:840} INFO - DAG(s) 'example_display_name' retrieved from /home/airflow/.local/lib/python3.12/site-packages/airflow/example_dags/example_display_name.py
[2024-06-10T20:17:45.088+0000] {logging_mixin.py:188} INFO - [2024-06-10T20:17:45.088+0000] {dag.py:3096} INFO - Sync 1 DAGs
[2024-06-10T20:17:45.102+0000] {logging_mixin.py:188} INFO - [2024-06-10T20:17:45.101+0000] {dag.py:3954} INFO - Setting next_dagrun for example_display_name to None, run_after=None
[2024-06-10T20:17:45.123+0000] {processor.py:183} INFO - Processing /home/airflow/.local/lib/python3.12/site-packages/airflow/example_dags/example_display_name.py took 0.071 seconds
[2024-06-10T20:18:15.355+0000] {processor.py:161} INFO - Started process (PID=864) to work on /home/airflow/.local/lib/python3.12/site-packages/airflow/example_dags/example_display_name.py
[2024-06-10T20:18:15.356+0000] {processor.py:830} INFO - Processing file /home/airflow/.local/lib/python3.12/site-packages/airflow/example_dags/example_display_name.py for tasks to queue
[2024-06-10T20:18:15.358+0000] {logging_mixin.py:188} INFO - [2024-06-10T20:18:15.358+0000] {dagbag.py:545} INFO - Filling up the DagBag from /home/airflow/.local/lib/python3.12/site-packages/airflow/example_dags/example_display_name.py
[2024-06-10T20:18:15.363+0000] {processor.py:840} INFO - DAG(s) 'example_display_name' retrieved from /home/airflow/.local/lib/python3.12/site-packages/airflow/example_dags/example_display_name.py
[2024-06-10T20:18:15.379+0000] {logging_mixin.py:188} INFO - [2024-06-10T20:18:15.379+0000] {dag.py:3096} INFO - Sync 1 DAGs
[2024-06-10T20:18:15.391+0000] {logging_mixin.py:188} INFO - [2024-06-10T20:18:15.390+0000] {dag.py:3954} INFO - Setting next_dagrun for example_display_name to None, run_after=None
[2024-06-10T20:18:15.412+0000] {processor.py:183} INFO - Processing /home/airflow/.local/lib/python3.12/site-packages/airflow/example_dags/example_display_name.py took 0.062 seconds
[2024-06-10T20:18:45.902+0000] {processor.py:161} INFO - Started process (PID=921) to work on /home/airflow/.local/lib/python3.12/site-packages/airflow/example_dags/example_display_name.py
[2024-06-10T20:18:45.903+0000] {processor.py:830} INFO - Processing file /home/airflow/.local/lib/python3.12/site-packages/airflow/example_dags/example_display_name.py for tasks to queue
[2024-06-10T20:18:45.905+0000] {logging_mixin.py:188} INFO - [2024-06-10T20:18:45.905+0000] {dagbag.py:545} INFO - Filling up the DagBag from /home/airflow/.local/lib/python3.12/site-packages/airflow/example_dags/example_display_name.py
[2024-06-10T20:18:45.910+0000] {processor.py:840} INFO - DAG(s) 'example_display_name' retrieved from /home/airflow/.local/lib/python3.12/site-packages/airflow/example_dags/example_display_name.py
[2024-06-10T20:18:45.926+0000] {logging_mixin.py:188} INFO - [2024-06-10T20:18:45.926+0000] {dag.py:3096} INFO - Sync 1 DAGs
[2024-06-10T20:18:45.939+0000] {logging_mixin.py:188} INFO - [2024-06-10T20:18:45.939+0000] {dag.py:3954} INFO - Setting next_dagrun for example_display_name to None, run_after=None
[2024-06-10T20:18:45.961+0000] {processor.py:183} INFO - Processing /home/airflow/.local/lib/python3.12/site-packages/airflow/example_dags/example_display_name.py took 0.064 seconds
[2024-06-10T20:19:16.054+0000] {processor.py:161} INFO - Started process (PID=979) to work on /home/airflow/.local/lib/python3.12/site-packages/airflow/example_dags/example_display_name.py
[2024-06-10T20:19:16.055+0000] {processor.py:830} INFO - Processing file /home/airflow/.local/lib/python3.12/site-packages/airflow/example_dags/example_display_name.py for tasks to queue
[2024-06-10T20:19:16.057+0000] {logging_mixin.py:188} INFO - [2024-06-10T20:19:16.057+0000] {dagbag.py:545} INFO - Filling up the DagBag from /home/airflow/.local/lib/python3.12/site-packages/airflow/example_dags/example_display_name.py
[2024-06-10T20:19:16.062+0000] {processor.py:840} INFO - DAG(s) 'example_display_name' retrieved from /home/airflow/.local/lib/python3.12/site-packages/airflow/example_dags/example_display_name.py
[2024-06-10T20:19:16.078+0000] {logging_mixin.py:188} INFO - [2024-06-10T20:19:16.077+0000] {dag.py:3096} INFO - Sync 1 DAGs
[2024-06-10T20:19:16.088+0000] {logging_mixin.py:188} INFO - [2024-06-10T20:19:16.088+0000] {dag.py:3954} INFO - Setting next_dagrun for example_display_name to None, run_after=None
[2024-06-10T20:19:16.108+0000] {processor.py:183} INFO - Processing /home/airflow/.local/lib/python3.12/site-packages/airflow/example_dags/example_display_name.py took 0.058 seconds
[2024-06-10T20:19:46.280+0000] {processor.py:161} INFO - Started process (PID=1037) to work on /home/airflow/.local/lib/python3.12/site-packages/airflow/example_dags/example_display_name.py
[2024-06-10T20:19:46.281+0000] {processor.py:830} INFO - Processing file /home/airflow/.local/lib/python3.12/site-packages/airflow/example_dags/example_display_name.py for tasks to queue
[2024-06-10T20:19:46.282+0000] {logging_mixin.py:188} INFO - [2024-06-10T20:19:46.282+0000] {dagbag.py:545} INFO - Filling up the DagBag from /home/airflow/.local/lib/python3.12/site-packages/airflow/example_dags/example_display_name.py
[2024-06-10T20:19:46.287+0000] {processor.py:840} INFO - DAG(s) 'example_display_name' retrieved from /home/airflow/.local/lib/python3.12/site-packages/airflow/example_dags/example_display_name.py
[2024-06-10T20:19:46.300+0000] {logging_mixin.py:188} INFO - [2024-06-10T20:19:46.300+0000] {dag.py:3096} INFO - Sync 1 DAGs
[2024-06-10T20:19:46.320+0000] {logging_mixin.py:188} INFO - [2024-06-10T20:19:46.320+0000] {dag.py:3954} INFO - Setting next_dagrun for example_display_name to None, run_after=None
[2024-06-10T20:19:46.339+0000] {processor.py:183} INFO - Processing /home/airflow/.local/lib/python3.12/site-packages/airflow/example_dags/example_display_name.py took 0.063 seconds
[2024-06-10T20:20:16.754+0000] {processor.py:161} INFO - Started process (PID=1095) to work on /home/airflow/.local/lib/python3.12/site-packages/airflow/example_dags/example_display_name.py
[2024-06-10T20:20:16.755+0000] {processor.py:830} INFO - Processing file /home/airflow/.local/lib/python3.12/site-packages/airflow/example_dags/example_display_name.py for tasks to queue
[2024-06-10T20:20:16.757+0000] {logging_mixin.py:188} INFO - [2024-06-10T20:20:16.756+0000] {dagbag.py:545} INFO - Filling up the DagBag from /home/airflow/.local/lib/python3.12/site-packages/airflow/example_dags/example_display_name.py
[2024-06-10T20:20:16.762+0000] {processor.py:840} INFO - DAG(s) 'example_display_name' retrieved from /home/airflow/.local/lib/python3.12/site-packages/airflow/example_dags/example_display_name.py
[2024-06-10T20:20:16.776+0000] {logging_mixin.py:188} INFO - [2024-06-10T20:20:16.776+0000] {dag.py:3096} INFO - Sync 1 DAGs
[2024-06-10T20:20:16.785+0000] {logging_mixin.py:188} INFO - [2024-06-10T20:20:16.785+0000] {dag.py:3954} INFO - Setting next_dagrun for example_display_name to None, run_after=None
[2024-06-10T20:20:16.804+0000] {processor.py:183} INFO - Processing /home/airflow/.local/lib/python3.12/site-packages/airflow/example_dags/example_display_name.py took 0.055 seconds
[2024-06-10T20:20:46.897+0000] {processor.py:161} INFO - Started process (PID=1153) to work on /home/airflow/.local/lib/python3.12/site-packages/airflow/example_dags/example_display_name.py
[2024-06-10T20:20:46.898+0000] {processor.py:830} INFO - Processing file /home/airflow/.local/lib/python3.12/site-packages/airflow/example_dags/example_display_name.py for tasks to queue
[2024-06-10T20:20:46.900+0000] {logging_mixin.py:188} INFO - [2024-06-10T20:20:46.899+0000] {dagbag.py:545} INFO - Filling up the DagBag from /home/airflow/.local/lib/python3.12/site-packages/airflow/example_dags/example_display_name.py
[2024-06-10T20:20:46.905+0000] {processor.py:840} INFO - DAG(s) 'example_display_name' retrieved from /home/airflow/.local/lib/python3.12/site-packages/airflow/example_dags/example_display_name.py
[2024-06-10T20:20:46.919+0000] {logging_mixin.py:188} INFO - [2024-06-10T20:20:46.919+0000] {dag.py:3096} INFO - Sync 1 DAGs
[2024-06-10T20:20:46.928+0000] {logging_mixin.py:188} INFO - [2024-06-10T20:20:46.928+0000] {dag.py:3954} INFO - Setting next_dagrun for example_display_name to None, run_after=None
[2024-06-10T20:20:46.944+0000] {processor.py:183} INFO - Processing /home/airflow/.local/lib/python3.12/site-packages/airflow/example_dags/example_display_name.py took 0.052 seconds
[2024-06-10T20:21:17.278+0000] {processor.py:161} INFO - Started process (PID=1211) to work on /home/airflow/.local/lib/python3.12/site-packages/airflow/example_dags/example_display_name.py
[2024-06-10T20:21:17.279+0000] {processor.py:830} INFO - Processing file /home/airflow/.local/lib/python3.12/site-packages/airflow/example_dags/example_display_name.py for tasks to queue
[2024-06-10T20:21:17.281+0000] {logging_mixin.py:188} INFO - [2024-06-10T20:21:17.281+0000] {dagbag.py:545} INFO - Filling up the DagBag from /home/airflow/.local/lib/python3.12/site-packages/airflow/example_dags/example_display_name.py
[2024-06-10T20:21:17.286+0000] {processor.py:840} INFO - DAG(s) 'example_display_name' retrieved from /home/airflow/.local/lib/python3.12/site-packages/airflow/example_dags/example_display_name.py
[2024-06-10T20:21:17.319+0000] {logging_mixin.py:188} INFO - [2024-06-10T20:21:17.319+0000] {dag.py:3096} INFO - Sync 1 DAGs
[2024-06-10T20:21:17.333+0000] {logging_mixin.py:188} INFO - [2024-06-10T20:21:17.333+0000] {dag.py:3954} INFO - Setting next_dagrun for example_display_name to None, run_after=None
[2024-06-10T20:21:17.352+0000] {processor.py:183} INFO - Processing /home/airflow/.local/lib/python3.12/site-packages/airflow/example_dags/example_display_name.py took 0.079 seconds
[2024-06-10T20:21:41.815+0000] {processor.py:161} INFO - Started process (PID=53) to work on /home/airflow/.local/lib/python3.12/site-packages/airflow/example_dags/example_display_name.py
[2024-06-10T20:21:41.816+0000] {processor.py:830} INFO - Processing file /home/airflow/.local/lib/python3.12/site-packages/airflow/example_dags/example_display_name.py for tasks to queue
[2024-06-10T20:21:41.818+0000] {logging_mixin.py:188} INFO - [2024-06-10T20:21:41.818+0000] {dagbag.py:545} INFO - Filling up the DagBag from /home/airflow/.local/lib/python3.12/site-packages/airflow/example_dags/example_display_name.py
[2024-06-10T20:21:41.825+0000] {processor.py:840} INFO - DAG(s) 'example_display_name' retrieved from /home/airflow/.local/lib/python3.12/site-packages/airflow/example_dags/example_display_name.py
[2024-06-10T20:21:41.848+0000] {logging_mixin.py:188} INFO - [2024-06-10T20:21:41.848+0000] {dag.py:3096} INFO - Sync 1 DAGs
[2024-06-10T20:21:41.861+0000] {logging_mixin.py:188} INFO - [2024-06-10T20:21:41.861+0000] {dag.py:3954} INFO - Setting next_dagrun for example_display_name to None, run_after=None
[2024-06-10T20:21:41.880+0000] {processor.py:183} INFO - Processing /home/airflow/.local/lib/python3.12/site-packages/airflow/example_dags/example_display_name.py took 0.069 seconds
[2024-06-10T20:22:12.180+0000] {processor.py:161} INFO - Started process (PID=111) to work on /home/airflow/.local/lib/python3.12/site-packages/airflow/example_dags/example_display_name.py
[2024-06-10T20:22:12.181+0000] {processor.py:830} INFO - Processing file /home/airflow/.local/lib/python3.12/site-packages/airflow/example_dags/example_display_name.py for tasks to queue
[2024-06-10T20:22:12.182+0000] {logging_mixin.py:188} INFO - [2024-06-10T20:22:12.182+0000] {dagbag.py:545} INFO - Filling up the DagBag from /home/airflow/.local/lib/python3.12/site-packages/airflow/example_dags/example_display_name.py
[2024-06-10T20:22:12.187+0000] {processor.py:840} INFO - DAG(s) 'example_display_name' retrieved from /home/airflow/.local/lib/python3.12/site-packages/airflow/example_dags/example_display_name.py
[2024-06-10T20:22:12.204+0000] {logging_mixin.py:188} INFO - [2024-06-10T20:22:12.203+0000] {dag.py:3096} INFO - Sync 1 DAGs
[2024-06-10T20:22:12.214+0000] {logging_mixin.py:188} INFO - [2024-06-10T20:22:12.214+0000] {dag.py:3954} INFO - Setting next_dagrun for example_display_name to None, run_after=None
[2024-06-10T20:22:12.236+0000] {processor.py:183} INFO - Processing /home/airflow/.local/lib/python3.12/site-packages/airflow/example_dags/example_display_name.py took 0.060 seconds
