[2024-06-10T20:11:11.456+0000] {processor.py:161} INFO - Started process (PID=60) to work on /home/airflow/.local/lib/python3.12/site-packages/airflow/example_dags/example_params_trigger_ui.py
[2024-06-10T20:11:11.457+0000] {processor.py:830} INFO - Processing file /home/airflow/.local/lib/python3.12/site-packages/airflow/example_dags/example_params_trigger_ui.py for tasks to queue
[2024-06-10T20:11:11.459+0000] {logging_mixin.py:188} INFO - [2024-06-10T20:11:11.459+0000] {dagbag.py:545} INFO - Filling up the DagBag from /home/airflow/.local/lib/python3.12/site-packages/airflow/example_dags/example_params_trigger_ui.py
[2024-06-10T20:11:11.472+0000] {processor.py:840} INFO - DAG(s) 'example_params_trigger_ui' retrieved from /home/airflow/.local/lib/python3.12/site-packages/airflow/example_dags/example_params_trigger_ui.py
[2024-06-10T20:11:11.645+0000] {logging_mixin.py:188} INFO - [2024-06-10T20:11:11.644+0000] {override.py:1829} INFO - Created Permission View: can delete on DAG:example_params_trigger_ui
[2024-06-10T20:11:11.680+0000] {logging_mixin.py:188} INFO - [2024-06-10T20:11:11.680+0000] {override.py:1829} INFO - Created Permission View: can edit on DAG:example_params_trigger_ui
[2024-06-10T20:11:11.687+0000] {logging_mixin.py:188} INFO - [2024-06-10T20:11:11.687+0000] {override.py:1829} INFO - Created Permission View: can read on DAG:example_params_trigger_ui
[2024-06-10T20:11:11.688+0000] {logging_mixin.py:188} INFO - [2024-06-10T20:11:11.688+0000] {dag.py:3096} INFO - Sync 1 DAGs
[2024-06-10T20:11:11.697+0000] {logging_mixin.py:188} INFO - [2024-06-10T20:11:11.697+0000] {dag.py:3118} INFO - Creating ORM DAG for example_params_trigger_ui
[2024-06-10T20:11:11.699+0000] {logging_mixin.py:188} INFO - [2024-06-10T20:11:11.699+0000] {dag.py:3954} INFO - Setting next_dagrun for example_params_trigger_ui to None, run_after=None
[2024-06-10T20:11:11.719+0000] {processor.py:183} INFO - Processing /home/airflow/.local/lib/python3.12/site-packages/airflow/example_dags/example_params_trigger_ui.py took 0.267 seconds
[2024-06-10T20:11:42.087+0000] {processor.py:161} INFO - Started process (PID=118) to work on /home/airflow/.local/lib/python3.12/site-packages/airflow/example_dags/example_params_trigger_ui.py
[2024-06-10T20:11:42.088+0000] {processor.py:830} INFO - Processing file /home/airflow/.local/lib/python3.12/site-packages/airflow/example_dags/example_params_trigger_ui.py for tasks to queue
[2024-06-10T20:11:42.090+0000] {logging_mixin.py:188} INFO - [2024-06-10T20:11:42.090+0000] {dagbag.py:545} INFO - Filling up the DagBag from /home/airflow/.local/lib/python3.12/site-packages/airflow/example_dags/example_params_trigger_ui.py
[2024-06-10T20:11:42.100+0000] {processor.py:840} INFO - DAG(s) 'example_params_trigger_ui' retrieved from /home/airflow/.local/lib/python3.12/site-packages/airflow/example_dags/example_params_trigger_ui.py
[2024-06-10T20:11:42.134+0000] {logging_mixin.py:188} INFO - [2024-06-10T20:11:42.134+0000] {dag.py:3096} INFO - Sync 1 DAGs
[2024-06-10T20:11:42.144+0000] {logging_mixin.py:188} INFO - [2024-06-10T20:11:42.144+0000] {dag.py:3954} INFO - Setting next_dagrun for example_params_trigger_ui to None, run_after=None
[2024-06-10T20:11:42.162+0000] {processor.py:183} INFO - Processing /home/airflow/.local/lib/python3.12/site-packages/airflow/example_dags/example_params_trigger_ui.py took 0.079 seconds
[2024-06-10T20:12:12.374+0000] {processor.py:161} INFO - Started process (PID=176) to work on /home/airflow/.local/lib/python3.12/site-packages/airflow/example_dags/example_params_trigger_ui.py
[2024-06-10T20:12:12.376+0000] {processor.py:830} INFO - Processing file /home/airflow/.local/lib/python3.12/site-packages/airflow/example_dags/example_params_trigger_ui.py for tasks to queue
[2024-06-10T20:12:12.378+0000] {logging_mixin.py:188} INFO - [2024-06-10T20:12:12.377+0000] {dagbag.py:545} INFO - Filling up the DagBag from /home/airflow/.local/lib/python3.12/site-packages/airflow/example_dags/example_params_trigger_ui.py
[2024-06-10T20:12:12.392+0000] {processor.py:840} INFO - DAG(s) 'example_params_trigger_ui' retrieved from /home/airflow/.local/lib/python3.12/site-packages/airflow/example_dags/example_params_trigger_ui.py
[2024-06-10T20:12:12.435+0000] {logging_mixin.py:188} INFO - [2024-06-10T20:12:12.435+0000] {dag.py:3096} INFO - Sync 1 DAGs
[2024-06-10T20:12:12.448+0000] {logging_mixin.py:188} INFO - [2024-06-10T20:12:12.448+0000] {dag.py:3954} INFO - Setting next_dagrun for example_params_trigger_ui to None, run_after=None
[2024-06-10T20:12:12.465+0000] {processor.py:183} INFO - Processing /home/airflow/.local/lib/python3.12/site-packages/airflow/example_dags/example_params_trigger_ui.py took 0.097 seconds
[2024-06-10T20:12:42.693+0000] {processor.py:161} INFO - Started process (PID=234) to work on /home/airflow/.local/lib/python3.12/site-packages/airflow/example_dags/example_params_trigger_ui.py
[2024-06-10T20:12:42.695+0000] {processor.py:830} INFO - Processing file /home/airflow/.local/lib/python3.12/site-packages/airflow/example_dags/example_params_trigger_ui.py for tasks to queue
[2024-06-10T20:12:42.697+0000] {logging_mixin.py:188} INFO - [2024-06-10T20:12:42.697+0000] {dagbag.py:545} INFO - Filling up the DagBag from /home/airflow/.local/lib/python3.12/site-packages/airflow/example_dags/example_params_trigger_ui.py
[2024-06-10T20:12:42.710+0000] {processor.py:840} INFO - DAG(s) 'example_params_trigger_ui' retrieved from /home/airflow/.local/lib/python3.12/site-packages/airflow/example_dags/example_params_trigger_ui.py
[2024-06-10T20:12:42.746+0000] {logging_mixin.py:188} INFO - [2024-06-10T20:12:42.746+0000] {dag.py:3096} INFO - Sync 1 DAGs
[2024-06-10T20:12:42.758+0000] {logging_mixin.py:188} INFO - [2024-06-10T20:12:42.758+0000] {dag.py:3954} INFO - Setting next_dagrun for example_params_trigger_ui to None, run_after=None
[2024-06-10T20:12:42.778+0000] {processor.py:183} INFO - Processing /home/airflow/.local/lib/python3.12/site-packages/airflow/example_dags/example_params_trigger_ui.py took 0.089 seconds
[2024-06-10T20:13:13.044+0000] {processor.py:161} INFO - Started process (PID=292) to work on /home/airflow/.local/lib/python3.12/site-packages/airflow/example_dags/example_params_trigger_ui.py
[2024-06-10T20:13:13.045+0000] {processor.py:830} INFO - Processing file /home/airflow/.local/lib/python3.12/site-packages/airflow/example_dags/example_params_trigger_ui.py for tasks to queue
[2024-06-10T20:13:13.047+0000] {logging_mixin.py:188} INFO - [2024-06-10T20:13:13.046+0000] {dagbag.py:545} INFO - Filling up the DagBag from /home/airflow/.local/lib/python3.12/site-packages/airflow/example_dags/example_params_trigger_ui.py
[2024-06-10T20:13:13.057+0000] {processor.py:840} INFO - DAG(s) 'example_params_trigger_ui' retrieved from /home/airflow/.local/lib/python3.12/site-packages/airflow/example_dags/example_params_trigger_ui.py
[2024-06-10T20:13:13.090+0000] {logging_mixin.py:188} INFO - [2024-06-10T20:13:13.090+0000] {dag.py:3096} INFO - Sync 1 DAGs
[2024-06-10T20:13:13.101+0000] {logging_mixin.py:188} INFO - [2024-06-10T20:13:13.101+0000] {dag.py:3954} INFO - Setting next_dagrun for example_params_trigger_ui to None, run_after=None
[2024-06-10T20:13:13.119+0000] {processor.py:183} INFO - Processing /home/airflow/.local/lib/python3.12/site-packages/airflow/example_dags/example_params_trigger_ui.py took 0.079 seconds
[2024-06-10T20:13:43.480+0000] {processor.py:161} INFO - Started process (PID=350) to work on /home/airflow/.local/lib/python3.12/site-packages/airflow/example_dags/example_params_trigger_ui.py
[2024-06-10T20:13:43.481+0000] {processor.py:830} INFO - Processing file /home/airflow/.local/lib/python3.12/site-packages/airflow/example_dags/example_params_trigger_ui.py for tasks to queue
[2024-06-10T20:13:43.483+0000] {logging_mixin.py:188} INFO - [2024-06-10T20:13:43.482+0000] {dagbag.py:545} INFO - Filling up the DagBag from /home/airflow/.local/lib/python3.12/site-packages/airflow/example_dags/example_params_trigger_ui.py
[2024-06-10T20:13:43.493+0000] {processor.py:840} INFO - DAG(s) 'example_params_trigger_ui' retrieved from /home/airflow/.local/lib/python3.12/site-packages/airflow/example_dags/example_params_trigger_ui.py
[2024-06-10T20:13:43.528+0000] {logging_mixin.py:188} INFO - [2024-06-10T20:13:43.528+0000] {dag.py:3096} INFO - Sync 1 DAGs
[2024-06-10T20:13:43.539+0000] {logging_mixin.py:188} INFO - [2024-06-10T20:13:43.539+0000] {dag.py:3954} INFO - Setting next_dagrun for example_params_trigger_ui to None, run_after=None
[2024-06-10T20:13:43.558+0000] {processor.py:183} INFO - Processing /home/airflow/.local/lib/python3.12/site-packages/airflow/example_dags/example_params_trigger_ui.py took 0.083 seconds
[2024-06-10T20:14:14.191+0000] {processor.py:161} INFO - Started process (PID=408) to work on /home/airflow/.local/lib/python3.12/site-packages/airflow/example_dags/example_params_trigger_ui.py
[2024-06-10T20:14:14.200+0000] {processor.py:830} INFO - Processing file /home/airflow/.local/lib/python3.12/site-packages/airflow/example_dags/example_params_trigger_ui.py for tasks to queue
[2024-06-10T20:14:14.202+0000] {logging_mixin.py:188} INFO - [2024-06-10T20:14:14.202+0000] {dagbag.py:545} INFO - Filling up the DagBag from /home/airflow/.local/lib/python3.12/site-packages/airflow/example_dags/example_params_trigger_ui.py
[2024-06-10T20:14:14.222+0000] {processor.py:840} INFO - DAG(s) 'example_params_trigger_ui' retrieved from /home/airflow/.local/lib/python3.12/site-packages/airflow/example_dags/example_params_trigger_ui.py
[2024-06-10T20:14:14.263+0000] {logging_mixin.py:188} INFO - [2024-06-10T20:14:14.263+0000] {dag.py:3096} INFO - Sync 1 DAGs
[2024-06-10T20:14:14.274+0000] {logging_mixin.py:188} INFO - [2024-06-10T20:14:14.274+0000] {dag.py:3954} INFO - Setting next_dagrun for example_params_trigger_ui to None, run_after=None
[2024-06-10T20:14:14.292+0000] {processor.py:183} INFO - Processing /home/airflow/.local/lib/python3.12/site-packages/airflow/example_dags/example_params_trigger_ui.py took 0.106 seconds
[2024-06-10T20:14:44.405+0000] {processor.py:161} INFO - Started process (PID=466) to work on /home/airflow/.local/lib/python3.12/site-packages/airflow/example_dags/example_params_trigger_ui.py
[2024-06-10T20:14:44.406+0000] {processor.py:830} INFO - Processing file /home/airflow/.local/lib/python3.12/site-packages/airflow/example_dags/example_params_trigger_ui.py for tasks to queue
[2024-06-10T20:14:44.407+0000] {logging_mixin.py:188} INFO - [2024-06-10T20:14:44.407+0000] {dagbag.py:545} INFO - Filling up the DagBag from /home/airflow/.local/lib/python3.12/site-packages/airflow/example_dags/example_params_trigger_ui.py
[2024-06-10T20:14:44.422+0000] {processor.py:840} INFO - DAG(s) 'example_params_trigger_ui' retrieved from /home/airflow/.local/lib/python3.12/site-packages/airflow/example_dags/example_params_trigger_ui.py
[2024-06-10T20:14:44.457+0000] {logging_mixin.py:188} INFO - [2024-06-10T20:14:44.457+0000] {dag.py:3096} INFO - Sync 1 DAGs
[2024-06-10T20:14:44.468+0000] {logging_mixin.py:188} INFO - [2024-06-10T20:14:44.468+0000] {dag.py:3954} INFO - Setting next_dagrun for example_params_trigger_ui to None, run_after=None
[2024-06-10T20:14:44.487+0000] {processor.py:183} INFO - Processing /home/airflow/.local/lib/python3.12/site-packages/airflow/example_dags/example_params_trigger_ui.py took 0.087 seconds
[2024-06-10T20:15:14.709+0000] {processor.py:161} INFO - Started process (PID=524) to work on /home/airflow/.local/lib/python3.12/site-packages/airflow/example_dags/example_params_trigger_ui.py
[2024-06-10T20:15:14.710+0000] {processor.py:830} INFO - Processing file /home/airflow/.local/lib/python3.12/site-packages/airflow/example_dags/example_params_trigger_ui.py for tasks to queue
[2024-06-10T20:15:14.711+0000] {logging_mixin.py:188} INFO - [2024-06-10T20:15:14.711+0000] {dagbag.py:545} INFO - Filling up the DagBag from /home/airflow/.local/lib/python3.12/site-packages/airflow/example_dags/example_params_trigger_ui.py
[2024-06-10T20:15:14.722+0000] {processor.py:840} INFO - DAG(s) 'example_params_trigger_ui' retrieved from /home/airflow/.local/lib/python3.12/site-packages/airflow/example_dags/example_params_trigger_ui.py
[2024-06-10T20:15:14.754+0000] {logging_mixin.py:188} INFO - [2024-06-10T20:15:14.754+0000] {dag.py:3096} INFO - Sync 1 DAGs
[2024-06-10T20:15:14.763+0000] {logging_mixin.py:188} INFO - [2024-06-10T20:15:14.763+0000] {dag.py:3954} INFO - Setting next_dagrun for example_params_trigger_ui to None, run_after=None
[2024-06-10T20:15:14.779+0000] {processor.py:183} INFO - Processing /home/airflow/.local/lib/python3.12/site-packages/airflow/example_dags/example_params_trigger_ui.py took 0.075 seconds
[2024-06-10T20:15:44.931+0000] {processor.py:161} INFO - Started process (PID=582) to work on /home/airflow/.local/lib/python3.12/site-packages/airflow/example_dags/example_params_trigger_ui.py
[2024-06-10T20:15:44.932+0000] {processor.py:830} INFO - Processing file /home/airflow/.local/lib/python3.12/site-packages/airflow/example_dags/example_params_trigger_ui.py for tasks to queue
[2024-06-10T20:15:44.934+0000] {logging_mixin.py:188} INFO - [2024-06-10T20:15:44.934+0000] {dagbag.py:545} INFO - Filling up the DagBag from /home/airflow/.local/lib/python3.12/site-packages/airflow/example_dags/example_params_trigger_ui.py
[2024-06-10T20:15:44.945+0000] {processor.py:840} INFO - DAG(s) 'example_params_trigger_ui' retrieved from /home/airflow/.local/lib/python3.12/site-packages/airflow/example_dags/example_params_trigger_ui.py
[2024-06-10T20:15:44.978+0000] {logging_mixin.py:188} INFO - [2024-06-10T20:15:44.978+0000] {dag.py:3096} INFO - Sync 1 DAGs
[2024-06-10T20:15:44.988+0000] {logging_mixin.py:188} INFO - [2024-06-10T20:15:44.987+0000] {dag.py:3954} INFO - Setting next_dagrun for example_params_trigger_ui to None, run_after=None
[2024-06-10T20:15:45.005+0000] {processor.py:183} INFO - Processing /home/airflow/.local/lib/python3.12/site-packages/airflow/example_dags/example_params_trigger_ui.py took 0.078 seconds
[2024-06-10T20:16:15.270+0000] {processor.py:161} INFO - Started process (PID=640) to work on /home/airflow/.local/lib/python3.12/site-packages/airflow/example_dags/example_params_trigger_ui.py
[2024-06-10T20:16:15.271+0000] {processor.py:830} INFO - Processing file /home/airflow/.local/lib/python3.12/site-packages/airflow/example_dags/example_params_trigger_ui.py for tasks to queue
[2024-06-10T20:16:15.273+0000] {logging_mixin.py:188} INFO - [2024-06-10T20:16:15.273+0000] {dagbag.py:545} INFO - Filling up the DagBag from /home/airflow/.local/lib/python3.12/site-packages/airflow/example_dags/example_params_trigger_ui.py
[2024-06-10T20:16:15.283+0000] {processor.py:840} INFO - DAG(s) 'example_params_trigger_ui' retrieved from /home/airflow/.local/lib/python3.12/site-packages/airflow/example_dags/example_params_trigger_ui.py
[2024-06-10T20:16:15.315+0000] {logging_mixin.py:188} INFO - [2024-06-10T20:16:15.315+0000] {dag.py:3096} INFO - Sync 1 DAGs
[2024-06-10T20:16:15.325+0000] {logging_mixin.py:188} INFO - [2024-06-10T20:16:15.325+0000] {dag.py:3954} INFO - Setting next_dagrun for example_params_trigger_ui to None, run_after=None
[2024-06-10T20:16:15.343+0000] {processor.py:183} INFO - Processing /home/airflow/.local/lib/python3.12/site-packages/airflow/example_dags/example_params_trigger_ui.py took 0.078 seconds
[2024-06-10T20:16:45.669+0000] {processor.py:161} INFO - Started process (PID=698) to work on /home/airflow/.local/lib/python3.12/site-packages/airflow/example_dags/example_params_trigger_ui.py
[2024-06-10T20:16:45.670+0000] {processor.py:830} INFO - Processing file /home/airflow/.local/lib/python3.12/site-packages/airflow/example_dags/example_params_trigger_ui.py for tasks to queue
[2024-06-10T20:16:45.672+0000] {logging_mixin.py:188} INFO - [2024-06-10T20:16:45.672+0000] {dagbag.py:545} INFO - Filling up the DagBag from /home/airflow/.local/lib/python3.12/site-packages/airflow/example_dags/example_params_trigger_ui.py
[2024-06-10T20:16:45.683+0000] {processor.py:840} INFO - DAG(s) 'example_params_trigger_ui' retrieved from /home/airflow/.local/lib/python3.12/site-packages/airflow/example_dags/example_params_trigger_ui.py
[2024-06-10T20:16:45.716+0000] {logging_mixin.py:188} INFO - [2024-06-10T20:16:45.716+0000] {dag.py:3096} INFO - Sync 1 DAGs
[2024-06-10T20:16:45.726+0000] {logging_mixin.py:188} INFO - [2024-06-10T20:16:45.725+0000] {dag.py:3954} INFO - Setting next_dagrun for example_params_trigger_ui to None, run_after=None
[2024-06-10T20:16:45.743+0000] {processor.py:183} INFO - Processing /home/airflow/.local/lib/python3.12/site-packages/airflow/example_dags/example_params_trigger_ui.py took 0.078 seconds
[2024-06-10T20:17:16.053+0000] {processor.py:161} INFO - Started process (PID=756) to work on /home/airflow/.local/lib/python3.12/site-packages/airflow/example_dags/example_params_trigger_ui.py
[2024-06-10T20:17:16.054+0000] {processor.py:830} INFO - Processing file /home/airflow/.local/lib/python3.12/site-packages/airflow/example_dags/example_params_trigger_ui.py for tasks to queue
[2024-06-10T20:17:16.055+0000] {logging_mixin.py:188} INFO - [2024-06-10T20:17:16.055+0000] {dagbag.py:545} INFO - Filling up the DagBag from /home/airflow/.local/lib/python3.12/site-packages/airflow/example_dags/example_params_trigger_ui.py
[2024-06-10T20:17:16.066+0000] {processor.py:840} INFO - DAG(s) 'example_params_trigger_ui' retrieved from /home/airflow/.local/lib/python3.12/site-packages/airflow/example_dags/example_params_trigger_ui.py
[2024-06-10T20:17:16.101+0000] {logging_mixin.py:188} INFO - [2024-06-10T20:17:16.101+0000] {dag.py:3096} INFO - Sync 1 DAGs
[2024-06-10T20:17:16.111+0000] {logging_mixin.py:188} INFO - [2024-06-10T20:17:16.111+0000] {dag.py:3954} INFO - Setting next_dagrun for example_params_trigger_ui to None, run_after=None
[2024-06-10T20:17:16.130+0000] {processor.py:183} INFO - Processing /home/airflow/.local/lib/python3.12/site-packages/airflow/example_dags/example_params_trigger_ui.py took 0.081 seconds
[2024-06-10T20:17:46.525+0000] {processor.py:161} INFO - Started process (PID=814) to work on /home/airflow/.local/lib/python3.12/site-packages/airflow/example_dags/example_params_trigger_ui.py
[2024-06-10T20:17:46.527+0000] {processor.py:830} INFO - Processing file /home/airflow/.local/lib/python3.12/site-packages/airflow/example_dags/example_params_trigger_ui.py for tasks to queue
[2024-06-10T20:17:46.528+0000] {logging_mixin.py:188} INFO - [2024-06-10T20:17:46.528+0000] {dagbag.py:545} INFO - Filling up the DagBag from /home/airflow/.local/lib/python3.12/site-packages/airflow/example_dags/example_params_trigger_ui.py
[2024-06-10T20:17:46.540+0000] {processor.py:840} INFO - DAG(s) 'example_params_trigger_ui' retrieved from /home/airflow/.local/lib/python3.12/site-packages/airflow/example_dags/example_params_trigger_ui.py
[2024-06-10T20:17:46.588+0000] {logging_mixin.py:188} INFO - [2024-06-10T20:17:46.587+0000] {dag.py:3096} INFO - Sync 1 DAGs
[2024-06-10T20:17:46.599+0000] {logging_mixin.py:188} INFO - [2024-06-10T20:17:46.599+0000] {dag.py:3954} INFO - Setting next_dagrun for example_params_trigger_ui to None, run_after=None
[2024-06-10T20:17:46.619+0000] {processor.py:183} INFO - Processing /home/airflow/.local/lib/python3.12/site-packages/airflow/example_dags/example_params_trigger_ui.py took 0.098 seconds
[2024-06-10T20:18:16.933+0000] {processor.py:161} INFO - Started process (PID=877) to work on /home/airflow/.local/lib/python3.12/site-packages/airflow/example_dags/example_params_trigger_ui.py
[2024-06-10T20:18:16.934+0000] {processor.py:830} INFO - Processing file /home/airflow/.local/lib/python3.12/site-packages/airflow/example_dags/example_params_trigger_ui.py for tasks to queue
[2024-06-10T20:18:16.936+0000] {logging_mixin.py:188} INFO - [2024-06-10T20:18:16.936+0000] {dagbag.py:545} INFO - Filling up the DagBag from /home/airflow/.local/lib/python3.12/site-packages/airflow/example_dags/example_params_trigger_ui.py
[2024-06-10T20:18:16.947+0000] {processor.py:840} INFO - DAG(s) 'example_params_trigger_ui' retrieved from /home/airflow/.local/lib/python3.12/site-packages/airflow/example_dags/example_params_trigger_ui.py
[2024-06-10T20:18:16.980+0000] {logging_mixin.py:188} INFO - [2024-06-10T20:18:16.980+0000] {dag.py:3096} INFO - Sync 1 DAGs
[2024-06-10T20:18:16.990+0000] {logging_mixin.py:188} INFO - [2024-06-10T20:18:16.990+0000] {dag.py:3954} INFO - Setting next_dagrun for example_params_trigger_ui to None, run_after=None
[2024-06-10T20:18:17.009+0000] {processor.py:183} INFO - Processing /home/airflow/.local/lib/python3.12/site-packages/airflow/example_dags/example_params_trigger_ui.py took 0.081 seconds
[2024-06-10T20:18:47.561+0000] {processor.py:161} INFO - Started process (PID=935) to work on /home/airflow/.local/lib/python3.12/site-packages/airflow/example_dags/example_params_trigger_ui.py
[2024-06-10T20:18:47.562+0000] {processor.py:830} INFO - Processing file /home/airflow/.local/lib/python3.12/site-packages/airflow/example_dags/example_params_trigger_ui.py for tasks to queue
[2024-06-10T20:18:47.564+0000] {logging_mixin.py:188} INFO - [2024-06-10T20:18:47.564+0000] {dagbag.py:545} INFO - Filling up the DagBag from /home/airflow/.local/lib/python3.12/site-packages/airflow/example_dags/example_params_trigger_ui.py
[2024-06-10T20:18:47.576+0000] {processor.py:840} INFO - DAG(s) 'example_params_trigger_ui' retrieved from /home/airflow/.local/lib/python3.12/site-packages/airflow/example_dags/example_params_trigger_ui.py
[2024-06-10T20:18:47.611+0000] {logging_mixin.py:188} INFO - [2024-06-10T20:18:47.610+0000] {dag.py:3096} INFO - Sync 1 DAGs
[2024-06-10T20:18:47.701+0000] {logging_mixin.py:188} INFO - [2024-06-10T20:18:47.701+0000] {dag.py:3954} INFO - Setting next_dagrun for example_params_trigger_ui to None, run_after=None
[2024-06-10T20:18:47.732+0000] {processor.py:183} INFO - Processing /home/airflow/.local/lib/python3.12/site-packages/airflow/example_dags/example_params_trigger_ui.py took 0.175 seconds
[2024-06-10T20:19:18.563+0000] {processor.py:161} INFO - Started process (PID=993) to work on /home/airflow/.local/lib/python3.12/site-packages/airflow/example_dags/example_params_trigger_ui.py
[2024-06-10T20:19:18.564+0000] {processor.py:830} INFO - Processing file /home/airflow/.local/lib/python3.12/site-packages/airflow/example_dags/example_params_trigger_ui.py for tasks to queue
[2024-06-10T20:19:18.566+0000] {logging_mixin.py:188} INFO - [2024-06-10T20:19:18.566+0000] {dagbag.py:545} INFO - Filling up the DagBag from /home/airflow/.local/lib/python3.12/site-packages/airflow/example_dags/example_params_trigger_ui.py
[2024-06-10T20:19:18.577+0000] {processor.py:840} INFO - DAG(s) 'example_params_trigger_ui' retrieved from /home/airflow/.local/lib/python3.12/site-packages/airflow/example_dags/example_params_trigger_ui.py
[2024-06-10T20:19:18.611+0000] {logging_mixin.py:188} INFO - [2024-06-10T20:19:18.611+0000] {dag.py:3096} INFO - Sync 1 DAGs
[2024-06-10T20:19:18.620+0000] {logging_mixin.py:188} INFO - [2024-06-10T20:19:18.620+0000] {dag.py:3954} INFO - Setting next_dagrun for example_params_trigger_ui to None, run_after=None
[2024-06-10T20:19:18.641+0000] {processor.py:183} INFO - Processing /home/airflow/.local/lib/python3.12/site-packages/airflow/example_dags/example_params_trigger_ui.py took 0.082 seconds
[2024-06-10T20:19:48.751+0000] {processor.py:161} INFO - Started process (PID=1050) to work on /home/airflow/.local/lib/python3.12/site-packages/airflow/example_dags/example_params_trigger_ui.py
[2024-06-10T20:19:48.753+0000] {processor.py:830} INFO - Processing file /home/airflow/.local/lib/python3.12/site-packages/airflow/example_dags/example_params_trigger_ui.py for tasks to queue
[2024-06-10T20:19:48.755+0000] {logging_mixin.py:188} INFO - [2024-06-10T20:19:48.755+0000] {dagbag.py:545} INFO - Filling up the DagBag from /home/airflow/.local/lib/python3.12/site-packages/airflow/example_dags/example_params_trigger_ui.py
[2024-06-10T20:19:48.768+0000] {processor.py:840} INFO - DAG(s) 'example_params_trigger_ui' retrieved from /home/airflow/.local/lib/python3.12/site-packages/airflow/example_dags/example_params_trigger_ui.py
[2024-06-10T20:19:48.803+0000] {logging_mixin.py:188} INFO - [2024-06-10T20:19:48.803+0000] {dag.py:3096} INFO - Sync 1 DAGs
[2024-06-10T20:19:48.813+0000] {logging_mixin.py:188} INFO - [2024-06-10T20:19:48.813+0000] {dag.py:3954} INFO - Setting next_dagrun for example_params_trigger_ui to None, run_after=None
[2024-06-10T20:19:48.831+0000] {processor.py:183} INFO - Processing /home/airflow/.local/lib/python3.12/site-packages/airflow/example_dags/example_params_trigger_ui.py took 0.085 seconds
[2024-06-10T20:20:19.096+0000] {processor.py:161} INFO - Started process (PID=1108) to work on /home/airflow/.local/lib/python3.12/site-packages/airflow/example_dags/example_params_trigger_ui.py
[2024-06-10T20:20:19.097+0000] {processor.py:830} INFO - Processing file /home/airflow/.local/lib/python3.12/site-packages/airflow/example_dags/example_params_trigger_ui.py for tasks to queue
[2024-06-10T20:20:19.098+0000] {logging_mixin.py:188} INFO - [2024-06-10T20:20:19.098+0000] {dagbag.py:545} INFO - Filling up the DagBag from /home/airflow/.local/lib/python3.12/site-packages/airflow/example_dags/example_params_trigger_ui.py
[2024-06-10T20:20:19.108+0000] {processor.py:840} INFO - DAG(s) 'example_params_trigger_ui' retrieved from /home/airflow/.local/lib/python3.12/site-packages/airflow/example_dags/example_params_trigger_ui.py
[2024-06-10T20:20:19.137+0000] {logging_mixin.py:188} INFO - [2024-06-10T20:20:19.137+0000] {dag.py:3096} INFO - Sync 1 DAGs
[2024-06-10T20:20:19.146+0000] {logging_mixin.py:188} INFO - [2024-06-10T20:20:19.146+0000] {dag.py:3954} INFO - Setting next_dagrun for example_params_trigger_ui to None, run_after=None
[2024-06-10T20:20:19.162+0000] {processor.py:183} INFO - Processing /home/airflow/.local/lib/python3.12/site-packages/airflow/example_dags/example_params_trigger_ui.py took 0.069 seconds
[2024-06-10T20:20:49.395+0000] {processor.py:161} INFO - Started process (PID=1166) to work on /home/airflow/.local/lib/python3.12/site-packages/airflow/example_dags/example_params_trigger_ui.py
[2024-06-10T20:20:49.396+0000] {processor.py:830} INFO - Processing file /home/airflow/.local/lib/python3.12/site-packages/airflow/example_dags/example_params_trigger_ui.py for tasks to queue
[2024-06-10T20:20:49.398+0000] {logging_mixin.py:188} INFO - [2024-06-10T20:20:49.398+0000] {dagbag.py:545} INFO - Filling up the DagBag from /home/airflow/.local/lib/python3.12/site-packages/airflow/example_dags/example_params_trigger_ui.py
[2024-06-10T20:20:49.410+0000] {processor.py:840} INFO - DAG(s) 'example_params_trigger_ui' retrieved from /home/airflow/.local/lib/python3.12/site-packages/airflow/example_dags/example_params_trigger_ui.py
[2024-06-10T20:20:49.445+0000] {logging_mixin.py:188} INFO - [2024-06-10T20:20:49.444+0000] {dag.py:3096} INFO - Sync 1 DAGs
[2024-06-10T20:20:49.455+0000] {logging_mixin.py:188} INFO - [2024-06-10T20:20:49.455+0000] {dag.py:3954} INFO - Setting next_dagrun for example_params_trigger_ui to None, run_after=None
[2024-06-10T20:20:49.474+0000] {processor.py:183} INFO - Processing /home/airflow/.local/lib/python3.12/site-packages/airflow/example_dags/example_params_trigger_ui.py took 0.085 seconds
[2024-06-10T20:21:19.697+0000] {processor.py:161} INFO - Started process (PID=1224) to work on /home/airflow/.local/lib/python3.12/site-packages/airflow/example_dags/example_params_trigger_ui.py
[2024-06-10T20:21:19.699+0000] {processor.py:830} INFO - Processing file /home/airflow/.local/lib/python3.12/site-packages/airflow/example_dags/example_params_trigger_ui.py for tasks to queue
[2024-06-10T20:21:19.701+0000] {logging_mixin.py:188} INFO - [2024-06-10T20:21:19.700+0000] {dagbag.py:545} INFO - Filling up the DagBag from /home/airflow/.local/lib/python3.12/site-packages/airflow/example_dags/example_params_trigger_ui.py
[2024-06-10T20:21:19.712+0000] {processor.py:840} INFO - DAG(s) 'example_params_trigger_ui' retrieved from /home/airflow/.local/lib/python3.12/site-packages/airflow/example_dags/example_params_trigger_ui.py
[2024-06-10T20:21:19.742+0000] {logging_mixin.py:188} INFO - [2024-06-10T20:21:19.741+0000] {dag.py:3096} INFO - Sync 1 DAGs
[2024-06-10T20:21:19.750+0000] {logging_mixin.py:188} INFO - [2024-06-10T20:21:19.750+0000] {dag.py:3954} INFO - Setting next_dagrun for example_params_trigger_ui to None, run_after=None
[2024-06-10T20:21:19.767+0000] {processor.py:183} INFO - Processing /home/airflow/.local/lib/python3.12/site-packages/airflow/example_dags/example_params_trigger_ui.py took 0.074 seconds
[2024-06-10T20:21:42.250+0000] {processor.py:161} INFO - Started process (PID=60) to work on /home/airflow/.local/lib/python3.12/site-packages/airflow/example_dags/example_params_trigger_ui.py
[2024-06-10T20:21:42.251+0000] {processor.py:830} INFO - Processing file /home/airflow/.local/lib/python3.12/site-packages/airflow/example_dags/example_params_trigger_ui.py for tasks to queue
[2024-06-10T20:21:42.253+0000] {logging_mixin.py:188} INFO - [2024-06-10T20:21:42.253+0000] {dagbag.py:545} INFO - Filling up the DagBag from /home/airflow/.local/lib/python3.12/site-packages/airflow/example_dags/example_params_trigger_ui.py
[2024-06-10T20:21:42.265+0000] {processor.py:840} INFO - DAG(s) 'example_params_trigger_ui' retrieved from /home/airflow/.local/lib/python3.12/site-packages/airflow/example_dags/example_params_trigger_ui.py
[2024-06-10T20:21:42.301+0000] {logging_mixin.py:188} INFO - [2024-06-10T20:21:42.301+0000] {dag.py:3096} INFO - Sync 1 DAGs
[2024-06-10T20:21:42.310+0000] {logging_mixin.py:188} INFO - [2024-06-10T20:21:42.310+0000] {dag.py:3954} INFO - Setting next_dagrun for example_params_trigger_ui to None, run_after=None
[2024-06-10T20:21:42.327+0000] {processor.py:183} INFO - Processing /home/airflow/.local/lib/python3.12/site-packages/airflow/example_dags/example_params_trigger_ui.py took 0.081 seconds
[2024-06-10T20:22:12.603+0000] {processor.py:161} INFO - Started process (PID=118) to work on /home/airflow/.local/lib/python3.12/site-packages/airflow/example_dags/example_params_trigger_ui.py
[2024-06-10T20:22:12.604+0000] {processor.py:830} INFO - Processing file /home/airflow/.local/lib/python3.12/site-packages/airflow/example_dags/example_params_trigger_ui.py for tasks to queue
[2024-06-10T20:22:12.606+0000] {logging_mixin.py:188} INFO - [2024-06-10T20:22:12.605+0000] {dagbag.py:545} INFO - Filling up the DagBag from /home/airflow/.local/lib/python3.12/site-packages/airflow/example_dags/example_params_trigger_ui.py
[2024-06-10T20:22:12.618+0000] {processor.py:840} INFO - DAG(s) 'example_params_trigger_ui' retrieved from /home/airflow/.local/lib/python3.12/site-packages/airflow/example_dags/example_params_trigger_ui.py
[2024-06-10T20:22:12.666+0000] {logging_mixin.py:188} INFO - [2024-06-10T20:22:12.666+0000] {dag.py:3096} INFO - Sync 1 DAGs
[2024-06-10T20:22:12.675+0000] {logging_mixin.py:188} INFO - [2024-06-10T20:22:12.675+0000] {dag.py:3954} INFO - Setting next_dagrun for example_params_trigger_ui to None, run_after=None
[2024-06-10T20:22:12.693+0000] {processor.py:183} INFO - Processing /home/airflow/.local/lib/python3.12/site-packages/airflow/example_dags/example_params_trigger_ui.py took 0.095 seconds
