[2024-06-10T20:11:15.678+0000] {processor.py:161} INFO - Started process (PID=88) to work on /home/airflow/.local/lib/python3.12/site-packages/airflow/example_dags/example_latest_only_with_trigger.py
[2024-06-10T20:11:15.679+0000] {processor.py:830} INFO - Processing file /home/airflow/.local/lib/python3.12/site-packages/airflow/example_dags/example_latest_only_with_trigger.py for tasks to queue
[2024-06-10T20:11:15.682+0000] {logging_mixin.py:188} INFO - [2024-06-10T20:11:15.681+0000] {dagbag.py:545} INFO - Filling up the DagBag from /home/airflow/.local/lib/python3.12/site-packages/airflow/example_dags/example_latest_only_with_trigger.py
[2024-06-10T20:11:15.695+0000] {processor.py:840} INFO - DAG(s) 'latest_only_with_trigger' retrieved from /home/airflow/.local/lib/python3.12/site-packages/airflow/example_dags/example_latest_only_with_trigger.py
[2024-06-10T20:11:15.838+0000] {logging_mixin.py:188} INFO - [2024-06-10T20:11:15.837+0000] {override.py:1829} INFO - Created Permission View: can delete on DAG:latest_only_with_trigger
[2024-06-10T20:11:15.853+0000] {logging_mixin.py:188} INFO - [2024-06-10T20:11:15.852+0000] {override.py:1829} INFO - Created Permission View: can edit on DAG:latest_only_with_trigger
[2024-06-10T20:11:15.867+0000] {logging_mixin.py:188} INFO - [2024-06-10T20:11:15.866+0000] {override.py:1829} INFO - Created Permission View: can read on DAG:latest_only_with_trigger
[2024-06-10T20:11:15.868+0000] {logging_mixin.py:188} INFO - [2024-06-10T20:11:15.868+0000] {dag.py:3096} INFO - Sync 1 DAGs
[2024-06-10T20:11:15.881+0000] {logging_mixin.py:188} INFO - [2024-06-10T20:11:15.880+0000] {dag.py:3118} INFO - Creating ORM DAG for latest_only_with_trigger
[2024-06-10T20:11:15.894+0000] {logging_mixin.py:188} INFO - [2024-06-10T20:11:15.893+0000] {dag.py:3954} INFO - Setting next_dagrun for latest_only_with_trigger to 2024-06-10 16:00:00+00:00, run_after=2024-06-10 20:00:00+00:00
[2024-06-10T20:11:15.917+0000] {processor.py:183} INFO - Processing /home/airflow/.local/lib/python3.12/site-packages/airflow/example_dags/example_latest_only_with_trigger.py took 0.247 seconds
[2024-06-10T20:11:46.289+0000] {processor.py:161} INFO - Started process (PID=146) to work on /home/airflow/.local/lib/python3.12/site-packages/airflow/example_dags/example_latest_only_with_trigger.py
[2024-06-10T20:11:46.290+0000] {processor.py:830} INFO - Processing file /home/airflow/.local/lib/python3.12/site-packages/airflow/example_dags/example_latest_only_with_trigger.py for tasks to queue
[2024-06-10T20:11:46.292+0000] {logging_mixin.py:188} INFO - [2024-06-10T20:11:46.292+0000] {dagbag.py:545} INFO - Filling up the DagBag from /home/airflow/.local/lib/python3.12/site-packages/airflow/example_dags/example_latest_only_with_trigger.py
[2024-06-10T20:11:46.297+0000] {processor.py:840} INFO - DAG(s) 'latest_only_with_trigger' retrieved from /home/airflow/.local/lib/python3.12/site-packages/airflow/example_dags/example_latest_only_with_trigger.py
[2024-06-10T20:11:46.313+0000] {logging_mixin.py:188} INFO - [2024-06-10T20:11:46.313+0000] {dag.py:3096} INFO - Sync 1 DAGs
[2024-06-10T20:11:46.328+0000] {logging_mixin.py:188} INFO - [2024-06-10T20:11:46.328+0000] {dag.py:3954} INFO - Setting next_dagrun for latest_only_with_trigger to 2024-06-10 16:00:00+00:00, run_after=2024-06-10 20:00:00+00:00
[2024-06-10T20:11:46.355+0000] {processor.py:183} INFO - Processing /home/airflow/.local/lib/python3.12/site-packages/airflow/example_dags/example_latest_only_with_trigger.py took 0.070 seconds
[2024-06-10T20:12:16.739+0000] {processor.py:161} INFO - Started process (PID=204) to work on /home/airflow/.local/lib/python3.12/site-packages/airflow/example_dags/example_latest_only_with_trigger.py
[2024-06-10T20:12:16.740+0000] {processor.py:830} INFO - Processing file /home/airflow/.local/lib/python3.12/site-packages/airflow/example_dags/example_latest_only_with_trigger.py for tasks to queue
[2024-06-10T20:12:16.751+0000] {logging_mixin.py:188} INFO - [2024-06-10T20:12:16.751+0000] {dagbag.py:545} INFO - Filling up the DagBag from /home/airflow/.local/lib/python3.12/site-packages/airflow/example_dags/example_latest_only_with_trigger.py
[2024-06-10T20:12:16.756+0000] {processor.py:840} INFO - DAG(s) 'latest_only_with_trigger' retrieved from /home/airflow/.local/lib/python3.12/site-packages/airflow/example_dags/example_latest_only_with_trigger.py
[2024-06-10T20:12:16.784+0000] {logging_mixin.py:188} INFO - [2024-06-10T20:12:16.784+0000] {dag.py:3096} INFO - Sync 1 DAGs
[2024-06-10T20:12:16.806+0000] {logging_mixin.py:188} INFO - [2024-06-10T20:12:16.806+0000] {dag.py:3954} INFO - Setting next_dagrun for latest_only_with_trigger to 2024-06-10 16:00:00+00:00, run_after=2024-06-10 20:00:00+00:00
[2024-06-10T20:12:16.826+0000] {processor.py:183} INFO - Processing /home/airflow/.local/lib/python3.12/site-packages/airflow/example_dags/example_latest_only_with_trigger.py took 0.091 seconds
[2024-06-10T20:12:47.056+0000] {processor.py:161} INFO - Started process (PID=262) to work on /home/airflow/.local/lib/python3.12/site-packages/airflow/example_dags/example_latest_only_with_trigger.py
[2024-06-10T20:12:47.057+0000] {processor.py:830} INFO - Processing file /home/airflow/.local/lib/python3.12/site-packages/airflow/example_dags/example_latest_only_with_trigger.py for tasks to queue
[2024-06-10T20:12:47.058+0000] {logging_mixin.py:188} INFO - [2024-06-10T20:12:47.058+0000] {dagbag.py:545} INFO - Filling up the DagBag from /home/airflow/.local/lib/python3.12/site-packages/airflow/example_dags/example_latest_only_with_trigger.py
[2024-06-10T20:12:47.064+0000] {processor.py:840} INFO - DAG(s) 'latest_only_with_trigger' retrieved from /home/airflow/.local/lib/python3.12/site-packages/airflow/example_dags/example_latest_only_with_trigger.py
[2024-06-10T20:12:47.080+0000] {logging_mixin.py:188} INFO - [2024-06-10T20:12:47.080+0000] {dag.py:3096} INFO - Sync 1 DAGs
[2024-06-10T20:12:47.100+0000] {logging_mixin.py:188} INFO - [2024-06-10T20:12:47.100+0000] {dag.py:3954} INFO - Setting next_dagrun for latest_only_with_trigger to 2024-06-10 16:00:00+00:00, run_after=2024-06-10 20:00:00+00:00
[2024-06-10T20:12:47.121+0000] {processor.py:183} INFO - Processing /home/airflow/.local/lib/python3.12/site-packages/airflow/example_dags/example_latest_only_with_trigger.py took 0.074 seconds
[2024-06-10T20:13:17.309+0000] {processor.py:161} INFO - Started process (PID=320) to work on /home/airflow/.local/lib/python3.12/site-packages/airflow/example_dags/example_latest_only_with_trigger.py
[2024-06-10T20:13:17.310+0000] {processor.py:830} INFO - Processing file /home/airflow/.local/lib/python3.12/site-packages/airflow/example_dags/example_latest_only_with_trigger.py for tasks to queue
[2024-06-10T20:13:17.312+0000] {logging_mixin.py:188} INFO - [2024-06-10T20:13:17.312+0000] {dagbag.py:545} INFO - Filling up the DagBag from /home/airflow/.local/lib/python3.12/site-packages/airflow/example_dags/example_latest_only_with_trigger.py
[2024-06-10T20:13:17.317+0000] {processor.py:840} INFO - DAG(s) 'latest_only_with_trigger' retrieved from /home/airflow/.local/lib/python3.12/site-packages/airflow/example_dags/example_latest_only_with_trigger.py
[2024-06-10T20:13:17.333+0000] {logging_mixin.py:188} INFO - [2024-06-10T20:13:17.332+0000] {dag.py:3096} INFO - Sync 1 DAGs
[2024-06-10T20:13:17.350+0000] {logging_mixin.py:188} INFO - [2024-06-10T20:13:17.349+0000] {dag.py:3954} INFO - Setting next_dagrun for latest_only_with_trigger to 2024-06-10 16:00:00+00:00, run_after=2024-06-10 20:00:00+00:00
[2024-06-10T20:13:17.366+0000] {processor.py:183} INFO - Processing /home/airflow/.local/lib/python3.12/site-packages/airflow/example_dags/example_latest_only_with_trigger.py took 0.061 seconds
[2024-06-10T20:13:47.809+0000] {processor.py:161} INFO - Started process (PID=378) to work on /home/airflow/.local/lib/python3.12/site-packages/airflow/example_dags/example_latest_only_with_trigger.py
[2024-06-10T20:13:47.810+0000] {processor.py:830} INFO - Processing file /home/airflow/.local/lib/python3.12/site-packages/airflow/example_dags/example_latest_only_with_trigger.py for tasks to queue
[2024-06-10T20:13:47.813+0000] {logging_mixin.py:188} INFO - [2024-06-10T20:13:47.813+0000] {dagbag.py:545} INFO - Filling up the DagBag from /home/airflow/.local/lib/python3.12/site-packages/airflow/example_dags/example_latest_only_with_trigger.py
[2024-06-10T20:13:47.818+0000] {processor.py:840} INFO - DAG(s) 'latest_only_with_trigger' retrieved from /home/airflow/.local/lib/python3.12/site-packages/airflow/example_dags/example_latest_only_with_trigger.py
[2024-06-10T20:13:47.837+0000] {logging_mixin.py:188} INFO - [2024-06-10T20:13:47.837+0000] {dag.py:3096} INFO - Sync 1 DAGs
[2024-06-10T20:13:47.854+0000] {logging_mixin.py:188} INFO - [2024-06-10T20:13:47.854+0000] {dag.py:3954} INFO - Setting next_dagrun for latest_only_with_trigger to 2024-06-10 16:00:00+00:00, run_after=2024-06-10 20:00:00+00:00
[2024-06-10T20:13:47.875+0000] {processor.py:183} INFO - Processing /home/airflow/.local/lib/python3.12/site-packages/airflow/example_dags/example_latest_only_with_trigger.py took 0.074 seconds
[2024-06-10T20:14:18.640+0000] {processor.py:161} INFO - Started process (PID=436) to work on /home/airflow/.local/lib/python3.12/site-packages/airflow/example_dags/example_latest_only_with_trigger.py
[2024-06-10T20:14:18.641+0000] {processor.py:830} INFO - Processing file /home/airflow/.local/lib/python3.12/site-packages/airflow/example_dags/example_latest_only_with_trigger.py for tasks to queue
[2024-06-10T20:14:18.643+0000] {logging_mixin.py:188} INFO - [2024-06-10T20:14:18.642+0000] {dagbag.py:545} INFO - Filling up the DagBag from /home/airflow/.local/lib/python3.12/site-packages/airflow/example_dags/example_latest_only_with_trigger.py
[2024-06-10T20:14:18.647+0000] {processor.py:840} INFO - DAG(s) 'latest_only_with_trigger' retrieved from /home/airflow/.local/lib/python3.12/site-packages/airflow/example_dags/example_latest_only_with_trigger.py
[2024-06-10T20:14:18.664+0000] {logging_mixin.py:188} INFO - [2024-06-10T20:14:18.664+0000] {dag.py:3096} INFO - Sync 1 DAGs
[2024-06-10T20:14:18.684+0000] {logging_mixin.py:188} INFO - [2024-06-10T20:14:18.684+0000] {dag.py:3954} INFO - Setting next_dagrun for latest_only_with_trigger to 2024-06-10 16:00:00+00:00, run_after=2024-06-10 20:00:00+00:00
[2024-06-10T20:14:18.703+0000] {processor.py:183} INFO - Processing /home/airflow/.local/lib/python3.12/site-packages/airflow/example_dags/example_latest_only_with_trigger.py took 0.067 seconds
[2024-06-10T20:14:49.673+0000] {processor.py:161} INFO - Started process (PID=494) to work on /home/airflow/.local/lib/python3.12/site-packages/airflow/example_dags/example_latest_only_with_trigger.py
[2024-06-10T20:14:49.675+0000] {processor.py:830} INFO - Processing file /home/airflow/.local/lib/python3.12/site-packages/airflow/example_dags/example_latest_only_with_trigger.py for tasks to queue
[2024-06-10T20:14:49.677+0000] {logging_mixin.py:188} INFO - [2024-06-10T20:14:49.676+0000] {dagbag.py:545} INFO - Filling up the DagBag from /home/airflow/.local/lib/python3.12/site-packages/airflow/example_dags/example_latest_only_with_trigger.py
[2024-06-10T20:14:49.681+0000] {processor.py:840} INFO - DAG(s) 'latest_only_with_trigger' retrieved from /home/airflow/.local/lib/python3.12/site-packages/airflow/example_dags/example_latest_only_with_trigger.py
[2024-06-10T20:14:49.699+0000] {logging_mixin.py:188} INFO - [2024-06-10T20:14:49.699+0000] {dag.py:3096} INFO - Sync 1 DAGs
[2024-06-10T20:14:49.718+0000] {logging_mixin.py:188} INFO - [2024-06-10T20:14:49.717+0000] {dag.py:3954} INFO - Setting next_dagrun for latest_only_with_trigger to 2024-06-10 16:00:00+00:00, run_after=2024-06-10 20:00:00+00:00
[2024-06-10T20:14:49.734+0000] {processor.py:183} INFO - Processing /home/airflow/.local/lib/python3.12/site-packages/airflow/example_dags/example_latest_only_with_trigger.py took 0.066 seconds
[2024-06-10T20:15:19.971+0000] {processor.py:161} INFO - Started process (PID=552) to work on /home/airflow/.local/lib/python3.12/site-packages/airflow/example_dags/example_latest_only_with_trigger.py
[2024-06-10T20:15:19.973+0000] {processor.py:830} INFO - Processing file /home/airflow/.local/lib/python3.12/site-packages/airflow/example_dags/example_latest_only_with_trigger.py for tasks to queue
[2024-06-10T20:15:19.975+0000] {logging_mixin.py:188} INFO - [2024-06-10T20:15:19.975+0000] {dagbag.py:545} INFO - Filling up the DagBag from /home/airflow/.local/lib/python3.12/site-packages/airflow/example_dags/example_latest_only_with_trigger.py
[2024-06-10T20:15:19.980+0000] {processor.py:840} INFO - DAG(s) 'latest_only_with_trigger' retrieved from /home/airflow/.local/lib/python3.12/site-packages/airflow/example_dags/example_latest_only_with_trigger.py
[2024-06-10T20:15:19.997+0000] {logging_mixin.py:188} INFO - [2024-06-10T20:15:19.997+0000] {dag.py:3096} INFO - Sync 1 DAGs
[2024-06-10T20:15:20.012+0000] {logging_mixin.py:188} INFO - [2024-06-10T20:15:20.012+0000] {dag.py:3954} INFO - Setting next_dagrun for latest_only_with_trigger to 2024-06-10 16:00:00+00:00, run_after=2024-06-10 20:00:00+00:00
[2024-06-10T20:15:20.030+0000] {processor.py:183} INFO - Processing /home/airflow/.local/lib/python3.12/site-packages/airflow/example_dags/example_latest_only_with_trigger.py took 0.063 seconds
[2024-06-10T20:15:50.117+0000] {processor.py:161} INFO - Started process (PID=610) to work on /home/airflow/.local/lib/python3.12/site-packages/airflow/example_dags/example_latest_only_with_trigger.py
[2024-06-10T20:15:50.118+0000] {processor.py:830} INFO - Processing file /home/airflow/.local/lib/python3.12/site-packages/airflow/example_dags/example_latest_only_with_trigger.py for tasks to queue
[2024-06-10T20:15:50.121+0000] {logging_mixin.py:188} INFO - [2024-06-10T20:15:50.120+0000] {dagbag.py:545} INFO - Filling up the DagBag from /home/airflow/.local/lib/python3.12/site-packages/airflow/example_dags/example_latest_only_with_trigger.py
[2024-06-10T20:15:50.129+0000] {processor.py:840} INFO - DAG(s) 'latest_only_with_trigger' retrieved from /home/airflow/.local/lib/python3.12/site-packages/airflow/example_dags/example_latest_only_with_trigger.py
[2024-06-10T20:15:50.146+0000] {logging_mixin.py:188} INFO - [2024-06-10T20:15:50.145+0000] {dag.py:3096} INFO - Sync 1 DAGs
[2024-06-10T20:15:50.162+0000] {logging_mixin.py:188} INFO - [2024-06-10T20:15:50.161+0000] {dag.py:3954} INFO - Setting next_dagrun for latest_only_with_trigger to 2024-06-10 16:00:00+00:00, run_after=2024-06-10 20:00:00+00:00
[2024-06-10T20:15:50.179+0000] {processor.py:183} INFO - Processing /home/airflow/.local/lib/python3.12/site-packages/airflow/example_dags/example_latest_only_with_trigger.py took 0.068 seconds
[2024-06-10T20:16:20.480+0000] {processor.py:161} INFO - Started process (PID=668) to work on /home/airflow/.local/lib/python3.12/site-packages/airflow/example_dags/example_latest_only_with_trigger.py
[2024-06-10T20:16:20.481+0000] {processor.py:830} INFO - Processing file /home/airflow/.local/lib/python3.12/site-packages/airflow/example_dags/example_latest_only_with_trigger.py for tasks to queue
[2024-06-10T20:16:20.483+0000] {logging_mixin.py:188} INFO - [2024-06-10T20:16:20.483+0000] {dagbag.py:545} INFO - Filling up the DagBag from /home/airflow/.local/lib/python3.12/site-packages/airflow/example_dags/example_latest_only_with_trigger.py
[2024-06-10T20:16:20.487+0000] {processor.py:840} INFO - DAG(s) 'latest_only_with_trigger' retrieved from /home/airflow/.local/lib/python3.12/site-packages/airflow/example_dags/example_latest_only_with_trigger.py
[2024-06-10T20:16:20.503+0000] {logging_mixin.py:188} INFO - [2024-06-10T20:16:20.502+0000] {dag.py:3096} INFO - Sync 1 DAGs
[2024-06-10T20:16:20.518+0000] {logging_mixin.py:188} INFO - [2024-06-10T20:16:20.518+0000] {dag.py:3954} INFO - Setting next_dagrun for latest_only_with_trigger to 2024-06-10 16:00:00+00:00, run_after=2024-06-10 20:00:00+00:00
[2024-06-10T20:16:20.540+0000] {processor.py:183} INFO - Processing /home/airflow/.local/lib/python3.12/site-packages/airflow/example_dags/example_latest_only_with_trigger.py took 0.064 seconds
[2024-06-10T20:16:50.972+0000] {processor.py:161} INFO - Started process (PID=726) to work on /home/airflow/.local/lib/python3.12/site-packages/airflow/example_dags/example_latest_only_with_trigger.py
[2024-06-10T20:16:50.973+0000] {processor.py:830} INFO - Processing file /home/airflow/.local/lib/python3.12/site-packages/airflow/example_dags/example_latest_only_with_trigger.py for tasks to queue
[2024-06-10T20:16:50.975+0000] {logging_mixin.py:188} INFO - [2024-06-10T20:16:50.975+0000] {dagbag.py:545} INFO - Filling up the DagBag from /home/airflow/.local/lib/python3.12/site-packages/airflow/example_dags/example_latest_only_with_trigger.py
[2024-06-10T20:16:50.979+0000] {processor.py:840} INFO - DAG(s) 'latest_only_with_trigger' retrieved from /home/airflow/.local/lib/python3.12/site-packages/airflow/example_dags/example_latest_only_with_trigger.py
[2024-06-10T20:16:50.996+0000] {logging_mixin.py:188} INFO - [2024-06-10T20:16:50.996+0000] {dag.py:3096} INFO - Sync 1 DAGs
[2024-06-10T20:16:51.012+0000] {logging_mixin.py:188} INFO - [2024-06-10T20:16:51.012+0000] {dag.py:3954} INFO - Setting next_dagrun for latest_only_with_trigger to 2024-06-10 16:00:00+00:00, run_after=2024-06-10 20:00:00+00:00
[2024-06-10T20:16:51.030+0000] {processor.py:183} INFO - Processing /home/airflow/.local/lib/python3.12/site-packages/airflow/example_dags/example_latest_only_with_trigger.py took 0.063 seconds
[2024-06-10T20:17:21.304+0000] {processor.py:161} INFO - Started process (PID=784) to work on /home/airflow/.local/lib/python3.12/site-packages/airflow/example_dags/example_latest_only_with_trigger.py
[2024-06-10T20:17:21.305+0000] {processor.py:830} INFO - Processing file /home/airflow/.local/lib/python3.12/site-packages/airflow/example_dags/example_latest_only_with_trigger.py for tasks to queue
[2024-06-10T20:17:21.307+0000] {logging_mixin.py:188} INFO - [2024-06-10T20:17:21.307+0000] {dagbag.py:545} INFO - Filling up the DagBag from /home/airflow/.local/lib/python3.12/site-packages/airflow/example_dags/example_latest_only_with_trigger.py
[2024-06-10T20:17:21.314+0000] {processor.py:840} INFO - DAG(s) 'latest_only_with_trigger' retrieved from /home/airflow/.local/lib/python3.12/site-packages/airflow/example_dags/example_latest_only_with_trigger.py
[2024-06-10T20:17:21.330+0000] {logging_mixin.py:188} INFO - [2024-06-10T20:17:21.330+0000] {dag.py:3096} INFO - Sync 1 DAGs
[2024-06-10T20:17:21.346+0000] {logging_mixin.py:188} INFO - [2024-06-10T20:17:21.346+0000] {dag.py:3954} INFO - Setting next_dagrun for latest_only_with_trigger to 2024-06-10 16:00:00+00:00, run_after=2024-06-10 20:00:00+00:00
[2024-06-10T20:17:21.364+0000] {processor.py:183} INFO - Processing /home/airflow/.local/lib/python3.12/site-packages/airflow/example_dags/example_latest_only_with_trigger.py took 0.066 seconds
[2024-06-10T20:17:51.985+0000] {processor.py:161} INFO - Started process (PID=842) to work on /home/airflow/.local/lib/python3.12/site-packages/airflow/example_dags/example_latest_only_with_trigger.py
[2024-06-10T20:17:51.986+0000] {processor.py:830} INFO - Processing file /home/airflow/.local/lib/python3.12/site-packages/airflow/example_dags/example_latest_only_with_trigger.py for tasks to queue
[2024-06-10T20:17:51.989+0000] {logging_mixin.py:188} INFO - [2024-06-10T20:17:51.988+0000] {dagbag.py:545} INFO - Filling up the DagBag from /home/airflow/.local/lib/python3.12/site-packages/airflow/example_dags/example_latest_only_with_trigger.py
[2024-06-10T20:17:51.994+0000] {processor.py:840} INFO - DAG(s) 'latest_only_with_trigger' retrieved from /home/airflow/.local/lib/python3.12/site-packages/airflow/example_dags/example_latest_only_with_trigger.py
[2024-06-10T20:17:52.014+0000] {logging_mixin.py:188} INFO - [2024-06-10T20:17:52.014+0000] {dag.py:3096} INFO - Sync 1 DAGs
[2024-06-10T20:17:52.031+0000] {logging_mixin.py:188} INFO - [2024-06-10T20:17:52.031+0000] {dag.py:3954} INFO - Setting next_dagrun for latest_only_with_trigger to 2024-06-10 16:00:00+00:00, run_after=2024-06-10 20:00:00+00:00
[2024-06-10T20:17:52.055+0000] {processor.py:183} INFO - Processing /home/airflow/.local/lib/python3.12/site-packages/airflow/example_dags/example_latest_only_with_trigger.py took 0.076 seconds
[2024-06-10T20:18:22.136+0000] {processor.py:161} INFO - Started process (PID=899) to work on /home/airflow/.local/lib/python3.12/site-packages/airflow/example_dags/example_latest_only_with_trigger.py
[2024-06-10T20:18:22.137+0000] {processor.py:830} INFO - Processing file /home/airflow/.local/lib/python3.12/site-packages/airflow/example_dags/example_latest_only_with_trigger.py for tasks to queue
[2024-06-10T20:18:22.138+0000] {logging_mixin.py:188} INFO - [2024-06-10T20:18:22.138+0000] {dagbag.py:545} INFO - Filling up the DagBag from /home/airflow/.local/lib/python3.12/site-packages/airflow/example_dags/example_latest_only_with_trigger.py
[2024-06-10T20:18:22.144+0000] {processor.py:840} INFO - DAG(s) 'latest_only_with_trigger' retrieved from /home/airflow/.local/lib/python3.12/site-packages/airflow/example_dags/example_latest_only_with_trigger.py
[2024-06-10T20:18:22.160+0000] {logging_mixin.py:188} INFO - [2024-06-10T20:18:22.160+0000] {dag.py:3096} INFO - Sync 1 DAGs
[2024-06-10T20:18:22.178+0000] {logging_mixin.py:188} INFO - [2024-06-10T20:18:22.177+0000] {dag.py:3954} INFO - Setting next_dagrun for latest_only_with_trigger to 2024-06-10 16:00:00+00:00, run_after=2024-06-10 20:00:00+00:00
[2024-06-10T20:18:22.199+0000] {processor.py:183} INFO - Processing /home/airflow/.local/lib/python3.12/site-packages/airflow/example_dags/example_latest_only_with_trigger.py took 0.068 seconds
[2024-06-10T20:18:52.313+0000] {processor.py:161} INFO - Started process (PID=957) to work on /home/airflow/.local/lib/python3.12/site-packages/airflow/example_dags/example_latest_only_with_trigger.py
[2024-06-10T20:18:52.314+0000] {processor.py:830} INFO - Processing file /home/airflow/.local/lib/python3.12/site-packages/airflow/example_dags/example_latest_only_with_trigger.py for tasks to queue
[2024-06-10T20:18:52.317+0000] {logging_mixin.py:188} INFO - [2024-06-10T20:18:52.317+0000] {dagbag.py:545} INFO - Filling up the DagBag from /home/airflow/.local/lib/python3.12/site-packages/airflow/example_dags/example_latest_only_with_trigger.py
[2024-06-10T20:18:52.325+0000] {processor.py:840} INFO - DAG(s) 'latest_only_with_trigger' retrieved from /home/airflow/.local/lib/python3.12/site-packages/airflow/example_dags/example_latest_only_with_trigger.py
[2024-06-10T20:18:52.342+0000] {logging_mixin.py:188} INFO - [2024-06-10T20:18:52.342+0000] {dag.py:3096} INFO - Sync 1 DAGs
[2024-06-10T20:18:52.357+0000] {logging_mixin.py:188} INFO - [2024-06-10T20:18:52.356+0000] {dag.py:3954} INFO - Setting next_dagrun for latest_only_with_trigger to 2024-06-10 16:00:00+00:00, run_after=2024-06-10 20:00:00+00:00
[2024-06-10T20:18:52.377+0000] {processor.py:183} INFO - Processing /home/airflow/.local/lib/python3.12/site-packages/airflow/example_dags/example_latest_only_with_trigger.py took 0.071 seconds
[2024-06-10T20:19:22.657+0000] {processor.py:161} INFO - Started process (PID=1015) to work on /home/airflow/.local/lib/python3.12/site-packages/airflow/example_dags/example_latest_only_with_trigger.py
[2024-06-10T20:19:22.659+0000] {processor.py:830} INFO - Processing file /home/airflow/.local/lib/python3.12/site-packages/airflow/example_dags/example_latest_only_with_trigger.py for tasks to queue
[2024-06-10T20:19:22.661+0000] {logging_mixin.py:188} INFO - [2024-06-10T20:19:22.661+0000] {dagbag.py:545} INFO - Filling up the DagBag from /home/airflow/.local/lib/python3.12/site-packages/airflow/example_dags/example_latest_only_with_trigger.py
[2024-06-10T20:19:22.667+0000] {processor.py:840} INFO - DAG(s) 'latest_only_with_trigger' retrieved from /home/airflow/.local/lib/python3.12/site-packages/airflow/example_dags/example_latest_only_with_trigger.py
[2024-06-10T20:19:22.687+0000] {logging_mixin.py:188} INFO - [2024-06-10T20:19:22.687+0000] {dag.py:3096} INFO - Sync 1 DAGs
[2024-06-10T20:19:22.705+0000] {logging_mixin.py:188} INFO - [2024-06-10T20:19:22.705+0000] {dag.py:3954} INFO - Setting next_dagrun for latest_only_with_trigger to 2024-06-10 16:00:00+00:00, run_after=2024-06-10 20:00:00+00:00
[2024-06-10T20:19:22.731+0000] {processor.py:183} INFO - Processing /home/airflow/.local/lib/python3.12/site-packages/airflow/example_dags/example_latest_only_with_trigger.py took 0.079 seconds
[2024-06-10T20:19:53.079+0000] {processor.py:161} INFO - Started process (PID=1073) to work on /home/airflow/.local/lib/python3.12/site-packages/airflow/example_dags/example_latest_only_with_trigger.py
[2024-06-10T20:19:53.080+0000] {processor.py:830} INFO - Processing file /home/airflow/.local/lib/python3.12/site-packages/airflow/example_dags/example_latest_only_with_trigger.py for tasks to queue
[2024-06-10T20:19:53.082+0000] {logging_mixin.py:188} INFO - [2024-06-10T20:19:53.082+0000] {dagbag.py:545} INFO - Filling up the DagBag from /home/airflow/.local/lib/python3.12/site-packages/airflow/example_dags/example_latest_only_with_trigger.py
[2024-06-10T20:19:53.086+0000] {processor.py:840} INFO - DAG(s) 'latest_only_with_trigger' retrieved from /home/airflow/.local/lib/python3.12/site-packages/airflow/example_dags/example_latest_only_with_trigger.py
[2024-06-10T20:19:53.102+0000] {logging_mixin.py:188} INFO - [2024-06-10T20:19:53.102+0000] {dag.py:3096} INFO - Sync 1 DAGs
[2024-06-10T20:19:53.117+0000] {logging_mixin.py:188} INFO - [2024-06-10T20:19:53.117+0000] {dag.py:3954} INFO - Setting next_dagrun for latest_only_with_trigger to 2024-06-10 16:00:00+00:00, run_after=2024-06-10 20:00:00+00:00
[2024-06-10T20:19:53.133+0000] {processor.py:183} INFO - Processing /home/airflow/.local/lib/python3.12/site-packages/airflow/example_dags/example_latest_only_with_trigger.py took 0.059 seconds
[2024-06-10T20:20:23.730+0000] {processor.py:161} INFO - Started process (PID=1131) to work on /home/airflow/.local/lib/python3.12/site-packages/airflow/example_dags/example_latest_only_with_trigger.py
[2024-06-10T20:20:23.731+0000] {processor.py:830} INFO - Processing file /home/airflow/.local/lib/python3.12/site-packages/airflow/example_dags/example_latest_only_with_trigger.py for tasks to queue
[2024-06-10T20:20:23.733+0000] {logging_mixin.py:188} INFO - [2024-06-10T20:20:23.733+0000] {dagbag.py:545} INFO - Filling up the DagBag from /home/airflow/.local/lib/python3.12/site-packages/airflow/example_dags/example_latest_only_with_trigger.py
[2024-06-10T20:20:23.737+0000] {processor.py:840} INFO - DAG(s) 'latest_only_with_trigger' retrieved from /home/airflow/.local/lib/python3.12/site-packages/airflow/example_dags/example_latest_only_with_trigger.py
[2024-06-10T20:20:23.759+0000] {logging_mixin.py:188} INFO - [2024-06-10T20:20:23.759+0000] {dag.py:3096} INFO - Sync 1 DAGs
[2024-06-10T20:20:23.789+0000] {logging_mixin.py:188} INFO - [2024-06-10T20:20:23.789+0000] {dag.py:3954} INFO - Setting next_dagrun for latest_only_with_trigger to 2024-06-10 16:00:00+00:00, run_after=2024-06-10 20:00:00+00:00
[2024-06-10T20:20:23.809+0000] {processor.py:183} INFO - Processing /home/airflow/.local/lib/python3.12/site-packages/airflow/example_dags/example_latest_only_with_trigger.py took 0.082 seconds
[2024-06-10T20:20:54.671+0000] {processor.py:161} INFO - Started process (PID=1189) to work on /home/airflow/.local/lib/python3.12/site-packages/airflow/example_dags/example_latest_only_with_trigger.py
[2024-06-10T20:20:54.673+0000] {processor.py:830} INFO - Processing file /home/airflow/.local/lib/python3.12/site-packages/airflow/example_dags/example_latest_only_with_trigger.py for tasks to queue
[2024-06-10T20:20:54.674+0000] {logging_mixin.py:188} INFO - [2024-06-10T20:20:54.674+0000] {dagbag.py:545} INFO - Filling up the DagBag from /home/airflow/.local/lib/python3.12/site-packages/airflow/example_dags/example_latest_only_with_trigger.py
[2024-06-10T20:20:54.680+0000] {processor.py:840} INFO - DAG(s) 'latest_only_with_trigger' retrieved from /home/airflow/.local/lib/python3.12/site-packages/airflow/example_dags/example_latest_only_with_trigger.py
[2024-06-10T20:20:54.700+0000] {logging_mixin.py:188} INFO - [2024-06-10T20:20:54.700+0000] {dag.py:3096} INFO - Sync 1 DAGs
[2024-06-10T20:20:54.720+0000] {logging_mixin.py:188} INFO - [2024-06-10T20:20:54.720+0000] {dag.py:3954} INFO - Setting next_dagrun for latest_only_with_trigger to 2024-06-10 16:00:00+00:00, run_after=2024-06-10 20:00:00+00:00
[2024-06-10T20:20:54.743+0000] {processor.py:183} INFO - Processing /home/airflow/.local/lib/python3.12/site-packages/airflow/example_dags/example_latest_only_with_trigger.py took 0.077 seconds
[2024-06-10T20:21:43.688+0000] {processor.py:161} INFO - Started process (PID=82) to work on /home/airflow/.local/lib/python3.12/site-packages/airflow/example_dags/example_latest_only_with_trigger.py
[2024-06-10T20:21:43.690+0000] {processor.py:830} INFO - Processing file /home/airflow/.local/lib/python3.12/site-packages/airflow/example_dags/example_latest_only_with_trigger.py for tasks to queue
[2024-06-10T20:21:43.691+0000] {logging_mixin.py:188} INFO - [2024-06-10T20:21:43.691+0000] {dagbag.py:545} INFO - Filling up the DagBag from /home/airflow/.local/lib/python3.12/site-packages/airflow/example_dags/example_latest_only_with_trigger.py
[2024-06-10T20:21:43.697+0000] {processor.py:840} INFO - DAG(s) 'latest_only_with_trigger' retrieved from /home/airflow/.local/lib/python3.12/site-packages/airflow/example_dags/example_latest_only_with_trigger.py
[2024-06-10T20:21:43.714+0000] {logging_mixin.py:188} INFO - [2024-06-10T20:21:43.714+0000] {dag.py:3096} INFO - Sync 1 DAGs
[2024-06-10T20:21:43.731+0000] {logging_mixin.py:188} INFO - [2024-06-10T20:21:43.731+0000] {dag.py:3954} INFO - Setting next_dagrun for latest_only_with_trigger to 2024-06-10 16:00:00+00:00, run_after=2024-06-10 20:00:00+00:00
[2024-06-10T20:21:43.745+0000] {processor.py:183} INFO - Processing /home/airflow/.local/lib/python3.12/site-packages/airflow/example_dags/example_latest_only_with_trigger.py took 0.061 seconds
[2024-06-10T20:22:14.055+0000] {processor.py:161} INFO - Started process (PID=140) to work on /home/airflow/.local/lib/python3.12/site-packages/airflow/example_dags/example_latest_only_with_trigger.py
[2024-06-10T20:22:14.056+0000] {processor.py:830} INFO - Processing file /home/airflow/.local/lib/python3.12/site-packages/airflow/example_dags/example_latest_only_with_trigger.py for tasks to queue
[2024-06-10T20:22:14.058+0000] {logging_mixin.py:188} INFO - [2024-06-10T20:22:14.058+0000] {dagbag.py:545} INFO - Filling up the DagBag from /home/airflow/.local/lib/python3.12/site-packages/airflow/example_dags/example_latest_only_with_trigger.py
[2024-06-10T20:22:14.062+0000] {processor.py:840} INFO - DAG(s) 'latest_only_with_trigger' retrieved from /home/airflow/.local/lib/python3.12/site-packages/airflow/example_dags/example_latest_only_with_trigger.py
[2024-06-10T20:22:14.076+0000] {logging_mixin.py:188} INFO - [2024-06-10T20:22:14.076+0000] {dag.py:3096} INFO - Sync 1 DAGs
[2024-06-10T20:22:14.091+0000] {logging_mixin.py:188} INFO - [2024-06-10T20:22:14.091+0000] {dag.py:3954} INFO - Setting next_dagrun for latest_only_with_trigger to 2024-06-10 16:00:00+00:00, run_after=2024-06-10 20:00:00+00:00
[2024-06-10T20:22:14.109+0000] {processor.py:183} INFO - Processing /home/airflow/.local/lib/python3.12/site-packages/airflow/example_dags/example_latest_only_with_trigger.py took 0.058 seconds
