[2024-06-10T20:11:12.399+0000] {processor.py:161} INFO - Started process (PID=65) to work on /home/airflow/.local/lib/python3.12/site-packages/airflow/example_dags/example_setup_teardown.py
[2024-06-10T20:11:12.404+0000] {processor.py:830} INFO - Processing file /home/airflow/.local/lib/python3.12/site-packages/airflow/example_dags/example_setup_teardown.py for tasks to queue
[2024-06-10T20:11:12.407+0000] {logging_mixin.py:188} INFO - [2024-06-10T20:11:12.406+0000] {dagbag.py:545} INFO - Filling up the DagBag from /home/airflow/.local/lib/python3.12/site-packages/airflow/example_dags/example_setup_teardown.py
[2024-06-10T20:11:12.415+0000] {processor.py:840} INFO - DAG(s) 'example_setup_teardown' retrieved from /home/airflow/.local/lib/python3.12/site-packages/airflow/example_dags/example_setup_teardown.py
[2024-06-10T20:11:12.509+0000] {logging_mixin.py:188} INFO - [2024-06-10T20:11:12.509+0000] {override.py:1829} INFO - Created Permission View: can delete on DAG:example_setup_teardown
[2024-06-10T20:11:12.555+0000] {logging_mixin.py:188} INFO - [2024-06-10T20:11:12.554+0000] {override.py:1829} INFO - Created Permission View: can edit on DAG:example_setup_teardown
[2024-06-10T20:11:12.607+0000] {logging_mixin.py:188} INFO - [2024-06-10T20:11:12.607+0000] {override.py:1829} INFO - Created Permission View: can read on DAG:example_setup_teardown
[2024-06-10T20:11:12.608+0000] {logging_mixin.py:188} INFO - [2024-06-10T20:11:12.608+0000] {dag.py:3096} INFO - Sync 1 DAGs
[2024-06-10T20:11:12.616+0000] {logging_mixin.py:188} INFO - [2024-06-10T20:11:12.616+0000] {dag.py:3118} INFO - Creating ORM DAG for example_setup_teardown
[2024-06-10T20:11:12.625+0000] {logging_mixin.py:188} INFO - [2024-06-10T20:11:12.625+0000] {dag.py:3954} INFO - Setting next_dagrun for example_setup_teardown to 2024-06-09 00:00:00+00:00, run_after=2024-06-10 00:00:00+00:00
[2024-06-10T20:11:12.645+0000] {processor.py:183} INFO - Processing /home/airflow/.local/lib/python3.12/site-packages/airflow/example_dags/example_setup_teardown.py took 0.254 seconds
[2024-06-10T20:11:43.318+0000] {processor.py:161} INFO - Started process (PID=123) to work on /home/airflow/.local/lib/python3.12/site-packages/airflow/example_dags/example_setup_teardown.py
[2024-06-10T20:11:43.320+0000] {processor.py:830} INFO - Processing file /home/airflow/.local/lib/python3.12/site-packages/airflow/example_dags/example_setup_teardown.py for tasks to queue
[2024-06-10T20:11:43.323+0000] {logging_mixin.py:188} INFO - [2024-06-10T20:11:43.323+0000] {dagbag.py:545} INFO - Filling up the DagBag from /home/airflow/.local/lib/python3.12/site-packages/airflow/example_dags/example_setup_teardown.py
[2024-06-10T20:11:43.332+0000] {processor.py:840} INFO - DAG(s) 'example_setup_teardown' retrieved from /home/airflow/.local/lib/python3.12/site-packages/airflow/example_dags/example_setup_teardown.py
[2024-06-10T20:11:43.350+0000] {logging_mixin.py:188} INFO - [2024-06-10T20:11:43.350+0000] {dag.py:3096} INFO - Sync 1 DAGs
[2024-06-10T20:11:43.365+0000] {logging_mixin.py:188} INFO - [2024-06-10T20:11:43.364+0000] {dag.py:3954} INFO - Setting next_dagrun for example_setup_teardown to 2024-06-09 00:00:00+00:00, run_after=2024-06-10 00:00:00+00:00
[2024-06-10T20:11:43.381+0000] {processor.py:183} INFO - Processing /home/airflow/.local/lib/python3.12/site-packages/airflow/example_dags/example_setup_teardown.py took 0.074 seconds
[2024-06-10T20:12:13.635+0000] {processor.py:161} INFO - Started process (PID=181) to work on /home/airflow/.local/lib/python3.12/site-packages/airflow/example_dags/example_setup_teardown.py
[2024-06-10T20:12:13.637+0000] {processor.py:830} INFO - Processing file /home/airflow/.local/lib/python3.12/site-packages/airflow/example_dags/example_setup_teardown.py for tasks to queue
[2024-06-10T20:12:13.639+0000] {logging_mixin.py:188} INFO - [2024-06-10T20:12:13.639+0000] {dagbag.py:545} INFO - Filling up the DagBag from /home/airflow/.local/lib/python3.12/site-packages/airflow/example_dags/example_setup_teardown.py
[2024-06-10T20:12:13.648+0000] {processor.py:840} INFO - DAG(s) 'example_setup_teardown' retrieved from /home/airflow/.local/lib/python3.12/site-packages/airflow/example_dags/example_setup_teardown.py
[2024-06-10T20:12:13.664+0000] {logging_mixin.py:188} INFO - [2024-06-10T20:12:13.664+0000] {dag.py:3096} INFO - Sync 1 DAGs
[2024-06-10T20:12:13.681+0000] {logging_mixin.py:188} INFO - [2024-06-10T20:12:13.680+0000] {dag.py:3954} INFO - Setting next_dagrun for example_setup_teardown to 2024-06-09 00:00:00+00:00, run_after=2024-06-10 00:00:00+00:00
[2024-06-10T20:12:13.699+0000] {processor.py:183} INFO - Processing /home/airflow/.local/lib/python3.12/site-packages/airflow/example_dags/example_setup_teardown.py took 0.074 seconds
[2024-06-10T20:12:43.971+0000] {processor.py:161} INFO - Started process (PID=239) to work on /home/airflow/.local/lib/python3.12/site-packages/airflow/example_dags/example_setup_teardown.py
[2024-06-10T20:12:43.972+0000] {processor.py:830} INFO - Processing file /home/airflow/.local/lib/python3.12/site-packages/airflow/example_dags/example_setup_teardown.py for tasks to queue
[2024-06-10T20:12:43.975+0000] {logging_mixin.py:188} INFO - [2024-06-10T20:12:43.974+0000] {dagbag.py:545} INFO - Filling up the DagBag from /home/airflow/.local/lib/python3.12/site-packages/airflow/example_dags/example_setup_teardown.py
[2024-06-10T20:12:43.983+0000] {processor.py:840} INFO - DAG(s) 'example_setup_teardown' retrieved from /home/airflow/.local/lib/python3.12/site-packages/airflow/example_dags/example_setup_teardown.py
[2024-06-10T20:12:44.004+0000] {logging_mixin.py:188} INFO - [2024-06-10T20:12:44.004+0000] {dag.py:3096} INFO - Sync 1 DAGs
[2024-06-10T20:12:44.021+0000] {logging_mixin.py:188} INFO - [2024-06-10T20:12:44.021+0000] {dag.py:3954} INFO - Setting next_dagrun for example_setup_teardown to 2024-06-09 00:00:00+00:00, run_after=2024-06-10 00:00:00+00:00
[2024-06-10T20:12:44.043+0000] {processor.py:183} INFO - Processing /home/airflow/.local/lib/python3.12/site-packages/airflow/example_dags/example_setup_teardown.py took 0.082 seconds
[2024-06-10T20:13:14.294+0000] {processor.py:161} INFO - Started process (PID=297) to work on /home/airflow/.local/lib/python3.12/site-packages/airflow/example_dags/example_setup_teardown.py
[2024-06-10T20:13:14.295+0000] {processor.py:830} INFO - Processing file /home/airflow/.local/lib/python3.12/site-packages/airflow/example_dags/example_setup_teardown.py for tasks to queue
[2024-06-10T20:13:14.297+0000] {logging_mixin.py:188} INFO - [2024-06-10T20:13:14.297+0000] {dagbag.py:545} INFO - Filling up the DagBag from /home/airflow/.local/lib/python3.12/site-packages/airflow/example_dags/example_setup_teardown.py
[2024-06-10T20:13:14.302+0000] {processor.py:840} INFO - DAG(s) 'example_setup_teardown' retrieved from /home/airflow/.local/lib/python3.12/site-packages/airflow/example_dags/example_setup_teardown.py
[2024-06-10T20:13:14.319+0000] {logging_mixin.py:188} INFO - [2024-06-10T20:13:14.319+0000] {dag.py:3096} INFO - Sync 1 DAGs
[2024-06-10T20:13:14.338+0000] {logging_mixin.py:188} INFO - [2024-06-10T20:13:14.338+0000] {dag.py:3954} INFO - Setting next_dagrun for example_setup_teardown to 2024-06-09 00:00:00+00:00, run_after=2024-06-10 00:00:00+00:00
[2024-06-10T20:13:14.358+0000] {processor.py:183} INFO - Processing /home/airflow/.local/lib/python3.12/site-packages/airflow/example_dags/example_setup_teardown.py took 0.074 seconds
[2024-06-10T20:13:44.718+0000] {processor.py:161} INFO - Started process (PID=355) to work on /home/airflow/.local/lib/python3.12/site-packages/airflow/example_dags/example_setup_teardown.py
[2024-06-10T20:13:44.719+0000] {processor.py:830} INFO - Processing file /home/airflow/.local/lib/python3.12/site-packages/airflow/example_dags/example_setup_teardown.py for tasks to queue
[2024-06-10T20:13:44.720+0000] {logging_mixin.py:188} INFO - [2024-06-10T20:13:44.720+0000] {dagbag.py:545} INFO - Filling up the DagBag from /home/airflow/.local/lib/python3.12/site-packages/airflow/example_dags/example_setup_teardown.py
[2024-06-10T20:13:44.726+0000] {processor.py:840} INFO - DAG(s) 'example_setup_teardown' retrieved from /home/airflow/.local/lib/python3.12/site-packages/airflow/example_dags/example_setup_teardown.py
[2024-06-10T20:13:44.749+0000] {logging_mixin.py:188} INFO - [2024-06-10T20:13:44.748+0000] {dag.py:3096} INFO - Sync 1 DAGs
[2024-06-10T20:13:44.766+0000] {logging_mixin.py:188} INFO - [2024-06-10T20:13:44.766+0000] {dag.py:3954} INFO - Setting next_dagrun for example_setup_teardown to 2024-06-09 00:00:00+00:00, run_after=2024-06-10 00:00:00+00:00
[2024-06-10T20:13:44.785+0000] {processor.py:183} INFO - Processing /home/airflow/.local/lib/python3.12/site-packages/airflow/example_dags/example_setup_teardown.py took 0.072 seconds
[2024-06-10T20:14:15.476+0000] {processor.py:161} INFO - Started process (PID=413) to work on /home/airflow/.local/lib/python3.12/site-packages/airflow/example_dags/example_setup_teardown.py
[2024-06-10T20:14:15.478+0000] {processor.py:830} INFO - Processing file /home/airflow/.local/lib/python3.12/site-packages/airflow/example_dags/example_setup_teardown.py for tasks to queue
[2024-06-10T20:14:15.480+0000] {logging_mixin.py:188} INFO - [2024-06-10T20:14:15.480+0000] {dagbag.py:545} INFO - Filling up the DagBag from /home/airflow/.local/lib/python3.12/site-packages/airflow/example_dags/example_setup_teardown.py
[2024-06-10T20:14:15.488+0000] {processor.py:840} INFO - DAG(s) 'example_setup_teardown' retrieved from /home/airflow/.local/lib/python3.12/site-packages/airflow/example_dags/example_setup_teardown.py
[2024-06-10T20:14:15.504+0000] {logging_mixin.py:188} INFO - [2024-06-10T20:14:15.504+0000] {dag.py:3096} INFO - Sync 1 DAGs
[2024-06-10T20:14:15.520+0000] {logging_mixin.py:188} INFO - [2024-06-10T20:14:15.520+0000] {dag.py:3954} INFO - Setting next_dagrun for example_setup_teardown to 2024-06-09 00:00:00+00:00, run_after=2024-06-10 00:00:00+00:00
[2024-06-10T20:14:15.541+0000] {processor.py:183} INFO - Processing /home/airflow/.local/lib/python3.12/site-packages/airflow/example_dags/example_setup_teardown.py took 0.072 seconds
[2024-06-10T20:14:45.655+0000] {processor.py:161} INFO - Started process (PID=471) to work on /home/airflow/.local/lib/python3.12/site-packages/airflow/example_dags/example_setup_teardown.py
[2024-06-10T20:14:45.656+0000] {processor.py:830} INFO - Processing file /home/airflow/.local/lib/python3.12/site-packages/airflow/example_dags/example_setup_teardown.py for tasks to queue
[2024-06-10T20:14:45.658+0000] {logging_mixin.py:188} INFO - [2024-06-10T20:14:45.658+0000] {dagbag.py:545} INFO - Filling up the DagBag from /home/airflow/.local/lib/python3.12/site-packages/airflow/example_dags/example_setup_teardown.py
[2024-06-10T20:14:45.664+0000] {processor.py:840} INFO - DAG(s) 'example_setup_teardown' retrieved from /home/airflow/.local/lib/python3.12/site-packages/airflow/example_dags/example_setup_teardown.py
[2024-06-10T20:14:45.681+0000] {logging_mixin.py:188} INFO - [2024-06-10T20:14:45.681+0000] {dag.py:3096} INFO - Sync 1 DAGs
[2024-06-10T20:14:45.696+0000] {logging_mixin.py:188} INFO - [2024-06-10T20:14:45.696+0000] {dag.py:3954} INFO - Setting next_dagrun for example_setup_teardown to 2024-06-09 00:00:00+00:00, run_after=2024-06-10 00:00:00+00:00
[2024-06-10T20:14:45.712+0000] {processor.py:183} INFO - Processing /home/airflow/.local/lib/python3.12/site-packages/airflow/example_dags/example_setup_teardown.py took 0.062 seconds
[2024-06-10T20:15:16.000+0000] {processor.py:161} INFO - Started process (PID=531) to work on /home/airflow/.local/lib/python3.12/site-packages/airflow/example_dags/example_setup_teardown.py
[2024-06-10T20:15:16.001+0000] {processor.py:830} INFO - Processing file /home/airflow/.local/lib/python3.12/site-packages/airflow/example_dags/example_setup_teardown.py for tasks to queue
[2024-06-10T20:15:16.003+0000] {logging_mixin.py:188} INFO - [2024-06-10T20:15:16.003+0000] {dagbag.py:545} INFO - Filling up the DagBag from /home/airflow/.local/lib/python3.12/site-packages/airflow/example_dags/example_setup_teardown.py
[2024-06-10T20:15:16.010+0000] {processor.py:840} INFO - DAG(s) 'example_setup_teardown' retrieved from /home/airflow/.local/lib/python3.12/site-packages/airflow/example_dags/example_setup_teardown.py
[2024-06-10T20:15:16.028+0000] {logging_mixin.py:188} INFO - [2024-06-10T20:15:16.027+0000] {dag.py:3096} INFO - Sync 1 DAGs
[2024-06-10T20:15:16.044+0000] {logging_mixin.py:188} INFO - [2024-06-10T20:15:16.044+0000] {dag.py:3954} INFO - Setting next_dagrun for example_setup_teardown to 2024-06-09 00:00:00+00:00, run_after=2024-06-10 00:00:00+00:00
[2024-06-10T20:15:16.060+0000] {processor.py:183} INFO - Processing /home/airflow/.local/lib/python3.12/site-packages/airflow/example_dags/example_setup_teardown.py took 0.065 seconds
[2024-06-10T20:15:46.144+0000] {processor.py:161} INFO - Started process (PID=593) to work on /home/airflow/.local/lib/python3.12/site-packages/airflow/example_dags/example_setup_teardown.py
[2024-06-10T20:15:46.145+0000] {processor.py:830} INFO - Processing file /home/airflow/.local/lib/python3.12/site-packages/airflow/example_dags/example_setup_teardown.py for tasks to queue
[2024-06-10T20:15:46.147+0000] {logging_mixin.py:188} INFO - [2024-06-10T20:15:46.146+0000] {dagbag.py:545} INFO - Filling up the DagBag from /home/airflow/.local/lib/python3.12/site-packages/airflow/example_dags/example_setup_teardown.py
[2024-06-10T20:15:46.152+0000] {processor.py:840} INFO - DAG(s) 'example_setup_teardown' retrieved from /home/airflow/.local/lib/python3.12/site-packages/airflow/example_dags/example_setup_teardown.py
[2024-06-10T20:15:46.171+0000] {logging_mixin.py:188} INFO - [2024-06-10T20:15:46.171+0000] {dag.py:3096} INFO - Sync 1 DAGs
[2024-06-10T20:15:46.187+0000] {logging_mixin.py:188} INFO - [2024-06-10T20:15:46.187+0000] {dag.py:3954} INFO - Setting next_dagrun for example_setup_teardown to 2024-06-09 00:00:00+00:00, run_after=2024-06-10 00:00:00+00:00
[2024-06-10T20:15:46.204+0000] {processor.py:183} INFO - Processing /home/airflow/.local/lib/python3.12/site-packages/airflow/example_dags/example_setup_teardown.py took 0.064 seconds
[2024-06-10T20:16:16.518+0000] {processor.py:161} INFO - Started process (PID=651) to work on /home/airflow/.local/lib/python3.12/site-packages/airflow/example_dags/example_setup_teardown.py
[2024-06-10T20:16:16.520+0000] {processor.py:830} INFO - Processing file /home/airflow/.local/lib/python3.12/site-packages/airflow/example_dags/example_setup_teardown.py for tasks to queue
[2024-06-10T20:16:16.522+0000] {logging_mixin.py:188} INFO - [2024-06-10T20:16:16.522+0000] {dagbag.py:545} INFO - Filling up the DagBag from /home/airflow/.local/lib/python3.12/site-packages/airflow/example_dags/example_setup_teardown.py
[2024-06-10T20:16:16.529+0000] {processor.py:840} INFO - DAG(s) 'example_setup_teardown' retrieved from /home/airflow/.local/lib/python3.12/site-packages/airflow/example_dags/example_setup_teardown.py
[2024-06-10T20:16:16.547+0000] {logging_mixin.py:188} INFO - [2024-06-10T20:16:16.547+0000] {dag.py:3096} INFO - Sync 1 DAGs
[2024-06-10T20:16:16.564+0000] {logging_mixin.py:188} INFO - [2024-06-10T20:16:16.563+0000] {dag.py:3954} INFO - Setting next_dagrun for example_setup_teardown to 2024-06-09 00:00:00+00:00, run_after=2024-06-10 00:00:00+00:00
[2024-06-10T20:16:16.582+0000] {processor.py:183} INFO - Processing /home/airflow/.local/lib/python3.12/site-packages/airflow/example_dags/example_setup_teardown.py took 0.070 seconds
[2024-06-10T20:16:46.931+0000] {processor.py:161} INFO - Started process (PID=709) to work on /home/airflow/.local/lib/python3.12/site-packages/airflow/example_dags/example_setup_teardown.py
[2024-06-10T20:16:46.933+0000] {processor.py:830} INFO - Processing file /home/airflow/.local/lib/python3.12/site-packages/airflow/example_dags/example_setup_teardown.py for tasks to queue
[2024-06-10T20:16:46.935+0000] {logging_mixin.py:188} INFO - [2024-06-10T20:16:46.935+0000] {dagbag.py:545} INFO - Filling up the DagBag from /home/airflow/.local/lib/python3.12/site-packages/airflow/example_dags/example_setup_teardown.py
[2024-06-10T20:16:46.941+0000] {processor.py:840} INFO - DAG(s) 'example_setup_teardown' retrieved from /home/airflow/.local/lib/python3.12/site-packages/airflow/example_dags/example_setup_teardown.py
[2024-06-10T20:16:46.958+0000] {logging_mixin.py:188} INFO - [2024-06-10T20:16:46.958+0000] {dag.py:3096} INFO - Sync 1 DAGs
[2024-06-10T20:16:46.973+0000] {logging_mixin.py:188} INFO - [2024-06-10T20:16:46.973+0000] {dag.py:3954} INFO - Setting next_dagrun for example_setup_teardown to 2024-06-09 00:00:00+00:00, run_after=2024-06-10 00:00:00+00:00
[2024-06-10T20:16:46.992+0000] {processor.py:183} INFO - Processing /home/airflow/.local/lib/python3.12/site-packages/airflow/example_dags/example_setup_teardown.py took 0.068 seconds
[2024-06-10T20:17:17.315+0000] {processor.py:161} INFO - Started process (PID=767) to work on /home/airflow/.local/lib/python3.12/site-packages/airflow/example_dags/example_setup_teardown.py
[2024-06-10T20:17:17.316+0000] {processor.py:830} INFO - Processing file /home/airflow/.local/lib/python3.12/site-packages/airflow/example_dags/example_setup_teardown.py for tasks to queue
[2024-06-10T20:17:17.318+0000] {logging_mixin.py:188} INFO - [2024-06-10T20:17:17.317+0000] {dagbag.py:545} INFO - Filling up the DagBag from /home/airflow/.local/lib/python3.12/site-packages/airflow/example_dags/example_setup_teardown.py
[2024-06-10T20:17:17.323+0000] {processor.py:840} INFO - DAG(s) 'example_setup_teardown' retrieved from /home/airflow/.local/lib/python3.12/site-packages/airflow/example_dags/example_setup_teardown.py
[2024-06-10T20:17:17.345+0000] {logging_mixin.py:188} INFO - [2024-06-10T20:17:17.344+0000] {dag.py:3096} INFO - Sync 1 DAGs
[2024-06-10T20:17:17.370+0000] {logging_mixin.py:188} INFO - [2024-06-10T20:17:17.370+0000] {dag.py:3954} INFO - Setting next_dagrun for example_setup_teardown to 2024-06-09 00:00:00+00:00, run_after=2024-06-10 00:00:00+00:00
[2024-06-10T20:17:17.396+0000] {processor.py:183} INFO - Processing /home/airflow/.local/lib/python3.12/site-packages/airflow/example_dags/example_setup_teardown.py took 0.086 seconds
[2024-06-10T20:17:47.849+0000] {processor.py:161} INFO - Started process (PID=825) to work on /home/airflow/.local/lib/python3.12/site-packages/airflow/example_dags/example_setup_teardown.py
[2024-06-10T20:17:47.851+0000] {processor.py:830} INFO - Processing file /home/airflow/.local/lib/python3.12/site-packages/airflow/example_dags/example_setup_teardown.py for tasks to queue
[2024-06-10T20:17:47.854+0000] {logging_mixin.py:188} INFO - [2024-06-10T20:17:47.853+0000] {dagbag.py:545} INFO - Filling up the DagBag from /home/airflow/.local/lib/python3.12/site-packages/airflow/example_dags/example_setup_teardown.py
[2024-06-10T20:17:47.862+0000] {processor.py:840} INFO - DAG(s) 'example_setup_teardown' retrieved from /home/airflow/.local/lib/python3.12/site-packages/airflow/example_dags/example_setup_teardown.py
[2024-06-10T20:17:47.880+0000] {logging_mixin.py:188} INFO - [2024-06-10T20:17:47.879+0000] {dag.py:3096} INFO - Sync 1 DAGs
[2024-06-10T20:17:47.899+0000] {logging_mixin.py:188} INFO - [2024-06-10T20:17:47.898+0000] {dag.py:3954} INFO - Setting next_dagrun for example_setup_teardown to 2024-06-09 00:00:00+00:00, run_after=2024-06-10 00:00:00+00:00
[2024-06-10T20:17:47.920+0000] {processor.py:183} INFO - Processing /home/airflow/.local/lib/python3.12/site-packages/airflow/example_dags/example_setup_teardown.py took 0.081 seconds
[2024-06-10T20:18:18.251+0000] {processor.py:161} INFO - Started process (PID=882) to work on /home/airflow/.local/lib/python3.12/site-packages/airflow/example_dags/example_setup_teardown.py
[2024-06-10T20:18:18.252+0000] {processor.py:830} INFO - Processing file /home/airflow/.local/lib/python3.12/site-packages/airflow/example_dags/example_setup_teardown.py for tasks to queue
[2024-06-10T20:18:18.254+0000] {logging_mixin.py:188} INFO - [2024-06-10T20:18:18.254+0000] {dagbag.py:545} INFO - Filling up the DagBag from /home/airflow/.local/lib/python3.12/site-packages/airflow/example_dags/example_setup_teardown.py
[2024-06-10T20:18:18.259+0000] {processor.py:840} INFO - DAG(s) 'example_setup_teardown' retrieved from /home/airflow/.local/lib/python3.12/site-packages/airflow/example_dags/example_setup_teardown.py
[2024-06-10T20:18:18.277+0000] {logging_mixin.py:188} INFO - [2024-06-10T20:18:18.277+0000] {dag.py:3096} INFO - Sync 1 DAGs
[2024-06-10T20:18:18.295+0000] {logging_mixin.py:188} INFO - [2024-06-10T20:18:18.295+0000] {dag.py:3954} INFO - Setting next_dagrun for example_setup_teardown to 2024-06-09 00:00:00+00:00, run_after=2024-06-10 00:00:00+00:00
[2024-06-10T20:18:18.316+0000] {processor.py:183} INFO - Processing /home/airflow/.local/lib/python3.12/site-packages/airflow/example_dags/example_setup_teardown.py took 0.069 seconds
[2024-06-10T20:18:48.397+0000] {processor.py:161} INFO - Started process (PID=940) to work on /home/airflow/.local/lib/python3.12/site-packages/airflow/example_dags/example_setup_teardown.py
[2024-06-10T20:18:48.400+0000] {processor.py:830} INFO - Processing file /home/airflow/.local/lib/python3.12/site-packages/airflow/example_dags/example_setup_teardown.py for tasks to queue
[2024-06-10T20:18:48.403+0000] {logging_mixin.py:188} INFO - [2024-06-10T20:18:48.402+0000] {dagbag.py:545} INFO - Filling up the DagBag from /home/airflow/.local/lib/python3.12/site-packages/airflow/example_dags/example_setup_teardown.py
[2024-06-10T20:18:48.410+0000] {processor.py:840} INFO - DAG(s) 'example_setup_teardown' retrieved from /home/airflow/.local/lib/python3.12/site-packages/airflow/example_dags/example_setup_teardown.py
[2024-06-10T20:18:48.482+0000] {logging_mixin.py:188} INFO - [2024-06-10T20:18:48.481+0000] {dag.py:3096} INFO - Sync 1 DAGs
[2024-06-10T20:18:48.501+0000] {logging_mixin.py:188} INFO - [2024-06-10T20:18:48.501+0000] {dag.py:3954} INFO - Setting next_dagrun for example_setup_teardown to 2024-06-09 00:00:00+00:00, run_after=2024-06-10 00:00:00+00:00
[2024-06-10T20:18:48.521+0000] {processor.py:183} INFO - Processing /home/airflow/.local/lib/python3.12/site-packages/airflow/example_dags/example_setup_teardown.py took 0.131 seconds
[2024-06-10T20:19:18.871+0000] {processor.py:161} INFO - Started process (PID=998) to work on /home/airflow/.local/lib/python3.12/site-packages/airflow/example_dags/example_setup_teardown.py
[2024-06-10T20:19:18.873+0000] {processor.py:830} INFO - Processing file /home/airflow/.local/lib/python3.12/site-packages/airflow/example_dags/example_setup_teardown.py for tasks to queue
[2024-06-10T20:19:18.875+0000] {logging_mixin.py:188} INFO - [2024-06-10T20:19:18.874+0000] {dagbag.py:545} INFO - Filling up the DagBag from /home/airflow/.local/lib/python3.12/site-packages/airflow/example_dags/example_setup_teardown.py
[2024-06-10T20:19:18.880+0000] {processor.py:840} INFO - DAG(s) 'example_setup_teardown' retrieved from /home/airflow/.local/lib/python3.12/site-packages/airflow/example_dags/example_setup_teardown.py
[2024-06-10T20:19:18.898+0000] {logging_mixin.py:188} INFO - [2024-06-10T20:19:18.897+0000] {dag.py:3096} INFO - Sync 1 DAGs
[2024-06-10T20:19:18.916+0000] {logging_mixin.py:188} INFO - [2024-06-10T20:19:18.916+0000] {dag.py:3954} INFO - Setting next_dagrun for example_setup_teardown to 2024-06-09 00:00:00+00:00, run_after=2024-06-10 00:00:00+00:00
[2024-06-10T20:19:18.935+0000] {processor.py:183} INFO - Processing /home/airflow/.local/lib/python3.12/site-packages/airflow/example_dags/example_setup_teardown.py took 0.068 seconds
[2024-06-10T20:19:49.206+0000] {processor.py:161} INFO - Started process (PID=1056) to work on /home/airflow/.local/lib/python3.12/site-packages/airflow/example_dags/example_setup_teardown.py
[2024-06-10T20:19:49.207+0000] {processor.py:830} INFO - Processing file /home/airflow/.local/lib/python3.12/site-packages/airflow/example_dags/example_setup_teardown.py for tasks to queue
[2024-06-10T20:19:49.209+0000] {logging_mixin.py:188} INFO - [2024-06-10T20:19:49.208+0000] {dagbag.py:545} INFO - Filling up the DagBag from /home/airflow/.local/lib/python3.12/site-packages/airflow/example_dags/example_setup_teardown.py
[2024-06-10T20:19:49.213+0000] {processor.py:840} INFO - DAG(s) 'example_setup_teardown' retrieved from /home/airflow/.local/lib/python3.12/site-packages/airflow/example_dags/example_setup_teardown.py
[2024-06-10T20:19:49.229+0000] {logging_mixin.py:188} INFO - [2024-06-10T20:19:49.229+0000] {dag.py:3096} INFO - Sync 1 DAGs
[2024-06-10T20:19:49.249+0000] {logging_mixin.py:188} INFO - [2024-06-10T20:19:49.249+0000] {dag.py:3954} INFO - Setting next_dagrun for example_setup_teardown to 2024-06-09 00:00:00+00:00, run_after=2024-06-10 00:00:00+00:00
[2024-06-10T20:19:49.268+0000] {processor.py:183} INFO - Processing /home/airflow/.local/lib/python3.12/site-packages/airflow/example_dags/example_setup_teardown.py took 0.067 seconds
[2024-06-10T20:20:19.736+0000] {processor.py:161} INFO - Started process (PID=1114) to work on /home/airflow/.local/lib/python3.12/site-packages/airflow/example_dags/example_setup_teardown.py
[2024-06-10T20:20:19.737+0000] {processor.py:830} INFO - Processing file /home/airflow/.local/lib/python3.12/site-packages/airflow/example_dags/example_setup_teardown.py for tasks to queue
[2024-06-10T20:20:19.740+0000] {logging_mixin.py:188} INFO - [2024-06-10T20:20:19.739+0000] {dagbag.py:545} INFO - Filling up the DagBag from /home/airflow/.local/lib/python3.12/site-packages/airflow/example_dags/example_setup_teardown.py
[2024-06-10T20:20:19.748+0000] {processor.py:840} INFO - DAG(s) 'example_setup_teardown' retrieved from /home/airflow/.local/lib/python3.12/site-packages/airflow/example_dags/example_setup_teardown.py
[2024-06-10T20:20:19.774+0000] {logging_mixin.py:188} INFO - [2024-06-10T20:20:19.773+0000] {dag.py:3096} INFO - Sync 1 DAGs
[2024-06-10T20:20:19.804+0000] {logging_mixin.py:188} INFO - [2024-06-10T20:20:19.804+0000] {dag.py:3954} INFO - Setting next_dagrun for example_setup_teardown to 2024-06-09 00:00:00+00:00, run_after=2024-06-10 00:00:00+00:00
[2024-06-10T20:20:19.828+0000] {processor.py:183} INFO - Processing /home/airflow/.local/lib/python3.12/site-packages/airflow/example_dags/example_setup_teardown.py took 0.100 seconds
[2024-06-10T20:20:50.733+0000] {processor.py:161} INFO - Started process (PID=1172) to work on /home/airflow/.local/lib/python3.12/site-packages/airflow/example_dags/example_setup_teardown.py
[2024-06-10T20:20:50.734+0000] {processor.py:830} INFO - Processing file /home/airflow/.local/lib/python3.12/site-packages/airflow/example_dags/example_setup_teardown.py for tasks to queue
[2024-06-10T20:20:50.736+0000] {logging_mixin.py:188} INFO - [2024-06-10T20:20:50.736+0000] {dagbag.py:545} INFO - Filling up the DagBag from /home/airflow/.local/lib/python3.12/site-packages/airflow/example_dags/example_setup_teardown.py
[2024-06-10T20:20:50.741+0000] {processor.py:840} INFO - DAG(s) 'example_setup_teardown' retrieved from /home/airflow/.local/lib/python3.12/site-packages/airflow/example_dags/example_setup_teardown.py
[2024-06-10T20:20:50.757+0000] {logging_mixin.py:188} INFO - [2024-06-10T20:20:50.757+0000] {dag.py:3096} INFO - Sync 1 DAGs
[2024-06-10T20:20:50.773+0000] {logging_mixin.py:188} INFO - [2024-06-10T20:20:50.773+0000] {dag.py:3954} INFO - Setting next_dagrun for example_setup_teardown to 2024-06-09 00:00:00+00:00, run_after=2024-06-10 00:00:00+00:00
[2024-06-10T20:20:50.790+0000] {processor.py:183} INFO - Processing /home/airflow/.local/lib/python3.12/site-packages/airflow/example_dags/example_setup_teardown.py took 0.060 seconds
[2024-06-10T20:21:20.941+0000] {processor.py:161} INFO - Started process (PID=1230) to work on /home/airflow/.local/lib/python3.12/site-packages/airflow/example_dags/example_setup_teardown.py
[2024-06-10T20:21:20.942+0000] {processor.py:830} INFO - Processing file /home/airflow/.local/lib/python3.12/site-packages/airflow/example_dags/example_setup_teardown.py for tasks to queue
[2024-06-10T20:21:20.944+0000] {logging_mixin.py:188} INFO - [2024-06-10T20:21:20.944+0000] {dagbag.py:545} INFO - Filling up the DagBag from /home/airflow/.local/lib/python3.12/site-packages/airflow/example_dags/example_setup_teardown.py
[2024-06-10T20:21:20.949+0000] {processor.py:840} INFO - DAG(s) 'example_setup_teardown' retrieved from /home/airflow/.local/lib/python3.12/site-packages/airflow/example_dags/example_setup_teardown.py
[2024-06-10T20:21:20.966+0000] {logging_mixin.py:188} INFO - [2024-06-10T20:21:20.965+0000] {dag.py:3096} INFO - Sync 1 DAGs
[2024-06-10T20:21:20.981+0000] {logging_mixin.py:188} INFO - [2024-06-10T20:21:20.981+0000] {dag.py:3954} INFO - Setting next_dagrun for example_setup_teardown to 2024-06-09 00:00:00+00:00, run_after=2024-06-10 00:00:00+00:00
[2024-06-10T20:21:21.000+0000] {processor.py:183} INFO - Processing /home/airflow/.local/lib/python3.12/site-packages/airflow/example_dags/example_setup_teardown.py took 0.063 seconds
[2024-06-10T20:21:42.631+0000] {processor.py:161} INFO - Started process (PID=65) to work on /home/airflow/.local/lib/python3.12/site-packages/airflow/example_dags/example_setup_teardown.py
[2024-06-10T20:21:42.632+0000] {processor.py:830} INFO - Processing file /home/airflow/.local/lib/python3.12/site-packages/airflow/example_dags/example_setup_teardown.py for tasks to queue
[2024-06-10T20:21:42.634+0000] {logging_mixin.py:188} INFO - [2024-06-10T20:21:42.634+0000] {dagbag.py:545} INFO - Filling up the DagBag from /home/airflow/.local/lib/python3.12/site-packages/airflow/example_dags/example_setup_teardown.py
[2024-06-10T20:21:42.642+0000] {processor.py:840} INFO - DAG(s) 'example_setup_teardown' retrieved from /home/airflow/.local/lib/python3.12/site-packages/airflow/example_dags/example_setup_teardown.py
[2024-06-10T20:21:42.664+0000] {logging_mixin.py:188} INFO - [2024-06-10T20:21:42.663+0000] {dag.py:3096} INFO - Sync 1 DAGs
[2024-06-10T20:21:42.679+0000] {logging_mixin.py:188} INFO - [2024-06-10T20:21:42.679+0000] {dag.py:3954} INFO - Setting next_dagrun for example_setup_teardown to 2024-06-09 00:00:00+00:00, run_after=2024-06-10 00:00:00+00:00
[2024-06-10T20:21:42.696+0000] {processor.py:183} INFO - Processing /home/airflow/.local/lib/python3.12/site-packages/airflow/example_dags/example_setup_teardown.py took 0.069 seconds
[2024-06-10T20:22:12.946+0000] {processor.py:161} INFO - Started process (PID=123) to work on /home/airflow/.local/lib/python3.12/site-packages/airflow/example_dags/example_setup_teardown.py
[2024-06-10T20:22:12.947+0000] {processor.py:830} INFO - Processing file /home/airflow/.local/lib/python3.12/site-packages/airflow/example_dags/example_setup_teardown.py for tasks to queue
[2024-06-10T20:22:12.949+0000] {logging_mixin.py:188} INFO - [2024-06-10T20:22:12.949+0000] {dagbag.py:545} INFO - Filling up the DagBag from /home/airflow/.local/lib/python3.12/site-packages/airflow/example_dags/example_setup_teardown.py
[2024-06-10T20:22:12.954+0000] {processor.py:840} INFO - DAG(s) 'example_setup_teardown' retrieved from /home/airflow/.local/lib/python3.12/site-packages/airflow/example_dags/example_setup_teardown.py
[2024-06-10T20:22:12.971+0000] {logging_mixin.py:188} INFO - [2024-06-10T20:22:12.971+0000] {dag.py:3096} INFO - Sync 1 DAGs
[2024-06-10T20:22:12.993+0000] {logging_mixin.py:188} INFO - [2024-06-10T20:22:12.993+0000] {dag.py:3954} INFO - Setting next_dagrun for example_setup_teardown to 2024-06-09 00:00:00+00:00, run_after=2024-06-10 00:00:00+00:00
[2024-06-10T20:22:13.020+0000] {processor.py:183} INFO - Processing /home/airflow/.local/lib/python3.12/site-packages/airflow/example_dags/example_setup_teardown.py took 0.080 seconds
