[2024-06-10T20:11:14.327+0000] {processor.py:161} INFO - Started process (PID=77) to work on /home/airflow/.local/lib/python3.12/site-packages/airflow/example_dags/example_task_group_decorator.py
[2024-06-10T20:11:14.329+0000] {processor.py:830} INFO - Processing file /home/airflow/.local/lib/python3.12/site-packages/airflow/example_dags/example_task_group_decorator.py for tasks to queue
[2024-06-10T20:11:14.331+0000] {logging_mixin.py:188} INFO - [2024-06-10T20:11:14.331+0000] {dagbag.py:545} INFO - Filling up the DagBag from /home/airflow/.local/lib/python3.12/site-packages/airflow/example_dags/example_task_group_decorator.py
[2024-06-10T20:11:14.353+0000] {processor.py:840} INFO - DAG(s) 'example_task_group_decorator' retrieved from /home/airflow/.local/lib/python3.12/site-packages/airflow/example_dags/example_task_group_decorator.py
[2024-06-10T20:11:14.562+0000] {logging_mixin.py:188} INFO - [2024-06-10T20:11:14.561+0000] {override.py:1829} INFO - Created Permission View: can delete on DAG:example_task_group_decorator
[2024-06-10T20:11:14.727+0000] {logging_mixin.py:188} INFO - [2024-06-10T20:11:14.726+0000] {override.py:1829} INFO - Created Permission View: can edit on DAG:example_task_group_decorator
[2024-06-10T20:11:14.783+0000] {logging_mixin.py:188} INFO - [2024-06-10T20:11:14.783+0000] {override.py:1829} INFO - Created Permission View: can read on DAG:example_task_group_decorator
[2024-06-10T20:11:14.804+0000] {logging_mixin.py:188} INFO - [2024-06-10T20:11:14.804+0000] {dag.py:3096} INFO - Sync 1 DAGs
[2024-06-10T20:11:14.815+0000] {logging_mixin.py:188} INFO - [2024-06-10T20:11:14.815+0000] {dag.py:3118} INFO - Creating ORM DAG for example_task_group_decorator
[2024-06-10T20:11:14.826+0000] {logging_mixin.py:188} INFO - [2024-06-10T20:11:14.826+0000] {dag.py:3954} INFO - Setting next_dagrun for example_task_group_decorator to 2024-06-09 00:00:00+00:00, run_after=2024-06-10 00:00:00+00:00
[2024-06-10T20:11:14.867+0000] {processor.py:183} INFO - Processing /home/airflow/.local/lib/python3.12/site-packages/airflow/example_dags/example_task_group_decorator.py took 0.545 seconds
[2024-06-10T20:11:44.992+0000] {processor.py:161} INFO - Started process (PID=135) to work on /home/airflow/.local/lib/python3.12/site-packages/airflow/example_dags/example_task_group_decorator.py
[2024-06-10T20:11:44.993+0000] {processor.py:830} INFO - Processing file /home/airflow/.local/lib/python3.12/site-packages/airflow/example_dags/example_task_group_decorator.py for tasks to queue
[2024-06-10T20:11:44.995+0000] {logging_mixin.py:188} INFO - [2024-06-10T20:11:44.995+0000] {dagbag.py:545} INFO - Filling up the DagBag from /home/airflow/.local/lib/python3.12/site-packages/airflow/example_dags/example_task_group_decorator.py
[2024-06-10T20:11:45.007+0000] {processor.py:840} INFO - DAG(s) 'example_task_group_decorator' retrieved from /home/airflow/.local/lib/python3.12/site-packages/airflow/example_dags/example_task_group_decorator.py
[2024-06-10T20:11:45.024+0000] {logging_mixin.py:188} INFO - [2024-06-10T20:11:45.024+0000] {dag.py:3096} INFO - Sync 1 DAGs
[2024-06-10T20:11:45.040+0000] {logging_mixin.py:188} INFO - [2024-06-10T20:11:45.040+0000] {dag.py:3954} INFO - Setting next_dagrun for example_task_group_decorator to 2024-06-09 00:00:00+00:00, run_after=2024-06-10 00:00:00+00:00
[2024-06-10T20:11:45.054+0000] {processor.py:183} INFO - Processing /home/airflow/.local/lib/python3.12/site-packages/airflow/example_dags/example_task_group_decorator.py took 0.066 seconds
[2024-06-10T20:12:15.496+0000] {processor.py:161} INFO - Started process (PID=199) to work on /home/airflow/.local/lib/python3.12/site-packages/airflow/example_dags/example_task_group_decorator.py
[2024-06-10T20:12:15.497+0000] {processor.py:830} INFO - Processing file /home/airflow/.local/lib/python3.12/site-packages/airflow/example_dags/example_task_group_decorator.py for tasks to queue
[2024-06-10T20:12:15.499+0000] {logging_mixin.py:188} INFO - [2024-06-10T20:12:15.499+0000] {dagbag.py:545} INFO - Filling up the DagBag from /home/airflow/.local/lib/python3.12/site-packages/airflow/example_dags/example_task_group_decorator.py
[2024-06-10T20:12:15.509+0000] {processor.py:840} INFO - DAG(s) 'example_task_group_decorator' retrieved from /home/airflow/.local/lib/python3.12/site-packages/airflow/example_dags/example_task_group_decorator.py
[2024-06-10T20:12:15.526+0000] {logging_mixin.py:188} INFO - [2024-06-10T20:12:15.526+0000] {dag.py:3096} INFO - Sync 1 DAGs
[2024-06-10T20:12:15.543+0000] {logging_mixin.py:188} INFO - [2024-06-10T20:12:15.543+0000] {dag.py:3954} INFO - Setting next_dagrun for example_task_group_decorator to 2024-06-09 00:00:00+00:00, run_after=2024-06-10 00:00:00+00:00
[2024-06-10T20:12:15.561+0000] {processor.py:183} INFO - Processing /home/airflow/.local/lib/python3.12/site-packages/airflow/example_dags/example_task_group_decorator.py took 0.068 seconds
[2024-06-10T20:12:45.775+0000] {processor.py:161} INFO - Started process (PID=257) to work on /home/airflow/.local/lib/python3.12/site-packages/airflow/example_dags/example_task_group_decorator.py
[2024-06-10T20:12:45.776+0000] {processor.py:830} INFO - Processing file /home/airflow/.local/lib/python3.12/site-packages/airflow/example_dags/example_task_group_decorator.py for tasks to queue
[2024-06-10T20:12:45.778+0000] {logging_mixin.py:188} INFO - [2024-06-10T20:12:45.777+0000] {dagbag.py:545} INFO - Filling up the DagBag from /home/airflow/.local/lib/python3.12/site-packages/airflow/example_dags/example_task_group_decorator.py
[2024-06-10T20:12:45.788+0000] {processor.py:840} INFO - DAG(s) 'example_task_group_decorator' retrieved from /home/airflow/.local/lib/python3.12/site-packages/airflow/example_dags/example_task_group_decorator.py
[2024-06-10T20:12:45.808+0000] {logging_mixin.py:188} INFO - [2024-06-10T20:12:45.807+0000] {dag.py:3096} INFO - Sync 1 DAGs
[2024-06-10T20:12:45.824+0000] {logging_mixin.py:188} INFO - [2024-06-10T20:12:45.824+0000] {dag.py:3954} INFO - Setting next_dagrun for example_task_group_decorator to 2024-06-09 00:00:00+00:00, run_after=2024-06-10 00:00:00+00:00
[2024-06-10T20:12:45.844+0000] {processor.py:183} INFO - Processing /home/airflow/.local/lib/python3.12/site-packages/airflow/example_dags/example_task_group_decorator.py took 0.074 seconds
[2024-06-10T20:13:16.068+0000] {processor.py:161} INFO - Started process (PID=315) to work on /home/airflow/.local/lib/python3.12/site-packages/airflow/example_dags/example_task_group_decorator.py
[2024-06-10T20:13:16.069+0000] {processor.py:830} INFO - Processing file /home/airflow/.local/lib/python3.12/site-packages/airflow/example_dags/example_task_group_decorator.py for tasks to queue
[2024-06-10T20:13:16.072+0000] {logging_mixin.py:188} INFO - [2024-06-10T20:13:16.071+0000] {dagbag.py:545} INFO - Filling up the DagBag from /home/airflow/.local/lib/python3.12/site-packages/airflow/example_dags/example_task_group_decorator.py
[2024-06-10T20:13:16.081+0000] {processor.py:840} INFO - DAG(s) 'example_task_group_decorator' retrieved from /home/airflow/.local/lib/python3.12/site-packages/airflow/example_dags/example_task_group_decorator.py
[2024-06-10T20:13:16.098+0000] {logging_mixin.py:188} INFO - [2024-06-10T20:13:16.098+0000] {dag.py:3096} INFO - Sync 1 DAGs
[2024-06-10T20:13:16.116+0000] {logging_mixin.py:188} INFO - [2024-06-10T20:13:16.116+0000] {dag.py:3954} INFO - Setting next_dagrun for example_task_group_decorator to 2024-06-09 00:00:00+00:00, run_after=2024-06-10 00:00:00+00:00
[2024-06-10T20:13:16.134+0000] {processor.py:183} INFO - Processing /home/airflow/.local/lib/python3.12/site-packages/airflow/example_dags/example_task_group_decorator.py took 0.071 seconds
[2024-06-10T20:13:46.539+0000] {processor.py:161} INFO - Started process (PID=373) to work on /home/airflow/.local/lib/python3.12/site-packages/airflow/example_dags/example_task_group_decorator.py
[2024-06-10T20:13:46.541+0000] {processor.py:830} INFO - Processing file /home/airflow/.local/lib/python3.12/site-packages/airflow/example_dags/example_task_group_decorator.py for tasks to queue
[2024-06-10T20:13:46.543+0000] {logging_mixin.py:188} INFO - [2024-06-10T20:13:46.543+0000] {dagbag.py:545} INFO - Filling up the DagBag from /home/airflow/.local/lib/python3.12/site-packages/airflow/example_dags/example_task_group_decorator.py
[2024-06-10T20:13:46.558+0000] {processor.py:840} INFO - DAG(s) 'example_task_group_decorator' retrieved from /home/airflow/.local/lib/python3.12/site-packages/airflow/example_dags/example_task_group_decorator.py
[2024-06-10T20:13:46.579+0000] {logging_mixin.py:188} INFO - [2024-06-10T20:13:46.579+0000] {dag.py:3096} INFO - Sync 1 DAGs
[2024-06-10T20:13:46.595+0000] {logging_mixin.py:188} INFO - [2024-06-10T20:13:46.595+0000] {dag.py:3954} INFO - Setting next_dagrun for example_task_group_decorator to 2024-06-09 00:00:00+00:00, run_after=2024-06-10 00:00:00+00:00
[2024-06-10T20:13:46.612+0000] {processor.py:183} INFO - Processing /home/airflow/.local/lib/python3.12/site-packages/airflow/example_dags/example_task_group_decorator.py took 0.077 seconds
[2024-06-10T20:14:17.275+0000] {processor.py:161} INFO - Started process (PID=431) to work on /home/airflow/.local/lib/python3.12/site-packages/airflow/example_dags/example_task_group_decorator.py
[2024-06-10T20:14:17.276+0000] {processor.py:830} INFO - Processing file /home/airflow/.local/lib/python3.12/site-packages/airflow/example_dags/example_task_group_decorator.py for tasks to queue
[2024-06-10T20:14:17.277+0000] {logging_mixin.py:188} INFO - [2024-06-10T20:14:17.277+0000] {dagbag.py:545} INFO - Filling up the DagBag from /home/airflow/.local/lib/python3.12/site-packages/airflow/example_dags/example_task_group_decorator.py
[2024-06-10T20:14:17.290+0000] {processor.py:840} INFO - DAG(s) 'example_task_group_decorator' retrieved from /home/airflow/.local/lib/python3.12/site-packages/airflow/example_dags/example_task_group_decorator.py
[2024-06-10T20:14:17.312+0000] {logging_mixin.py:188} INFO - [2024-06-10T20:14:17.312+0000] {dag.py:3096} INFO - Sync 1 DAGs
[2024-06-10T20:14:17.330+0000] {logging_mixin.py:188} INFO - [2024-06-10T20:14:17.330+0000] {dag.py:3954} INFO - Setting next_dagrun for example_task_group_decorator to 2024-06-09 00:00:00+00:00, run_after=2024-06-10 00:00:00+00:00
[2024-06-10T20:14:17.352+0000] {processor.py:183} INFO - Processing /home/airflow/.local/lib/python3.12/site-packages/airflow/example_dags/example_task_group_decorator.py took 0.083 seconds
[2024-06-10T20:14:48.329+0000] {processor.py:161} INFO - Started process (PID=489) to work on /home/airflow/.local/lib/python3.12/site-packages/airflow/example_dags/example_task_group_decorator.py
[2024-06-10T20:14:48.331+0000] {processor.py:830} INFO - Processing file /home/airflow/.local/lib/python3.12/site-packages/airflow/example_dags/example_task_group_decorator.py for tasks to queue
[2024-06-10T20:14:48.333+0000] {logging_mixin.py:188} INFO - [2024-06-10T20:14:48.333+0000] {dagbag.py:545} INFO - Filling up the DagBag from /home/airflow/.local/lib/python3.12/site-packages/airflow/example_dags/example_task_group_decorator.py
[2024-06-10T20:14:48.346+0000] {processor.py:840} INFO - DAG(s) 'example_task_group_decorator' retrieved from /home/airflow/.local/lib/python3.12/site-packages/airflow/example_dags/example_task_group_decorator.py
[2024-06-10T20:14:48.367+0000] {logging_mixin.py:188} INFO - [2024-06-10T20:14:48.367+0000] {dag.py:3096} INFO - Sync 1 DAGs
[2024-06-10T20:14:48.383+0000] {logging_mixin.py:188} INFO - [2024-06-10T20:14:48.382+0000] {dag.py:3954} INFO - Setting next_dagrun for example_task_group_decorator to 2024-06-09 00:00:00+00:00, run_after=2024-06-10 00:00:00+00:00
[2024-06-10T20:14:48.403+0000] {processor.py:183} INFO - Processing /home/airflow/.local/lib/python3.12/site-packages/airflow/example_dags/example_task_group_decorator.py took 0.082 seconds
[2024-06-10T20:15:18.624+0000] {processor.py:161} INFO - Started process (PID=547) to work on /home/airflow/.local/lib/python3.12/site-packages/airflow/example_dags/example_task_group_decorator.py
[2024-06-10T20:15:18.626+0000] {processor.py:830} INFO - Processing file /home/airflow/.local/lib/python3.12/site-packages/airflow/example_dags/example_task_group_decorator.py for tasks to queue
[2024-06-10T20:15:18.628+0000] {logging_mixin.py:188} INFO - [2024-06-10T20:15:18.628+0000] {dagbag.py:545} INFO - Filling up the DagBag from /home/airflow/.local/lib/python3.12/site-packages/airflow/example_dags/example_task_group_decorator.py
[2024-06-10T20:15:18.640+0000] {processor.py:840} INFO - DAG(s) 'example_task_group_decorator' retrieved from /home/airflow/.local/lib/python3.12/site-packages/airflow/example_dags/example_task_group_decorator.py
[2024-06-10T20:15:18.658+0000] {logging_mixin.py:188} INFO - [2024-06-10T20:15:18.658+0000] {dag.py:3096} INFO - Sync 1 DAGs
[2024-06-10T20:15:18.674+0000] {logging_mixin.py:188} INFO - [2024-06-10T20:15:18.673+0000] {dag.py:3954} INFO - Setting next_dagrun for example_task_group_decorator to 2024-06-09 00:00:00+00:00, run_after=2024-06-10 00:00:00+00:00
[2024-06-10T20:15:18.690+0000] {processor.py:183} INFO - Processing /home/airflow/.local/lib/python3.12/site-packages/airflow/example_dags/example_task_group_decorator.py took 0.076 seconds
[2024-06-10T20:15:48.771+0000] {processor.py:161} INFO - Started process (PID=605) to work on /home/airflow/.local/lib/python3.12/site-packages/airflow/example_dags/example_task_group_decorator.py
[2024-06-10T20:15:48.773+0000] {processor.py:830} INFO - Processing file /home/airflow/.local/lib/python3.12/site-packages/airflow/example_dags/example_task_group_decorator.py for tasks to queue
[2024-06-10T20:15:48.776+0000] {logging_mixin.py:188} INFO - [2024-06-10T20:15:48.775+0000] {dagbag.py:545} INFO - Filling up the DagBag from /home/airflow/.local/lib/python3.12/site-packages/airflow/example_dags/example_task_group_decorator.py
[2024-06-10T20:15:48.787+0000] {processor.py:840} INFO - DAG(s) 'example_task_group_decorator' retrieved from /home/airflow/.local/lib/python3.12/site-packages/airflow/example_dags/example_task_group_decorator.py
[2024-06-10T20:15:48.803+0000] {logging_mixin.py:188} INFO - [2024-06-10T20:15:48.803+0000] {dag.py:3096} INFO - Sync 1 DAGs
[2024-06-10T20:15:48.820+0000] {logging_mixin.py:188} INFO - [2024-06-10T20:15:48.820+0000] {dag.py:3954} INFO - Setting next_dagrun for example_task_group_decorator to 2024-06-09 00:00:00+00:00, run_after=2024-06-10 00:00:00+00:00
[2024-06-10T20:15:48.835+0000] {processor.py:183} INFO - Processing /home/airflow/.local/lib/python3.12/site-packages/airflow/example_dags/example_task_group_decorator.py took 0.070 seconds
[2024-06-10T20:16:19.177+0000] {processor.py:161} INFO - Started process (PID=663) to work on /home/airflow/.local/lib/python3.12/site-packages/airflow/example_dags/example_task_group_decorator.py
[2024-06-10T20:16:19.178+0000] {processor.py:830} INFO - Processing file /home/airflow/.local/lib/python3.12/site-packages/airflow/example_dags/example_task_group_decorator.py for tasks to queue
[2024-06-10T20:16:19.180+0000] {logging_mixin.py:188} INFO - [2024-06-10T20:16:19.180+0000] {dagbag.py:545} INFO - Filling up the DagBag from /home/airflow/.local/lib/python3.12/site-packages/airflow/example_dags/example_task_group_decorator.py
[2024-06-10T20:16:19.190+0000] {processor.py:840} INFO - DAG(s) 'example_task_group_decorator' retrieved from /home/airflow/.local/lib/python3.12/site-packages/airflow/example_dags/example_task_group_decorator.py
[2024-06-10T20:16:19.209+0000] {logging_mixin.py:188} INFO - [2024-06-10T20:16:19.209+0000] {dag.py:3096} INFO - Sync 1 DAGs
[2024-06-10T20:16:19.225+0000] {logging_mixin.py:188} INFO - [2024-06-10T20:16:19.225+0000] {dag.py:3954} INFO - Setting next_dagrun for example_task_group_decorator to 2024-06-09 00:00:00+00:00, run_after=2024-06-10 00:00:00+00:00
[2024-06-10T20:16:19.242+0000] {processor.py:183} INFO - Processing /home/airflow/.local/lib/python3.12/site-packages/airflow/example_dags/example_task_group_decorator.py took 0.073 seconds
[2024-06-10T20:16:49.647+0000] {processor.py:161} INFO - Started process (PID=721) to work on /home/airflow/.local/lib/python3.12/site-packages/airflow/example_dags/example_task_group_decorator.py
[2024-06-10T20:16:49.648+0000] {processor.py:830} INFO - Processing file /home/airflow/.local/lib/python3.12/site-packages/airflow/example_dags/example_task_group_decorator.py for tasks to queue
[2024-06-10T20:16:49.651+0000] {logging_mixin.py:188} INFO - [2024-06-10T20:16:49.651+0000] {dagbag.py:545} INFO - Filling up the DagBag from /home/airflow/.local/lib/python3.12/site-packages/airflow/example_dags/example_task_group_decorator.py
[2024-06-10T20:16:49.663+0000] {processor.py:840} INFO - DAG(s) 'example_task_group_decorator' retrieved from /home/airflow/.local/lib/python3.12/site-packages/airflow/example_dags/example_task_group_decorator.py
[2024-06-10T20:16:49.683+0000] {logging_mixin.py:188} INFO - [2024-06-10T20:16:49.682+0000] {dag.py:3096} INFO - Sync 1 DAGs
[2024-06-10T20:16:49.699+0000] {logging_mixin.py:188} INFO - [2024-06-10T20:16:49.699+0000] {dag.py:3954} INFO - Setting next_dagrun for example_task_group_decorator to 2024-06-09 00:00:00+00:00, run_after=2024-06-10 00:00:00+00:00
[2024-06-10T20:16:49.717+0000] {processor.py:183} INFO - Processing /home/airflow/.local/lib/python3.12/site-packages/airflow/example_dags/example_task_group_decorator.py took 0.080 seconds
[2024-06-10T20:17:19.995+0000] {processor.py:161} INFO - Started process (PID=779) to work on /home/airflow/.local/lib/python3.12/site-packages/airflow/example_dags/example_task_group_decorator.py
[2024-06-10T20:17:19.996+0000] {processor.py:830} INFO - Processing file /home/airflow/.local/lib/python3.12/site-packages/airflow/example_dags/example_task_group_decorator.py for tasks to queue
[2024-06-10T20:17:19.999+0000] {logging_mixin.py:188} INFO - [2024-06-10T20:17:19.999+0000] {dagbag.py:545} INFO - Filling up the DagBag from /home/airflow/.local/lib/python3.12/site-packages/airflow/example_dags/example_task_group_decorator.py
[2024-06-10T20:17:20.012+0000] {processor.py:840} INFO - DAG(s) 'example_task_group_decorator' retrieved from /home/airflow/.local/lib/python3.12/site-packages/airflow/example_dags/example_task_group_decorator.py
[2024-06-10T20:17:20.033+0000] {logging_mixin.py:188} INFO - [2024-06-10T20:17:20.033+0000] {dag.py:3096} INFO - Sync 1 DAGs
[2024-06-10T20:17:20.048+0000] {logging_mixin.py:188} INFO - [2024-06-10T20:17:20.048+0000] {dag.py:3954} INFO - Setting next_dagrun for example_task_group_decorator to 2024-06-09 00:00:00+00:00, run_after=2024-06-10 00:00:00+00:00
[2024-06-10T20:17:20.067+0000] {processor.py:183} INFO - Processing /home/airflow/.local/lib/python3.12/site-packages/airflow/example_dags/example_task_group_decorator.py took 0.083 seconds
[2024-06-10T20:17:50.607+0000] {processor.py:161} INFO - Started process (PID=837) to work on /home/airflow/.local/lib/python3.12/site-packages/airflow/example_dags/example_task_group_decorator.py
[2024-06-10T20:17:50.608+0000] {processor.py:830} INFO - Processing file /home/airflow/.local/lib/python3.12/site-packages/airflow/example_dags/example_task_group_decorator.py for tasks to queue
[2024-06-10T20:17:50.610+0000] {logging_mixin.py:188} INFO - [2024-06-10T20:17:50.609+0000] {dagbag.py:545} INFO - Filling up the DagBag from /home/airflow/.local/lib/python3.12/site-packages/airflow/example_dags/example_task_group_decorator.py
[2024-06-10T20:17:50.624+0000] {processor.py:840} INFO - DAG(s) 'example_task_group_decorator' retrieved from /home/airflow/.local/lib/python3.12/site-packages/airflow/example_dags/example_task_group_decorator.py
[2024-06-10T20:17:50.651+0000] {logging_mixin.py:188} INFO - [2024-06-10T20:17:50.651+0000] {dag.py:3096} INFO - Sync 1 DAGs
[2024-06-10T20:17:50.671+0000] {logging_mixin.py:188} INFO - [2024-06-10T20:17:50.671+0000] {dag.py:3954} INFO - Setting next_dagrun for example_task_group_decorator to 2024-06-09 00:00:00+00:00, run_after=2024-06-10 00:00:00+00:00
[2024-06-10T20:17:50.694+0000] {processor.py:183} INFO - Processing /home/airflow/.local/lib/python3.12/site-packages/airflow/example_dags/example_task_group_decorator.py took 0.093 seconds
[2024-06-10T20:18:20.781+0000] {processor.py:161} INFO - Started process (PID=894) to work on /home/airflow/.local/lib/python3.12/site-packages/airflow/example_dags/example_task_group_decorator.py
[2024-06-10T20:18:20.782+0000] {processor.py:830} INFO - Processing file /home/airflow/.local/lib/python3.12/site-packages/airflow/example_dags/example_task_group_decorator.py for tasks to queue
[2024-06-10T20:18:20.784+0000] {logging_mixin.py:188} INFO - [2024-06-10T20:18:20.783+0000] {dagbag.py:545} INFO - Filling up the DagBag from /home/airflow/.local/lib/python3.12/site-packages/airflow/example_dags/example_task_group_decorator.py
[2024-06-10T20:18:20.795+0000] {processor.py:840} INFO - DAG(s) 'example_task_group_decorator' retrieved from /home/airflow/.local/lib/python3.12/site-packages/airflow/example_dags/example_task_group_decorator.py
[2024-06-10T20:18:20.818+0000] {logging_mixin.py:188} INFO - [2024-06-10T20:18:20.818+0000] {dag.py:3096} INFO - Sync 1 DAGs
[2024-06-10T20:18:20.834+0000] {logging_mixin.py:188} INFO - [2024-06-10T20:18:20.834+0000] {dag.py:3954} INFO - Setting next_dagrun for example_task_group_decorator to 2024-06-09 00:00:00+00:00, run_after=2024-06-10 00:00:00+00:00
[2024-06-10T20:18:20.854+0000] {processor.py:183} INFO - Processing /home/airflow/.local/lib/python3.12/site-packages/airflow/example_dags/example_task_group_decorator.py took 0.080 seconds
[2024-06-10T20:18:50.944+0000] {processor.py:161} INFO - Started process (PID=952) to work on /home/airflow/.local/lib/python3.12/site-packages/airflow/example_dags/example_task_group_decorator.py
[2024-06-10T20:18:50.945+0000] {processor.py:830} INFO - Processing file /home/airflow/.local/lib/python3.12/site-packages/airflow/example_dags/example_task_group_decorator.py for tasks to queue
[2024-06-10T20:18:50.947+0000] {logging_mixin.py:188} INFO - [2024-06-10T20:18:50.946+0000] {dagbag.py:545} INFO - Filling up the DagBag from /home/airflow/.local/lib/python3.12/site-packages/airflow/example_dags/example_task_group_decorator.py
[2024-06-10T20:18:50.957+0000] {processor.py:840} INFO - DAG(s) 'example_task_group_decorator' retrieved from /home/airflow/.local/lib/python3.12/site-packages/airflow/example_dags/example_task_group_decorator.py
[2024-06-10T20:18:50.975+0000] {logging_mixin.py:188} INFO - [2024-06-10T20:18:50.975+0000] {dag.py:3096} INFO - Sync 1 DAGs
[2024-06-10T20:18:50.991+0000] {logging_mixin.py:188} INFO - [2024-06-10T20:18:50.991+0000] {dag.py:3954} INFO - Setting next_dagrun for example_task_group_decorator to 2024-06-09 00:00:00+00:00, run_after=2024-06-10 00:00:00+00:00
[2024-06-10T20:18:51.009+0000] {processor.py:183} INFO - Processing /home/airflow/.local/lib/python3.12/site-packages/airflow/example_dags/example_task_group_decorator.py took 0.069 seconds
[2024-06-10T20:19:21.401+0000] {processor.py:161} INFO - Started process (PID=1010) to work on /home/airflow/.local/lib/python3.12/site-packages/airflow/example_dags/example_task_group_decorator.py
[2024-06-10T20:19:21.402+0000] {processor.py:830} INFO - Processing file /home/airflow/.local/lib/python3.12/site-packages/airflow/example_dags/example_task_group_decorator.py for tasks to queue
[2024-06-10T20:19:21.405+0000] {logging_mixin.py:188} INFO - [2024-06-10T20:19:21.404+0000] {dagbag.py:545} INFO - Filling up the DagBag from /home/airflow/.local/lib/python3.12/site-packages/airflow/example_dags/example_task_group_decorator.py
[2024-06-10T20:19:21.417+0000] {processor.py:840} INFO - DAG(s) 'example_task_group_decorator' retrieved from /home/airflow/.local/lib/python3.12/site-packages/airflow/example_dags/example_task_group_decorator.py
[2024-06-10T20:19:21.440+0000] {logging_mixin.py:188} INFO - [2024-06-10T20:19:21.440+0000] {dag.py:3096} INFO - Sync 1 DAGs
[2024-06-10T20:19:21.460+0000] {logging_mixin.py:188} INFO - [2024-06-10T20:19:21.460+0000] {dag.py:3954} INFO - Setting next_dagrun for example_task_group_decorator to 2024-06-09 00:00:00+00:00, run_after=2024-06-10 00:00:00+00:00
[2024-06-10T20:19:21.481+0000] {processor.py:183} INFO - Processing /home/airflow/.local/lib/python3.12/site-packages/airflow/example_dags/example_task_group_decorator.py took 0.085 seconds
[2024-06-10T20:19:51.803+0000] {processor.py:161} INFO - Started process (PID=1068) to work on /home/airflow/.local/lib/python3.12/site-packages/airflow/example_dags/example_task_group_decorator.py
[2024-06-10T20:19:51.804+0000] {processor.py:830} INFO - Processing file /home/airflow/.local/lib/python3.12/site-packages/airflow/example_dags/example_task_group_decorator.py for tasks to queue
[2024-06-10T20:19:51.806+0000] {logging_mixin.py:188} INFO - [2024-06-10T20:19:51.805+0000] {dagbag.py:545} INFO - Filling up the DagBag from /home/airflow/.local/lib/python3.12/site-packages/airflow/example_dags/example_task_group_decorator.py
[2024-06-10T20:19:51.815+0000] {processor.py:840} INFO - DAG(s) 'example_task_group_decorator' retrieved from /home/airflow/.local/lib/python3.12/site-packages/airflow/example_dags/example_task_group_decorator.py
[2024-06-10T20:19:51.832+0000] {logging_mixin.py:188} INFO - [2024-06-10T20:19:51.832+0000] {dag.py:3096} INFO - Sync 1 DAGs
[2024-06-10T20:19:51.847+0000] {logging_mixin.py:188} INFO - [2024-06-10T20:19:51.847+0000] {dag.py:3954} INFO - Setting next_dagrun for example_task_group_decorator to 2024-06-09 00:00:00+00:00, run_after=2024-06-10 00:00:00+00:00
[2024-06-10T20:19:51.865+0000] {processor.py:183} INFO - Processing /home/airflow/.local/lib/python3.12/site-packages/airflow/example_dags/example_task_group_decorator.py took 0.065 seconds
[2024-06-10T20:20:22.507+0000] {processor.py:161} INFO - Started process (PID=1126) to work on /home/airflow/.local/lib/python3.12/site-packages/airflow/example_dags/example_task_group_decorator.py
[2024-06-10T20:20:22.509+0000] {processor.py:830} INFO - Processing file /home/airflow/.local/lib/python3.12/site-packages/airflow/example_dags/example_task_group_decorator.py for tasks to queue
[2024-06-10T20:20:22.511+0000] {logging_mixin.py:188} INFO - [2024-06-10T20:20:22.511+0000] {dagbag.py:545} INFO - Filling up the DagBag from /home/airflow/.local/lib/python3.12/site-packages/airflow/example_dags/example_task_group_decorator.py
[2024-06-10T20:20:22.520+0000] {processor.py:840} INFO - DAG(s) 'example_task_group_decorator' retrieved from /home/airflow/.local/lib/python3.12/site-packages/airflow/example_dags/example_task_group_decorator.py
[2024-06-10T20:20:22.541+0000] {logging_mixin.py:188} INFO - [2024-06-10T20:20:22.541+0000] {dag.py:3096} INFO - Sync 1 DAGs
[2024-06-10T20:20:22.556+0000] {logging_mixin.py:188} INFO - [2024-06-10T20:20:22.556+0000] {dag.py:3954} INFO - Setting next_dagrun for example_task_group_decorator to 2024-06-09 00:00:00+00:00, run_after=2024-06-10 00:00:00+00:00
[2024-06-10T20:20:22.576+0000] {processor.py:183} INFO - Processing /home/airflow/.local/lib/python3.12/site-packages/airflow/example_dags/example_task_group_decorator.py took 0.073 seconds
[2024-06-10T20:20:53.316+0000] {processor.py:161} INFO - Started process (PID=1184) to work on /home/airflow/.local/lib/python3.12/site-packages/airflow/example_dags/example_task_group_decorator.py
[2024-06-10T20:20:53.318+0000] {processor.py:830} INFO - Processing file /home/airflow/.local/lib/python3.12/site-packages/airflow/example_dags/example_task_group_decorator.py for tasks to queue
[2024-06-10T20:20:53.320+0000] {logging_mixin.py:188} INFO - [2024-06-10T20:20:53.319+0000] {dagbag.py:545} INFO - Filling up the DagBag from /home/airflow/.local/lib/python3.12/site-packages/airflow/example_dags/example_task_group_decorator.py
[2024-06-10T20:20:53.331+0000] {processor.py:840} INFO - DAG(s) 'example_task_group_decorator' retrieved from /home/airflow/.local/lib/python3.12/site-packages/airflow/example_dags/example_task_group_decorator.py
[2024-06-10T20:20:53.350+0000] {logging_mixin.py:188} INFO - [2024-06-10T20:20:53.350+0000] {dag.py:3096} INFO - Sync 1 DAGs
[2024-06-10T20:20:53.367+0000] {logging_mixin.py:188} INFO - [2024-06-10T20:20:53.367+0000] {dag.py:3954} INFO - Setting next_dagrun for example_task_group_decorator to 2024-06-09 00:00:00+00:00, run_after=2024-06-10 00:00:00+00:00
[2024-06-10T20:20:53.384+0000] {processor.py:183} INFO - Processing /home/airflow/.local/lib/python3.12/site-packages/airflow/example_dags/example_task_group_decorator.py took 0.073 seconds
[2024-06-10T20:21:43.451+0000] {processor.py:161} INFO - Started process (PID=77) to work on /home/airflow/.local/lib/python3.12/site-packages/airflow/example_dags/example_task_group_decorator.py
[2024-06-10T20:21:43.453+0000] {processor.py:830} INFO - Processing file /home/airflow/.local/lib/python3.12/site-packages/airflow/example_dags/example_task_group_decorator.py for tasks to queue
[2024-06-10T20:21:43.454+0000] {logging_mixin.py:188} INFO - [2024-06-10T20:21:43.454+0000] {dagbag.py:545} INFO - Filling up the DagBag from /home/airflow/.local/lib/python3.12/site-packages/airflow/example_dags/example_task_group_decorator.py
[2024-06-10T20:21:43.468+0000] {processor.py:840} INFO - DAG(s) 'example_task_group_decorator' retrieved from /home/airflow/.local/lib/python3.12/site-packages/airflow/example_dags/example_task_group_decorator.py
[2024-06-10T20:21:43.493+0000] {logging_mixin.py:188} INFO - [2024-06-10T20:21:43.492+0000] {dag.py:3096} INFO - Sync 1 DAGs
[2024-06-10T20:21:43.511+0000] {logging_mixin.py:188} INFO - [2024-06-10T20:21:43.511+0000] {dag.py:3954} INFO - Setting next_dagrun for example_task_group_decorator to 2024-06-09 00:00:00+00:00, run_after=2024-06-10 00:00:00+00:00
[2024-06-10T20:21:43.529+0000] {processor.py:183} INFO - Processing /home/airflow/.local/lib/python3.12/site-packages/airflow/example_dags/example_task_group_decorator.py took 0.082 seconds
[2024-06-10T20:22:13.701+0000] {processor.py:161} INFO - Started process (PID=135) to work on /home/airflow/.local/lib/python3.12/site-packages/airflow/example_dags/example_task_group_decorator.py
[2024-06-10T20:22:13.703+0000] {processor.py:830} INFO - Processing file /home/airflow/.local/lib/python3.12/site-packages/airflow/example_dags/example_task_group_decorator.py for tasks to queue
[2024-06-10T20:22:13.706+0000] {logging_mixin.py:188} INFO - [2024-06-10T20:22:13.705+0000] {dagbag.py:545} INFO - Filling up the DagBag from /home/airflow/.local/lib/python3.12/site-packages/airflow/example_dags/example_task_group_decorator.py
[2024-06-10T20:22:13.716+0000] {processor.py:840} INFO - DAG(s) 'example_task_group_decorator' retrieved from /home/airflow/.local/lib/python3.12/site-packages/airflow/example_dags/example_task_group_decorator.py
[2024-06-10T20:22:13.734+0000] {logging_mixin.py:188} INFO - [2024-06-10T20:22:13.734+0000] {dag.py:3096} INFO - Sync 1 DAGs
[2024-06-10T20:22:13.748+0000] {logging_mixin.py:188} INFO - [2024-06-10T20:22:13.748+0000] {dag.py:3954} INFO - Setting next_dagrun for example_task_group_decorator to 2024-06-09 00:00:00+00:00, run_after=2024-06-10 00:00:00+00:00
[2024-06-10T20:22:13.768+0000] {processor.py:183} INFO - Processing /home/airflow/.local/lib/python3.12/site-packages/airflow/example_dags/example_task_group_decorator.py took 0.072 seconds
