[2024-06-10T20:11:11.259+0000] {processor.py:161} INFO - Started process (PID=59) to work on /home/airflow/.local/lib/python3.12/site-packages/airflow/example_dags/example_sensors.py
[2024-06-10T20:11:11.261+0000] {processor.py:830} INFO - Processing file /home/airflow/.local/lib/python3.12/site-packages/airflow/example_dags/example_sensors.py for tasks to queue
[2024-06-10T20:11:11.264+0000] {logging_mixin.py:188} INFO - [2024-06-10T20:11:11.263+0000] {dagbag.py:545} INFO - Filling up the DagBag from /home/airflow/.local/lib/python3.12/site-packages/airflow/example_dags/example_sensors.py
[2024-06-10T20:11:11.275+0000] {processor.py:840} INFO - DAG(s) 'example_sensors' retrieved from /home/airflow/.local/lib/python3.12/site-packages/airflow/example_dags/example_sensors.py
[2024-06-10T20:11:11.369+0000] {logging_mixin.py:188} INFO - [2024-06-10T20:11:11.369+0000] {override.py:1829} INFO - Created Permission View: can delete on DAG:example_sensors
[2024-06-10T20:11:11.379+0000] {logging_mixin.py:188} INFO - [2024-06-10T20:11:11.378+0000] {override.py:1829} INFO - Created Permission View: can edit on DAG:example_sensors
[2024-06-10T20:11:11.386+0000] {logging_mixin.py:188} INFO - [2024-06-10T20:11:11.386+0000] {override.py:1829} INFO - Created Permission View: can read on DAG:example_sensors
[2024-06-10T20:11:11.387+0000] {logging_mixin.py:188} INFO - [2024-06-10T20:11:11.387+0000] {dag.py:3096} INFO - Sync 1 DAGs
[2024-06-10T20:11:11.395+0000] {logging_mixin.py:188} INFO - [2024-06-10T20:11:11.395+0000] {dag.py:3118} INFO - Creating ORM DAG for example_sensors
[2024-06-10T20:11:11.396+0000] {logging_mixin.py:188} INFO - [2024-06-10T20:11:11.396+0000] {dag.py:3954} INFO - Setting next_dagrun for example_sensors to None, run_after=None
[2024-06-10T20:11:11.414+0000] {processor.py:183} INFO - Processing /home/airflow/.local/lib/python3.12/site-packages/airflow/example_dags/example_sensors.py took 0.159 seconds
[2024-06-10T20:11:42.042+0000] {processor.py:161} INFO - Started process (PID=117) to work on /home/airflow/.local/lib/python3.12/site-packages/airflow/example_dags/example_sensors.py
[2024-06-10T20:11:42.043+0000] {processor.py:830} INFO - Processing file /home/airflow/.local/lib/python3.12/site-packages/airflow/example_dags/example_sensors.py for tasks to queue
[2024-06-10T20:11:42.045+0000] {logging_mixin.py:188} INFO - [2024-06-10T20:11:42.044+0000] {dagbag.py:545} INFO - Filling up the DagBag from /home/airflow/.local/lib/python3.12/site-packages/airflow/example_dags/example_sensors.py
[2024-06-10T20:11:42.051+0000] {processor.py:840} INFO - DAG(s) 'example_sensors' retrieved from /home/airflow/.local/lib/python3.12/site-packages/airflow/example_dags/example_sensors.py
[2024-06-10T20:11:42.069+0000] {logging_mixin.py:188} INFO - [2024-06-10T20:11:42.069+0000] {dag.py:3096} INFO - Sync 1 DAGs
[2024-06-10T20:11:42.079+0000] {logging_mixin.py:188} INFO - [2024-06-10T20:11:42.078+0000] {dag.py:3954} INFO - Setting next_dagrun for example_sensors to None, run_after=None
[2024-06-10T20:11:42.096+0000] {processor.py:183} INFO - Processing /home/airflow/.local/lib/python3.12/site-packages/airflow/example_dags/example_sensors.py took 0.058 seconds
[2024-06-10T20:12:12.289+0000] {processor.py:161} INFO - Started process (PID=175) to work on /home/airflow/.local/lib/python3.12/site-packages/airflow/example_dags/example_sensors.py
[2024-06-10T20:12:12.290+0000] {processor.py:830} INFO - Processing file /home/airflow/.local/lib/python3.12/site-packages/airflow/example_dags/example_sensors.py for tasks to queue
[2024-06-10T20:12:12.292+0000] {logging_mixin.py:188} INFO - [2024-06-10T20:12:12.292+0000] {dagbag.py:545} INFO - Filling up the DagBag from /home/airflow/.local/lib/python3.12/site-packages/airflow/example_dags/example_sensors.py
[2024-06-10T20:12:12.307+0000] {processor.py:840} INFO - DAG(s) 'example_sensors' retrieved from /home/airflow/.local/lib/python3.12/site-packages/airflow/example_dags/example_sensors.py
[2024-06-10T20:12:12.332+0000] {logging_mixin.py:188} INFO - [2024-06-10T20:12:12.332+0000] {dag.py:3096} INFO - Sync 1 DAGs
[2024-06-10T20:12:12.345+0000] {logging_mixin.py:188} INFO - [2024-06-10T20:12:12.344+0000] {dag.py:3954} INFO - Setting next_dagrun for example_sensors to None, run_after=None
[2024-06-10T20:12:12.367+0000] {processor.py:183} INFO - Processing /home/airflow/.local/lib/python3.12/site-packages/airflow/example_dags/example_sensors.py took 0.083 seconds
[2024-06-10T20:12:42.639+0000] {processor.py:161} INFO - Started process (PID=233) to work on /home/airflow/.local/lib/python3.12/site-packages/airflow/example_dags/example_sensors.py
[2024-06-10T20:12:42.640+0000] {processor.py:830} INFO - Processing file /home/airflow/.local/lib/python3.12/site-packages/airflow/example_dags/example_sensors.py for tasks to queue
[2024-06-10T20:12:42.643+0000] {logging_mixin.py:188} INFO - [2024-06-10T20:12:42.643+0000] {dagbag.py:545} INFO - Filling up the DagBag from /home/airflow/.local/lib/python3.12/site-packages/airflow/example_dags/example_sensors.py
[2024-06-10T20:12:42.649+0000] {processor.py:840} INFO - DAG(s) 'example_sensors' retrieved from /home/airflow/.local/lib/python3.12/site-packages/airflow/example_dags/example_sensors.py
[2024-06-10T20:12:42.667+0000] {logging_mixin.py:188} INFO - [2024-06-10T20:12:42.667+0000] {dag.py:3096} INFO - Sync 1 DAGs
[2024-06-10T20:12:42.676+0000] {logging_mixin.py:188} INFO - [2024-06-10T20:12:42.676+0000] {dag.py:3954} INFO - Setting next_dagrun for example_sensors to None, run_after=None
[2024-06-10T20:12:42.691+0000] {processor.py:183} INFO - Processing /home/airflow/.local/lib/python3.12/site-packages/airflow/example_dags/example_sensors.py took 0.056 seconds
[2024-06-10T20:13:12.996+0000] {processor.py:161} INFO - Started process (PID=291) to work on /home/airflow/.local/lib/python3.12/site-packages/airflow/example_dags/example_sensors.py
[2024-06-10T20:13:12.997+0000] {processor.py:830} INFO - Processing file /home/airflow/.local/lib/python3.12/site-packages/airflow/example_dags/example_sensors.py for tasks to queue
[2024-06-10T20:13:12.999+0000] {logging_mixin.py:188} INFO - [2024-06-10T20:13:12.999+0000] {dagbag.py:545} INFO - Filling up the DagBag from /home/airflow/.local/lib/python3.12/site-packages/airflow/example_dags/example_sensors.py
[2024-06-10T20:13:13.006+0000] {processor.py:840} INFO - DAG(s) 'example_sensors' retrieved from /home/airflow/.local/lib/python3.12/site-packages/airflow/example_dags/example_sensors.py
[2024-06-10T20:13:13.029+0000] {logging_mixin.py:188} INFO - [2024-06-10T20:13:13.029+0000] {dag.py:3096} INFO - Sync 1 DAGs
[2024-06-10T20:13:13.039+0000] {logging_mixin.py:188} INFO - [2024-06-10T20:13:13.039+0000] {dag.py:3954} INFO - Setting next_dagrun for example_sensors to None, run_after=None
[2024-06-10T20:13:13.060+0000] {processor.py:183} INFO - Processing /home/airflow/.local/lib/python3.12/site-packages/airflow/example_dags/example_sensors.py took 0.068 seconds
[2024-06-10T20:13:43.419+0000] {processor.py:161} INFO - Started process (PID=349) to work on /home/airflow/.local/lib/python3.12/site-packages/airflow/example_dags/example_sensors.py
[2024-06-10T20:13:43.420+0000] {processor.py:830} INFO - Processing file /home/airflow/.local/lib/python3.12/site-packages/airflow/example_dags/example_sensors.py for tasks to queue
[2024-06-10T20:13:43.421+0000] {logging_mixin.py:188} INFO - [2024-06-10T20:13:43.421+0000] {dagbag.py:545} INFO - Filling up the DagBag from /home/airflow/.local/lib/python3.12/site-packages/airflow/example_dags/example_sensors.py
[2024-06-10T20:13:43.428+0000] {processor.py:840} INFO - DAG(s) 'example_sensors' retrieved from /home/airflow/.local/lib/python3.12/site-packages/airflow/example_dags/example_sensors.py
[2024-06-10T20:13:43.449+0000] {logging_mixin.py:188} INFO - [2024-06-10T20:13:43.448+0000] {dag.py:3096} INFO - Sync 1 DAGs
[2024-06-10T20:13:43.463+0000] {logging_mixin.py:188} INFO - [2024-06-10T20:13:43.459+0000] {dag.py:3954} INFO - Setting next_dagrun for example_sensors to None, run_after=None
[2024-06-10T20:13:43.484+0000] {processor.py:183} INFO - Processing /home/airflow/.local/lib/python3.12/site-packages/airflow/example_dags/example_sensors.py took 0.069 seconds
[2024-06-10T20:14:14.135+0000] {processor.py:161} INFO - Started process (PID=407) to work on /home/airflow/.local/lib/python3.12/site-packages/airflow/example_dags/example_sensors.py
[2024-06-10T20:14:14.136+0000] {processor.py:830} INFO - Processing file /home/airflow/.local/lib/python3.12/site-packages/airflow/example_dags/example_sensors.py for tasks to queue
[2024-06-10T20:14:14.137+0000] {logging_mixin.py:188} INFO - [2024-06-10T20:14:14.137+0000] {dagbag.py:545} INFO - Filling up the DagBag from /home/airflow/.local/lib/python3.12/site-packages/airflow/example_dags/example_sensors.py
[2024-06-10T20:14:14.144+0000] {processor.py:840} INFO - DAG(s) 'example_sensors' retrieved from /home/airflow/.local/lib/python3.12/site-packages/airflow/example_dags/example_sensors.py
[2024-06-10T20:14:14.167+0000] {logging_mixin.py:188} INFO - [2024-06-10T20:14:14.167+0000] {dag.py:3096} INFO - Sync 1 DAGs
[2024-06-10T20:14:14.176+0000] {logging_mixin.py:188} INFO - [2024-06-10T20:14:14.176+0000] {dag.py:3954} INFO - Setting next_dagrun for example_sensors to None, run_after=None
[2024-06-10T20:14:14.214+0000] {processor.py:183} INFO - Processing /home/airflow/.local/lib/python3.12/site-packages/airflow/example_dags/example_sensors.py took 0.084 seconds
[2024-06-10T20:14:44.348+0000] {processor.py:161} INFO - Started process (PID=465) to work on /home/airflow/.local/lib/python3.12/site-packages/airflow/example_dags/example_sensors.py
[2024-06-10T20:14:44.349+0000] {processor.py:830} INFO - Processing file /home/airflow/.local/lib/python3.12/site-packages/airflow/example_dags/example_sensors.py for tasks to queue
[2024-06-10T20:14:44.351+0000] {logging_mixin.py:188} INFO - [2024-06-10T20:14:44.351+0000] {dagbag.py:545} INFO - Filling up the DagBag from /home/airflow/.local/lib/python3.12/site-packages/airflow/example_dags/example_sensors.py
[2024-06-10T20:14:44.358+0000] {processor.py:840} INFO - DAG(s) 'example_sensors' retrieved from /home/airflow/.local/lib/python3.12/site-packages/airflow/example_dags/example_sensors.py
[2024-06-10T20:14:44.379+0000] {logging_mixin.py:188} INFO - [2024-06-10T20:14:44.379+0000] {dag.py:3096} INFO - Sync 1 DAGs
[2024-06-10T20:14:44.389+0000] {logging_mixin.py:188} INFO - [2024-06-10T20:14:44.389+0000] {dag.py:3954} INFO - Setting next_dagrun for example_sensors to None, run_after=None
[2024-06-10T20:14:44.410+0000] {processor.py:183} INFO - Processing /home/airflow/.local/lib/python3.12/site-packages/airflow/example_dags/example_sensors.py took 0.069 seconds
[2024-06-10T20:15:14.659+0000] {processor.py:161} INFO - Started process (PID=523) to work on /home/airflow/.local/lib/python3.12/site-packages/airflow/example_dags/example_sensors.py
[2024-06-10T20:15:14.660+0000] {processor.py:830} INFO - Processing file /home/airflow/.local/lib/python3.12/site-packages/airflow/example_dags/example_sensors.py for tasks to queue
[2024-06-10T20:15:14.662+0000] {logging_mixin.py:188} INFO - [2024-06-10T20:15:14.662+0000] {dagbag.py:545} INFO - Filling up the DagBag from /home/airflow/.local/lib/python3.12/site-packages/airflow/example_dags/example_sensors.py
[2024-06-10T20:15:14.670+0000] {processor.py:840} INFO - DAG(s) 'example_sensors' retrieved from /home/airflow/.local/lib/python3.12/site-packages/airflow/example_dags/example_sensors.py
[2024-06-10T20:15:14.691+0000] {logging_mixin.py:188} INFO - [2024-06-10T20:15:14.691+0000] {dag.py:3096} INFO - Sync 1 DAGs
[2024-06-10T20:15:14.702+0000] {logging_mixin.py:188} INFO - [2024-06-10T20:15:14.702+0000] {dag.py:3954} INFO - Setting next_dagrun for example_sensors to None, run_after=None
[2024-06-10T20:15:14.719+0000] {processor.py:183} INFO - Processing /home/airflow/.local/lib/python3.12/site-packages/airflow/example_dags/example_sensors.py took 0.065 seconds
[2024-06-10T20:15:44.877+0000] {processor.py:161} INFO - Started process (PID=581) to work on /home/airflow/.local/lib/python3.12/site-packages/airflow/example_dags/example_sensors.py
[2024-06-10T20:15:44.878+0000] {processor.py:830} INFO - Processing file /home/airflow/.local/lib/python3.12/site-packages/airflow/example_dags/example_sensors.py for tasks to queue
[2024-06-10T20:15:44.880+0000] {logging_mixin.py:188} INFO - [2024-06-10T20:15:44.880+0000] {dagbag.py:545} INFO - Filling up the DagBag from /home/airflow/.local/lib/python3.12/site-packages/airflow/example_dags/example_sensors.py
[2024-06-10T20:15:44.888+0000] {processor.py:840} INFO - DAG(s) 'example_sensors' retrieved from /home/airflow/.local/lib/python3.12/site-packages/airflow/example_dags/example_sensors.py
[2024-06-10T20:15:44.907+0000] {logging_mixin.py:188} INFO - [2024-06-10T20:15:44.907+0000] {dag.py:3096} INFO - Sync 1 DAGs
[2024-06-10T20:15:44.917+0000] {logging_mixin.py:188} INFO - [2024-06-10T20:15:44.917+0000] {dag.py:3954} INFO - Setting next_dagrun for example_sensors to None, run_after=None
[2024-06-10T20:15:44.933+0000] {processor.py:183} INFO - Processing /home/airflow/.local/lib/python3.12/site-packages/airflow/example_dags/example_sensors.py took 0.061 seconds
[2024-06-10T20:16:15.217+0000] {processor.py:161} INFO - Started process (PID=639) to work on /home/airflow/.local/lib/python3.12/site-packages/airflow/example_dags/example_sensors.py
[2024-06-10T20:16:15.217+0000] {processor.py:830} INFO - Processing file /home/airflow/.local/lib/python3.12/site-packages/airflow/example_dags/example_sensors.py for tasks to queue
[2024-06-10T20:16:15.219+0000] {logging_mixin.py:188} INFO - [2024-06-10T20:16:15.219+0000] {dagbag.py:545} INFO - Filling up the DagBag from /home/airflow/.local/lib/python3.12/site-packages/airflow/example_dags/example_sensors.py
[2024-06-10T20:16:15.226+0000] {processor.py:840} INFO - DAG(s) 'example_sensors' retrieved from /home/airflow/.local/lib/python3.12/site-packages/airflow/example_dags/example_sensors.py
[2024-06-10T20:16:15.244+0000] {logging_mixin.py:188} INFO - [2024-06-10T20:16:15.244+0000] {dag.py:3096} INFO - Sync 1 DAGs
[2024-06-10T20:16:15.254+0000] {logging_mixin.py:188} INFO - [2024-06-10T20:16:15.254+0000] {dag.py:3954} INFO - Setting next_dagrun for example_sensors to None, run_after=None
[2024-06-10T20:16:15.271+0000] {processor.py:183} INFO - Processing /home/airflow/.local/lib/python3.12/site-packages/airflow/example_dags/example_sensors.py took 0.059 seconds
[2024-06-10T20:16:45.616+0000] {processor.py:161} INFO - Started process (PID=697) to work on /home/airflow/.local/lib/python3.12/site-packages/airflow/example_dags/example_sensors.py
[2024-06-10T20:16:45.617+0000] {processor.py:830} INFO - Processing file /home/airflow/.local/lib/python3.12/site-packages/airflow/example_dags/example_sensors.py for tasks to queue
[2024-06-10T20:16:45.619+0000] {logging_mixin.py:188} INFO - [2024-06-10T20:16:45.619+0000] {dagbag.py:545} INFO - Filling up the DagBag from /home/airflow/.local/lib/python3.12/site-packages/airflow/example_dags/example_sensors.py
[2024-06-10T20:16:45.625+0000] {processor.py:840} INFO - DAG(s) 'example_sensors' retrieved from /home/airflow/.local/lib/python3.12/site-packages/airflow/example_dags/example_sensors.py
[2024-06-10T20:16:45.644+0000] {logging_mixin.py:188} INFO - [2024-06-10T20:16:45.644+0000] {dag.py:3096} INFO - Sync 1 DAGs
[2024-06-10T20:16:45.654+0000] {logging_mixin.py:188} INFO - [2024-06-10T20:16:45.653+0000] {dag.py:3954} INFO - Setting next_dagrun for example_sensors to None, run_after=None
[2024-06-10T20:16:45.671+0000] {processor.py:183} INFO - Processing /home/airflow/.local/lib/python3.12/site-packages/airflow/example_dags/example_sensors.py took 0.059 seconds
[2024-06-10T20:17:15.997+0000] {processor.py:161} INFO - Started process (PID=755) to work on /home/airflow/.local/lib/python3.12/site-packages/airflow/example_dags/example_sensors.py
[2024-06-10T20:17:15.998+0000] {processor.py:830} INFO - Processing file /home/airflow/.local/lib/python3.12/site-packages/airflow/example_dags/example_sensors.py for tasks to queue
[2024-06-10T20:17:16.000+0000] {logging_mixin.py:188} INFO - [2024-06-10T20:17:16.000+0000] {dagbag.py:545} INFO - Filling up the DagBag from /home/airflow/.local/lib/python3.12/site-packages/airflow/example_dags/example_sensors.py
[2024-06-10T20:17:16.007+0000] {processor.py:840} INFO - DAG(s) 'example_sensors' retrieved from /home/airflow/.local/lib/python3.12/site-packages/airflow/example_dags/example_sensors.py
[2024-06-10T20:17:16.031+0000] {logging_mixin.py:188} INFO - [2024-06-10T20:17:16.031+0000] {dag.py:3096} INFO - Sync 1 DAGs
[2024-06-10T20:17:16.041+0000] {logging_mixin.py:188} INFO - [2024-06-10T20:17:16.041+0000] {dag.py:3954} INFO - Setting next_dagrun for example_sensors to None, run_after=None
[2024-06-10T20:17:16.058+0000] {processor.py:183} INFO - Processing /home/airflow/.local/lib/python3.12/site-packages/airflow/example_dags/example_sensors.py took 0.065 seconds
[2024-06-10T20:17:46.467+0000] {processor.py:161} INFO - Started process (PID=813) to work on /home/airflow/.local/lib/python3.12/site-packages/airflow/example_dags/example_sensors.py
[2024-06-10T20:17:46.469+0000] {processor.py:830} INFO - Processing file /home/airflow/.local/lib/python3.12/site-packages/airflow/example_dags/example_sensors.py for tasks to queue
[2024-06-10T20:17:46.471+0000] {logging_mixin.py:188} INFO - [2024-06-10T20:17:46.470+0000] {dagbag.py:545} INFO - Filling up the DagBag from /home/airflow/.local/lib/python3.12/site-packages/airflow/example_dags/example_sensors.py
[2024-06-10T20:17:46.478+0000] {processor.py:840} INFO - DAG(s) 'example_sensors' retrieved from /home/airflow/.local/lib/python3.12/site-packages/airflow/example_dags/example_sensors.py
[2024-06-10T20:17:46.501+0000] {logging_mixin.py:188} INFO - [2024-06-10T20:17:46.500+0000] {dag.py:3096} INFO - Sync 1 DAGs
[2024-06-10T20:17:46.512+0000] {logging_mixin.py:188} INFO - [2024-06-10T20:17:46.512+0000] {dag.py:3954} INFO - Setting next_dagrun for example_sensors to None, run_after=None
[2024-06-10T20:17:46.531+0000] {processor.py:183} INFO - Processing /home/airflow/.local/lib/python3.12/site-packages/airflow/example_dags/example_sensors.py took 0.068 seconds
[2024-06-10T20:18:16.811+0000] {processor.py:161} INFO - Started process (PID=876) to work on /home/airflow/.local/lib/python3.12/site-packages/airflow/example_dags/example_sensors.py
[2024-06-10T20:18:16.813+0000] {processor.py:830} INFO - Processing file /home/airflow/.local/lib/python3.12/site-packages/airflow/example_dags/example_sensors.py for tasks to queue
[2024-06-10T20:18:16.815+0000] {logging_mixin.py:188} INFO - [2024-06-10T20:18:16.814+0000] {dagbag.py:545} INFO - Filling up the DagBag from /home/airflow/.local/lib/python3.12/site-packages/airflow/example_dags/example_sensors.py
[2024-06-10T20:18:16.822+0000] {processor.py:840} INFO - DAG(s) 'example_sensors' retrieved from /home/airflow/.local/lib/python3.12/site-packages/airflow/example_dags/example_sensors.py
[2024-06-10T20:18:16.844+0000] {logging_mixin.py:188} INFO - [2024-06-10T20:18:16.844+0000] {dag.py:3096} INFO - Sync 1 DAGs
[2024-06-10T20:18:16.868+0000] {logging_mixin.py:188} INFO - [2024-06-10T20:18:16.868+0000] {dag.py:3954} INFO - Setting next_dagrun for example_sensors to None, run_after=None
[2024-06-10T20:18:16.889+0000] {processor.py:183} INFO - Processing /home/airflow/.local/lib/python3.12/site-packages/airflow/example_dags/example_sensors.py took 0.082 seconds
[2024-06-10T20:18:47.368+0000] {processor.py:161} INFO - Started process (PID=934) to work on /home/airflow/.local/lib/python3.12/site-packages/airflow/example_dags/example_sensors.py
[2024-06-10T20:18:47.381+0000] {processor.py:830} INFO - Processing file /home/airflow/.local/lib/python3.12/site-packages/airflow/example_dags/example_sensors.py for tasks to queue
[2024-06-10T20:18:47.468+0000] {logging_mixin.py:188} INFO - [2024-06-10T20:18:47.467+0000] {dagbag.py:545} INFO - Filling up the DagBag from /home/airflow/.local/lib/python3.12/site-packages/airflow/example_dags/example_sensors.py
[2024-06-10T20:18:47.503+0000] {processor.py:840} INFO - DAG(s) 'example_sensors' retrieved from /home/airflow/.local/lib/python3.12/site-packages/airflow/example_dags/example_sensors.py
[2024-06-10T20:18:47.534+0000] {logging_mixin.py:188} INFO - [2024-06-10T20:18:47.534+0000] {dag.py:3096} INFO - Sync 1 DAGs
[2024-06-10T20:18:47.548+0000] {logging_mixin.py:188} INFO - [2024-06-10T20:18:47.547+0000] {dag.py:3954} INFO - Setting next_dagrun for example_sensors to None, run_after=None
[2024-06-10T20:18:47.569+0000] {processor.py:183} INFO - Processing /home/airflow/.local/lib/python3.12/site-packages/airflow/example_dags/example_sensors.py took 0.205 seconds
[2024-06-10T20:19:18.469+0000] {processor.py:161} INFO - Started process (PID=992) to work on /home/airflow/.local/lib/python3.12/site-packages/airflow/example_dags/example_sensors.py
[2024-06-10T20:19:18.470+0000] {processor.py:830} INFO - Processing file /home/airflow/.local/lib/python3.12/site-packages/airflow/example_dags/example_sensors.py for tasks to queue
[2024-06-10T20:19:18.472+0000] {logging_mixin.py:188} INFO - [2024-06-10T20:19:18.472+0000] {dagbag.py:545} INFO - Filling up the DagBag from /home/airflow/.local/lib/python3.12/site-packages/airflow/example_dags/example_sensors.py
[2024-06-10T20:19:18.479+0000] {processor.py:840} INFO - DAG(s) 'example_sensors' retrieved from /home/airflow/.local/lib/python3.12/site-packages/airflow/example_dags/example_sensors.py
[2024-06-10T20:19:18.501+0000] {logging_mixin.py:188} INFO - [2024-06-10T20:19:18.500+0000] {dag.py:3096} INFO - Sync 1 DAGs
[2024-06-10T20:19:18.511+0000] {logging_mixin.py:188} INFO - [2024-06-10T20:19:18.511+0000] {dag.py:3954} INFO - Setting next_dagrun for example_sensors to None, run_after=None
[2024-06-10T20:19:18.532+0000] {processor.py:183} INFO - Processing /home/airflow/.local/lib/python3.12/site-packages/airflow/example_dags/example_sensors.py took 0.067 seconds
[2024-06-10T20:19:48.679+0000] {processor.py:161} INFO - Started process (PID=1049) to work on /home/airflow/.local/lib/python3.12/site-packages/airflow/example_dags/example_sensors.py
[2024-06-10T20:19:48.681+0000] {processor.py:830} INFO - Processing file /home/airflow/.local/lib/python3.12/site-packages/airflow/example_dags/example_sensors.py for tasks to queue
[2024-06-10T20:19:48.684+0000] {logging_mixin.py:188} INFO - [2024-06-10T20:19:48.684+0000] {dagbag.py:545} INFO - Filling up the DagBag from /home/airflow/.local/lib/python3.12/site-packages/airflow/example_dags/example_sensors.py
[2024-06-10T20:19:48.700+0000] {processor.py:840} INFO - DAG(s) 'example_sensors' retrieved from /home/airflow/.local/lib/python3.12/site-packages/airflow/example_dags/example_sensors.py
[2024-06-10T20:19:48.736+0000] {logging_mixin.py:188} INFO - [2024-06-10T20:19:48.736+0000] {dag.py:3096} INFO - Sync 1 DAGs
[2024-06-10T20:19:48.751+0000] {logging_mixin.py:188} INFO - [2024-06-10T20:19:48.750+0000] {dag.py:3954} INFO - Setting next_dagrun for example_sensors to None, run_after=None
[2024-06-10T20:19:48.775+0000] {processor.py:183} INFO - Processing /home/airflow/.local/lib/python3.12/site-packages/airflow/example_dags/example_sensors.py took 0.104 seconds
[2024-06-10T20:20:19.095+0000] {processor.py:161} INFO - Started process (PID=1107) to work on /home/airflow/.local/lib/python3.12/site-packages/airflow/example_dags/example_sensors.py
[2024-06-10T20:20:19.096+0000] {processor.py:830} INFO - Processing file /home/airflow/.local/lib/python3.12/site-packages/airflow/example_dags/example_sensors.py for tasks to queue
[2024-06-10T20:20:19.097+0000] {logging_mixin.py:188} INFO - [2024-06-10T20:20:19.097+0000] {dagbag.py:545} INFO - Filling up the DagBag from /home/airflow/.local/lib/python3.12/site-packages/airflow/example_dags/example_sensors.py
[2024-06-10T20:20:19.103+0000] {processor.py:840} INFO - DAG(s) 'example_sensors' retrieved from /home/airflow/.local/lib/python3.12/site-packages/airflow/example_dags/example_sensors.py
[2024-06-10T20:20:19.123+0000] {logging_mixin.py:188} INFO - [2024-06-10T20:20:19.123+0000] {dag.py:3096} INFO - Sync 1 DAGs
[2024-06-10T20:20:19.132+0000] {logging_mixin.py:188} INFO - [2024-06-10T20:20:19.132+0000] {dag.py:3954} INFO - Setting next_dagrun for example_sensors to None, run_after=None
[2024-06-10T20:20:19.149+0000] {processor.py:183} INFO - Processing /home/airflow/.local/lib/python3.12/site-packages/airflow/example_dags/example_sensors.py took 0.058 seconds
[2024-06-10T20:20:49.245+0000] {processor.py:161} INFO - Started process (PID=1165) to work on /home/airflow/.local/lib/python3.12/site-packages/airflow/example_dags/example_sensors.py
[2024-06-10T20:20:49.247+0000] {processor.py:830} INFO - Processing file /home/airflow/.local/lib/python3.12/site-packages/airflow/example_dags/example_sensors.py for tasks to queue
[2024-06-10T20:20:49.251+0000] {logging_mixin.py:188} INFO - [2024-06-10T20:20:49.250+0000] {dagbag.py:545} INFO - Filling up the DagBag from /home/airflow/.local/lib/python3.12/site-packages/airflow/example_dags/example_sensors.py
[2024-06-10T20:20:49.265+0000] {processor.py:840} INFO - DAG(s) 'example_sensors' retrieved from /home/airflow/.local/lib/python3.12/site-packages/airflow/example_dags/example_sensors.py
[2024-06-10T20:20:49.289+0000] {logging_mixin.py:188} INFO - [2024-06-10T20:20:49.289+0000] {dag.py:3096} INFO - Sync 1 DAGs
[2024-06-10T20:20:49.300+0000] {logging_mixin.py:188} INFO - [2024-06-10T20:20:49.299+0000] {dag.py:3954} INFO - Setting next_dagrun for example_sensors to None, run_after=None
[2024-06-10T20:20:49.332+0000] {processor.py:183} INFO - Processing /home/airflow/.local/lib/python3.12/site-packages/airflow/example_dags/example_sensors.py took 0.096 seconds
[2024-06-10T20:21:19.697+0000] {processor.py:161} INFO - Started process (PID=1223) to work on /home/airflow/.local/lib/python3.12/site-packages/airflow/example_dags/example_sensors.py
[2024-06-10T20:21:19.699+0000] {processor.py:830} INFO - Processing file /home/airflow/.local/lib/python3.12/site-packages/airflow/example_dags/example_sensors.py for tasks to queue
[2024-06-10T20:21:19.701+0000] {logging_mixin.py:188} INFO - [2024-06-10T20:21:19.700+0000] {dagbag.py:545} INFO - Filling up the DagBag from /home/airflow/.local/lib/python3.12/site-packages/airflow/example_dags/example_sensors.py
[2024-06-10T20:21:19.708+0000] {processor.py:840} INFO - DAG(s) 'example_sensors' retrieved from /home/airflow/.local/lib/python3.12/site-packages/airflow/example_dags/example_sensors.py
[2024-06-10T20:21:19.729+0000] {logging_mixin.py:188} INFO - [2024-06-10T20:21:19.728+0000] {dag.py:3096} INFO - Sync 1 DAGs
[2024-06-10T20:21:19.739+0000] {logging_mixin.py:188} INFO - [2024-06-10T20:21:19.738+0000] {dag.py:3954} INFO - Setting next_dagrun for example_sensors to None, run_after=None
[2024-06-10T20:21:19.756+0000] {processor.py:183} INFO - Processing /home/airflow/.local/lib/python3.12/site-packages/airflow/example_dags/example_sensors.py took 0.064 seconds
[2024-06-10T20:21:42.181+0000] {processor.py:161} INFO - Started process (PID=59) to work on /home/airflow/.local/lib/python3.12/site-packages/airflow/example_dags/example_sensors.py
[2024-06-10T20:21:42.182+0000] {processor.py:830} INFO - Processing file /home/airflow/.local/lib/python3.12/site-packages/airflow/example_dags/example_sensors.py for tasks to queue
[2024-06-10T20:21:42.184+0000] {logging_mixin.py:188} INFO - [2024-06-10T20:21:42.183+0000] {dagbag.py:545} INFO - Filling up the DagBag from /home/airflow/.local/lib/python3.12/site-packages/airflow/example_dags/example_sensors.py
[2024-06-10T20:21:42.192+0000] {processor.py:840} INFO - DAG(s) 'example_sensors' retrieved from /home/airflow/.local/lib/python3.12/site-packages/airflow/example_dags/example_sensors.py
[2024-06-10T20:21:42.217+0000] {logging_mixin.py:188} INFO - [2024-06-10T20:21:42.217+0000] {dag.py:3096} INFO - Sync 1 DAGs
[2024-06-10T20:21:42.227+0000] {logging_mixin.py:188} INFO - [2024-06-10T20:21:42.226+0000] {dag.py:3954} INFO - Setting next_dagrun for example_sensors to None, run_after=None
[2024-06-10T20:21:42.241+0000] {processor.py:183} INFO - Processing /home/airflow/.local/lib/python3.12/site-packages/airflow/example_dags/example_sensors.py took 0.064 seconds
[2024-06-10T20:22:12.534+0000] {processor.py:161} INFO - Started process (PID=117) to work on /home/airflow/.local/lib/python3.12/site-packages/airflow/example_dags/example_sensors.py
[2024-06-10T20:22:12.535+0000] {processor.py:830} INFO - Processing file /home/airflow/.local/lib/python3.12/site-packages/airflow/example_dags/example_sensors.py for tasks to queue
[2024-06-10T20:22:12.537+0000] {logging_mixin.py:188} INFO - [2024-06-10T20:22:12.537+0000] {dagbag.py:545} INFO - Filling up the DagBag from /home/airflow/.local/lib/python3.12/site-packages/airflow/example_dags/example_sensors.py
[2024-06-10T20:22:12.543+0000] {processor.py:840} INFO - DAG(s) 'example_sensors' retrieved from /home/airflow/.local/lib/python3.12/site-packages/airflow/example_dags/example_sensors.py
[2024-06-10T20:22:12.562+0000] {logging_mixin.py:188} INFO - [2024-06-10T20:22:12.562+0000] {dag.py:3096} INFO - Sync 1 DAGs
[2024-06-10T20:22:12.572+0000] {logging_mixin.py:188} INFO - [2024-06-10T20:22:12.572+0000] {dag.py:3954} INFO - Setting next_dagrun for example_sensors to None, run_after=None
[2024-06-10T20:22:12.589+0000] {processor.py:183} INFO - Processing /home/airflow/.local/lib/python3.12/site-packages/airflow/example_dags/example_sensors.py took 0.059 seconds
