[2024-06-10T20:11:13.354+0000] {processor.py:161} INFO - Started process (PID=72) to work on /home/airflow/.local/lib/python3.12/site-packages/airflow/example_dags/example_branch_operator.py
[2024-06-10T20:11:13.392+0000] {processor.py:830} INFO - Processing file /home/airflow/.local/lib/python3.12/site-packages/airflow/example_dags/example_branch_operator.py for tasks to queue
[2024-06-10T20:11:13.394+0000] {logging_mixin.py:188} INFO - [2024-06-10T20:11:13.394+0000] {dagbag.py:545} INFO - Filling up the DagBag from /home/airflow/.local/lib/python3.12/site-packages/airflow/example_dags/example_branch_operator.py
[2024-06-10T20:11:13.409+0000] {processor.py:840} INFO - DAG(s) 'example_branch_operator' retrieved from /home/airflow/.local/lib/python3.12/site-packages/airflow/example_dags/example_branch_operator.py
[2024-06-10T20:11:13.530+0000] {logging_mixin.py:188} INFO - [2024-06-10T20:11:13.530+0000] {override.py:1829} INFO - Created Permission View: can delete on DAG:example_branch_operator
[2024-06-10T20:11:13.600+0000] {logging_mixin.py:188} INFO - [2024-06-10T20:11:13.600+0000] {override.py:1829} INFO - Created Permission View: can edit on DAG:example_branch_operator
[2024-06-10T20:11:13.610+0000] {logging_mixin.py:188} INFO - [2024-06-10T20:11:13.610+0000] {override.py:1829} INFO - Created Permission View: can read on DAG:example_branch_operator
[2024-06-10T20:11:13.611+0000] {logging_mixin.py:188} INFO - [2024-06-10T20:11:13.611+0000] {dag.py:3096} INFO - Sync 1 DAGs
[2024-06-10T20:11:13.622+0000] {logging_mixin.py:188} INFO - [2024-06-10T20:11:13.622+0000] {dag.py:3118} INFO - Creating ORM DAG for example_branch_operator
[2024-06-10T20:11:13.649+0000] {logging_mixin.py:188} INFO - [2024-06-10T20:11:13.648+0000] {dag.py:3954} INFO - Setting next_dagrun for example_branch_operator to 2024-06-09 00:00:00+00:00, run_after=2024-06-10 00:00:00+00:00
[2024-06-10T20:11:13.666+0000] {processor.py:183} INFO - Processing /home/airflow/.local/lib/python3.12/site-packages/airflow/example_dags/example_branch_operator.py took 0.316 seconds
[2024-06-10T20:11:43.756+0000] {processor.py:161} INFO - Started process (PID=130) to work on /home/airflow/.local/lib/python3.12/site-packages/airflow/example_dags/example_branch_operator.py
[2024-06-10T20:11:43.757+0000] {processor.py:830} INFO - Processing file /home/airflow/.local/lib/python3.12/site-packages/airflow/example_dags/example_branch_operator.py for tasks to queue
[2024-06-10T20:11:43.758+0000] {logging_mixin.py:188} INFO - [2024-06-10T20:11:43.758+0000] {dagbag.py:545} INFO - Filling up the DagBag from /home/airflow/.local/lib/python3.12/site-packages/airflow/example_dags/example_branch_operator.py
[2024-06-10T20:11:43.770+0000] {processor.py:840} INFO - DAG(s) 'example_branch_operator' retrieved from /home/airflow/.local/lib/python3.12/site-packages/airflow/example_dags/example_branch_operator.py
[2024-06-10T20:11:43.789+0000] {logging_mixin.py:188} INFO - [2024-06-10T20:11:43.789+0000] {dag.py:3096} INFO - Sync 1 DAGs
[2024-06-10T20:11:43.810+0000] {logging_mixin.py:188} INFO - [2024-06-10T20:11:43.810+0000] {dag.py:3954} INFO - Setting next_dagrun for example_branch_operator to 2024-06-09 00:00:00+00:00, run_after=2024-06-10 00:00:00+00:00
[2024-06-10T20:11:43.828+0000] {processor.py:183} INFO - Processing /home/airflow/.local/lib/python3.12/site-packages/airflow/example_dags/example_branch_operator.py took 0.076 seconds
[2024-06-10T20:12:14.188+0000] {processor.py:161} INFO - Started process (PID=188) to work on /home/airflow/.local/lib/python3.12/site-packages/airflow/example_dags/example_branch_operator.py
[2024-06-10T20:12:14.189+0000] {processor.py:830} INFO - Processing file /home/airflow/.local/lib/python3.12/site-packages/airflow/example_dags/example_branch_operator.py for tasks to queue
[2024-06-10T20:12:14.191+0000] {logging_mixin.py:188} INFO - [2024-06-10T20:12:14.190+0000] {dagbag.py:545} INFO - Filling up the DagBag from /home/airflow/.local/lib/python3.12/site-packages/airflow/example_dags/example_branch_operator.py
[2024-06-10T20:12:14.206+0000] {processor.py:840} INFO - DAG(s) 'example_branch_operator' retrieved from /home/airflow/.local/lib/python3.12/site-packages/airflow/example_dags/example_branch_operator.py
[2024-06-10T20:12:14.232+0000] {logging_mixin.py:188} INFO - [2024-06-10T20:12:14.231+0000] {dag.py:3096} INFO - Sync 1 DAGs
[2024-06-10T20:12:14.251+0000] {logging_mixin.py:188} INFO - [2024-06-10T20:12:14.251+0000] {dag.py:3954} INFO - Setting next_dagrun for example_branch_operator to 2024-06-09 00:00:00+00:00, run_after=2024-06-10 00:00:00+00:00
[2024-06-10T20:12:14.270+0000] {processor.py:183} INFO - Processing /home/airflow/.local/lib/python3.12/site-packages/airflow/example_dags/example_branch_operator.py took 0.086 seconds
[2024-06-10T20:12:44.539+0000] {processor.py:161} INFO - Started process (PID=246) to work on /home/airflow/.local/lib/python3.12/site-packages/airflow/example_dags/example_branch_operator.py
[2024-06-10T20:12:44.542+0000] {processor.py:830} INFO - Processing file /home/airflow/.local/lib/python3.12/site-packages/airflow/example_dags/example_branch_operator.py for tasks to queue
[2024-06-10T20:12:44.545+0000] {logging_mixin.py:188} INFO - [2024-06-10T20:12:44.545+0000] {dagbag.py:545} INFO - Filling up the DagBag from /home/airflow/.local/lib/python3.12/site-packages/airflow/example_dags/example_branch_operator.py
[2024-06-10T20:12:44.571+0000] {processor.py:840} INFO - DAG(s) 'example_branch_operator' retrieved from /home/airflow/.local/lib/python3.12/site-packages/airflow/example_dags/example_branch_operator.py
[2024-06-10T20:12:44.601+0000] {logging_mixin.py:188} INFO - [2024-06-10T20:12:44.601+0000] {dag.py:3096} INFO - Sync 1 DAGs
[2024-06-10T20:12:44.625+0000] {logging_mixin.py:188} INFO - [2024-06-10T20:12:44.625+0000] {dag.py:3954} INFO - Setting next_dagrun for example_branch_operator to 2024-06-09 00:00:00+00:00, run_after=2024-06-10 00:00:00+00:00
[2024-06-10T20:12:44.650+0000] {processor.py:183} INFO - Processing /home/airflow/.local/lib/python3.12/site-packages/airflow/example_dags/example_branch_operator.py took 0.120 seconds
[2024-06-10T20:13:14.871+0000] {processor.py:161} INFO - Started process (PID=304) to work on /home/airflow/.local/lib/python3.12/site-packages/airflow/example_dags/example_branch_operator.py
[2024-06-10T20:13:14.873+0000] {processor.py:830} INFO - Processing file /home/airflow/.local/lib/python3.12/site-packages/airflow/example_dags/example_branch_operator.py for tasks to queue
[2024-06-10T20:13:14.877+0000] {logging_mixin.py:188} INFO - [2024-06-10T20:13:14.877+0000] {dagbag.py:545} INFO - Filling up the DagBag from /home/airflow/.local/lib/python3.12/site-packages/airflow/example_dags/example_branch_operator.py
[2024-06-10T20:13:14.902+0000] {processor.py:840} INFO - DAG(s) 'example_branch_operator' retrieved from /home/airflow/.local/lib/python3.12/site-packages/airflow/example_dags/example_branch_operator.py
[2024-06-10T20:13:14.943+0000] {logging_mixin.py:188} INFO - [2024-06-10T20:13:14.943+0000] {dag.py:3096} INFO - Sync 1 DAGs
[2024-06-10T20:13:14.974+0000] {logging_mixin.py:188} INFO - [2024-06-10T20:13:14.973+0000] {dag.py:3954} INFO - Setting next_dagrun for example_branch_operator to 2024-06-09 00:00:00+00:00, run_after=2024-06-10 00:00:00+00:00
[2024-06-10T20:13:14.998+0000] {processor.py:183} INFO - Processing /home/airflow/.local/lib/python3.12/site-packages/airflow/example_dags/example_branch_operator.py took 0.139 seconds
[2024-06-10T20:13:45.155+0000] {processor.py:161} INFO - Started process (PID=362) to work on /home/airflow/.local/lib/python3.12/site-packages/airflow/example_dags/example_branch_operator.py
[2024-06-10T20:13:45.156+0000] {processor.py:830} INFO - Processing file /home/airflow/.local/lib/python3.12/site-packages/airflow/example_dags/example_branch_operator.py for tasks to queue
[2024-06-10T20:13:45.158+0000] {logging_mixin.py:188} INFO - [2024-06-10T20:13:45.158+0000] {dagbag.py:545} INFO - Filling up the DagBag from /home/airflow/.local/lib/python3.12/site-packages/airflow/example_dags/example_branch_operator.py
[2024-06-10T20:13:45.171+0000] {processor.py:840} INFO - DAG(s) 'example_branch_operator' retrieved from /home/airflow/.local/lib/python3.12/site-packages/airflow/example_dags/example_branch_operator.py
[2024-06-10T20:13:45.192+0000] {logging_mixin.py:188} INFO - [2024-06-10T20:13:45.192+0000] {dag.py:3096} INFO - Sync 1 DAGs
[2024-06-10T20:13:45.208+0000] {logging_mixin.py:188} INFO - [2024-06-10T20:13:45.208+0000] {dag.py:3954} INFO - Setting next_dagrun for example_branch_operator to 2024-06-09 00:00:00+00:00, run_after=2024-06-10 00:00:00+00:00
[2024-06-10T20:13:45.223+0000] {processor.py:183} INFO - Processing /home/airflow/.local/lib/python3.12/site-packages/airflow/example_dags/example_branch_operator.py took 0.074 seconds
[2024-06-10T20:14:15.934+0000] {processor.py:161} INFO - Started process (PID=426) to work on /home/airflow/.local/lib/python3.12/site-packages/airflow/example_dags/example_branch_operator.py
[2024-06-10T20:14:15.935+0000] {processor.py:830} INFO - Processing file /home/airflow/.local/lib/python3.12/site-packages/airflow/example_dags/example_branch_operator.py for tasks to queue
[2024-06-10T20:14:15.938+0000] {logging_mixin.py:188} INFO - [2024-06-10T20:14:15.937+0000] {dagbag.py:545} INFO - Filling up the DagBag from /home/airflow/.local/lib/python3.12/site-packages/airflow/example_dags/example_branch_operator.py
[2024-06-10T20:14:15.951+0000] {processor.py:840} INFO - DAG(s) 'example_branch_operator' retrieved from /home/airflow/.local/lib/python3.12/site-packages/airflow/example_dags/example_branch_operator.py
[2024-06-10T20:14:15.973+0000] {logging_mixin.py:188} INFO - [2024-06-10T20:14:15.972+0000] {dag.py:3096} INFO - Sync 1 DAGs
[2024-06-10T20:14:15.990+0000] {logging_mixin.py:188} INFO - [2024-06-10T20:14:15.990+0000] {dag.py:3954} INFO - Setting next_dagrun for example_branch_operator to 2024-06-09 00:00:00+00:00, run_after=2024-06-10 00:00:00+00:00
[2024-06-10T20:14:16.009+0000] {processor.py:183} INFO - Processing /home/airflow/.local/lib/python3.12/site-packages/airflow/example_dags/example_branch_operator.py took 0.081 seconds
[2024-06-10T20:14:46.059+0000] {processor.py:161} INFO - Started process (PID=484) to work on /home/airflow/.local/lib/python3.12/site-packages/airflow/example_dags/example_branch_operator.py
[2024-06-10T20:14:46.060+0000] {processor.py:830} INFO - Processing file /home/airflow/.local/lib/python3.12/site-packages/airflow/example_dags/example_branch_operator.py for tasks to queue
[2024-06-10T20:14:46.062+0000] {logging_mixin.py:188} INFO - [2024-06-10T20:14:46.061+0000] {dagbag.py:545} INFO - Filling up the DagBag from /home/airflow/.local/lib/python3.12/site-packages/airflow/example_dags/example_branch_operator.py
[2024-06-10T20:14:46.074+0000] {processor.py:840} INFO - DAG(s) 'example_branch_operator' retrieved from /home/airflow/.local/lib/python3.12/site-packages/airflow/example_dags/example_branch_operator.py
[2024-06-10T20:14:46.095+0000] {logging_mixin.py:188} INFO - [2024-06-10T20:14:46.095+0000] {dag.py:3096} INFO - Sync 1 DAGs
[2024-06-10T20:14:46.111+0000] {logging_mixin.py:188} INFO - [2024-06-10T20:14:46.110+0000] {dag.py:3954} INFO - Setting next_dagrun for example_branch_operator to 2024-06-09 00:00:00+00:00, run_after=2024-06-10 00:00:00+00:00
[2024-06-10T20:14:46.127+0000] {processor.py:183} INFO - Processing /home/airflow/.local/lib/python3.12/site-packages/airflow/example_dags/example_branch_operator.py took 0.074 seconds
[2024-06-10T20:15:16.375+0000] {processor.py:161} INFO - Started process (PID=542) to work on /home/airflow/.local/lib/python3.12/site-packages/airflow/example_dags/example_branch_operator.py
[2024-06-10T20:15:16.376+0000] {processor.py:830} INFO - Processing file /home/airflow/.local/lib/python3.12/site-packages/airflow/example_dags/example_branch_operator.py for tasks to queue
[2024-06-10T20:15:16.377+0000] {logging_mixin.py:188} INFO - [2024-06-10T20:15:16.377+0000] {dagbag.py:545} INFO - Filling up the DagBag from /home/airflow/.local/lib/python3.12/site-packages/airflow/example_dags/example_branch_operator.py
[2024-06-10T20:15:16.390+0000] {processor.py:840} INFO - DAG(s) 'example_branch_operator' retrieved from /home/airflow/.local/lib/python3.12/site-packages/airflow/example_dags/example_branch_operator.py
[2024-06-10T20:15:16.412+0000] {logging_mixin.py:188} INFO - [2024-06-10T20:15:16.411+0000] {dag.py:3096} INFO - Sync 1 DAGs
[2024-06-10T20:15:16.432+0000] {logging_mixin.py:188} INFO - [2024-06-10T20:15:16.431+0000] {dag.py:3954} INFO - Setting next_dagrun for example_branch_operator to 2024-06-09 00:00:00+00:00, run_after=2024-06-10 00:00:00+00:00
[2024-06-10T20:15:16.450+0000] {processor.py:183} INFO - Processing /home/airflow/.local/lib/python3.12/site-packages/airflow/example_dags/example_branch_operator.py took 0.079 seconds
[2024-06-10T20:15:46.543+0000] {processor.py:161} INFO - Started process (PID=600) to work on /home/airflow/.local/lib/python3.12/site-packages/airflow/example_dags/example_branch_operator.py
[2024-06-10T20:15:46.543+0000] {processor.py:830} INFO - Processing file /home/airflow/.local/lib/python3.12/site-packages/airflow/example_dags/example_branch_operator.py for tasks to queue
[2024-06-10T20:15:46.546+0000] {logging_mixin.py:188} INFO - [2024-06-10T20:15:46.546+0000] {dagbag.py:545} INFO - Filling up the DagBag from /home/airflow/.local/lib/python3.12/site-packages/airflow/example_dags/example_branch_operator.py
[2024-06-10T20:15:46.560+0000] {processor.py:840} INFO - DAG(s) 'example_branch_operator' retrieved from /home/airflow/.local/lib/python3.12/site-packages/airflow/example_dags/example_branch_operator.py
[2024-06-10T20:15:46.580+0000] {logging_mixin.py:188} INFO - [2024-06-10T20:15:46.580+0000] {dag.py:3096} INFO - Sync 1 DAGs
[2024-06-10T20:15:46.597+0000] {logging_mixin.py:188} INFO - [2024-06-10T20:15:46.597+0000] {dag.py:3954} INFO - Setting next_dagrun for example_branch_operator to 2024-06-09 00:00:00+00:00, run_after=2024-06-10 00:00:00+00:00
[2024-06-10T20:15:46.613+0000] {processor.py:183} INFO - Processing /home/airflow/.local/lib/python3.12/site-packages/airflow/example_dags/example_branch_operator.py took 0.074 seconds
[2024-06-10T20:16:16.922+0000] {processor.py:161} INFO - Started process (PID=658) to work on /home/airflow/.local/lib/python3.12/site-packages/airflow/example_dags/example_branch_operator.py
[2024-06-10T20:16:16.923+0000] {processor.py:830} INFO - Processing file /home/airflow/.local/lib/python3.12/site-packages/airflow/example_dags/example_branch_operator.py for tasks to queue
[2024-06-10T20:16:16.925+0000] {logging_mixin.py:188} INFO - [2024-06-10T20:16:16.924+0000] {dagbag.py:545} INFO - Filling up the DagBag from /home/airflow/.local/lib/python3.12/site-packages/airflow/example_dags/example_branch_operator.py
[2024-06-10T20:16:16.937+0000] {processor.py:840} INFO - DAG(s) 'example_branch_operator' retrieved from /home/airflow/.local/lib/python3.12/site-packages/airflow/example_dags/example_branch_operator.py
[2024-06-10T20:16:16.958+0000] {logging_mixin.py:188} INFO - [2024-06-10T20:16:16.958+0000] {dag.py:3096} INFO - Sync 1 DAGs
[2024-06-10T20:16:16.974+0000] {logging_mixin.py:188} INFO - [2024-06-10T20:16:16.974+0000] {dag.py:3954} INFO - Setting next_dagrun for example_branch_operator to 2024-06-09 00:00:00+00:00, run_after=2024-06-10 00:00:00+00:00
[2024-06-10T20:16:16.991+0000] {processor.py:183} INFO - Processing /home/airflow/.local/lib/python3.12/site-packages/airflow/example_dags/example_branch_operator.py took 0.073 seconds
[2024-06-10T20:16:47.364+0000] {processor.py:161} INFO - Started process (PID=716) to work on /home/airflow/.local/lib/python3.12/site-packages/airflow/example_dags/example_branch_operator.py
[2024-06-10T20:16:47.365+0000] {processor.py:830} INFO - Processing file /home/airflow/.local/lib/python3.12/site-packages/airflow/example_dags/example_branch_operator.py for tasks to queue
[2024-06-10T20:16:47.367+0000] {logging_mixin.py:188} INFO - [2024-06-10T20:16:47.367+0000] {dagbag.py:545} INFO - Filling up the DagBag from /home/airflow/.local/lib/python3.12/site-packages/airflow/example_dags/example_branch_operator.py
[2024-06-10T20:16:47.382+0000] {processor.py:840} INFO - DAG(s) 'example_branch_operator' retrieved from /home/airflow/.local/lib/python3.12/site-packages/airflow/example_dags/example_branch_operator.py
[2024-06-10T20:16:47.405+0000] {logging_mixin.py:188} INFO - [2024-06-10T20:16:47.404+0000] {dag.py:3096} INFO - Sync 1 DAGs
[2024-06-10T20:16:47.422+0000] {logging_mixin.py:188} INFO - [2024-06-10T20:16:47.422+0000] {dag.py:3954} INFO - Setting next_dagrun for example_branch_operator to 2024-06-09 00:00:00+00:00, run_after=2024-06-10 00:00:00+00:00
[2024-06-10T20:16:47.439+0000] {processor.py:183} INFO - Processing /home/airflow/.local/lib/python3.12/site-packages/airflow/example_dags/example_branch_operator.py took 0.079 seconds
[2024-06-10T20:17:17.721+0000] {processor.py:161} INFO - Started process (PID=774) to work on /home/airflow/.local/lib/python3.12/site-packages/airflow/example_dags/example_branch_operator.py
[2024-06-10T20:17:17.722+0000] {processor.py:830} INFO - Processing file /home/airflow/.local/lib/python3.12/site-packages/airflow/example_dags/example_branch_operator.py for tasks to queue
[2024-06-10T20:17:17.725+0000] {logging_mixin.py:188} INFO - [2024-06-10T20:17:17.724+0000] {dagbag.py:545} INFO - Filling up the DagBag from /home/airflow/.local/lib/python3.12/site-packages/airflow/example_dags/example_branch_operator.py
[2024-06-10T20:17:17.738+0000] {processor.py:840} INFO - DAG(s) 'example_branch_operator' retrieved from /home/airflow/.local/lib/python3.12/site-packages/airflow/example_dags/example_branch_operator.py
[2024-06-10T20:17:17.760+0000] {logging_mixin.py:188} INFO - [2024-06-10T20:17:17.760+0000] {dag.py:3096} INFO - Sync 1 DAGs
[2024-06-10T20:17:17.776+0000] {logging_mixin.py:188} INFO - [2024-06-10T20:17:17.776+0000] {dag.py:3954} INFO - Setting next_dagrun for example_branch_operator to 2024-06-09 00:00:00+00:00, run_after=2024-06-10 00:00:00+00:00
[2024-06-10T20:17:17.793+0000] {processor.py:183} INFO - Processing /home/airflow/.local/lib/python3.12/site-packages/airflow/example_dags/example_branch_operator.py took 0.079 seconds
[2024-06-10T20:17:48.444+0000] {processor.py:161} INFO - Started process (PID=832) to work on /home/airflow/.local/lib/python3.12/site-packages/airflow/example_dags/example_branch_operator.py
[2024-06-10T20:17:48.445+0000] {processor.py:830} INFO - Processing file /home/airflow/.local/lib/python3.12/site-packages/airflow/example_dags/example_branch_operator.py for tasks to queue
[2024-06-10T20:17:48.447+0000] {logging_mixin.py:188} INFO - [2024-06-10T20:17:48.447+0000] {dagbag.py:545} INFO - Filling up the DagBag from /home/airflow/.local/lib/python3.12/site-packages/airflow/example_dags/example_branch_operator.py
[2024-06-10T20:17:48.461+0000] {processor.py:840} INFO - DAG(s) 'example_branch_operator' retrieved from /home/airflow/.local/lib/python3.12/site-packages/airflow/example_dags/example_branch_operator.py
[2024-06-10T20:17:48.486+0000] {logging_mixin.py:188} INFO - [2024-06-10T20:17:48.486+0000] {dag.py:3096} INFO - Sync 1 DAGs
[2024-06-10T20:17:48.503+0000] {logging_mixin.py:188} INFO - [2024-06-10T20:17:48.503+0000] {dag.py:3954} INFO - Setting next_dagrun for example_branch_operator to 2024-06-09 00:00:00+00:00, run_after=2024-06-10 00:00:00+00:00
[2024-06-10T20:17:48.521+0000] {processor.py:183} INFO - Processing /home/airflow/.local/lib/python3.12/site-packages/airflow/example_dags/example_branch_operator.py took 0.082 seconds
[2024-06-10T20:18:18.647+0000] {processor.py:161} INFO - Started process (PID=889) to work on /home/airflow/.local/lib/python3.12/site-packages/airflow/example_dags/example_branch_operator.py
[2024-06-10T20:18:18.649+0000] {processor.py:830} INFO - Processing file /home/airflow/.local/lib/python3.12/site-packages/airflow/example_dags/example_branch_operator.py for tasks to queue
[2024-06-10T20:18:18.653+0000] {logging_mixin.py:188} INFO - [2024-06-10T20:18:18.652+0000] {dagbag.py:545} INFO - Filling up the DagBag from /home/airflow/.local/lib/python3.12/site-packages/airflow/example_dags/example_branch_operator.py
[2024-06-10T20:18:18.677+0000] {processor.py:840} INFO - DAG(s) 'example_branch_operator' retrieved from /home/airflow/.local/lib/python3.12/site-packages/airflow/example_dags/example_branch_operator.py
[2024-06-10T20:18:18.713+0000] {logging_mixin.py:188} INFO - [2024-06-10T20:18:18.713+0000] {dag.py:3096} INFO - Sync 1 DAGs
[2024-06-10T20:18:18.742+0000] {logging_mixin.py:188} INFO - [2024-06-10T20:18:18.742+0000] {dag.py:3954} INFO - Setting next_dagrun for example_branch_operator to 2024-06-09 00:00:00+00:00, run_after=2024-06-10 00:00:00+00:00
[2024-06-10T20:18:18.759+0000] {processor.py:183} INFO - Processing /home/airflow/.local/lib/python3.12/site-packages/airflow/example_dags/example_branch_operator.py took 0.123 seconds
[2024-06-10T20:18:48.821+0000] {processor.py:161} INFO - Started process (PID=947) to work on /home/airflow/.local/lib/python3.12/site-packages/airflow/example_dags/example_branch_operator.py
[2024-06-10T20:18:48.822+0000] {processor.py:830} INFO - Processing file /home/airflow/.local/lib/python3.12/site-packages/airflow/example_dags/example_branch_operator.py for tasks to queue
[2024-06-10T20:18:48.824+0000] {logging_mixin.py:188} INFO - [2024-06-10T20:18:48.824+0000] {dagbag.py:545} INFO - Filling up the DagBag from /home/airflow/.local/lib/python3.12/site-packages/airflow/example_dags/example_branch_operator.py
[2024-06-10T20:18:48.836+0000] {processor.py:840} INFO - DAG(s) 'example_branch_operator' retrieved from /home/airflow/.local/lib/python3.12/site-packages/airflow/example_dags/example_branch_operator.py
[2024-06-10T20:18:48.859+0000] {logging_mixin.py:188} INFO - [2024-06-10T20:18:48.858+0000] {dag.py:3096} INFO - Sync 1 DAGs
[2024-06-10T20:18:48.879+0000] {logging_mixin.py:188} INFO - [2024-06-10T20:18:48.879+0000] {dag.py:3954} INFO - Setting next_dagrun for example_branch_operator to 2024-06-09 00:00:00+00:00, run_after=2024-06-10 00:00:00+00:00
[2024-06-10T20:18:48.900+0000] {processor.py:183} INFO - Processing /home/airflow/.local/lib/python3.12/site-packages/airflow/example_dags/example_branch_operator.py took 0.084 seconds
[2024-06-10T20:19:19.224+0000] {processor.py:161} INFO - Started process (PID=1005) to work on /home/airflow/.local/lib/python3.12/site-packages/airflow/example_dags/example_branch_operator.py
[2024-06-10T20:19:19.225+0000] {processor.py:830} INFO - Processing file /home/airflow/.local/lib/python3.12/site-packages/airflow/example_dags/example_branch_operator.py for tasks to queue
[2024-06-10T20:19:19.227+0000] {logging_mixin.py:188} INFO - [2024-06-10T20:19:19.227+0000] {dagbag.py:545} INFO - Filling up the DagBag from /home/airflow/.local/lib/python3.12/site-packages/airflow/example_dags/example_branch_operator.py
[2024-06-10T20:19:19.241+0000] {processor.py:840} INFO - DAG(s) 'example_branch_operator' retrieved from /home/airflow/.local/lib/python3.12/site-packages/airflow/example_dags/example_branch_operator.py
[2024-06-10T20:19:19.266+0000] {logging_mixin.py:188} INFO - [2024-06-10T20:19:19.265+0000] {dag.py:3096} INFO - Sync 1 DAGs
[2024-06-10T20:19:19.286+0000] {logging_mixin.py:188} INFO - [2024-06-10T20:19:19.286+0000] {dag.py:3954} INFO - Setting next_dagrun for example_branch_operator to 2024-06-09 00:00:00+00:00, run_after=2024-06-10 00:00:00+00:00
[2024-06-10T20:19:19.305+0000] {processor.py:183} INFO - Processing /home/airflow/.local/lib/python3.12/site-packages/airflow/example_dags/example_branch_operator.py took 0.086 seconds
[2024-06-10T20:19:49.612+0000] {processor.py:161} INFO - Started process (PID=1063) to work on /home/airflow/.local/lib/python3.12/site-packages/airflow/example_dags/example_branch_operator.py
[2024-06-10T20:19:49.613+0000] {processor.py:830} INFO - Processing file /home/airflow/.local/lib/python3.12/site-packages/airflow/example_dags/example_branch_operator.py for tasks to queue
[2024-06-10T20:19:49.618+0000] {logging_mixin.py:188} INFO - [2024-06-10T20:19:49.615+0000] {dagbag.py:545} INFO - Filling up the DagBag from /home/airflow/.local/lib/python3.12/site-packages/airflow/example_dags/example_branch_operator.py
[2024-06-10T20:19:49.630+0000] {processor.py:840} INFO - DAG(s) 'example_branch_operator' retrieved from /home/airflow/.local/lib/python3.12/site-packages/airflow/example_dags/example_branch_operator.py
[2024-06-10T20:19:49.649+0000] {logging_mixin.py:188} INFO - [2024-06-10T20:19:49.649+0000] {dag.py:3096} INFO - Sync 1 DAGs
[2024-06-10T20:19:49.664+0000] {logging_mixin.py:188} INFO - [2024-06-10T20:19:49.664+0000] {dag.py:3954} INFO - Setting next_dagrun for example_branch_operator to 2024-06-09 00:00:00+00:00, run_after=2024-06-10 00:00:00+00:00
[2024-06-10T20:19:49.680+0000] {processor.py:183} INFO - Processing /home/airflow/.local/lib/python3.12/site-packages/airflow/example_dags/example_branch_operator.py took 0.072 seconds
[2024-06-10T20:20:20.401+0000] {processor.py:161} INFO - Started process (PID=1121) to work on /home/airflow/.local/lib/python3.12/site-packages/airflow/example_dags/example_branch_operator.py
[2024-06-10T20:20:20.405+0000] {processor.py:830} INFO - Processing file /home/airflow/.local/lib/python3.12/site-packages/airflow/example_dags/example_branch_operator.py for tasks to queue
[2024-06-10T20:20:20.408+0000] {logging_mixin.py:188} INFO - [2024-06-10T20:20:20.407+0000] {dagbag.py:545} INFO - Filling up the DagBag from /home/airflow/.local/lib/python3.12/site-packages/airflow/example_dags/example_branch_operator.py
[2024-06-10T20:20:20.435+0000] {processor.py:840} INFO - DAG(s) 'example_branch_operator' retrieved from /home/airflow/.local/lib/python3.12/site-packages/airflow/example_dags/example_branch_operator.py
[2024-06-10T20:20:20.480+0000] {logging_mixin.py:188} INFO - [2024-06-10T20:20:20.480+0000] {dag.py:3096} INFO - Sync 1 DAGs
[2024-06-10T20:20:20.506+0000] {logging_mixin.py:188} INFO - [2024-06-10T20:20:20.506+0000] {dag.py:3954} INFO - Setting next_dagrun for example_branch_operator to 2024-06-09 00:00:00+00:00, run_after=2024-06-10 00:00:00+00:00
[2024-06-10T20:20:20.521+0000] {processor.py:183} INFO - Processing /home/airflow/.local/lib/python3.12/site-packages/airflow/example_dags/example_branch_operator.py took 0.130 seconds
[2024-06-10T20:20:51.088+0000] {processor.py:161} INFO - Started process (PID=1179) to work on /home/airflow/.local/lib/python3.12/site-packages/airflow/example_dags/example_branch_operator.py
[2024-06-10T20:20:51.089+0000] {processor.py:830} INFO - Processing file /home/airflow/.local/lib/python3.12/site-packages/airflow/example_dags/example_branch_operator.py for tasks to queue
[2024-06-10T20:20:51.091+0000] {logging_mixin.py:188} INFO - [2024-06-10T20:20:51.091+0000] {dagbag.py:545} INFO - Filling up the DagBag from /home/airflow/.local/lib/python3.12/site-packages/airflow/example_dags/example_branch_operator.py
[2024-06-10T20:20:51.105+0000] {processor.py:840} INFO - DAG(s) 'example_branch_operator' retrieved from /home/airflow/.local/lib/python3.12/site-packages/airflow/example_dags/example_branch_operator.py
[2024-06-10T20:20:51.130+0000] {logging_mixin.py:188} INFO - [2024-06-10T20:20:51.130+0000] {dag.py:3096} INFO - Sync 1 DAGs
[2024-06-10T20:20:51.147+0000] {logging_mixin.py:188} INFO - [2024-06-10T20:20:51.147+0000] {dag.py:3954} INFO - Setting next_dagrun for example_branch_operator to 2024-06-09 00:00:00+00:00, run_after=2024-06-10 00:00:00+00:00
[2024-06-10T20:20:51.163+0000] {processor.py:183} INFO - Processing /home/airflow/.local/lib/python3.12/site-packages/airflow/example_dags/example_branch_operator.py took 0.080 seconds
[2024-06-10T20:21:21.401+0000] {processor.py:161} INFO - Started process (PID=1237) to work on /home/airflow/.local/lib/python3.12/site-packages/airflow/example_dags/example_branch_operator.py
[2024-06-10T20:21:21.402+0000] {processor.py:830} INFO - Processing file /home/airflow/.local/lib/python3.12/site-packages/airflow/example_dags/example_branch_operator.py for tasks to queue
[2024-06-10T20:21:21.404+0000] {logging_mixin.py:188} INFO - [2024-06-10T20:21:21.403+0000] {dagbag.py:545} INFO - Filling up the DagBag from /home/airflow/.local/lib/python3.12/site-packages/airflow/example_dags/example_branch_operator.py
[2024-06-10T20:21:21.416+0000] {processor.py:840} INFO - DAG(s) 'example_branch_operator' retrieved from /home/airflow/.local/lib/python3.12/site-packages/airflow/example_dags/example_branch_operator.py
[2024-06-10T20:21:21.436+0000] {logging_mixin.py:188} INFO - [2024-06-10T20:21:21.435+0000] {dag.py:3096} INFO - Sync 1 DAGs
[2024-06-10T20:21:21.451+0000] {logging_mixin.py:188} INFO - [2024-06-10T20:21:21.451+0000] {dag.py:3954} INFO - Setting next_dagrun for example_branch_operator to 2024-06-09 00:00:00+00:00, run_after=2024-06-10 00:00:00+00:00
[2024-06-10T20:21:21.466+0000] {processor.py:183} INFO - Processing /home/airflow/.local/lib/python3.12/site-packages/airflow/example_dags/example_branch_operator.py took 0.070 seconds
[2024-06-10T20:21:43.153+0000] {processor.py:161} INFO - Started process (PID=72) to work on /home/airflow/.local/lib/python3.12/site-packages/airflow/example_dags/example_branch_operator.py
[2024-06-10T20:21:43.155+0000] {processor.py:830} INFO - Processing file /home/airflow/.local/lib/python3.12/site-packages/airflow/example_dags/example_branch_operator.py for tasks to queue
[2024-06-10T20:21:43.156+0000] {logging_mixin.py:188} INFO - [2024-06-10T20:21:43.156+0000] {dagbag.py:545} INFO - Filling up the DagBag from /home/airflow/.local/lib/python3.12/site-packages/airflow/example_dags/example_branch_operator.py
[2024-06-10T20:21:43.170+0000] {processor.py:840} INFO - DAG(s) 'example_branch_operator' retrieved from /home/airflow/.local/lib/python3.12/site-packages/airflow/example_dags/example_branch_operator.py
[2024-06-10T20:21:43.253+0000] {logging_mixin.py:188} INFO - [2024-06-10T20:21:43.253+0000] {dag.py:3096} INFO - Sync 1 DAGs
[2024-06-10T20:21:43.279+0000] {logging_mixin.py:188} INFO - [2024-06-10T20:21:43.279+0000] {dag.py:3954} INFO - Setting next_dagrun for example_branch_operator to 2024-06-09 00:00:00+00:00, run_after=2024-06-10 00:00:00+00:00
[2024-06-10T20:21:43.302+0000] {processor.py:183} INFO - Processing /home/airflow/.local/lib/python3.12/site-packages/airflow/example_dags/example_branch_operator.py took 0.153 seconds
[2024-06-10T20:22:13.381+0000] {processor.py:161} INFO - Started process (PID=130) to work on /home/airflow/.local/lib/python3.12/site-packages/airflow/example_dags/example_branch_operator.py
[2024-06-10T20:22:13.382+0000] {processor.py:830} INFO - Processing file /home/airflow/.local/lib/python3.12/site-packages/airflow/example_dags/example_branch_operator.py for tasks to queue
[2024-06-10T20:22:13.384+0000] {logging_mixin.py:188} INFO - [2024-06-10T20:22:13.384+0000] {dagbag.py:545} INFO - Filling up the DagBag from /home/airflow/.local/lib/python3.12/site-packages/airflow/example_dags/example_branch_operator.py
[2024-06-10T20:22:13.398+0000] {processor.py:840} INFO - DAG(s) 'example_branch_operator' retrieved from /home/airflow/.local/lib/python3.12/site-packages/airflow/example_dags/example_branch_operator.py
[2024-06-10T20:22:13.422+0000] {logging_mixin.py:188} INFO - [2024-06-10T20:22:13.422+0000] {dag.py:3096} INFO - Sync 1 DAGs
[2024-06-10T20:22:13.438+0000] {logging_mixin.py:188} INFO - [2024-06-10T20:22:13.438+0000] {dag.py:3954} INFO - Setting next_dagrun for example_branch_operator to 2024-06-09 00:00:00+00:00, run_after=2024-06-10 00:00:00+00:00
[2024-06-10T20:22:13.455+0000] {processor.py:183} INFO - Processing /home/airflow/.local/lib/python3.12/site-packages/airflow/example_dags/example_branch_operator.py took 0.078 seconds
