[2024-06-10T20:11:10.636+0000] {processor.py:161} INFO - Started process (PID=57) to work on /home/airflow/.local/lib/python3.12/site-packages/airflow/example_dags/example_complex.py
[2024-06-10T20:11:10.637+0000] {processor.py:830} INFO - Processing file /home/airflow/.local/lib/python3.12/site-packages/airflow/example_dags/example_complex.py for tasks to queue
[2024-06-10T20:11:10.639+0000] {logging_mixin.py:188} INFO - [2024-06-10T20:11:10.639+0000] {dagbag.py:545} INFO - Filling up the DagBag from /home/airflow/.local/lib/python3.12/site-packages/airflow/example_dags/example_complex.py
[2024-06-10T20:11:10.653+0000] {processor.py:840} INFO - DAG(s) 'example_complex' retrieved from /home/airflow/.local/lib/python3.12/site-packages/airflow/example_dags/example_complex.py
[2024-06-10T20:11:10.775+0000] {logging_mixin.py:188} INFO - [2024-06-10T20:11:10.775+0000] {override.py:1829} INFO - Created Permission View: can delete on DAG:example_complex
[2024-06-10T20:11:10.790+0000] {logging_mixin.py:188} INFO - [2024-06-10T20:11:10.790+0000] {override.py:1829} INFO - Created Permission View: can edit on DAG:example_complex
[2024-06-10T20:11:10.801+0000] {logging_mixin.py:188} INFO - [2024-06-10T20:11:10.800+0000] {override.py:1829} INFO - Created Permission View: can read on DAG:example_complex
[2024-06-10T20:11:10.801+0000] {logging_mixin.py:188} INFO - [2024-06-10T20:11:10.801+0000] {dag.py:3096} INFO - Sync 1 DAGs
[2024-06-10T20:11:10.816+0000] {logging_mixin.py:188} INFO - [2024-06-10T20:11:10.815+0000] {dag.py:3118} INFO - Creating ORM DAG for example_complex
[2024-06-10T20:11:10.817+0000] {logging_mixin.py:188} INFO - [2024-06-10T20:11:10.817+0000] {dag.py:3954} INFO - Setting next_dagrun for example_complex to None, run_after=None
[2024-06-10T20:11:10.837+0000] {processor.py:183} INFO - Processing /home/airflow/.local/lib/python3.12/site-packages/airflow/example_dags/example_complex.py took 0.206 seconds
[2024-06-10T20:11:40.864+0000] {processor.py:161} INFO - Started process (PID=114) to work on /home/airflow/.local/lib/python3.12/site-packages/airflow/example_dags/example_complex.py
[2024-06-10T20:11:40.865+0000] {processor.py:830} INFO - Processing file /home/airflow/.local/lib/python3.12/site-packages/airflow/example_dags/example_complex.py for tasks to queue
[2024-06-10T20:11:40.867+0000] {logging_mixin.py:188} INFO - [2024-06-10T20:11:40.867+0000] {dagbag.py:545} INFO - Filling up the DagBag from /home/airflow/.local/lib/python3.12/site-packages/airflow/example_dags/example_complex.py
[2024-06-10T20:11:40.876+0000] {processor.py:840} INFO - DAG(s) 'example_complex' retrieved from /home/airflow/.local/lib/python3.12/site-packages/airflow/example_dags/example_complex.py
[2024-06-10T20:11:40.900+0000] {logging_mixin.py:188} INFO - [2024-06-10T20:11:40.900+0000] {dag.py:3096} INFO - Sync 1 DAGs
[2024-06-10T20:11:40.910+0000] {logging_mixin.py:188} INFO - [2024-06-10T20:11:40.909+0000] {dag.py:3954} INFO - Setting next_dagrun for example_complex to None, run_after=None
[2024-06-10T20:11:40.923+0000] {processor.py:183} INFO - Processing /home/airflow/.local/lib/python3.12/site-packages/airflow/example_dags/example_complex.py took 0.064 seconds
[2024-06-10T20:12:11.072+0000] {processor.py:161} INFO - Started process (PID=172) to work on /home/airflow/.local/lib/python3.12/site-packages/airflow/example_dags/example_complex.py
[2024-06-10T20:12:11.073+0000] {processor.py:830} INFO - Processing file /home/airflow/.local/lib/python3.12/site-packages/airflow/example_dags/example_complex.py for tasks to queue
[2024-06-10T20:12:11.074+0000] {logging_mixin.py:188} INFO - [2024-06-10T20:12:11.074+0000] {dagbag.py:545} INFO - Filling up the DagBag from /home/airflow/.local/lib/python3.12/site-packages/airflow/example_dags/example_complex.py
[2024-06-10T20:12:11.081+0000] {processor.py:840} INFO - DAG(s) 'example_complex' retrieved from /home/airflow/.local/lib/python3.12/site-packages/airflow/example_dags/example_complex.py
[2024-06-10T20:12:11.103+0000] {logging_mixin.py:188} INFO - [2024-06-10T20:12:11.103+0000] {dag.py:3096} INFO - Sync 1 DAGs
[2024-06-10T20:12:11.111+0000] {logging_mixin.py:188} INFO - [2024-06-10T20:12:11.111+0000] {dag.py:3954} INFO - Setting next_dagrun for example_complex to None, run_after=None
[2024-06-10T20:12:11.129+0000] {processor.py:183} INFO - Processing /home/airflow/.local/lib/python3.12/site-packages/airflow/example_dags/example_complex.py took 0.060 seconds
[2024-06-10T20:12:41.425+0000] {processor.py:161} INFO - Started process (PID=229) to work on /home/airflow/.local/lib/python3.12/site-packages/airflow/example_dags/example_complex.py
[2024-06-10T20:12:41.426+0000] {processor.py:830} INFO - Processing file /home/airflow/.local/lib/python3.12/site-packages/airflow/example_dags/example_complex.py for tasks to queue
[2024-06-10T20:12:41.428+0000] {logging_mixin.py:188} INFO - [2024-06-10T20:12:41.428+0000] {dagbag.py:545} INFO - Filling up the DagBag from /home/airflow/.local/lib/python3.12/site-packages/airflow/example_dags/example_complex.py
[2024-06-10T20:12:41.435+0000] {processor.py:840} INFO - DAG(s) 'example_complex' retrieved from /home/airflow/.local/lib/python3.12/site-packages/airflow/example_dags/example_complex.py
[2024-06-10T20:12:41.459+0000] {logging_mixin.py:188} INFO - [2024-06-10T20:12:41.459+0000] {dag.py:3096} INFO - Sync 1 DAGs
[2024-06-10T20:12:41.468+0000] {logging_mixin.py:188} INFO - [2024-06-10T20:12:41.468+0000] {dag.py:3954} INFO - Setting next_dagrun for example_complex to None, run_after=None
[2024-06-10T20:12:41.487+0000] {processor.py:183} INFO - Processing /home/airflow/.local/lib/python3.12/site-packages/airflow/example_dags/example_complex.py took 0.066 seconds
[2024-06-10T20:13:11.766+0000] {processor.py:161} INFO - Started process (PID=287) to work on /home/airflow/.local/lib/python3.12/site-packages/airflow/example_dags/example_complex.py
[2024-06-10T20:13:11.767+0000] {processor.py:830} INFO - Processing file /home/airflow/.local/lib/python3.12/site-packages/airflow/example_dags/example_complex.py for tasks to queue
[2024-06-10T20:13:11.769+0000] {logging_mixin.py:188} INFO - [2024-06-10T20:13:11.768+0000] {dagbag.py:545} INFO - Filling up the DagBag from /home/airflow/.local/lib/python3.12/site-packages/airflow/example_dags/example_complex.py
[2024-06-10T20:13:11.776+0000] {processor.py:840} INFO - DAG(s) 'example_complex' retrieved from /home/airflow/.local/lib/python3.12/site-packages/airflow/example_dags/example_complex.py
[2024-06-10T20:13:11.800+0000] {logging_mixin.py:188} INFO - [2024-06-10T20:13:11.800+0000] {dag.py:3096} INFO - Sync 1 DAGs
[2024-06-10T20:13:11.810+0000] {logging_mixin.py:188} INFO - [2024-06-10T20:13:11.810+0000] {dag.py:3954} INFO - Setting next_dagrun for example_complex to None, run_after=None
[2024-06-10T20:13:11.828+0000] {processor.py:183} INFO - Processing /home/airflow/.local/lib/python3.12/site-packages/airflow/example_dags/example_complex.py took 0.066 seconds
[2024-06-10T20:13:42.188+0000] {processor.py:161} INFO - Started process (PID=345) to work on /home/airflow/.local/lib/python3.12/site-packages/airflow/example_dags/example_complex.py
[2024-06-10T20:13:42.190+0000] {processor.py:830} INFO - Processing file /home/airflow/.local/lib/python3.12/site-packages/airflow/example_dags/example_complex.py for tasks to queue
[2024-06-10T20:13:42.191+0000] {logging_mixin.py:188} INFO - [2024-06-10T20:13:42.191+0000] {dagbag.py:545} INFO - Filling up the DagBag from /home/airflow/.local/lib/python3.12/site-packages/airflow/example_dags/example_complex.py
[2024-06-10T20:13:42.205+0000] {processor.py:840} INFO - DAG(s) 'example_complex' retrieved from /home/airflow/.local/lib/python3.12/site-packages/airflow/example_dags/example_complex.py
[2024-06-10T20:13:42.229+0000] {logging_mixin.py:188} INFO - [2024-06-10T20:13:42.229+0000] {dag.py:3096} INFO - Sync 1 DAGs
[2024-06-10T20:13:42.238+0000] {logging_mixin.py:188} INFO - [2024-06-10T20:13:42.238+0000] {dag.py:3954} INFO - Setting next_dagrun for example_complex to None, run_after=None
[2024-06-10T20:13:42.255+0000] {processor.py:183} INFO - Processing /home/airflow/.local/lib/python3.12/site-packages/airflow/example_dags/example_complex.py took 0.070 seconds
[2024-06-10T20:14:12.939+0000] {processor.py:161} INFO - Started process (PID=404) to work on /home/airflow/.local/lib/python3.12/site-packages/airflow/example_dags/example_complex.py
[2024-06-10T20:14:12.941+0000] {processor.py:830} INFO - Processing file /home/airflow/.local/lib/python3.12/site-packages/airflow/example_dags/example_complex.py for tasks to queue
[2024-06-10T20:14:12.943+0000] {logging_mixin.py:188} INFO - [2024-06-10T20:14:12.942+0000] {dagbag.py:545} INFO - Filling up the DagBag from /home/airflow/.local/lib/python3.12/site-packages/airflow/example_dags/example_complex.py
[2024-06-10T20:14:12.951+0000] {processor.py:840} INFO - DAG(s) 'example_complex' retrieved from /home/airflow/.local/lib/python3.12/site-packages/airflow/example_dags/example_complex.py
[2024-06-10T20:14:12.976+0000] {logging_mixin.py:188} INFO - [2024-06-10T20:14:12.976+0000] {dag.py:3096} INFO - Sync 1 DAGs
[2024-06-10T20:14:12.986+0000] {logging_mixin.py:188} INFO - [2024-06-10T20:14:12.986+0000] {dag.py:3954} INFO - Setting next_dagrun for example_complex to None, run_after=None
[2024-06-10T20:14:13.000+0000] {processor.py:183} INFO - Processing /home/airflow/.local/lib/python3.12/site-packages/airflow/example_dags/example_complex.py took 0.064 seconds
[2024-06-10T20:14:43.131+0000] {processor.py:161} INFO - Started process (PID=462) to work on /home/airflow/.local/lib/python3.12/site-packages/airflow/example_dags/example_complex.py
[2024-06-10T20:14:43.132+0000] {processor.py:830} INFO - Processing file /home/airflow/.local/lib/python3.12/site-packages/airflow/example_dags/example_complex.py for tasks to queue
[2024-06-10T20:14:43.134+0000] {logging_mixin.py:188} INFO - [2024-06-10T20:14:43.134+0000] {dagbag.py:545} INFO - Filling up the DagBag from /home/airflow/.local/lib/python3.12/site-packages/airflow/example_dags/example_complex.py
[2024-06-10T20:14:43.143+0000] {processor.py:840} INFO - DAG(s) 'example_complex' retrieved from /home/airflow/.local/lib/python3.12/site-packages/airflow/example_dags/example_complex.py
[2024-06-10T20:14:43.168+0000] {logging_mixin.py:188} INFO - [2024-06-10T20:14:43.167+0000] {dag.py:3096} INFO - Sync 1 DAGs
[2024-06-10T20:14:43.178+0000] {logging_mixin.py:188} INFO - [2024-06-10T20:14:43.178+0000] {dag.py:3954} INFO - Setting next_dagrun for example_complex to None, run_after=None
[2024-06-10T20:14:43.194+0000] {processor.py:183} INFO - Processing /home/airflow/.local/lib/python3.12/site-packages/airflow/example_dags/example_complex.py took 0.069 seconds
[2024-06-10T20:15:13.430+0000] {processor.py:161} INFO - Started process (PID=520) to work on /home/airflow/.local/lib/python3.12/site-packages/airflow/example_dags/example_complex.py
[2024-06-10T20:15:13.431+0000] {processor.py:830} INFO - Processing file /home/airflow/.local/lib/python3.12/site-packages/airflow/example_dags/example_complex.py for tasks to queue
[2024-06-10T20:15:13.432+0000] {logging_mixin.py:188} INFO - [2024-06-10T20:15:13.432+0000] {dagbag.py:545} INFO - Filling up the DagBag from /home/airflow/.local/lib/python3.12/site-packages/airflow/example_dags/example_complex.py
[2024-06-10T20:15:13.441+0000] {processor.py:840} INFO - DAG(s) 'example_complex' retrieved from /home/airflow/.local/lib/python3.12/site-packages/airflow/example_dags/example_complex.py
[2024-06-10T20:15:13.465+0000] {logging_mixin.py:188} INFO - [2024-06-10T20:15:13.464+0000] {dag.py:3096} INFO - Sync 1 DAGs
[2024-06-10T20:15:13.473+0000] {logging_mixin.py:188} INFO - [2024-06-10T20:15:13.473+0000] {dag.py:3954} INFO - Setting next_dagrun for example_complex to None, run_after=None
[2024-06-10T20:15:13.492+0000] {processor.py:183} INFO - Processing /home/airflow/.local/lib/python3.12/site-packages/airflow/example_dags/example_complex.py took 0.066 seconds
[2024-06-10T20:15:43.658+0000] {processor.py:161} INFO - Started process (PID=578) to work on /home/airflow/.local/lib/python3.12/site-packages/airflow/example_dags/example_complex.py
[2024-06-10T20:15:43.659+0000] {processor.py:830} INFO - Processing file /home/airflow/.local/lib/python3.12/site-packages/airflow/example_dags/example_complex.py for tasks to queue
[2024-06-10T20:15:43.661+0000] {logging_mixin.py:188} INFO - [2024-06-10T20:15:43.661+0000] {dagbag.py:545} INFO - Filling up the DagBag from /home/airflow/.local/lib/python3.12/site-packages/airflow/example_dags/example_complex.py
[2024-06-10T20:15:43.668+0000] {processor.py:840} INFO - DAG(s) 'example_complex' retrieved from /home/airflow/.local/lib/python3.12/site-packages/airflow/example_dags/example_complex.py
[2024-06-10T20:15:43.693+0000] {logging_mixin.py:188} INFO - [2024-06-10T20:15:43.693+0000] {dag.py:3096} INFO - Sync 1 DAGs
[2024-06-10T20:15:43.705+0000] {logging_mixin.py:188} INFO - [2024-06-10T20:15:43.704+0000] {dag.py:3954} INFO - Setting next_dagrun for example_complex to None, run_after=None
[2024-06-10T20:15:43.722+0000] {processor.py:183} INFO - Processing /home/airflow/.local/lib/python3.12/site-packages/airflow/example_dags/example_complex.py took 0.068 seconds
[2024-06-10T20:16:14.000+0000] {processor.py:161} INFO - Started process (PID=636) to work on /home/airflow/.local/lib/python3.12/site-packages/airflow/example_dags/example_complex.py
[2024-06-10T20:16:14.001+0000] {processor.py:830} INFO - Processing file /home/airflow/.local/lib/python3.12/site-packages/airflow/example_dags/example_complex.py for tasks to queue
[2024-06-10T20:16:14.003+0000] {logging_mixin.py:188} INFO - [2024-06-10T20:16:14.003+0000] {dagbag.py:545} INFO - Filling up the DagBag from /home/airflow/.local/lib/python3.12/site-packages/airflow/example_dags/example_complex.py
[2024-06-10T20:16:14.010+0000] {processor.py:840} INFO - DAG(s) 'example_complex' retrieved from /home/airflow/.local/lib/python3.12/site-packages/airflow/example_dags/example_complex.py
[2024-06-10T20:16:14.034+0000] {logging_mixin.py:188} INFO - [2024-06-10T20:16:14.033+0000] {dag.py:3096} INFO - Sync 1 DAGs
[2024-06-10T20:16:14.044+0000] {logging_mixin.py:188} INFO - [2024-06-10T20:16:14.044+0000] {dag.py:3954} INFO - Setting next_dagrun for example_complex to None, run_after=None
[2024-06-10T20:16:14.063+0000] {processor.py:183} INFO - Processing /home/airflow/.local/lib/python3.12/site-packages/airflow/example_dags/example_complex.py took 0.067 seconds
[2024-06-10T20:16:44.383+0000] {processor.py:161} INFO - Started process (PID=694) to work on /home/airflow/.local/lib/python3.12/site-packages/airflow/example_dags/example_complex.py
[2024-06-10T20:16:44.384+0000] {processor.py:830} INFO - Processing file /home/airflow/.local/lib/python3.12/site-packages/airflow/example_dags/example_complex.py for tasks to queue
[2024-06-10T20:16:44.387+0000] {logging_mixin.py:188} INFO - [2024-06-10T20:16:44.387+0000] {dagbag.py:545} INFO - Filling up the DagBag from /home/airflow/.local/lib/python3.12/site-packages/airflow/example_dags/example_complex.py
[2024-06-10T20:16:44.399+0000] {processor.py:840} INFO - DAG(s) 'example_complex' retrieved from /home/airflow/.local/lib/python3.12/site-packages/airflow/example_dags/example_complex.py
[2024-06-10T20:16:44.430+0000] {logging_mixin.py:188} INFO - [2024-06-10T20:16:44.430+0000] {dag.py:3096} INFO - Sync 1 DAGs
[2024-06-10T20:16:44.445+0000] {logging_mixin.py:188} INFO - [2024-06-10T20:16:44.444+0000] {dag.py:3954} INFO - Setting next_dagrun for example_complex to None, run_after=None
[2024-06-10T20:16:44.465+0000] {processor.py:183} INFO - Processing /home/airflow/.local/lib/python3.12/site-packages/airflow/example_dags/example_complex.py took 0.089 seconds
[2024-06-10T20:17:14.768+0000] {processor.py:161} INFO - Started process (PID=752) to work on /home/airflow/.local/lib/python3.12/site-packages/airflow/example_dags/example_complex.py
[2024-06-10T20:17:14.769+0000] {processor.py:830} INFO - Processing file /home/airflow/.local/lib/python3.12/site-packages/airflow/example_dags/example_complex.py for tasks to queue
[2024-06-10T20:17:14.771+0000] {logging_mixin.py:188} INFO - [2024-06-10T20:17:14.771+0000] {dagbag.py:545} INFO - Filling up the DagBag from /home/airflow/.local/lib/python3.12/site-packages/airflow/example_dags/example_complex.py
[2024-06-10T20:17:14.779+0000] {processor.py:840} INFO - DAG(s) 'example_complex' retrieved from /home/airflow/.local/lib/python3.12/site-packages/airflow/example_dags/example_complex.py
[2024-06-10T20:17:14.803+0000] {logging_mixin.py:188} INFO - [2024-06-10T20:17:14.803+0000] {dag.py:3096} INFO - Sync 1 DAGs
[2024-06-10T20:17:14.814+0000] {logging_mixin.py:188} INFO - [2024-06-10T20:17:14.814+0000] {dag.py:3954} INFO - Setting next_dagrun for example_complex to None, run_after=None
[2024-06-10T20:17:14.831+0000] {processor.py:183} INFO - Processing /home/airflow/.local/lib/python3.12/site-packages/airflow/example_dags/example_complex.py took 0.068 seconds
[2024-06-10T20:17:45.218+0000] {processor.py:161} INFO - Started process (PID=809) to work on /home/airflow/.local/lib/python3.12/site-packages/airflow/example_dags/example_complex.py
[2024-06-10T20:17:45.219+0000] {processor.py:830} INFO - Processing file /home/airflow/.local/lib/python3.12/site-packages/airflow/example_dags/example_complex.py for tasks to queue
[2024-06-10T20:17:45.221+0000] {logging_mixin.py:188} INFO - [2024-06-10T20:17:45.221+0000] {dagbag.py:545} INFO - Filling up the DagBag from /home/airflow/.local/lib/python3.12/site-packages/airflow/example_dags/example_complex.py
[2024-06-10T20:17:45.231+0000] {processor.py:840} INFO - DAG(s) 'example_complex' retrieved from /home/airflow/.local/lib/python3.12/site-packages/airflow/example_dags/example_complex.py
[2024-06-10T20:17:45.260+0000] {logging_mixin.py:188} INFO - [2024-06-10T20:17:45.260+0000] {dag.py:3096} INFO - Sync 1 DAGs
[2024-06-10T20:17:45.272+0000] {logging_mixin.py:188} INFO - [2024-06-10T20:17:45.271+0000] {dag.py:3954} INFO - Setting next_dagrun for example_complex to None, run_after=None
[2024-06-10T20:17:45.293+0000] {processor.py:183} INFO - Processing /home/airflow/.local/lib/python3.12/site-packages/airflow/example_dags/example_complex.py took 0.082 seconds
[2024-06-10T20:18:15.464+0000] {processor.py:161} INFO - Started process (PID=867) to work on /home/airflow/.local/lib/python3.12/site-packages/airflow/example_dags/example_complex.py
[2024-06-10T20:18:15.465+0000] {processor.py:830} INFO - Processing file /home/airflow/.local/lib/python3.12/site-packages/airflow/example_dags/example_complex.py for tasks to queue
[2024-06-10T20:18:15.467+0000] {logging_mixin.py:188} INFO - [2024-06-10T20:18:15.466+0000] {dagbag.py:545} INFO - Filling up the DagBag from /home/airflow/.local/lib/python3.12/site-packages/airflow/example_dags/example_complex.py
[2024-06-10T20:18:15.475+0000] {processor.py:840} INFO - DAG(s) 'example_complex' retrieved from /home/airflow/.local/lib/python3.12/site-packages/airflow/example_dags/example_complex.py
[2024-06-10T20:18:15.504+0000] {logging_mixin.py:188} INFO - [2024-06-10T20:18:15.503+0000] {dag.py:3096} INFO - Sync 1 DAGs
[2024-06-10T20:18:15.515+0000] {logging_mixin.py:188} INFO - [2024-06-10T20:18:15.515+0000] {dag.py:3954} INFO - Setting next_dagrun for example_complex to None, run_after=None
[2024-06-10T20:18:15.530+0000] {processor.py:183} INFO - Processing /home/airflow/.local/lib/python3.12/site-packages/airflow/example_dags/example_complex.py took 0.070 seconds
[2024-06-10T20:18:46.009+0000] {processor.py:161} INFO - Started process (PID=924) to work on /home/airflow/.local/lib/python3.12/site-packages/airflow/example_dags/example_complex.py
[2024-06-10T20:18:46.010+0000] {processor.py:830} INFO - Processing file /home/airflow/.local/lib/python3.12/site-packages/airflow/example_dags/example_complex.py for tasks to queue
[2024-06-10T20:18:46.012+0000] {logging_mixin.py:188} INFO - [2024-06-10T20:18:46.011+0000] {dagbag.py:545} INFO - Filling up the DagBag from /home/airflow/.local/lib/python3.12/site-packages/airflow/example_dags/example_complex.py
[2024-06-10T20:18:46.020+0000] {processor.py:840} INFO - DAG(s) 'example_complex' retrieved from /home/airflow/.local/lib/python3.12/site-packages/airflow/example_dags/example_complex.py
[2024-06-10T20:18:46.045+0000] {logging_mixin.py:188} INFO - [2024-06-10T20:18:46.045+0000] {dag.py:3096} INFO - Sync 1 DAGs
[2024-06-10T20:18:46.057+0000] {logging_mixin.py:188} INFO - [2024-06-10T20:18:46.056+0000] {dag.py:3954} INFO - Setting next_dagrun for example_complex to None, run_after=None
[2024-06-10T20:18:46.073+0000] {processor.py:183} INFO - Processing /home/airflow/.local/lib/python3.12/site-packages/airflow/example_dags/example_complex.py took 0.069 seconds
[2024-06-10T20:19:16.168+0000] {processor.py:161} INFO - Started process (PID=982) to work on /home/airflow/.local/lib/python3.12/site-packages/airflow/example_dags/example_complex.py
[2024-06-10T20:19:16.169+0000] {processor.py:830} INFO - Processing file /home/airflow/.local/lib/python3.12/site-packages/airflow/example_dags/example_complex.py for tasks to queue
[2024-06-10T20:19:16.171+0000] {logging_mixin.py:188} INFO - [2024-06-10T20:19:16.171+0000] {dagbag.py:545} INFO - Filling up the DagBag from /home/airflow/.local/lib/python3.12/site-packages/airflow/example_dags/example_complex.py
[2024-06-10T20:19:16.178+0000] {processor.py:840} INFO - DAG(s) 'example_complex' retrieved from /home/airflow/.local/lib/python3.12/site-packages/airflow/example_dags/example_complex.py
[2024-06-10T20:19:16.206+0000] {logging_mixin.py:188} INFO - [2024-06-10T20:19:16.206+0000] {dag.py:3096} INFO - Sync 1 DAGs
[2024-06-10T20:19:16.216+0000] {logging_mixin.py:188} INFO - [2024-06-10T20:19:16.215+0000] {dag.py:3954} INFO - Setting next_dagrun for example_complex to None, run_after=None
[2024-06-10T20:19:16.233+0000] {processor.py:183} INFO - Processing /home/airflow/.local/lib/python3.12/site-packages/airflow/example_dags/example_complex.py took 0.069 seconds
[2024-06-10T20:19:46.404+0000] {processor.py:161} INFO - Started process (PID=1040) to work on /home/airflow/.local/lib/python3.12/site-packages/airflow/example_dags/example_complex.py
[2024-06-10T20:19:46.405+0000] {processor.py:830} INFO - Processing file /home/airflow/.local/lib/python3.12/site-packages/airflow/example_dags/example_complex.py for tasks to queue
[2024-06-10T20:19:46.408+0000] {logging_mixin.py:188} INFO - [2024-06-10T20:19:46.408+0000] {dagbag.py:545} INFO - Filling up the DagBag from /home/airflow/.local/lib/python3.12/site-packages/airflow/example_dags/example_complex.py
[2024-06-10T20:19:46.416+0000] {processor.py:840} INFO - DAG(s) 'example_complex' retrieved from /home/airflow/.local/lib/python3.12/site-packages/airflow/example_dags/example_complex.py
[2024-06-10T20:19:46.439+0000] {logging_mixin.py:188} INFO - [2024-06-10T20:19:46.439+0000] {dag.py:3096} INFO - Sync 1 DAGs
[2024-06-10T20:19:46.449+0000] {logging_mixin.py:188} INFO - [2024-06-10T20:19:46.448+0000] {dag.py:3954} INFO - Setting next_dagrun for example_complex to None, run_after=None
[2024-06-10T20:19:46.463+0000] {processor.py:183} INFO - Processing /home/airflow/.local/lib/python3.12/site-packages/airflow/example_dags/example_complex.py took 0.064 seconds
[2024-06-10T20:20:16.938+0000] {processor.py:161} INFO - Started process (PID=1098) to work on /home/airflow/.local/lib/python3.12/site-packages/airflow/example_dags/example_complex.py
[2024-06-10T20:20:16.939+0000] {processor.py:830} INFO - Processing file /home/airflow/.local/lib/python3.12/site-packages/airflow/example_dags/example_complex.py for tasks to queue
[2024-06-10T20:20:16.942+0000] {logging_mixin.py:188} INFO - [2024-06-10T20:20:16.942+0000] {dagbag.py:545} INFO - Filling up the DagBag from /home/airflow/.local/lib/python3.12/site-packages/airflow/example_dags/example_complex.py
[2024-06-10T20:20:16.956+0000] {processor.py:840} INFO - DAG(s) 'example_complex' retrieved from /home/airflow/.local/lib/python3.12/site-packages/airflow/example_dags/example_complex.py
[2024-06-10T20:20:17.001+0000] {logging_mixin.py:188} INFO - [2024-06-10T20:20:17.001+0000] {dag.py:3096} INFO - Sync 1 DAGs
[2024-06-10T20:20:17.020+0000] {logging_mixin.py:188} INFO - [2024-06-10T20:20:17.020+0000] {dag.py:3954} INFO - Setting next_dagrun for example_complex to None, run_after=None
[2024-06-10T20:20:17.040+0000] {processor.py:183} INFO - Processing /home/airflow/.local/lib/python3.12/site-packages/airflow/example_dags/example_complex.py took 0.109 seconds
[2024-06-10T20:20:48.054+0000] {processor.py:161} INFO - Started process (PID=1162) to work on /home/airflow/.local/lib/python3.12/site-packages/airflow/example_dags/example_complex.py
[2024-06-10T20:20:48.058+0000] {processor.py:830} INFO - Processing file /home/airflow/.local/lib/python3.12/site-packages/airflow/example_dags/example_complex.py for tasks to queue
[2024-06-10T20:20:48.062+0000] {logging_mixin.py:188} INFO - [2024-06-10T20:20:48.061+0000] {dagbag.py:545} INFO - Filling up the DagBag from /home/airflow/.local/lib/python3.12/site-packages/airflow/example_dags/example_complex.py
[2024-06-10T20:20:48.073+0000] {processor.py:840} INFO - DAG(s) 'example_complex' retrieved from /home/airflow/.local/lib/python3.12/site-packages/airflow/example_dags/example_complex.py
[2024-06-10T20:20:48.097+0000] {logging_mixin.py:188} INFO - [2024-06-10T20:20:48.097+0000] {dag.py:3096} INFO - Sync 1 DAGs
[2024-06-10T20:20:48.107+0000] {logging_mixin.py:188} INFO - [2024-06-10T20:20:48.107+0000] {dag.py:3954} INFO - Setting next_dagrun for example_complex to None, run_after=None
[2024-06-10T20:20:48.143+0000] {processor.py:183} INFO - Processing /home/airflow/.local/lib/python3.12/site-packages/airflow/example_dags/example_complex.py took 0.098 seconds
[2024-06-10T20:21:18.522+0000] {processor.py:161} INFO - Started process (PID=1221) to work on /home/airflow/.local/lib/python3.12/site-packages/airflow/example_dags/example_complex.py
[2024-06-10T20:21:18.523+0000] {processor.py:830} INFO - Processing file /home/airflow/.local/lib/python3.12/site-packages/airflow/example_dags/example_complex.py for tasks to queue
[2024-06-10T20:21:18.525+0000] {logging_mixin.py:188} INFO - [2024-06-10T20:21:18.525+0000] {dagbag.py:545} INFO - Filling up the DagBag from /home/airflow/.local/lib/python3.12/site-packages/airflow/example_dags/example_complex.py
[2024-06-10T20:21:18.534+0000] {processor.py:840} INFO - DAG(s) 'example_complex' retrieved from /home/airflow/.local/lib/python3.12/site-packages/airflow/example_dags/example_complex.py
[2024-06-10T20:21:18.557+0000] {logging_mixin.py:188} INFO - [2024-06-10T20:21:18.557+0000] {dag.py:3096} INFO - Sync 1 DAGs
[2024-06-10T20:21:18.567+0000] {logging_mixin.py:188} INFO - [2024-06-10T20:21:18.567+0000] {dag.py:3954} INFO - Setting next_dagrun for example_complex to None, run_after=None
[2024-06-10T20:21:18.586+0000] {processor.py:183} INFO - Processing /home/airflow/.local/lib/python3.12/site-packages/airflow/example_dags/example_complex.py took 0.073 seconds
[2024-06-10T20:21:42.050+0000] {processor.py:161} INFO - Started process (PID=57) to work on /home/airflow/.local/lib/python3.12/site-packages/airflow/example_dags/example_complex.py
[2024-06-10T20:21:42.052+0000] {processor.py:830} INFO - Processing file /home/airflow/.local/lib/python3.12/site-packages/airflow/example_dags/example_complex.py for tasks to queue
[2024-06-10T20:21:42.053+0000] {logging_mixin.py:188} INFO - [2024-06-10T20:21:42.053+0000] {dagbag.py:545} INFO - Filling up the DagBag from /home/airflow/.local/lib/python3.12/site-packages/airflow/example_dags/example_complex.py
[2024-06-10T20:21:42.062+0000] {processor.py:840} INFO - DAG(s) 'example_complex' retrieved from /home/airflow/.local/lib/python3.12/site-packages/airflow/example_dags/example_complex.py
[2024-06-10T20:21:42.094+0000] {logging_mixin.py:188} INFO - [2024-06-10T20:21:42.094+0000] {dag.py:3096} INFO - Sync 1 DAGs
[2024-06-10T20:21:42.105+0000] {logging_mixin.py:188} INFO - [2024-06-10T20:21:42.105+0000] {dag.py:3954} INFO - Setting next_dagrun for example_complex to None, run_after=None
[2024-06-10T20:21:42.124+0000] {processor.py:183} INFO - Processing /home/airflow/.local/lib/python3.12/site-packages/airflow/example_dags/example_complex.py took 0.078 seconds
[2024-06-10T20:22:12.445+0000] {processor.py:161} INFO - Started process (PID=115) to work on /home/airflow/.local/lib/python3.12/site-packages/airflow/example_dags/example_complex.py
[2024-06-10T20:22:12.446+0000] {processor.py:830} INFO - Processing file /home/airflow/.local/lib/python3.12/site-packages/airflow/example_dags/example_complex.py for tasks to queue
[2024-06-10T20:22:12.448+0000] {logging_mixin.py:188} INFO - [2024-06-10T20:22:12.448+0000] {dagbag.py:545} INFO - Filling up the DagBag from /home/airflow/.local/lib/python3.12/site-packages/airflow/example_dags/example_complex.py
[2024-06-10T20:22:12.458+0000] {processor.py:840} INFO - DAG(s) 'example_complex' retrieved from /home/airflow/.local/lib/python3.12/site-packages/airflow/example_dags/example_complex.py
[2024-06-10T20:22:12.481+0000] {logging_mixin.py:188} INFO - [2024-06-10T20:22:12.481+0000] {dag.py:3096} INFO - Sync 1 DAGs
[2024-06-10T20:22:12.491+0000] {logging_mixin.py:188} INFO - [2024-06-10T20:22:12.491+0000] {dag.py:3954} INFO - Setting next_dagrun for example_complex to None, run_after=None
[2024-06-10T20:22:12.506+0000] {processor.py:183} INFO - Processing /home/airflow/.local/lib/python3.12/site-packages/airflow/example_dags/example_complex.py took 0.066 seconds
