[2024-06-10T20:11:13.083+0000] {processor.py:161} INFO - Started process (PID=69) to work on /home/airflow/.local/lib/python3.12/site-packages/airflow/example_dags/example_latest_only.py
[2024-06-10T20:11:13.084+0000] {processor.py:830} INFO - Processing file /home/airflow/.local/lib/python3.12/site-packages/airflow/example_dags/example_latest_only.py for tasks to queue
[2024-06-10T20:11:13.086+0000] {logging_mixin.py:188} INFO - [2024-06-10T20:11:13.086+0000] {dagbag.py:545} INFO - Filling up the DagBag from /home/airflow/.local/lib/python3.12/site-packages/airflow/example_dags/example_latest_only.py
[2024-06-10T20:11:13.094+0000] {processor.py:840} INFO - DAG(s) 'latest_only' retrieved from /home/airflow/.local/lib/python3.12/site-packages/airflow/example_dags/example_latest_only.py
[2024-06-10T20:11:13.192+0000] {logging_mixin.py:188} INFO - [2024-06-10T20:11:13.191+0000] {override.py:1829} INFO - Created Permission View: can delete on DAG:latest_only
[2024-06-10T20:11:13.258+0000] {logging_mixin.py:188} INFO - [2024-06-10T20:11:13.258+0000] {override.py:1829} INFO - Created Permission View: can edit on DAG:latest_only
[2024-06-10T20:11:13.276+0000] {logging_mixin.py:188} INFO - [2024-06-10T20:11:13.276+0000] {override.py:1829} INFO - Created Permission View: can read on DAG:latest_only
[2024-06-10T20:11:13.276+0000] {logging_mixin.py:188} INFO - [2024-06-10T20:11:13.276+0000] {dag.py:3096} INFO - Sync 1 DAGs
[2024-06-10T20:11:13.285+0000] {logging_mixin.py:188} INFO - [2024-06-10T20:11:13.285+0000] {dag.py:3118} INFO - Creating ORM DAG for latest_only
[2024-06-10T20:11:13.299+0000] {logging_mixin.py:188} INFO - [2024-06-10T20:11:13.298+0000] {dag.py:3954} INFO - Setting next_dagrun for latest_only to 2024-06-10 16:00:00+00:00, run_after=2024-06-10 20:00:00+00:00
[2024-06-10T20:11:13.318+0000] {processor.py:183} INFO - Processing /home/airflow/.local/lib/python3.12/site-packages/airflow/example_dags/example_latest_only.py took 0.239 seconds
[2024-06-10T20:11:43.587+0000] {processor.py:161} INFO - Started process (PID=127) to work on /home/airflow/.local/lib/python3.12/site-packages/airflow/example_dags/example_latest_only.py
[2024-06-10T20:11:43.588+0000] {processor.py:830} INFO - Processing file /home/airflow/.local/lib/python3.12/site-packages/airflow/example_dags/example_latest_only.py for tasks to queue
[2024-06-10T20:11:43.589+0000] {logging_mixin.py:188} INFO - [2024-06-10T20:11:43.589+0000] {dagbag.py:545} INFO - Filling up the DagBag from /home/airflow/.local/lib/python3.12/site-packages/airflow/example_dags/example_latest_only.py
[2024-06-10T20:11:43.593+0000] {processor.py:840} INFO - DAG(s) 'latest_only' retrieved from /home/airflow/.local/lib/python3.12/site-packages/airflow/example_dags/example_latest_only.py
[2024-06-10T20:11:43.607+0000] {logging_mixin.py:188} INFO - [2024-06-10T20:11:43.607+0000] {dag.py:3096} INFO - Sync 1 DAGs
[2024-06-10T20:11:43.627+0000] {logging_mixin.py:188} INFO - [2024-06-10T20:11:43.627+0000] {dag.py:3954} INFO - Setting next_dagrun for latest_only to 2024-06-10 16:00:00+00:00, run_after=2024-06-10 20:00:00+00:00
[2024-06-10T20:11:43.643+0000] {processor.py:183} INFO - Processing /home/airflow/.local/lib/python3.12/site-packages/airflow/example_dags/example_latest_only.py took 0.060 seconds
[2024-06-10T20:12:13.989+0000] {processor.py:161} INFO - Started process (PID=185) to work on /home/airflow/.local/lib/python3.12/site-packages/airflow/example_dags/example_latest_only.py
[2024-06-10T20:12:13.990+0000] {processor.py:830} INFO - Processing file /home/airflow/.local/lib/python3.12/site-packages/airflow/example_dags/example_latest_only.py for tasks to queue
[2024-06-10T20:12:13.992+0000] {logging_mixin.py:188} INFO - [2024-06-10T20:12:13.991+0000] {dagbag.py:545} INFO - Filling up the DagBag from /home/airflow/.local/lib/python3.12/site-packages/airflow/example_dags/example_latest_only.py
[2024-06-10T20:12:13.996+0000] {processor.py:840} INFO - DAG(s) 'latest_only' retrieved from /home/airflow/.local/lib/python3.12/site-packages/airflow/example_dags/example_latest_only.py
[2024-06-10T20:12:14.010+0000] {logging_mixin.py:188} INFO - [2024-06-10T20:12:14.010+0000] {dag.py:3096} INFO - Sync 1 DAGs
[2024-06-10T20:12:14.026+0000] {logging_mixin.py:188} INFO - [2024-06-10T20:12:14.026+0000] {dag.py:3954} INFO - Setting next_dagrun for latest_only to 2024-06-10 16:00:00+00:00, run_after=2024-06-10 20:00:00+00:00
[2024-06-10T20:12:14.046+0000] {processor.py:183} INFO - Processing /home/airflow/.local/lib/python3.12/site-packages/airflow/example_dags/example_latest_only.py took 0.061 seconds
[2024-06-10T20:12:44.223+0000] {processor.py:161} INFO - Started process (PID=243) to work on /home/airflow/.local/lib/python3.12/site-packages/airflow/example_dags/example_latest_only.py
[2024-06-10T20:12:44.225+0000] {processor.py:830} INFO - Processing file /home/airflow/.local/lib/python3.12/site-packages/airflow/example_dags/example_latest_only.py for tasks to queue
[2024-06-10T20:12:44.227+0000] {logging_mixin.py:188} INFO - [2024-06-10T20:12:44.227+0000] {dagbag.py:545} INFO - Filling up the DagBag from /home/airflow/.local/lib/python3.12/site-packages/airflow/example_dags/example_latest_only.py
[2024-06-10T20:12:44.232+0000] {processor.py:840} INFO - DAG(s) 'latest_only' retrieved from /home/airflow/.local/lib/python3.12/site-packages/airflow/example_dags/example_latest_only.py
[2024-06-10T20:12:44.248+0000] {logging_mixin.py:188} INFO - [2024-06-10T20:12:44.248+0000] {dag.py:3096} INFO - Sync 1 DAGs
[2024-06-10T20:12:44.267+0000] {logging_mixin.py:188} INFO - [2024-06-10T20:12:44.267+0000] {dag.py:3954} INFO - Setting next_dagrun for latest_only to 2024-06-10 16:00:00+00:00, run_after=2024-06-10 20:00:00+00:00
[2024-06-10T20:12:44.287+0000] {processor.py:183} INFO - Processing /home/airflow/.local/lib/python3.12/site-packages/airflow/example_dags/example_latest_only.py took 0.069 seconds
[2024-06-10T20:13:14.486+0000] {processor.py:161} INFO - Started process (PID=301) to work on /home/airflow/.local/lib/python3.12/site-packages/airflow/example_dags/example_latest_only.py
[2024-06-10T20:13:14.487+0000] {processor.py:830} INFO - Processing file /home/airflow/.local/lib/python3.12/site-packages/airflow/example_dags/example_latest_only.py for tasks to queue
[2024-06-10T20:13:14.489+0000] {logging_mixin.py:188} INFO - [2024-06-10T20:13:14.488+0000] {dagbag.py:545} INFO - Filling up the DagBag from /home/airflow/.local/lib/python3.12/site-packages/airflow/example_dags/example_latest_only.py
[2024-06-10T20:13:14.493+0000] {processor.py:840} INFO - DAG(s) 'latest_only' retrieved from /home/airflow/.local/lib/python3.12/site-packages/airflow/example_dags/example_latest_only.py
[2024-06-10T20:13:14.509+0000] {logging_mixin.py:188} INFO - [2024-06-10T20:13:14.509+0000] {dag.py:3096} INFO - Sync 1 DAGs
[2024-06-10T20:13:14.526+0000] {logging_mixin.py:188} INFO - [2024-06-10T20:13:14.526+0000] {dag.py:3954} INFO - Setting next_dagrun for latest_only to 2024-06-10 16:00:00+00:00, run_after=2024-06-10 20:00:00+00:00
[2024-06-10T20:13:14.544+0000] {processor.py:183} INFO - Processing /home/airflow/.local/lib/python3.12/site-packages/airflow/example_dags/example_latest_only.py took 0.063 seconds
[2024-06-10T20:13:44.935+0000] {processor.py:161} INFO - Started process (PID=359) to work on /home/airflow/.local/lib/python3.12/site-packages/airflow/example_dags/example_latest_only.py
[2024-06-10T20:13:44.936+0000] {processor.py:830} INFO - Processing file /home/airflow/.local/lib/python3.12/site-packages/airflow/example_dags/example_latest_only.py for tasks to queue
[2024-06-10T20:13:44.939+0000] {logging_mixin.py:188} INFO - [2024-06-10T20:13:44.938+0000] {dagbag.py:545} INFO - Filling up the DagBag from /home/airflow/.local/lib/python3.12/site-packages/airflow/example_dags/example_latest_only.py
[2024-06-10T20:13:44.943+0000] {processor.py:840} INFO - DAG(s) 'latest_only' retrieved from /home/airflow/.local/lib/python3.12/site-packages/airflow/example_dags/example_latest_only.py
[2024-06-10T20:13:44.957+0000] {logging_mixin.py:188} INFO - [2024-06-10T20:13:44.957+0000] {dag.py:3096} INFO - Sync 1 DAGs
[2024-06-10T20:13:44.975+0000] {logging_mixin.py:188} INFO - [2024-06-10T20:13:44.975+0000] {dag.py:3954} INFO - Setting next_dagrun for latest_only to 2024-06-10 16:00:00+00:00, run_after=2024-06-10 20:00:00+00:00
[2024-06-10T20:13:44.994+0000] {processor.py:183} INFO - Processing /home/airflow/.local/lib/python3.12/site-packages/airflow/example_dags/example_latest_only.py took 0.064 seconds
[2024-06-10T20:14:15.747+0000] {processor.py:161} INFO - Started process (PID=423) to work on /home/airflow/.local/lib/python3.12/site-packages/airflow/example_dags/example_latest_only.py
[2024-06-10T20:14:15.751+0000] {processor.py:830} INFO - Processing file /home/airflow/.local/lib/python3.12/site-packages/airflow/example_dags/example_latest_only.py for tasks to queue
[2024-06-10T20:14:15.753+0000] {logging_mixin.py:188} INFO - [2024-06-10T20:14:15.752+0000] {dagbag.py:545} INFO - Filling up the DagBag from /home/airflow/.local/lib/python3.12/site-packages/airflow/example_dags/example_latest_only.py
[2024-06-10T20:14:15.757+0000] {processor.py:840} INFO - DAG(s) 'latest_only' retrieved from /home/airflow/.local/lib/python3.12/site-packages/airflow/example_dags/example_latest_only.py
[2024-06-10T20:14:15.771+0000] {logging_mixin.py:188} INFO - [2024-06-10T20:14:15.771+0000] {dag.py:3096} INFO - Sync 1 DAGs
[2024-06-10T20:14:15.788+0000] {logging_mixin.py:188} INFO - [2024-06-10T20:14:15.788+0000] {dag.py:3954} INFO - Setting next_dagrun for latest_only to 2024-06-10 16:00:00+00:00, run_after=2024-06-10 20:00:00+00:00
[2024-06-10T20:14:15.805+0000] {processor.py:183} INFO - Processing /home/airflow/.local/lib/python3.12/site-packages/airflow/example_dags/example_latest_only.py took 0.063 seconds
[2024-06-10T20:14:45.856+0000] {processor.py:161} INFO - Started process (PID=481) to work on /home/airflow/.local/lib/python3.12/site-packages/airflow/example_dags/example_latest_only.py
[2024-06-10T20:14:45.857+0000] {processor.py:830} INFO - Processing file /home/airflow/.local/lib/python3.12/site-packages/airflow/example_dags/example_latest_only.py for tasks to queue
[2024-06-10T20:14:45.859+0000] {logging_mixin.py:188} INFO - [2024-06-10T20:14:45.859+0000] {dagbag.py:545} INFO - Filling up the DagBag from /home/airflow/.local/lib/python3.12/site-packages/airflow/example_dags/example_latest_only.py
[2024-06-10T20:14:45.863+0000] {processor.py:840} INFO - DAG(s) 'latest_only' retrieved from /home/airflow/.local/lib/python3.12/site-packages/airflow/example_dags/example_latest_only.py
[2024-06-10T20:14:45.880+0000] {logging_mixin.py:188} INFO - [2024-06-10T20:14:45.880+0000] {dag.py:3096} INFO - Sync 1 DAGs
[2024-06-10T20:14:45.896+0000] {logging_mixin.py:188} INFO - [2024-06-10T20:14:45.896+0000] {dag.py:3954} INFO - Setting next_dagrun for latest_only to 2024-06-10 16:00:00+00:00, run_after=2024-06-10 20:00:00+00:00
[2024-06-10T20:14:45.913+0000] {processor.py:183} INFO - Processing /home/airflow/.local/lib/python3.12/site-packages/airflow/example_dags/example_latest_only.py took 0.062 seconds
[2024-06-10T20:15:16.185+0000] {processor.py:161} INFO - Started process (PID=539) to work on /home/airflow/.local/lib/python3.12/site-packages/airflow/example_dags/example_latest_only.py
[2024-06-10T20:15:16.186+0000] {processor.py:830} INFO - Processing file /home/airflow/.local/lib/python3.12/site-packages/airflow/example_dags/example_latest_only.py for tasks to queue
[2024-06-10T20:15:16.188+0000] {logging_mixin.py:188} INFO - [2024-06-10T20:15:16.188+0000] {dagbag.py:545} INFO - Filling up the DagBag from /home/airflow/.local/lib/python3.12/site-packages/airflow/example_dags/example_latest_only.py
[2024-06-10T20:15:16.192+0000] {processor.py:840} INFO - DAG(s) 'latest_only' retrieved from /home/airflow/.local/lib/python3.12/site-packages/airflow/example_dags/example_latest_only.py
[2024-06-10T20:15:16.208+0000] {logging_mixin.py:188} INFO - [2024-06-10T20:15:16.208+0000] {dag.py:3096} INFO - Sync 1 DAGs
[2024-06-10T20:15:16.225+0000] {logging_mixin.py:188} INFO - [2024-06-10T20:15:16.224+0000] {dag.py:3954} INFO - Setting next_dagrun for latest_only to 2024-06-10 16:00:00+00:00, run_after=2024-06-10 20:00:00+00:00
[2024-06-10T20:15:16.240+0000] {processor.py:183} INFO - Processing /home/airflow/.local/lib/python3.12/site-packages/airflow/example_dags/example_latest_only.py took 0.060 seconds
[2024-06-10T20:15:46.374+0000] {processor.py:161} INFO - Started process (PID=597) to work on /home/airflow/.local/lib/python3.12/site-packages/airflow/example_dags/example_latest_only.py
[2024-06-10T20:15:46.375+0000] {processor.py:830} INFO - Processing file /home/airflow/.local/lib/python3.12/site-packages/airflow/example_dags/example_latest_only.py for tasks to queue
[2024-06-10T20:15:46.377+0000] {logging_mixin.py:188} INFO - [2024-06-10T20:15:46.376+0000] {dagbag.py:545} INFO - Filling up the DagBag from /home/airflow/.local/lib/python3.12/site-packages/airflow/example_dags/example_latest_only.py
[2024-06-10T20:15:46.380+0000] {processor.py:840} INFO - DAG(s) 'latest_only' retrieved from /home/airflow/.local/lib/python3.12/site-packages/airflow/example_dags/example_latest_only.py
[2024-06-10T20:15:46.395+0000] {logging_mixin.py:188} INFO - [2024-06-10T20:15:46.395+0000] {dag.py:3096} INFO - Sync 1 DAGs
[2024-06-10T20:15:46.412+0000] {logging_mixin.py:188} INFO - [2024-06-10T20:15:46.412+0000] {dag.py:3954} INFO - Setting next_dagrun for latest_only to 2024-06-10 16:00:00+00:00, run_after=2024-06-10 20:00:00+00:00
[2024-06-10T20:15:46.428+0000] {processor.py:183} INFO - Processing /home/airflow/.local/lib/python3.12/site-packages/airflow/example_dags/example_latest_only.py took 0.062 seconds
[2024-06-10T20:16:16.757+0000] {processor.py:161} INFO - Started process (PID=655) to work on /home/airflow/.local/lib/python3.12/site-packages/airflow/example_dags/example_latest_only.py
[2024-06-10T20:16:16.758+0000] {processor.py:830} INFO - Processing file /home/airflow/.local/lib/python3.12/site-packages/airflow/example_dags/example_latest_only.py for tasks to queue
[2024-06-10T20:16:16.759+0000] {logging_mixin.py:188} INFO - [2024-06-10T20:16:16.759+0000] {dagbag.py:545} INFO - Filling up the DagBag from /home/airflow/.local/lib/python3.12/site-packages/airflow/example_dags/example_latest_only.py
[2024-06-10T20:16:16.765+0000] {processor.py:840} INFO - DAG(s) 'latest_only' retrieved from /home/airflow/.local/lib/python3.12/site-packages/airflow/example_dags/example_latest_only.py
[2024-06-10T20:16:16.779+0000] {logging_mixin.py:188} INFO - [2024-06-10T20:16:16.779+0000] {dag.py:3096} INFO - Sync 1 DAGs
[2024-06-10T20:16:16.796+0000] {logging_mixin.py:188} INFO - [2024-06-10T20:16:16.796+0000] {dag.py:3954} INFO - Setting next_dagrun for latest_only to 2024-06-10 16:00:00+00:00, run_after=2024-06-10 20:00:00+00:00
[2024-06-10T20:16:16.811+0000] {processor.py:183} INFO - Processing /home/airflow/.local/lib/python3.12/site-packages/airflow/example_dags/example_latest_only.py took 0.060 seconds
[2024-06-10T20:16:47.131+0000] {processor.py:161} INFO - Started process (PID=713) to work on /home/airflow/.local/lib/python3.12/site-packages/airflow/example_dags/example_latest_only.py
[2024-06-10T20:16:47.133+0000] {processor.py:830} INFO - Processing file /home/airflow/.local/lib/python3.12/site-packages/airflow/example_dags/example_latest_only.py for tasks to queue
[2024-06-10T20:16:47.135+0000] {logging_mixin.py:188} INFO - [2024-06-10T20:16:47.135+0000] {dagbag.py:545} INFO - Filling up the DagBag from /home/airflow/.local/lib/python3.12/site-packages/airflow/example_dags/example_latest_only.py
[2024-06-10T20:16:47.140+0000] {processor.py:840} INFO - DAG(s) 'latest_only' retrieved from /home/airflow/.local/lib/python3.12/site-packages/airflow/example_dags/example_latest_only.py
[2024-06-10T20:16:47.158+0000] {logging_mixin.py:188} INFO - [2024-06-10T20:16:47.158+0000] {dag.py:3096} INFO - Sync 1 DAGs
[2024-06-10T20:16:47.176+0000] {logging_mixin.py:188} INFO - [2024-06-10T20:16:47.176+0000] {dag.py:3954} INFO - Setting next_dagrun for latest_only to 2024-06-10 16:00:00+00:00, run_after=2024-06-10 20:00:00+00:00
[2024-06-10T20:16:47.196+0000] {processor.py:183} INFO - Processing /home/airflow/.local/lib/python3.12/site-packages/airflow/example_dags/example_latest_only.py took 0.069 seconds
[2024-06-10T20:17:17.535+0000] {processor.py:161} INFO - Started process (PID=771) to work on /home/airflow/.local/lib/python3.12/site-packages/airflow/example_dags/example_latest_only.py
[2024-06-10T20:17:17.536+0000] {processor.py:830} INFO - Processing file /home/airflow/.local/lib/python3.12/site-packages/airflow/example_dags/example_latest_only.py for tasks to queue
[2024-06-10T20:17:17.538+0000] {logging_mixin.py:188} INFO - [2024-06-10T20:17:17.537+0000] {dagbag.py:545} INFO - Filling up the DagBag from /home/airflow/.local/lib/python3.12/site-packages/airflow/example_dags/example_latest_only.py
[2024-06-10T20:17:17.542+0000] {processor.py:840} INFO - DAG(s) 'latest_only' retrieved from /home/airflow/.local/lib/python3.12/site-packages/airflow/example_dags/example_latest_only.py
[2024-06-10T20:17:17.558+0000] {logging_mixin.py:188} INFO - [2024-06-10T20:17:17.558+0000] {dag.py:3096} INFO - Sync 1 DAGs
[2024-06-10T20:17:17.576+0000] {logging_mixin.py:188} INFO - [2024-06-10T20:17:17.576+0000] {dag.py:3954} INFO - Setting next_dagrun for latest_only to 2024-06-10 16:00:00+00:00, run_after=2024-06-10 20:00:00+00:00
[2024-06-10T20:17:17.593+0000] {processor.py:183} INFO - Processing /home/airflow/.local/lib/python3.12/site-packages/airflow/example_dags/example_latest_only.py took 0.063 seconds
[2024-06-10T20:17:48.072+0000] {processor.py:161} INFO - Started process (PID=829) to work on /home/airflow/.local/lib/python3.12/site-packages/airflow/example_dags/example_latest_only.py
[2024-06-10T20:17:48.073+0000] {processor.py:830} INFO - Processing file /home/airflow/.local/lib/python3.12/site-packages/airflow/example_dags/example_latest_only.py for tasks to queue
[2024-06-10T20:17:48.075+0000] {logging_mixin.py:188} INFO - [2024-06-10T20:17:48.075+0000] {dagbag.py:545} INFO - Filling up the DagBag from /home/airflow/.local/lib/python3.12/site-packages/airflow/example_dags/example_latest_only.py
[2024-06-10T20:17:48.081+0000] {processor.py:840} INFO - DAG(s) 'latest_only' retrieved from /home/airflow/.local/lib/python3.12/site-packages/airflow/example_dags/example_latest_only.py
[2024-06-10T20:17:48.099+0000] {logging_mixin.py:188} INFO - [2024-06-10T20:17:48.099+0000] {dag.py:3096} INFO - Sync 1 DAGs
[2024-06-10T20:17:48.117+0000] {logging_mixin.py:188} INFO - [2024-06-10T20:17:48.117+0000] {dag.py:3954} INFO - Setting next_dagrun for latest_only to 2024-06-10 16:00:00+00:00, run_after=2024-06-10 20:00:00+00:00
[2024-06-10T20:17:48.136+0000] {processor.py:183} INFO - Processing /home/airflow/.local/lib/python3.12/site-packages/airflow/example_dags/example_latest_only.py took 0.069 seconds
[2024-06-10T20:18:18.430+0000] {processor.py:161} INFO - Started process (PID=886) to work on /home/airflow/.local/lib/python3.12/site-packages/airflow/example_dags/example_latest_only.py
[2024-06-10T20:18:18.431+0000] {processor.py:830} INFO - Processing file /home/airflow/.local/lib/python3.12/site-packages/airflow/example_dags/example_latest_only.py for tasks to queue
[2024-06-10T20:18:18.432+0000] {logging_mixin.py:188} INFO - [2024-06-10T20:18:18.432+0000] {dagbag.py:545} INFO - Filling up the DagBag from /home/airflow/.local/lib/python3.12/site-packages/airflow/example_dags/example_latest_only.py
[2024-06-10T20:18:18.436+0000] {processor.py:840} INFO - DAG(s) 'latest_only' retrieved from /home/airflow/.local/lib/python3.12/site-packages/airflow/example_dags/example_latest_only.py
[2024-06-10T20:18:18.452+0000] {logging_mixin.py:188} INFO - [2024-06-10T20:18:18.451+0000] {dag.py:3096} INFO - Sync 1 DAGs
[2024-06-10T20:18:18.468+0000] {logging_mixin.py:188} INFO - [2024-06-10T20:18:18.468+0000] {dag.py:3954} INFO - Setting next_dagrun for latest_only to 2024-06-10 16:00:00+00:00, run_after=2024-06-10 20:00:00+00:00
[2024-06-10T20:18:18.489+0000] {processor.py:183} INFO - Processing /home/airflow/.local/lib/python3.12/site-packages/airflow/example_dags/example_latest_only.py took 0.063 seconds
[2024-06-10T20:18:48.637+0000] {processor.py:161} INFO - Started process (PID=944) to work on /home/airflow/.local/lib/python3.12/site-packages/airflow/example_dags/example_latest_only.py
[2024-06-10T20:18:48.639+0000] {processor.py:830} INFO - Processing file /home/airflow/.local/lib/python3.12/site-packages/airflow/example_dags/example_latest_only.py for tasks to queue
[2024-06-10T20:18:48.640+0000] {logging_mixin.py:188} INFO - [2024-06-10T20:18:48.640+0000] {dagbag.py:545} INFO - Filling up the DagBag from /home/airflow/.local/lib/python3.12/site-packages/airflow/example_dags/example_latest_only.py
[2024-06-10T20:18:48.644+0000] {processor.py:840} INFO - DAG(s) 'latest_only' retrieved from /home/airflow/.local/lib/python3.12/site-packages/airflow/example_dags/example_latest_only.py
[2024-06-10T20:18:48.659+0000] {logging_mixin.py:188} INFO - [2024-06-10T20:18:48.659+0000] {dag.py:3096} INFO - Sync 1 DAGs
[2024-06-10T20:18:48.677+0000] {logging_mixin.py:188} INFO - [2024-06-10T20:18:48.677+0000] {dag.py:3954} INFO - Setting next_dagrun for latest_only to 2024-06-10 16:00:00+00:00, run_after=2024-06-10 20:00:00+00:00
[2024-06-10T20:18:48.697+0000] {processor.py:183} INFO - Processing /home/airflow/.local/lib/python3.12/site-packages/airflow/example_dags/example_latest_only.py took 0.063 seconds
[2024-06-10T20:19:19.072+0000] {processor.py:161} INFO - Started process (PID=1002) to work on /home/airflow/.local/lib/python3.12/site-packages/airflow/example_dags/example_latest_only.py
[2024-06-10T20:19:19.073+0000] {processor.py:830} INFO - Processing file /home/airflow/.local/lib/python3.12/site-packages/airflow/example_dags/example_latest_only.py for tasks to queue
[2024-06-10T20:19:19.075+0000] {logging_mixin.py:188} INFO - [2024-06-10T20:19:19.075+0000] {dagbag.py:545} INFO - Filling up the DagBag from /home/airflow/.local/lib/python3.12/site-packages/airflow/example_dags/example_latest_only.py
[2024-06-10T20:19:19.080+0000] {processor.py:840} INFO - DAG(s) 'latest_only' retrieved from /home/airflow/.local/lib/python3.12/site-packages/airflow/example_dags/example_latest_only.py
[2024-06-10T20:19:19.099+0000] {logging_mixin.py:188} INFO - [2024-06-10T20:19:19.099+0000] {dag.py:3096} INFO - Sync 1 DAGs
[2024-06-10T20:19:19.118+0000] {logging_mixin.py:188} INFO - [2024-06-10T20:19:19.118+0000] {dag.py:3954} INFO - Setting next_dagrun for latest_only to 2024-06-10 16:00:00+00:00, run_after=2024-06-10 20:00:00+00:00
[2024-06-10T20:19:19.141+0000] {processor.py:183} INFO - Processing /home/airflow/.local/lib/python3.12/site-packages/airflow/example_dags/example_latest_only.py took 0.074 seconds
[2024-06-10T20:19:49.410+0000] {processor.py:161} INFO - Started process (PID=1060) to work on /home/airflow/.local/lib/python3.12/site-packages/airflow/example_dags/example_latest_only.py
[2024-06-10T20:19:49.412+0000] {processor.py:830} INFO - Processing file /home/airflow/.local/lib/python3.12/site-packages/airflow/example_dags/example_latest_only.py for tasks to queue
[2024-06-10T20:19:49.414+0000] {logging_mixin.py:188} INFO - [2024-06-10T20:19:49.414+0000] {dagbag.py:545} INFO - Filling up the DagBag from /home/airflow/.local/lib/python3.12/site-packages/airflow/example_dags/example_latest_only.py
[2024-06-10T20:19:49.417+0000] {processor.py:840} INFO - DAG(s) 'latest_only' retrieved from /home/airflow/.local/lib/python3.12/site-packages/airflow/example_dags/example_latest_only.py
[2024-06-10T20:19:49.432+0000] {logging_mixin.py:188} INFO - [2024-06-10T20:19:49.432+0000] {dag.py:3096} INFO - Sync 1 DAGs
[2024-06-10T20:19:49.448+0000] {logging_mixin.py:188} INFO - [2024-06-10T20:19:49.448+0000] {dag.py:3954} INFO - Setting next_dagrun for latest_only to 2024-06-10 16:00:00+00:00, run_after=2024-06-10 20:00:00+00:00
[2024-06-10T20:19:49.463+0000] {processor.py:183} INFO - Processing /home/airflow/.local/lib/python3.12/site-packages/airflow/example_dags/example_latest_only.py took 0.058 seconds
[2024-06-10T20:20:20.157+0000] {processor.py:161} INFO - Started process (PID=1118) to work on /home/airflow/.local/lib/python3.12/site-packages/airflow/example_dags/example_latest_only.py
[2024-06-10T20:20:20.159+0000] {processor.py:830} INFO - Processing file /home/airflow/.local/lib/python3.12/site-packages/airflow/example_dags/example_latest_only.py for tasks to queue
[2024-06-10T20:20:20.161+0000] {logging_mixin.py:188} INFO - [2024-06-10T20:20:20.161+0000] {dagbag.py:545} INFO - Filling up the DagBag from /home/airflow/.local/lib/python3.12/site-packages/airflow/example_dags/example_latest_only.py
[2024-06-10T20:20:20.165+0000] {processor.py:840} INFO - DAG(s) 'latest_only' retrieved from /home/airflow/.local/lib/python3.12/site-packages/airflow/example_dags/example_latest_only.py
[2024-06-10T20:20:20.182+0000] {logging_mixin.py:188} INFO - [2024-06-10T20:20:20.182+0000] {dag.py:3096} INFO - Sync 1 DAGs
[2024-06-10T20:20:20.199+0000] {logging_mixin.py:188} INFO - [2024-06-10T20:20:20.199+0000] {dag.py:3954} INFO - Setting next_dagrun for latest_only to 2024-06-10 16:00:00+00:00, run_after=2024-06-10 20:00:00+00:00
[2024-06-10T20:20:20.218+0000] {processor.py:183} INFO - Processing /home/airflow/.local/lib/python3.12/site-packages/airflow/example_dags/example_latest_only.py took 0.068 seconds
[2024-06-10T20:20:50.955+0000] {processor.py:161} INFO - Started process (PID=1176) to work on /home/airflow/.local/lib/python3.12/site-packages/airflow/example_dags/example_latest_only.py
[2024-06-10T20:20:50.956+0000] {processor.py:830} INFO - Processing file /home/airflow/.local/lib/python3.12/site-packages/airflow/example_dags/example_latest_only.py for tasks to queue
[2024-06-10T20:20:50.958+0000] {logging_mixin.py:188} INFO - [2024-06-10T20:20:50.958+0000] {dagbag.py:545} INFO - Filling up the DagBag from /home/airflow/.local/lib/python3.12/site-packages/airflow/example_dags/example_latest_only.py
[2024-06-10T20:20:50.962+0000] {processor.py:840} INFO - DAG(s) 'latest_only' retrieved from /home/airflow/.local/lib/python3.12/site-packages/airflow/example_dags/example_latest_only.py
[2024-06-10T20:20:50.977+0000] {logging_mixin.py:188} INFO - [2024-06-10T20:20:50.976+0000] {dag.py:3096} INFO - Sync 1 DAGs
[2024-06-10T20:20:50.992+0000] {logging_mixin.py:188} INFO - [2024-06-10T20:20:50.992+0000] {dag.py:3954} INFO - Setting next_dagrun for latest_only to 2024-06-10 16:00:00+00:00, run_after=2024-06-10 20:00:00+00:00
[2024-06-10T20:20:51.011+0000] {processor.py:183} INFO - Processing /home/airflow/.local/lib/python3.12/site-packages/airflow/example_dags/example_latest_only.py took 0.061 seconds
[2024-06-10T20:21:21.250+0000] {processor.py:161} INFO - Started process (PID=1234) to work on /home/airflow/.local/lib/python3.12/site-packages/airflow/example_dags/example_latest_only.py
[2024-06-10T20:21:21.251+0000] {processor.py:830} INFO - Processing file /home/airflow/.local/lib/python3.12/site-packages/airflow/example_dags/example_latest_only.py for tasks to queue
[2024-06-10T20:21:21.253+0000] {logging_mixin.py:188} INFO - [2024-06-10T20:21:21.253+0000] {dagbag.py:545} INFO - Filling up the DagBag from /home/airflow/.local/lib/python3.12/site-packages/airflow/example_dags/example_latest_only.py
[2024-06-10T20:21:21.258+0000] {processor.py:840} INFO - DAG(s) 'latest_only' retrieved from /home/airflow/.local/lib/python3.12/site-packages/airflow/example_dags/example_latest_only.py
[2024-06-10T20:21:21.273+0000] {logging_mixin.py:188} INFO - [2024-06-10T20:21:21.273+0000] {dag.py:3096} INFO - Sync 1 DAGs
[2024-06-10T20:21:21.290+0000] {logging_mixin.py:188} INFO - [2024-06-10T20:21:21.290+0000] {dag.py:3954} INFO - Setting next_dagrun for latest_only to 2024-06-10 16:00:00+00:00, run_after=2024-06-10 20:00:00+00:00
[2024-06-10T20:21:21.306+0000] {processor.py:183} INFO - Processing /home/airflow/.local/lib/python3.12/site-packages/airflow/example_dags/example_latest_only.py took 0.060 seconds
[2024-06-10T20:21:43.013+0000] {processor.py:161} INFO - Started process (PID=69) to work on /home/airflow/.local/lib/python3.12/site-packages/airflow/example_dags/example_latest_only.py
[2024-06-10T20:21:43.014+0000] {processor.py:830} INFO - Processing file /home/airflow/.local/lib/python3.12/site-packages/airflow/example_dags/example_latest_only.py for tasks to queue
[2024-06-10T20:21:43.016+0000] {logging_mixin.py:188} INFO - [2024-06-10T20:21:43.016+0000] {dagbag.py:545} INFO - Filling up the DagBag from /home/airflow/.local/lib/python3.12/site-packages/airflow/example_dags/example_latest_only.py
[2024-06-10T20:21:43.022+0000] {processor.py:840} INFO - DAG(s) 'latest_only' retrieved from /home/airflow/.local/lib/python3.12/site-packages/airflow/example_dags/example_latest_only.py
[2024-06-10T20:21:43.043+0000] {logging_mixin.py:188} INFO - [2024-06-10T20:21:43.043+0000] {dag.py:3096} INFO - Sync 1 DAGs
[2024-06-10T20:21:43.058+0000] {logging_mixin.py:188} INFO - [2024-06-10T20:21:43.058+0000] {dag.py:3954} INFO - Setting next_dagrun for latest_only to 2024-06-10 16:00:00+00:00, run_after=2024-06-10 20:00:00+00:00
[2024-06-10T20:21:43.073+0000] {processor.py:183} INFO - Processing /home/airflow/.local/lib/python3.12/site-packages/airflow/example_dags/example_latest_only.py took 0.068 seconds
[2024-06-10T20:22:13.278+0000] {processor.py:161} INFO - Started process (PID=127) to work on /home/airflow/.local/lib/python3.12/site-packages/airflow/example_dags/example_latest_only.py
[2024-06-10T20:22:13.279+0000] {processor.py:830} INFO - Processing file /home/airflow/.local/lib/python3.12/site-packages/airflow/example_dags/example_latest_only.py for tasks to queue
[2024-06-10T20:22:13.281+0000] {logging_mixin.py:188} INFO - [2024-06-10T20:22:13.281+0000] {dagbag.py:545} INFO - Filling up the DagBag from /home/airflow/.local/lib/python3.12/site-packages/airflow/example_dags/example_latest_only.py
[2024-06-10T20:22:13.285+0000] {processor.py:840} INFO - DAG(s) 'latest_only' retrieved from /home/airflow/.local/lib/python3.12/site-packages/airflow/example_dags/example_latest_only.py
[2024-06-10T20:22:13.307+0000] {logging_mixin.py:188} INFO - [2024-06-10T20:22:13.307+0000] {dag.py:3096} INFO - Sync 1 DAGs
[2024-06-10T20:22:13.326+0000] {logging_mixin.py:188} INFO - [2024-06-10T20:22:13.326+0000] {dag.py:3954} INFO - Setting next_dagrun for latest_only to 2024-06-10 16:00:00+00:00, run_after=2024-06-10 20:00:00+00:00
[2024-06-10T20:22:13.345+0000] {processor.py:183} INFO - Processing /home/airflow/.local/lib/python3.12/site-packages/airflow/example_dags/example_latest_only.py took 0.072 seconds
