[2024-06-10T20:11:11.958+0000] {processor.py:161} INFO - Started process (PID=64) to work on /home/airflow/.local/lib/python3.12/site-packages/airflow/example_dags/tutorial_dag.py
[2024-06-10T20:11:11.959+0000] {processor.py:830} INFO - Processing file /home/airflow/.local/lib/python3.12/site-packages/airflow/example_dags/tutorial_dag.py for tasks to queue
[2024-06-10T20:11:11.961+0000] {logging_mixin.py:188} INFO - [2024-06-10T20:11:11.961+0000] {dagbag.py:545} INFO - Filling up the DagBag from /home/airflow/.local/lib/python3.12/site-packages/airflow/example_dags/tutorial_dag.py
[2024-06-10T20:11:11.970+0000] {processor.py:840} INFO - DAG(s) 'tutorial_dag' retrieved from /home/airflow/.local/lib/python3.12/site-packages/airflow/example_dags/tutorial_dag.py
[2024-06-10T20:11:12.072+0000] {logging_mixin.py:188} INFO - [2024-06-10T20:11:12.071+0000] {override.py:1829} INFO - Created Permission View: can delete on DAG:tutorial_dag
[2024-06-10T20:11:12.103+0000] {logging_mixin.py:188} INFO - [2024-06-10T20:11:12.102+0000] {override.py:1829} INFO - Created Permission View: can edit on DAG:tutorial_dag
[2024-06-10T20:11:12.116+0000] {logging_mixin.py:188} INFO - [2024-06-10T20:11:12.116+0000] {override.py:1829} INFO - Created Permission View: can read on DAG:tutorial_dag
[2024-06-10T20:11:12.117+0000] {logging_mixin.py:188} INFO - [2024-06-10T20:11:12.117+0000] {dag.py:3096} INFO - Sync 1 DAGs
[2024-06-10T20:11:12.148+0000] {logging_mixin.py:188} INFO - [2024-06-10T20:11:12.148+0000] {dag.py:3118} INFO - Creating ORM DAG for tutorial_dag
[2024-06-10T20:11:12.184+0000] {logging_mixin.py:188} INFO - [2024-06-10T20:11:12.183+0000] {dag.py:3954} INFO - Setting next_dagrun for tutorial_dag to None, run_after=None
[2024-06-10T20:11:12.209+0000] {processor.py:183} INFO - Processing /home/airflow/.local/lib/python3.12/site-packages/airflow/example_dags/tutorial_dag.py took 0.256 seconds
[2024-06-10T20:11:42.269+0000] {processor.py:161} INFO - Started process (PID=122) to work on /home/airflow/.local/lib/python3.12/site-packages/airflow/example_dags/tutorial_dag.py
[2024-06-10T20:11:42.269+0000] {processor.py:830} INFO - Processing file /home/airflow/.local/lib/python3.12/site-packages/airflow/example_dags/tutorial_dag.py for tasks to queue
[2024-06-10T20:11:42.271+0000] {logging_mixin.py:188} INFO - [2024-06-10T20:11:42.271+0000] {dagbag.py:545} INFO - Filling up the DagBag from /home/airflow/.local/lib/python3.12/site-packages/airflow/example_dags/tutorial_dag.py
[2024-06-10T20:11:42.276+0000] {processor.py:840} INFO - DAG(s) 'tutorial_dag' retrieved from /home/airflow/.local/lib/python3.12/site-packages/airflow/example_dags/tutorial_dag.py
[2024-06-10T20:11:42.294+0000] {logging_mixin.py:188} INFO - [2024-06-10T20:11:42.294+0000] {dag.py:3096} INFO - Sync 1 DAGs
[2024-06-10T20:11:42.306+0000] {logging_mixin.py:188} INFO - [2024-06-10T20:11:42.306+0000] {dag.py:3954} INFO - Setting next_dagrun for tutorial_dag to None, run_after=None
[2024-06-10T20:11:42.328+0000] {processor.py:183} INFO - Processing /home/airflow/.local/lib/python3.12/site-packages/airflow/example_dags/tutorial_dag.py took 0.064 seconds
[2024-06-10T20:12:12.574+0000] {processor.py:161} INFO - Started process (PID=180) to work on /home/airflow/.local/lib/python3.12/site-packages/airflow/example_dags/tutorial_dag.py
[2024-06-10T20:12:12.575+0000] {processor.py:830} INFO - Processing file /home/airflow/.local/lib/python3.12/site-packages/airflow/example_dags/tutorial_dag.py for tasks to queue
[2024-06-10T20:12:12.577+0000] {logging_mixin.py:188} INFO - [2024-06-10T20:12:12.577+0000] {dagbag.py:545} INFO - Filling up the DagBag from /home/airflow/.local/lib/python3.12/site-packages/airflow/example_dags/tutorial_dag.py
[2024-06-10T20:12:12.581+0000] {processor.py:840} INFO - DAG(s) 'tutorial_dag' retrieved from /home/airflow/.local/lib/python3.12/site-packages/airflow/example_dags/tutorial_dag.py
[2024-06-10T20:12:12.595+0000] {logging_mixin.py:188} INFO - [2024-06-10T20:12:12.595+0000] {dag.py:3096} INFO - Sync 1 DAGs
[2024-06-10T20:12:12.604+0000] {logging_mixin.py:188} INFO - [2024-06-10T20:12:12.604+0000] {dag.py:3954} INFO - Setting next_dagrun for tutorial_dag to None, run_after=None
[2024-06-10T20:12:12.620+0000] {processor.py:183} INFO - Processing /home/airflow/.local/lib/python3.12/site-packages/airflow/example_dags/tutorial_dag.py took 0.049 seconds
[2024-06-10T20:12:42.908+0000] {processor.py:161} INFO - Started process (PID=238) to work on /home/airflow/.local/lib/python3.12/site-packages/airflow/example_dags/tutorial_dag.py
[2024-06-10T20:12:42.909+0000] {processor.py:830} INFO - Processing file /home/airflow/.local/lib/python3.12/site-packages/airflow/example_dags/tutorial_dag.py for tasks to queue
[2024-06-10T20:12:42.911+0000] {logging_mixin.py:188} INFO - [2024-06-10T20:12:42.911+0000] {dagbag.py:545} INFO - Filling up the DagBag from /home/airflow/.local/lib/python3.12/site-packages/airflow/example_dags/tutorial_dag.py
[2024-06-10T20:12:42.916+0000] {processor.py:840} INFO - DAG(s) 'tutorial_dag' retrieved from /home/airflow/.local/lib/python3.12/site-packages/airflow/example_dags/tutorial_dag.py
[2024-06-10T20:12:42.930+0000] {logging_mixin.py:188} INFO - [2024-06-10T20:12:42.930+0000] {dag.py:3096} INFO - Sync 1 DAGs
[2024-06-10T20:12:42.939+0000] {logging_mixin.py:188} INFO - [2024-06-10T20:12:42.939+0000] {dag.py:3954} INFO - Setting next_dagrun for tutorial_dag to None, run_after=None
[2024-06-10T20:12:42.954+0000] {processor.py:183} INFO - Processing /home/airflow/.local/lib/python3.12/site-packages/airflow/example_dags/tutorial_dag.py took 0.050 seconds
[2024-06-10T20:13:13.231+0000] {processor.py:161} INFO - Started process (PID=296) to work on /home/airflow/.local/lib/python3.12/site-packages/airflow/example_dags/tutorial_dag.py
[2024-06-10T20:13:13.232+0000] {processor.py:830} INFO - Processing file /home/airflow/.local/lib/python3.12/site-packages/airflow/example_dags/tutorial_dag.py for tasks to queue
[2024-06-10T20:13:13.234+0000] {logging_mixin.py:188} INFO - [2024-06-10T20:13:13.234+0000] {dagbag.py:545} INFO - Filling up the DagBag from /home/airflow/.local/lib/python3.12/site-packages/airflow/example_dags/tutorial_dag.py
[2024-06-10T20:13:13.238+0000] {processor.py:840} INFO - DAG(s) 'tutorial_dag' retrieved from /home/airflow/.local/lib/python3.12/site-packages/airflow/example_dags/tutorial_dag.py
[2024-06-10T20:13:13.254+0000] {logging_mixin.py:188} INFO - [2024-06-10T20:13:13.254+0000] {dag.py:3096} INFO - Sync 1 DAGs
[2024-06-10T20:13:13.264+0000] {logging_mixin.py:188} INFO - [2024-06-10T20:13:13.264+0000] {dag.py:3954} INFO - Setting next_dagrun for tutorial_dag to None, run_after=None
[2024-06-10T20:13:13.280+0000] {processor.py:183} INFO - Processing /home/airflow/.local/lib/python3.12/site-packages/airflow/example_dags/tutorial_dag.py took 0.053 seconds
[2024-06-10T20:13:43.668+0000] {processor.py:161} INFO - Started process (PID=354) to work on /home/airflow/.local/lib/python3.12/site-packages/airflow/example_dags/tutorial_dag.py
[2024-06-10T20:13:43.670+0000] {processor.py:830} INFO - Processing file /home/airflow/.local/lib/python3.12/site-packages/airflow/example_dags/tutorial_dag.py for tasks to queue
[2024-06-10T20:13:43.671+0000] {logging_mixin.py:188} INFO - [2024-06-10T20:13:43.671+0000] {dagbag.py:545} INFO - Filling up the DagBag from /home/airflow/.local/lib/python3.12/site-packages/airflow/example_dags/tutorial_dag.py
[2024-06-10T20:13:43.675+0000] {processor.py:840} INFO - DAG(s) 'tutorial_dag' retrieved from /home/airflow/.local/lib/python3.12/site-packages/airflow/example_dags/tutorial_dag.py
[2024-06-10T20:13:43.689+0000] {logging_mixin.py:188} INFO - [2024-06-10T20:13:43.689+0000] {dag.py:3096} INFO - Sync 1 DAGs
[2024-06-10T20:13:43.698+0000] {logging_mixin.py:188} INFO - [2024-06-10T20:13:43.698+0000] {dag.py:3954} INFO - Setting next_dagrun for tutorial_dag to None, run_after=None
[2024-06-10T20:13:43.715+0000] {processor.py:183} INFO - Processing /home/airflow/.local/lib/python3.12/site-packages/airflow/example_dags/tutorial_dag.py took 0.050 seconds
[2024-06-10T20:14:14.406+0000] {processor.py:161} INFO - Started process (PID=412) to work on /home/airflow/.local/lib/python3.12/site-packages/airflow/example_dags/tutorial_dag.py
[2024-06-10T20:14:14.407+0000] {processor.py:830} INFO - Processing file /home/airflow/.local/lib/python3.12/site-packages/airflow/example_dags/tutorial_dag.py for tasks to queue
[2024-06-10T20:14:14.409+0000] {logging_mixin.py:188} INFO - [2024-06-10T20:14:14.408+0000] {dagbag.py:545} INFO - Filling up the DagBag from /home/airflow/.local/lib/python3.12/site-packages/airflow/example_dags/tutorial_dag.py
[2024-06-10T20:14:14.413+0000] {processor.py:840} INFO - DAG(s) 'tutorial_dag' retrieved from /home/airflow/.local/lib/python3.12/site-packages/airflow/example_dags/tutorial_dag.py
[2024-06-10T20:14:14.429+0000] {logging_mixin.py:188} INFO - [2024-06-10T20:14:14.429+0000] {dag.py:3096} INFO - Sync 1 DAGs
[2024-06-10T20:14:14.440+0000] {logging_mixin.py:188} INFO - [2024-06-10T20:14:14.440+0000] {dag.py:3954} INFO - Setting next_dagrun for tutorial_dag to None, run_after=None
[2024-06-10T20:14:14.456+0000] {processor.py:183} INFO - Processing /home/airflow/.local/lib/python3.12/site-packages/airflow/example_dags/tutorial_dag.py took 0.056 seconds
[2024-06-10T20:14:44.588+0000] {processor.py:161} INFO - Started process (PID=470) to work on /home/airflow/.local/lib/python3.12/site-packages/airflow/example_dags/tutorial_dag.py
[2024-06-10T20:14:44.589+0000] {processor.py:830} INFO - Processing file /home/airflow/.local/lib/python3.12/site-packages/airflow/example_dags/tutorial_dag.py for tasks to queue
[2024-06-10T20:14:44.591+0000] {logging_mixin.py:188} INFO - [2024-06-10T20:14:44.591+0000] {dagbag.py:545} INFO - Filling up the DagBag from /home/airflow/.local/lib/python3.12/site-packages/airflow/example_dags/tutorial_dag.py
[2024-06-10T20:14:44.596+0000] {processor.py:840} INFO - DAG(s) 'tutorial_dag' retrieved from /home/airflow/.local/lib/python3.12/site-packages/airflow/example_dags/tutorial_dag.py
[2024-06-10T20:14:44.610+0000] {logging_mixin.py:188} INFO - [2024-06-10T20:14:44.610+0000] {dag.py:3096} INFO - Sync 1 DAGs
[2024-06-10T20:14:44.620+0000] {logging_mixin.py:188} INFO - [2024-06-10T20:14:44.620+0000] {dag.py:3954} INFO - Setting next_dagrun for tutorial_dag to None, run_after=None
[2024-06-10T20:14:44.638+0000] {processor.py:183} INFO - Processing /home/airflow/.local/lib/python3.12/site-packages/airflow/example_dags/tutorial_dag.py took 0.054 seconds
[2024-06-10T20:15:14.885+0000] {processor.py:161} INFO - Started process (PID=528) to work on /home/airflow/.local/lib/python3.12/site-packages/airflow/example_dags/tutorial_dag.py
[2024-06-10T20:15:14.886+0000] {processor.py:830} INFO - Processing file /home/airflow/.local/lib/python3.12/site-packages/airflow/example_dags/tutorial_dag.py for tasks to queue
[2024-06-10T20:15:14.887+0000] {logging_mixin.py:188} INFO - [2024-06-10T20:15:14.887+0000] {dagbag.py:545} INFO - Filling up the DagBag from /home/airflow/.local/lib/python3.12/site-packages/airflow/example_dags/tutorial_dag.py
[2024-06-10T20:15:14.891+0000] {processor.py:840} INFO - DAG(s) 'tutorial_dag' retrieved from /home/airflow/.local/lib/python3.12/site-packages/airflow/example_dags/tutorial_dag.py
[2024-06-10T20:15:14.907+0000] {logging_mixin.py:188} INFO - [2024-06-10T20:15:14.907+0000] {dag.py:3096} INFO - Sync 1 DAGs
[2024-06-10T20:15:14.919+0000] {logging_mixin.py:188} INFO - [2024-06-10T20:15:14.919+0000] {dag.py:3954} INFO - Setting next_dagrun for tutorial_dag to None, run_after=None
[2024-06-10T20:15:14.934+0000] {processor.py:183} INFO - Processing /home/airflow/.local/lib/python3.12/site-packages/airflow/example_dags/tutorial_dag.py took 0.054 seconds
[2024-06-10T20:15:45.111+0000] {processor.py:161} INFO - Started process (PID=586) to work on /home/airflow/.local/lib/python3.12/site-packages/airflow/example_dags/tutorial_dag.py
[2024-06-10T20:15:45.113+0000] {processor.py:830} INFO - Processing file /home/airflow/.local/lib/python3.12/site-packages/airflow/example_dags/tutorial_dag.py for tasks to queue
[2024-06-10T20:15:45.116+0000] {logging_mixin.py:188} INFO - [2024-06-10T20:15:45.115+0000] {dagbag.py:545} INFO - Filling up the DagBag from /home/airflow/.local/lib/python3.12/site-packages/airflow/example_dags/tutorial_dag.py
[2024-06-10T20:15:45.120+0000] {processor.py:840} INFO - DAG(s) 'tutorial_dag' retrieved from /home/airflow/.local/lib/python3.12/site-packages/airflow/example_dags/tutorial_dag.py
[2024-06-10T20:15:45.135+0000] {logging_mixin.py:188} INFO - [2024-06-10T20:15:45.135+0000] {dag.py:3096} INFO - Sync 1 DAGs
[2024-06-10T20:15:45.145+0000] {logging_mixin.py:188} INFO - [2024-06-10T20:15:45.144+0000] {dag.py:3954} INFO - Setting next_dagrun for tutorial_dag to None, run_after=None
[2024-06-10T20:15:45.160+0000] {processor.py:183} INFO - Processing /home/airflow/.local/lib/python3.12/site-packages/airflow/example_dags/tutorial_dag.py took 0.052 seconds
[2024-06-10T20:16:15.451+0000] {processor.py:161} INFO - Started process (PID=644) to work on /home/airflow/.local/lib/python3.12/site-packages/airflow/example_dags/tutorial_dag.py
[2024-06-10T20:16:15.452+0000] {processor.py:830} INFO - Processing file /home/airflow/.local/lib/python3.12/site-packages/airflow/example_dags/tutorial_dag.py for tasks to queue
[2024-06-10T20:16:15.454+0000] {logging_mixin.py:188} INFO - [2024-06-10T20:16:15.454+0000] {dagbag.py:545} INFO - Filling up the DagBag from /home/airflow/.local/lib/python3.12/site-packages/airflow/example_dags/tutorial_dag.py
[2024-06-10T20:16:15.458+0000] {processor.py:840} INFO - DAG(s) 'tutorial_dag' retrieved from /home/airflow/.local/lib/python3.12/site-packages/airflow/example_dags/tutorial_dag.py
[2024-06-10T20:16:15.473+0000] {logging_mixin.py:188} INFO - [2024-06-10T20:16:15.473+0000] {dag.py:3096} INFO - Sync 1 DAGs
[2024-06-10T20:16:15.483+0000] {logging_mixin.py:188} INFO - [2024-06-10T20:16:15.482+0000] {dag.py:3954} INFO - Setting next_dagrun for tutorial_dag to None, run_after=None
[2024-06-10T20:16:15.497+0000] {processor.py:183} INFO - Processing /home/airflow/.local/lib/python3.12/site-packages/airflow/example_dags/tutorial_dag.py took 0.050 seconds
[2024-06-10T20:16:45.867+0000] {processor.py:161} INFO - Started process (PID=702) to work on /home/airflow/.local/lib/python3.12/site-packages/airflow/example_dags/tutorial_dag.py
[2024-06-10T20:16:45.868+0000] {processor.py:830} INFO - Processing file /home/airflow/.local/lib/python3.12/site-packages/airflow/example_dags/tutorial_dag.py for tasks to queue
[2024-06-10T20:16:45.870+0000] {logging_mixin.py:188} INFO - [2024-06-10T20:16:45.870+0000] {dagbag.py:545} INFO - Filling up the DagBag from /home/airflow/.local/lib/python3.12/site-packages/airflow/example_dags/tutorial_dag.py
[2024-06-10T20:16:45.874+0000] {processor.py:840} INFO - DAG(s) 'tutorial_dag' retrieved from /home/airflow/.local/lib/python3.12/site-packages/airflow/example_dags/tutorial_dag.py
[2024-06-10T20:16:45.888+0000] {logging_mixin.py:188} INFO - [2024-06-10T20:16:45.888+0000] {dag.py:3096} INFO - Sync 1 DAGs
[2024-06-10T20:16:45.898+0000] {logging_mixin.py:188} INFO - [2024-06-10T20:16:45.897+0000] {dag.py:3954} INFO - Setting next_dagrun for tutorial_dag to None, run_after=None
[2024-06-10T20:16:45.912+0000] {processor.py:183} INFO - Processing /home/airflow/.local/lib/python3.12/site-packages/airflow/example_dags/tutorial_dag.py took 0.049 seconds
[2024-06-10T20:17:16.247+0000] {processor.py:161} INFO - Started process (PID=760) to work on /home/airflow/.local/lib/python3.12/site-packages/airflow/example_dags/tutorial_dag.py
[2024-06-10T20:17:16.249+0000] {processor.py:830} INFO - Processing file /home/airflow/.local/lib/python3.12/site-packages/airflow/example_dags/tutorial_dag.py for tasks to queue
[2024-06-10T20:17:16.251+0000] {logging_mixin.py:188} INFO - [2024-06-10T20:17:16.251+0000] {dagbag.py:545} INFO - Filling up the DagBag from /home/airflow/.local/lib/python3.12/site-packages/airflow/example_dags/tutorial_dag.py
[2024-06-10T20:17:16.256+0000] {processor.py:840} INFO - DAG(s) 'tutorial_dag' retrieved from /home/airflow/.local/lib/python3.12/site-packages/airflow/example_dags/tutorial_dag.py
[2024-06-10T20:17:16.271+0000] {logging_mixin.py:188} INFO - [2024-06-10T20:17:16.271+0000] {dag.py:3096} INFO - Sync 1 DAGs
[2024-06-10T20:17:16.280+0000] {logging_mixin.py:188} INFO - [2024-06-10T20:17:16.280+0000] {dag.py:3954} INFO - Setting next_dagrun for tutorial_dag to None, run_after=None
[2024-06-10T20:17:16.294+0000] {processor.py:183} INFO - Processing /home/airflow/.local/lib/python3.12/site-packages/airflow/example_dags/tutorial_dag.py took 0.051 seconds
[2024-06-10T20:17:46.748+0000] {processor.py:161} INFO - Started process (PID=824) to work on /home/airflow/.local/lib/python3.12/site-packages/airflow/example_dags/tutorial_dag.py
[2024-06-10T20:17:46.750+0000] {processor.py:830} INFO - Processing file /home/airflow/.local/lib/python3.12/site-packages/airflow/example_dags/tutorial_dag.py for tasks to queue
[2024-06-10T20:17:46.752+0000] {logging_mixin.py:188} INFO - [2024-06-10T20:17:46.751+0000] {dagbag.py:545} INFO - Filling up the DagBag from /home/airflow/.local/lib/python3.12/site-packages/airflow/example_dags/tutorial_dag.py
[2024-06-10T20:17:46.756+0000] {processor.py:840} INFO - DAG(s) 'tutorial_dag' retrieved from /home/airflow/.local/lib/python3.12/site-packages/airflow/example_dags/tutorial_dag.py
[2024-06-10T20:17:46.775+0000] {logging_mixin.py:188} INFO - [2024-06-10T20:17:46.775+0000] {dag.py:3096} INFO - Sync 1 DAGs
[2024-06-10T20:17:46.786+0000] {logging_mixin.py:188} INFO - [2024-06-10T20:17:46.786+0000] {dag.py:3954} INFO - Setting next_dagrun for tutorial_dag to None, run_after=None
[2024-06-10T20:17:46.805+0000] {processor.py:183} INFO - Processing /home/airflow/.local/lib/python3.12/site-packages/airflow/example_dags/tutorial_dag.py took 0.061 seconds
[2024-06-10T20:18:17.150+0000] {processor.py:161} INFO - Started process (PID=881) to work on /home/airflow/.local/lib/python3.12/site-packages/airflow/example_dags/tutorial_dag.py
[2024-06-10T20:18:17.151+0000] {processor.py:830} INFO - Processing file /home/airflow/.local/lib/python3.12/site-packages/airflow/example_dags/tutorial_dag.py for tasks to queue
[2024-06-10T20:18:17.154+0000] {logging_mixin.py:188} INFO - [2024-06-10T20:18:17.153+0000] {dagbag.py:545} INFO - Filling up the DagBag from /home/airflow/.local/lib/python3.12/site-packages/airflow/example_dags/tutorial_dag.py
[2024-06-10T20:18:17.158+0000] {processor.py:840} INFO - DAG(s) 'tutorial_dag' retrieved from /home/airflow/.local/lib/python3.12/site-packages/airflow/example_dags/tutorial_dag.py
[2024-06-10T20:18:17.178+0000] {logging_mixin.py:188} INFO - [2024-06-10T20:18:17.178+0000] {dag.py:3096} INFO - Sync 1 DAGs
[2024-06-10T20:18:17.190+0000] {logging_mixin.py:188} INFO - [2024-06-10T20:18:17.190+0000] {dag.py:3954} INFO - Setting next_dagrun for tutorial_dag to None, run_after=None
[2024-06-10T20:18:17.210+0000] {processor.py:183} INFO - Processing /home/airflow/.local/lib/python3.12/site-packages/airflow/example_dags/tutorial_dag.py took 0.065 seconds
[2024-06-10T20:18:48.219+0000] {processor.py:161} INFO - Started process (PID=939) to work on /home/airflow/.local/lib/python3.12/site-packages/airflow/example_dags/tutorial_dag.py
[2024-06-10T20:18:48.222+0000] {processor.py:830} INFO - Processing file /home/airflow/.local/lib/python3.12/site-packages/airflow/example_dags/tutorial_dag.py for tasks to queue
[2024-06-10T20:18:48.226+0000] {logging_mixin.py:188} INFO - [2024-06-10T20:18:48.226+0000] {dagbag.py:545} INFO - Filling up the DagBag from /home/airflow/.local/lib/python3.12/site-packages/airflow/example_dags/tutorial_dag.py
[2024-06-10T20:18:48.237+0000] {processor.py:840} INFO - DAG(s) 'tutorial_dag' retrieved from /home/airflow/.local/lib/python3.12/site-packages/airflow/example_dags/tutorial_dag.py
[2024-06-10T20:18:48.278+0000] {logging_mixin.py:188} INFO - [2024-06-10T20:18:48.277+0000] {dag.py:3096} INFO - Sync 1 DAGs
[2024-06-10T20:18:48.294+0000] {logging_mixin.py:188} INFO - [2024-06-10T20:18:48.294+0000] {dag.py:3954} INFO - Setting next_dagrun for tutorial_dag to None, run_after=None
[2024-06-10T20:18:48.334+0000] {processor.py:183} INFO - Processing /home/airflow/.local/lib/python3.12/site-packages/airflow/example_dags/tutorial_dag.py took 0.126 seconds
[2024-06-10T20:19:18.834+0000] {processor.py:161} INFO - Started process (PID=997) to work on /home/airflow/.local/lib/python3.12/site-packages/airflow/example_dags/tutorial_dag.py
[2024-06-10T20:19:18.835+0000] {processor.py:830} INFO - Processing file /home/airflow/.local/lib/python3.12/site-packages/airflow/example_dags/tutorial_dag.py for tasks to queue
[2024-06-10T20:19:18.836+0000] {logging_mixin.py:188} INFO - [2024-06-10T20:19:18.836+0000] {dagbag.py:545} INFO - Filling up the DagBag from /home/airflow/.local/lib/python3.12/site-packages/airflow/example_dags/tutorial_dag.py
[2024-06-10T20:19:18.840+0000] {processor.py:840} INFO - DAG(s) 'tutorial_dag' retrieved from /home/airflow/.local/lib/python3.12/site-packages/airflow/example_dags/tutorial_dag.py
[2024-06-10T20:19:18.857+0000] {logging_mixin.py:188} INFO - [2024-06-10T20:19:18.857+0000] {dag.py:3096} INFO - Sync 1 DAGs
[2024-06-10T20:19:18.867+0000] {logging_mixin.py:188} INFO - [2024-06-10T20:19:18.867+0000] {dag.py:3954} INFO - Setting next_dagrun for tutorial_dag to None, run_after=None
[2024-06-10T20:19:18.886+0000] {processor.py:183} INFO - Processing /home/airflow/.local/lib/python3.12/site-packages/airflow/example_dags/tutorial_dag.py took 0.056 seconds
[2024-06-10T20:19:49.123+0000] {processor.py:161} INFO - Started process (PID=1055) to work on /home/airflow/.local/lib/python3.12/site-packages/airflow/example_dags/tutorial_dag.py
[2024-06-10T20:19:49.124+0000] {processor.py:830} INFO - Processing file /home/airflow/.local/lib/python3.12/site-packages/airflow/example_dags/tutorial_dag.py for tasks to queue
[2024-06-10T20:19:49.125+0000] {logging_mixin.py:188} INFO - [2024-06-10T20:19:49.125+0000] {dagbag.py:545} INFO - Filling up the DagBag from /home/airflow/.local/lib/python3.12/site-packages/airflow/example_dags/tutorial_dag.py
[2024-06-10T20:19:49.129+0000] {processor.py:840} INFO - DAG(s) 'tutorial_dag' retrieved from /home/airflow/.local/lib/python3.12/site-packages/airflow/example_dags/tutorial_dag.py
[2024-06-10T20:19:49.144+0000] {logging_mixin.py:188} INFO - [2024-06-10T20:19:49.143+0000] {dag.py:3096} INFO - Sync 1 DAGs
[2024-06-10T20:19:49.152+0000] {logging_mixin.py:188} INFO - [2024-06-10T20:19:49.152+0000] {dag.py:3954} INFO - Setting next_dagrun for tutorial_dag to None, run_after=None
[2024-06-10T20:19:49.170+0000] {processor.py:183} INFO - Processing /home/airflow/.local/lib/python3.12/site-packages/airflow/example_dags/tutorial_dag.py took 0.052 seconds
[2024-06-10T20:20:19.629+0000] {processor.py:161} INFO - Started process (PID=1113) to work on /home/airflow/.local/lib/python3.12/site-packages/airflow/example_dags/tutorial_dag.py
[2024-06-10T20:20:19.631+0000] {processor.py:830} INFO - Processing file /home/airflow/.local/lib/python3.12/site-packages/airflow/example_dags/tutorial_dag.py for tasks to queue
[2024-06-10T20:20:19.632+0000] {logging_mixin.py:188} INFO - [2024-06-10T20:20:19.632+0000] {dagbag.py:545} INFO - Filling up the DagBag from /home/airflow/.local/lib/python3.12/site-packages/airflow/example_dags/tutorial_dag.py
[2024-06-10T20:20:19.637+0000] {processor.py:840} INFO - DAG(s) 'tutorial_dag' retrieved from /home/airflow/.local/lib/python3.12/site-packages/airflow/example_dags/tutorial_dag.py
[2024-06-10T20:20:19.651+0000] {logging_mixin.py:188} INFO - [2024-06-10T20:20:19.651+0000] {dag.py:3096} INFO - Sync 1 DAGs
[2024-06-10T20:20:19.661+0000] {logging_mixin.py:188} INFO - [2024-06-10T20:20:19.661+0000] {dag.py:3954} INFO - Setting next_dagrun for tutorial_dag to None, run_after=None
[2024-06-10T20:20:19.680+0000] {processor.py:183} INFO - Processing /home/airflow/.local/lib/python3.12/site-packages/airflow/example_dags/tutorial_dag.py took 0.055 seconds
[2024-06-10T20:20:50.656+0000] {processor.py:161} INFO - Started process (PID=1171) to work on /home/airflow/.local/lib/python3.12/site-packages/airflow/example_dags/tutorial_dag.py
[2024-06-10T20:20:50.657+0000] {processor.py:830} INFO - Processing file /home/airflow/.local/lib/python3.12/site-packages/airflow/example_dags/tutorial_dag.py for tasks to queue
[2024-06-10T20:20:50.659+0000] {logging_mixin.py:188} INFO - [2024-06-10T20:20:50.659+0000] {dagbag.py:545} INFO - Filling up the DagBag from /home/airflow/.local/lib/python3.12/site-packages/airflow/example_dags/tutorial_dag.py
[2024-06-10T20:20:50.663+0000] {processor.py:840} INFO - DAG(s) 'tutorial_dag' retrieved from /home/airflow/.local/lib/python3.12/site-packages/airflow/example_dags/tutorial_dag.py
[2024-06-10T20:20:50.679+0000] {logging_mixin.py:188} INFO - [2024-06-10T20:20:50.678+0000] {dag.py:3096} INFO - Sync 1 DAGs
[2024-06-10T20:20:50.688+0000] {logging_mixin.py:188} INFO - [2024-06-10T20:20:50.688+0000] {dag.py:3954} INFO - Setting next_dagrun for tutorial_dag to None, run_after=None
[2024-06-10T20:20:50.707+0000] {processor.py:183} INFO - Processing /home/airflow/.local/lib/python3.12/site-packages/airflow/example_dags/tutorial_dag.py took 0.056 seconds
[2024-06-10T20:21:20.843+0000] {processor.py:161} INFO - Started process (PID=1228) to work on /home/airflow/.local/lib/python3.12/site-packages/airflow/example_dags/tutorial_dag.py
[2024-06-10T20:21:20.845+0000] {processor.py:830} INFO - Processing file /home/airflow/.local/lib/python3.12/site-packages/airflow/example_dags/tutorial_dag.py for tasks to queue
[2024-06-10T20:21:20.848+0000] {logging_mixin.py:188} INFO - [2024-06-10T20:21:20.847+0000] {dagbag.py:545} INFO - Filling up the DagBag from /home/airflow/.local/lib/python3.12/site-packages/airflow/example_dags/tutorial_dag.py
[2024-06-10T20:21:20.854+0000] {processor.py:840} INFO - DAG(s) 'tutorial_dag' retrieved from /home/airflow/.local/lib/python3.12/site-packages/airflow/example_dags/tutorial_dag.py
[2024-06-10T20:21:20.870+0000] {logging_mixin.py:188} INFO - [2024-06-10T20:21:20.869+0000] {dag.py:3096} INFO - Sync 1 DAGs
[2024-06-10T20:21:20.880+0000] {logging_mixin.py:188} INFO - [2024-06-10T20:21:20.880+0000] {dag.py:3954} INFO - Setting next_dagrun for tutorial_dag to None, run_after=None
[2024-06-10T20:21:20.899+0000] {processor.py:183} INFO - Processing /home/airflow/.local/lib/python3.12/site-packages/airflow/example_dags/tutorial_dag.py took 0.065 seconds
[2024-06-10T20:21:42.536+0000] {processor.py:161} INFO - Started process (PID=64) to work on /home/airflow/.local/lib/python3.12/site-packages/airflow/example_dags/tutorial_dag.py
[2024-06-10T20:21:42.537+0000] {processor.py:830} INFO - Processing file /home/airflow/.local/lib/python3.12/site-packages/airflow/example_dags/tutorial_dag.py for tasks to queue
[2024-06-10T20:21:42.539+0000] {logging_mixin.py:188} INFO - [2024-06-10T20:21:42.539+0000] {dagbag.py:545} INFO - Filling up the DagBag from /home/airflow/.local/lib/python3.12/site-packages/airflow/example_dags/tutorial_dag.py
[2024-06-10T20:21:42.544+0000] {processor.py:840} INFO - DAG(s) 'tutorial_dag' retrieved from /home/airflow/.local/lib/python3.12/site-packages/airflow/example_dags/tutorial_dag.py
[2024-06-10T20:21:42.565+0000] {logging_mixin.py:188} INFO - [2024-06-10T20:21:42.565+0000] {dag.py:3096} INFO - Sync 1 DAGs
[2024-06-10T20:21:42.576+0000] {logging_mixin.py:188} INFO - [2024-06-10T20:21:42.576+0000] {dag.py:3954} INFO - Setting next_dagrun for tutorial_dag to None, run_after=None
[2024-06-10T20:21:42.594+0000] {processor.py:183} INFO - Processing /home/airflow/.local/lib/python3.12/site-packages/airflow/example_dags/tutorial_dag.py took 0.062 seconds
[2024-06-10T20:22:12.837+0000] {processor.py:161} INFO - Started process (PID=122) to work on /home/airflow/.local/lib/python3.12/site-packages/airflow/example_dags/tutorial_dag.py
[2024-06-10T20:22:12.838+0000] {processor.py:830} INFO - Processing file /home/airflow/.local/lib/python3.12/site-packages/airflow/example_dags/tutorial_dag.py for tasks to queue
[2024-06-10T20:22:12.839+0000] {logging_mixin.py:188} INFO - [2024-06-10T20:22:12.839+0000] {dagbag.py:545} INFO - Filling up the DagBag from /home/airflow/.local/lib/python3.12/site-packages/airflow/example_dags/tutorial_dag.py
[2024-06-10T20:22:12.843+0000] {processor.py:840} INFO - DAG(s) 'tutorial_dag' retrieved from /home/airflow/.local/lib/python3.12/site-packages/airflow/example_dags/tutorial_dag.py
[2024-06-10T20:22:12.864+0000] {logging_mixin.py:188} INFO - [2024-06-10T20:22:12.864+0000] {dag.py:3096} INFO - Sync 1 DAGs
[2024-06-10T20:22:12.877+0000] {logging_mixin.py:188} INFO - [2024-06-10T20:22:12.876+0000] {dag.py:3954} INFO - Setting next_dagrun for tutorial_dag to None, run_after=None
[2024-06-10T20:22:12.899+0000] {processor.py:183} INFO - Processing /home/airflow/.local/lib/python3.12/site-packages/airflow/example_dags/tutorial_dag.py took 0.068 seconds
