[2024-06-10T20:11:11.958+0000] {processor.py:161} INFO - Started process (PID=63) to work on /home/airflow/.local/lib/python3.12/site-packages/airflow/example_dags/tutorial.py
[2024-06-10T20:11:11.959+0000] {processor.py:830} INFO - Processing file /home/airflow/.local/lib/python3.12/site-packages/airflow/example_dags/tutorial.py for tasks to queue
[2024-06-10T20:11:11.961+0000] {logging_mixin.py:188} INFO - [2024-06-10T20:11:11.961+0000] {dagbag.py:545} INFO - Filling up the DagBag from /home/airflow/.local/lib/python3.12/site-packages/airflow/example_dags/tutorial.py
[2024-06-10T20:11:11.971+0000] {processor.py:840} INFO - DAG(s) 'tutorial' retrieved from /home/airflow/.local/lib/python3.12/site-packages/airflow/example_dags/tutorial.py
[2024-06-10T20:11:12.069+0000] {logging_mixin.py:188} INFO - [2024-06-10T20:11:12.068+0000] {override.py:1829} INFO - Created Permission View: can delete on DAG:tutorial
[2024-06-10T20:11:12.099+0000] {logging_mixin.py:188} INFO - [2024-06-10T20:11:12.099+0000] {override.py:1829} INFO - Created Permission View: can edit on DAG:tutorial
[2024-06-10T20:11:12.114+0000] {logging_mixin.py:188} INFO - [2024-06-10T20:11:12.113+0000] {override.py:1829} INFO - Created Permission View: can read on DAG:tutorial
[2024-06-10T20:11:12.115+0000] {logging_mixin.py:188} INFO - [2024-06-10T20:11:12.115+0000] {dag.py:3096} INFO - Sync 1 DAGs
[2024-06-10T20:11:12.125+0000] {logging_mixin.py:188} INFO - [2024-06-10T20:11:12.125+0000] {dag.py:3118} INFO - Creating ORM DAG for tutorial
[2024-06-10T20:11:12.146+0000] {logging_mixin.py:188} INFO - [2024-06-10T20:11:12.146+0000] {dag.py:3954} INFO - Setting next_dagrun for tutorial to 2024-06-09 00:00:00+00:00, run_after=2024-06-10 00:00:00+00:00
[2024-06-10T20:11:12.195+0000] {processor.py:183} INFO - Processing /home/airflow/.local/lib/python3.12/site-packages/airflow/example_dags/tutorial.py took 0.242 seconds
[2024-06-10T20:11:42.268+0000] {processor.py:161} INFO - Started process (PID=121) to work on /home/airflow/.local/lib/python3.12/site-packages/airflow/example_dags/tutorial.py
[2024-06-10T20:11:42.270+0000] {processor.py:830} INFO - Processing file /home/airflow/.local/lib/python3.12/site-packages/airflow/example_dags/tutorial.py for tasks to queue
[2024-06-10T20:11:42.271+0000] {logging_mixin.py:188} INFO - [2024-06-10T20:11:42.271+0000] {dagbag.py:545} INFO - Filling up the DagBag from /home/airflow/.local/lib/python3.12/site-packages/airflow/example_dags/tutorial.py
[2024-06-10T20:11:42.278+0000] {processor.py:840} INFO - DAG(s) 'tutorial' retrieved from /home/airflow/.local/lib/python3.12/site-packages/airflow/example_dags/tutorial.py
[2024-06-10T20:11:42.294+0000] {logging_mixin.py:188} INFO - [2024-06-10T20:11:42.294+0000] {dag.py:3096} INFO - Sync 1 DAGs
[2024-06-10T20:11:42.313+0000] {logging_mixin.py:188} INFO - [2024-06-10T20:11:42.313+0000] {dag.py:3954} INFO - Setting next_dagrun for tutorial to 2024-06-09 00:00:00+00:00, run_after=2024-06-10 00:00:00+00:00
[2024-06-10T20:11:42.332+0000] {processor.py:183} INFO - Processing /home/airflow/.local/lib/python3.12/site-packages/airflow/example_dags/tutorial.py took 0.067 seconds
[2024-06-10T20:12:12.498+0000] {processor.py:161} INFO - Started process (PID=179) to work on /home/airflow/.local/lib/python3.12/site-packages/airflow/example_dags/tutorial.py
[2024-06-10T20:12:12.499+0000] {processor.py:830} INFO - Processing file /home/airflow/.local/lib/python3.12/site-packages/airflow/example_dags/tutorial.py for tasks to queue
[2024-06-10T20:12:12.501+0000] {logging_mixin.py:188} INFO - [2024-06-10T20:12:12.500+0000] {dagbag.py:545} INFO - Filling up the DagBag from /home/airflow/.local/lib/python3.12/site-packages/airflow/example_dags/tutorial.py
[2024-06-10T20:12:12.505+0000] {processor.py:840} INFO - DAG(s) 'tutorial' retrieved from /home/airflow/.local/lib/python3.12/site-packages/airflow/example_dags/tutorial.py
[2024-06-10T20:12:12.524+0000] {logging_mixin.py:188} INFO - [2024-06-10T20:12:12.522+0000] {dag.py:3096} INFO - Sync 1 DAGs
[2024-06-10T20:12:12.543+0000] {logging_mixin.py:188} INFO - [2024-06-10T20:12:12.542+0000] {dag.py:3954} INFO - Setting next_dagrun for tutorial to 2024-06-09 00:00:00+00:00, run_after=2024-06-10 00:00:00+00:00
[2024-06-10T20:12:12.560+0000] {processor.py:183} INFO - Processing /home/airflow/.local/lib/python3.12/site-packages/airflow/example_dags/tutorial.py took 0.066 seconds
[2024-06-10T20:12:42.840+0000] {processor.py:161} INFO - Started process (PID=237) to work on /home/airflow/.local/lib/python3.12/site-packages/airflow/example_dags/tutorial.py
[2024-06-10T20:12:42.841+0000] {processor.py:830} INFO - Processing file /home/airflow/.local/lib/python3.12/site-packages/airflow/example_dags/tutorial.py for tasks to queue
[2024-06-10T20:12:42.843+0000] {logging_mixin.py:188} INFO - [2024-06-10T20:12:42.843+0000] {dagbag.py:545} INFO - Filling up the DagBag from /home/airflow/.local/lib/python3.12/site-packages/airflow/example_dags/tutorial.py
[2024-06-10T20:12:42.848+0000] {processor.py:840} INFO - DAG(s) 'tutorial' retrieved from /home/airflow/.local/lib/python3.12/site-packages/airflow/example_dags/tutorial.py
[2024-06-10T20:12:42.866+0000] {logging_mixin.py:188} INFO - [2024-06-10T20:12:42.865+0000] {dag.py:3096} INFO - Sync 1 DAGs
[2024-06-10T20:12:42.881+0000] {logging_mixin.py:188} INFO - [2024-06-10T20:12:42.881+0000] {dag.py:3954} INFO - Setting next_dagrun for tutorial to 2024-06-09 00:00:00+00:00, run_after=2024-06-10 00:00:00+00:00
[2024-06-10T20:12:42.900+0000] {processor.py:183} INFO - Processing /home/airflow/.local/lib/python3.12/site-packages/airflow/example_dags/tutorial.py took 0.065 seconds
[2024-06-10T20:13:13.186+0000] {processor.py:161} INFO - Started process (PID=295) to work on /home/airflow/.local/lib/python3.12/site-packages/airflow/example_dags/tutorial.py
[2024-06-10T20:13:13.187+0000] {processor.py:830} INFO - Processing file /home/airflow/.local/lib/python3.12/site-packages/airflow/example_dags/tutorial.py for tasks to queue
[2024-06-10T20:13:13.189+0000] {logging_mixin.py:188} INFO - [2024-06-10T20:13:13.189+0000] {dagbag.py:545} INFO - Filling up the DagBag from /home/airflow/.local/lib/python3.12/site-packages/airflow/example_dags/tutorial.py
[2024-06-10T20:13:13.194+0000] {processor.py:840} INFO - DAG(s) 'tutorial' retrieved from /home/airflow/.local/lib/python3.12/site-packages/airflow/example_dags/tutorial.py
[2024-06-10T20:13:13.210+0000] {logging_mixin.py:188} INFO - [2024-06-10T20:13:13.209+0000] {dag.py:3096} INFO - Sync 1 DAGs
[2024-06-10T20:13:13.226+0000] {logging_mixin.py:188} INFO - [2024-06-10T20:13:13.226+0000] {dag.py:3954} INFO - Setting next_dagrun for tutorial to 2024-06-09 00:00:00+00:00, run_after=2024-06-10 00:00:00+00:00
[2024-06-10T20:13:13.244+0000] {processor.py:183} INFO - Processing /home/airflow/.local/lib/python3.12/site-packages/airflow/example_dags/tutorial.py took 0.062 seconds
[2024-06-10T20:13:43.606+0000] {processor.py:161} INFO - Started process (PID=353) to work on /home/airflow/.local/lib/python3.12/site-packages/airflow/example_dags/tutorial.py
[2024-06-10T20:13:43.608+0000] {processor.py:830} INFO - Processing file /home/airflow/.local/lib/python3.12/site-packages/airflow/example_dags/tutorial.py for tasks to queue
[2024-06-10T20:13:43.610+0000] {logging_mixin.py:188} INFO - [2024-06-10T20:13:43.610+0000] {dagbag.py:545} INFO - Filling up the DagBag from /home/airflow/.local/lib/python3.12/site-packages/airflow/example_dags/tutorial.py
[2024-06-10T20:13:43.614+0000] {processor.py:840} INFO - DAG(s) 'tutorial' retrieved from /home/airflow/.local/lib/python3.12/site-packages/airflow/example_dags/tutorial.py
[2024-06-10T20:13:43.630+0000] {logging_mixin.py:188} INFO - [2024-06-10T20:13:43.630+0000] {dag.py:3096} INFO - Sync 1 DAGs
[2024-06-10T20:13:43.646+0000] {logging_mixin.py:188} INFO - [2024-06-10T20:13:43.646+0000] {dag.py:3954} INFO - Setting next_dagrun for tutorial to 2024-06-09 00:00:00+00:00, run_after=2024-06-10 00:00:00+00:00
[2024-06-10T20:13:43.664+0000] {processor.py:183} INFO - Processing /home/airflow/.local/lib/python3.12/site-packages/airflow/example_dags/tutorial.py took 0.062 seconds
[2024-06-10T20:14:14.342+0000] {processor.py:161} INFO - Started process (PID=411) to work on /home/airflow/.local/lib/python3.12/site-packages/airflow/example_dags/tutorial.py
[2024-06-10T20:14:14.343+0000] {processor.py:830} INFO - Processing file /home/airflow/.local/lib/python3.12/site-packages/airflow/example_dags/tutorial.py for tasks to queue
[2024-06-10T20:14:14.345+0000] {logging_mixin.py:188} INFO - [2024-06-10T20:14:14.345+0000] {dagbag.py:545} INFO - Filling up the DagBag from /home/airflow/.local/lib/python3.12/site-packages/airflow/example_dags/tutorial.py
[2024-06-10T20:14:14.350+0000] {processor.py:840} INFO - DAG(s) 'tutorial' retrieved from /home/airflow/.local/lib/python3.12/site-packages/airflow/example_dags/tutorial.py
[2024-06-10T20:14:14.367+0000] {logging_mixin.py:188} INFO - [2024-06-10T20:14:14.366+0000] {dag.py:3096} INFO - Sync 1 DAGs
[2024-06-10T20:14:14.384+0000] {logging_mixin.py:188} INFO - [2024-06-10T20:14:14.384+0000] {dag.py:3954} INFO - Setting next_dagrun for tutorial to 2024-06-09 00:00:00+00:00, run_after=2024-06-10 00:00:00+00:00
[2024-06-10T20:14:14.400+0000] {processor.py:183} INFO - Processing /home/airflow/.local/lib/python3.12/site-packages/airflow/example_dags/tutorial.py took 0.063 seconds
[2024-06-10T20:14:44.529+0000] {processor.py:161} INFO - Started process (PID=469) to work on /home/airflow/.local/lib/python3.12/site-packages/airflow/example_dags/tutorial.py
[2024-06-10T20:14:44.530+0000] {processor.py:830} INFO - Processing file /home/airflow/.local/lib/python3.12/site-packages/airflow/example_dags/tutorial.py for tasks to queue
[2024-06-10T20:14:44.531+0000] {logging_mixin.py:188} INFO - [2024-06-10T20:14:44.531+0000] {dagbag.py:545} INFO - Filling up the DagBag from /home/airflow/.local/lib/python3.12/site-packages/airflow/example_dags/tutorial.py
[2024-06-10T20:14:44.536+0000] {processor.py:840} INFO - DAG(s) 'tutorial' retrieved from /home/airflow/.local/lib/python3.12/site-packages/airflow/example_dags/tutorial.py
[2024-06-10T20:14:44.552+0000] {logging_mixin.py:188} INFO - [2024-06-10T20:14:44.551+0000] {dag.py:3096} INFO - Sync 1 DAGs
[2024-06-10T20:14:44.569+0000] {logging_mixin.py:188} INFO - [2024-06-10T20:14:44.569+0000] {dag.py:3954} INFO - Setting next_dagrun for tutorial to 2024-06-09 00:00:00+00:00, run_after=2024-06-10 00:00:00+00:00
[2024-06-10T20:14:44.586+0000] {processor.py:183} INFO - Processing /home/airflow/.local/lib/python3.12/site-packages/airflow/example_dags/tutorial.py took 0.062 seconds
[2024-06-10T20:15:14.835+0000] {processor.py:161} INFO - Started process (PID=527) to work on /home/airflow/.local/lib/python3.12/site-packages/airflow/example_dags/tutorial.py
[2024-06-10T20:15:14.836+0000] {processor.py:830} INFO - Processing file /home/airflow/.local/lib/python3.12/site-packages/airflow/example_dags/tutorial.py for tasks to queue
[2024-06-10T20:15:14.838+0000] {logging_mixin.py:188} INFO - [2024-06-10T20:15:14.838+0000] {dagbag.py:545} INFO - Filling up the DagBag from /home/airflow/.local/lib/python3.12/site-packages/airflow/example_dags/tutorial.py
[2024-06-10T20:15:14.843+0000] {processor.py:840} INFO - DAG(s) 'tutorial' retrieved from /home/airflow/.local/lib/python3.12/site-packages/airflow/example_dags/tutorial.py
[2024-06-10T20:15:14.857+0000] {logging_mixin.py:188} INFO - [2024-06-10T20:15:14.857+0000] {dag.py:3096} INFO - Sync 1 DAGs
[2024-06-10T20:15:14.874+0000] {logging_mixin.py:188} INFO - [2024-06-10T20:15:14.873+0000] {dag.py:3954} INFO - Setting next_dagrun for tutorial to 2024-06-09 00:00:00+00:00, run_after=2024-06-10 00:00:00+00:00
[2024-06-10T20:15:14.891+0000] {processor.py:183} INFO - Processing /home/airflow/.local/lib/python3.12/site-packages/airflow/example_dags/tutorial.py took 0.060 seconds
[2024-06-10T20:15:45.052+0000] {processor.py:161} INFO - Started process (PID=585) to work on /home/airflow/.local/lib/python3.12/site-packages/airflow/example_dags/tutorial.py
[2024-06-10T20:15:45.053+0000] {processor.py:830} INFO - Processing file /home/airflow/.local/lib/python3.12/site-packages/airflow/example_dags/tutorial.py for tasks to queue
[2024-06-10T20:15:45.055+0000] {logging_mixin.py:188} INFO - [2024-06-10T20:15:45.054+0000] {dagbag.py:545} INFO - Filling up the DagBag from /home/airflow/.local/lib/python3.12/site-packages/airflow/example_dags/tutorial.py
[2024-06-10T20:15:45.059+0000] {processor.py:840} INFO - DAG(s) 'tutorial' retrieved from /home/airflow/.local/lib/python3.12/site-packages/airflow/example_dags/tutorial.py
[2024-06-10T20:15:45.074+0000] {logging_mixin.py:188} INFO - [2024-06-10T20:15:45.074+0000] {dag.py:3096} INFO - Sync 1 DAGs
[2024-06-10T20:15:45.089+0000] {logging_mixin.py:188} INFO - [2024-06-10T20:15:45.089+0000] {dag.py:3954} INFO - Setting next_dagrun for tutorial to 2024-06-09 00:00:00+00:00, run_after=2024-06-10 00:00:00+00:00
[2024-06-10T20:15:45.105+0000] {processor.py:183} INFO - Processing /home/airflow/.local/lib/python3.12/site-packages/airflow/example_dags/tutorial.py took 0.058 seconds
[2024-06-10T20:16:15.389+0000] {processor.py:161} INFO - Started process (PID=643) to work on /home/airflow/.local/lib/python3.12/site-packages/airflow/example_dags/tutorial.py
[2024-06-10T20:16:15.390+0000] {processor.py:830} INFO - Processing file /home/airflow/.local/lib/python3.12/site-packages/airflow/example_dags/tutorial.py for tasks to queue
[2024-06-10T20:16:15.392+0000] {logging_mixin.py:188} INFO - [2024-06-10T20:16:15.391+0000] {dagbag.py:545} INFO - Filling up the DagBag from /home/airflow/.local/lib/python3.12/site-packages/airflow/example_dags/tutorial.py
[2024-06-10T20:16:15.397+0000] {processor.py:840} INFO - DAG(s) 'tutorial' retrieved from /home/airflow/.local/lib/python3.12/site-packages/airflow/example_dags/tutorial.py
[2024-06-10T20:16:15.411+0000] {logging_mixin.py:188} INFO - [2024-06-10T20:16:15.411+0000] {dag.py:3096} INFO - Sync 1 DAGs
[2024-06-10T20:16:15.427+0000] {logging_mixin.py:188} INFO - [2024-06-10T20:16:15.427+0000] {dag.py:3954} INFO - Setting next_dagrun for tutorial to 2024-06-09 00:00:00+00:00, run_after=2024-06-10 00:00:00+00:00
[2024-06-10T20:16:15.444+0000] {processor.py:183} INFO - Processing /home/airflow/.local/lib/python3.12/site-packages/airflow/example_dags/tutorial.py took 0.059 seconds
[2024-06-10T20:16:45.798+0000] {processor.py:161} INFO - Started process (PID=701) to work on /home/airflow/.local/lib/python3.12/site-packages/airflow/example_dags/tutorial.py
[2024-06-10T20:16:45.799+0000] {processor.py:830} INFO - Processing file /home/airflow/.local/lib/python3.12/site-packages/airflow/example_dags/tutorial.py for tasks to queue
[2024-06-10T20:16:45.801+0000] {logging_mixin.py:188} INFO - [2024-06-10T20:16:45.801+0000] {dagbag.py:545} INFO - Filling up the DagBag from /home/airflow/.local/lib/python3.12/site-packages/airflow/example_dags/tutorial.py
[2024-06-10T20:16:45.806+0000] {processor.py:840} INFO - DAG(s) 'tutorial' retrieved from /home/airflow/.local/lib/python3.12/site-packages/airflow/example_dags/tutorial.py
[2024-06-10T20:16:45.822+0000] {logging_mixin.py:188} INFO - [2024-06-10T20:16:45.821+0000] {dag.py:3096} INFO - Sync 1 DAGs
[2024-06-10T20:16:45.839+0000] {logging_mixin.py:188} INFO - [2024-06-10T20:16:45.838+0000] {dag.py:3954} INFO - Setting next_dagrun for tutorial to 2024-06-09 00:00:00+00:00, run_after=2024-06-10 00:00:00+00:00
[2024-06-10T20:16:45.857+0000] {processor.py:183} INFO - Processing /home/airflow/.local/lib/python3.12/site-packages/airflow/example_dags/tutorial.py took 0.064 seconds
[2024-06-10T20:17:16.189+0000] {processor.py:161} INFO - Started process (PID=759) to work on /home/airflow/.local/lib/python3.12/site-packages/airflow/example_dags/tutorial.py
[2024-06-10T20:17:16.190+0000] {processor.py:830} INFO - Processing file /home/airflow/.local/lib/python3.12/site-packages/airflow/example_dags/tutorial.py for tasks to queue
[2024-06-10T20:17:16.192+0000] {logging_mixin.py:188} INFO - [2024-06-10T20:17:16.192+0000] {dagbag.py:545} INFO - Filling up the DagBag from /home/airflow/.local/lib/python3.12/site-packages/airflow/example_dags/tutorial.py
[2024-06-10T20:17:16.197+0000] {processor.py:840} INFO - DAG(s) 'tutorial' retrieved from /home/airflow/.local/lib/python3.12/site-packages/airflow/example_dags/tutorial.py
[2024-06-10T20:17:16.213+0000] {logging_mixin.py:188} INFO - [2024-06-10T20:17:16.212+0000] {dag.py:3096} INFO - Sync 1 DAGs
[2024-06-10T20:17:16.230+0000] {logging_mixin.py:188} INFO - [2024-06-10T20:17:16.230+0000] {dag.py:3954} INFO - Setting next_dagrun for tutorial to 2024-06-09 00:00:00+00:00, run_after=2024-06-10 00:00:00+00:00
[2024-06-10T20:17:16.246+0000] {processor.py:183} INFO - Processing /home/airflow/.local/lib/python3.12/site-packages/airflow/example_dags/tutorial.py took 0.062 seconds
[2024-06-10T20:17:46.714+0000] {processor.py:161} INFO - Started process (PID=823) to work on /home/airflow/.local/lib/python3.12/site-packages/airflow/example_dags/tutorial.py
[2024-06-10T20:17:46.715+0000] {processor.py:830} INFO - Processing file /home/airflow/.local/lib/python3.12/site-packages/airflow/example_dags/tutorial.py for tasks to queue
[2024-06-10T20:17:46.717+0000] {logging_mixin.py:188} INFO - [2024-06-10T20:17:46.717+0000] {dagbag.py:545} INFO - Filling up the DagBag from /home/airflow/.local/lib/python3.12/site-packages/airflow/example_dags/tutorial.py
[2024-06-10T20:17:46.722+0000] {processor.py:840} INFO - DAG(s) 'tutorial' retrieved from /home/airflow/.local/lib/python3.12/site-packages/airflow/example_dags/tutorial.py
[2024-06-10T20:17:46.741+0000] {logging_mixin.py:188} INFO - [2024-06-10T20:17:46.741+0000] {dag.py:3096} INFO - Sync 1 DAGs
[2024-06-10T20:17:46.760+0000] {logging_mixin.py:188} INFO - [2024-06-10T20:17:46.760+0000] {dag.py:3954} INFO - Setting next_dagrun for tutorial to 2024-06-09 00:00:00+00:00, run_after=2024-06-10 00:00:00+00:00
[2024-06-10T20:17:46.781+0000] {processor.py:183} INFO - Processing /home/airflow/.local/lib/python3.12/site-packages/airflow/example_dags/tutorial.py took 0.073 seconds
[2024-06-10T20:18:17.135+0000] {processor.py:161} INFO - Started process (PID=880) to work on /home/airflow/.local/lib/python3.12/site-packages/airflow/example_dags/tutorial.py
[2024-06-10T20:18:17.137+0000] {processor.py:830} INFO - Processing file /home/airflow/.local/lib/python3.12/site-packages/airflow/example_dags/tutorial.py for tasks to queue
[2024-06-10T20:18:17.138+0000] {logging_mixin.py:188} INFO - [2024-06-10T20:18:17.138+0000] {dagbag.py:545} INFO - Filling up the DagBag from /home/airflow/.local/lib/python3.12/site-packages/airflow/example_dags/tutorial.py
[2024-06-10T20:18:17.145+0000] {processor.py:840} INFO - DAG(s) 'tutorial' retrieved from /home/airflow/.local/lib/python3.12/site-packages/airflow/example_dags/tutorial.py
[2024-06-10T20:18:17.164+0000] {logging_mixin.py:188} INFO - [2024-06-10T20:18:17.164+0000] {dag.py:3096} INFO - Sync 1 DAGs
[2024-06-10T20:18:17.183+0000] {logging_mixin.py:188} INFO - [2024-06-10T20:18:17.183+0000] {dag.py:3954} INFO - Setting next_dagrun for tutorial to 2024-06-09 00:00:00+00:00, run_after=2024-06-10 00:00:00+00:00
[2024-06-10T20:18:17.203+0000] {processor.py:183} INFO - Processing /home/airflow/.local/lib/python3.12/site-packages/airflow/example_dags/tutorial.py took 0.073 seconds
[2024-06-10T20:18:47.935+0000] {processor.py:161} INFO - Started process (PID=938) to work on /home/airflow/.local/lib/python3.12/site-packages/airflow/example_dags/tutorial.py
[2024-06-10T20:18:47.936+0000] {processor.py:830} INFO - Processing file /home/airflow/.local/lib/python3.12/site-packages/airflow/example_dags/tutorial.py for tasks to queue
[2024-06-10T20:18:47.938+0000] {logging_mixin.py:188} INFO - [2024-06-10T20:18:47.938+0000] {dagbag.py:545} INFO - Filling up the DagBag from /home/airflow/.local/lib/python3.12/site-packages/airflow/example_dags/tutorial.py
[2024-06-10T20:18:47.945+0000] {processor.py:840} INFO - DAG(s) 'tutorial' retrieved from /home/airflow/.local/lib/python3.12/site-packages/airflow/example_dags/tutorial.py
[2024-06-10T20:18:47.963+0000] {logging_mixin.py:188} INFO - [2024-06-10T20:18:47.963+0000] {dag.py:3096} INFO - Sync 1 DAGs
[2024-06-10T20:18:47.981+0000] {logging_mixin.py:188} INFO - [2024-06-10T20:18:47.981+0000] {dag.py:3954} INFO - Setting next_dagrun for tutorial to 2024-06-09 00:00:00+00:00, run_after=2024-06-10 00:00:00+00:00
[2024-06-10T20:18:48.161+0000] {processor.py:183} INFO - Processing /home/airflow/.local/lib/python3.12/site-packages/airflow/example_dags/tutorial.py took 0.233 seconds
[2024-06-10T20:19:18.790+0000] {processor.py:161} INFO - Started process (PID=996) to work on /home/airflow/.local/lib/python3.12/site-packages/airflow/example_dags/tutorial.py
[2024-06-10T20:19:18.791+0000] {processor.py:830} INFO - Processing file /home/airflow/.local/lib/python3.12/site-packages/airflow/example_dags/tutorial.py for tasks to queue
[2024-06-10T20:19:18.793+0000] {logging_mixin.py:188} INFO - [2024-06-10T20:19:18.792+0000] {dagbag.py:545} INFO - Filling up the DagBag from /home/airflow/.local/lib/python3.12/site-packages/airflow/example_dags/tutorial.py
[2024-06-10T20:19:18.797+0000] {processor.py:840} INFO - DAG(s) 'tutorial' retrieved from /home/airflow/.local/lib/python3.12/site-packages/airflow/example_dags/tutorial.py
[2024-06-10T20:19:18.814+0000] {logging_mixin.py:188} INFO - [2024-06-10T20:19:18.813+0000] {dag.py:3096} INFO - Sync 1 DAGs
[2024-06-10T20:19:18.830+0000] {logging_mixin.py:188} INFO - [2024-06-10T20:19:18.830+0000] {dag.py:3954} INFO - Setting next_dagrun for tutorial to 2024-06-09 00:00:00+00:00, run_after=2024-06-10 00:00:00+00:00
[2024-06-10T20:19:18.847+0000] {processor.py:183} INFO - Processing /home/airflow/.local/lib/python3.12/site-packages/airflow/example_dags/tutorial.py took 0.061 seconds
[2024-06-10T20:19:49.028+0000] {processor.py:161} INFO - Started process (PID=1054) to work on /home/airflow/.local/lib/python3.12/site-packages/airflow/example_dags/tutorial.py
[2024-06-10T20:19:49.029+0000] {processor.py:830} INFO - Processing file /home/airflow/.local/lib/python3.12/site-packages/airflow/example_dags/tutorial.py for tasks to queue
[2024-06-10T20:19:49.032+0000] {logging_mixin.py:188} INFO - [2024-06-10T20:19:49.031+0000] {dagbag.py:545} INFO - Filling up the DagBag from /home/airflow/.local/lib/python3.12/site-packages/airflow/example_dags/tutorial.py
[2024-06-10T20:19:49.037+0000] {processor.py:840} INFO - DAG(s) 'tutorial' retrieved from /home/airflow/.local/lib/python3.12/site-packages/airflow/example_dags/tutorial.py
[2024-06-10T20:19:49.053+0000] {logging_mixin.py:188} INFO - [2024-06-10T20:19:49.053+0000] {dag.py:3096} INFO - Sync 1 DAGs
[2024-06-10T20:19:49.070+0000] {logging_mixin.py:188} INFO - [2024-06-10T20:19:49.070+0000] {dag.py:3954} INFO - Setting next_dagrun for tutorial to 2024-06-09 00:00:00+00:00, run_after=2024-06-10 00:00:00+00:00
[2024-06-10T20:19:49.090+0000] {processor.py:183} INFO - Processing /home/airflow/.local/lib/python3.12/site-packages/airflow/example_dags/tutorial.py took 0.066 seconds
[2024-06-10T20:20:19.629+0000] {processor.py:161} INFO - Started process (PID=1112) to work on /home/airflow/.local/lib/python3.12/site-packages/airflow/example_dags/tutorial.py
[2024-06-10T20:20:19.631+0000] {processor.py:830} INFO - Processing file /home/airflow/.local/lib/python3.12/site-packages/airflow/example_dags/tutorial.py for tasks to queue
[2024-06-10T20:20:19.632+0000] {logging_mixin.py:188} INFO - [2024-06-10T20:20:19.632+0000] {dagbag.py:545} INFO - Filling up the DagBag from /home/airflow/.local/lib/python3.12/site-packages/airflow/example_dags/tutorial.py
[2024-06-10T20:20:19.637+0000] {processor.py:840} INFO - DAG(s) 'tutorial' retrieved from /home/airflow/.local/lib/python3.12/site-packages/airflow/example_dags/tutorial.py
[2024-06-10T20:20:19.652+0000] {logging_mixin.py:188} INFO - [2024-06-10T20:20:19.652+0000] {dag.py:3096} INFO - Sync 1 DAGs
[2024-06-10T20:20:19.668+0000] {logging_mixin.py:188} INFO - [2024-06-10T20:20:19.668+0000] {dag.py:3954} INFO - Setting next_dagrun for tutorial to 2024-06-09 00:00:00+00:00, run_after=2024-06-10 00:00:00+00:00
[2024-06-10T20:20:19.684+0000] {processor.py:183} INFO - Processing /home/airflow/.local/lib/python3.12/site-packages/airflow/example_dags/tutorial.py took 0.059 seconds
[2024-06-10T20:20:50.552+0000] {processor.py:161} INFO - Started process (PID=1170) to work on /home/airflow/.local/lib/python3.12/site-packages/airflow/example_dags/tutorial.py
[2024-06-10T20:20:50.554+0000] {processor.py:830} INFO - Processing file /home/airflow/.local/lib/python3.12/site-packages/airflow/example_dags/tutorial.py for tasks to queue
[2024-06-10T20:20:50.557+0000] {logging_mixin.py:188} INFO - [2024-06-10T20:20:50.556+0000] {dagbag.py:545} INFO - Filling up the DagBag from /home/airflow/.local/lib/python3.12/site-packages/airflow/example_dags/tutorial.py
[2024-06-10T20:20:50.563+0000] {processor.py:840} INFO - DAG(s) 'tutorial' retrieved from /home/airflow/.local/lib/python3.12/site-packages/airflow/example_dags/tutorial.py
[2024-06-10T20:20:50.583+0000] {logging_mixin.py:188} INFO - [2024-06-10T20:20:50.582+0000] {dag.py:3096} INFO - Sync 1 DAGs
[2024-06-10T20:20:50.601+0000] {logging_mixin.py:188} INFO - [2024-06-10T20:20:50.601+0000] {dag.py:3954} INFO - Setting next_dagrun for tutorial to 2024-06-09 00:00:00+00:00, run_after=2024-06-10 00:00:00+00:00
[2024-06-10T20:20:50.623+0000] {processor.py:183} INFO - Processing /home/airflow/.local/lib/python3.12/site-packages/airflow/example_dags/tutorial.py took 0.078 seconds
[2024-06-10T20:21:20.843+0000] {processor.py:161} INFO - Started process (PID=1227) to work on /home/airflow/.local/lib/python3.12/site-packages/airflow/example_dags/tutorial.py
[2024-06-10T20:21:20.845+0000] {processor.py:830} INFO - Processing file /home/airflow/.local/lib/python3.12/site-packages/airflow/example_dags/tutorial.py for tasks to queue
[2024-06-10T20:21:20.847+0000] {logging_mixin.py:188} INFO - [2024-06-10T20:21:20.847+0000] {dagbag.py:545} INFO - Filling up the DagBag from /home/airflow/.local/lib/python3.12/site-packages/airflow/example_dags/tutorial.py
[2024-06-10T20:21:20.853+0000] {processor.py:840} INFO - DAG(s) 'tutorial' retrieved from /home/airflow/.local/lib/python3.12/site-packages/airflow/example_dags/tutorial.py
[2024-06-10T20:21:20.874+0000] {logging_mixin.py:188} INFO - [2024-06-10T20:21:20.874+0000] {dag.py:3096} INFO - Sync 1 DAGs
[2024-06-10T20:21:20.891+0000] {logging_mixin.py:188} INFO - [2024-06-10T20:21:20.891+0000] {dag.py:3954} INFO - Setting next_dagrun for tutorial to 2024-06-09 00:00:00+00:00, run_after=2024-06-10 00:00:00+00:00
[2024-06-10T20:21:20.909+0000] {processor.py:183} INFO - Processing /home/airflow/.local/lib/python3.12/site-packages/airflow/example_dags/tutorial.py took 0.074 seconds
[2024-06-10T20:21:42.535+0000] {processor.py:161} INFO - Started process (PID=63) to work on /home/airflow/.local/lib/python3.12/site-packages/airflow/example_dags/tutorial.py
[2024-06-10T20:21:42.537+0000] {processor.py:830} INFO - Processing file /home/airflow/.local/lib/python3.12/site-packages/airflow/example_dags/tutorial.py for tasks to queue
[2024-06-10T20:21:42.539+0000] {logging_mixin.py:188} INFO - [2024-06-10T20:21:42.539+0000] {dagbag.py:545} INFO - Filling up the DagBag from /home/airflow/.local/lib/python3.12/site-packages/airflow/example_dags/tutorial.py
[2024-06-10T20:21:42.545+0000] {processor.py:840} INFO - DAG(s) 'tutorial' retrieved from /home/airflow/.local/lib/python3.12/site-packages/airflow/example_dags/tutorial.py
[2024-06-10T20:21:42.566+0000] {logging_mixin.py:188} INFO - [2024-06-10T20:21:42.565+0000] {dag.py:3096} INFO - Sync 1 DAGs
[2024-06-10T20:21:42.582+0000] {logging_mixin.py:188} INFO - [2024-06-10T20:21:42.582+0000] {dag.py:3954} INFO - Setting next_dagrun for tutorial to 2024-06-09 00:00:00+00:00, run_after=2024-06-10 00:00:00+00:00
[2024-06-10T20:21:42.598+0000] {processor.py:183} INFO - Processing /home/airflow/.local/lib/python3.12/site-packages/airflow/example_dags/tutorial.py took 0.068 seconds
[2024-06-10T20:22:12.835+0000] {processor.py:161} INFO - Started process (PID=121) to work on /home/airflow/.local/lib/python3.12/site-packages/airflow/example_dags/tutorial.py
[2024-06-10T20:22:12.836+0000] {processor.py:830} INFO - Processing file /home/airflow/.local/lib/python3.12/site-packages/airflow/example_dags/tutorial.py for tasks to queue
[2024-06-10T20:22:12.838+0000] {logging_mixin.py:188} INFO - [2024-06-10T20:22:12.838+0000] {dagbag.py:545} INFO - Filling up the DagBag from /home/airflow/.local/lib/python3.12/site-packages/airflow/example_dags/tutorial.py
[2024-06-10T20:22:12.842+0000] {processor.py:840} INFO - DAG(s) 'tutorial' retrieved from /home/airflow/.local/lib/python3.12/site-packages/airflow/example_dags/tutorial.py
[2024-06-10T20:22:12.857+0000] {logging_mixin.py:188} INFO - [2024-06-10T20:22:12.856+0000] {dag.py:3096} INFO - Sync 1 DAGs
[2024-06-10T20:22:12.884+0000] {logging_mixin.py:188} INFO - [2024-06-10T20:22:12.884+0000] {dag.py:3954} INFO - Setting next_dagrun for tutorial to 2024-06-09 00:00:00+00:00, run_after=2024-06-10 00:00:00+00:00
[2024-06-10T20:22:12.903+0000] {processor.py:183} INFO - Processing /home/airflow/.local/lib/python3.12/site-packages/airflow/example_dags/tutorial.py took 0.072 seconds
