[2024-06-12T05:50:15.651+0000] {local_task_job_runner.py:120} INFO - ::group::Pre task execution logs
[2024-06-12T05:50:15.681+0000] {taskinstance.py:2076} INFO - Dependencies all met for dep_context=non-requeueable deps ti=<TaskInstance: invoice2receipt.process_each_invoice.create_extraction_job manual__2024-06-12T05:50:09.273321+00:00 map_index=0 [queued]>
[2024-06-12T05:50:15.697+0000] {taskinstance.py:2076} INFO - Dependencies all met for dep_context=requeueable deps ti=<TaskInstance: invoice2receipt.process_each_invoice.create_extraction_job manual__2024-06-12T05:50:09.273321+00:00 map_index=0 [queued]>
[2024-06-12T05:50:15.699+0000] {taskinstance.py:2306} INFO - Starting attempt 1 of 1
[2024-06-12T05:50:15.717+0000] {taskinstance.py:2330} INFO - Executing <Task(_PythonDecoratedOperator): process_each_invoice.create_extraction_job> on 2024-06-12 05:50:09.273321+00:00
[2024-06-12T05:50:15.723+0000] {warnings.py:112} WARNING - /home/***/.local/lib/python3.12/site-packages/***/task/task_runner/standard_task_runner.py:61: DeprecationWarning: This process (pid=5918) is multi-threaded, use of fork() may lead to deadlocks in the child.
  pid = os.fork()

[2024-06-12T05:50:15.726+0000] {standard_task_runner.py:63} INFO - Started process 5920 to run task
[2024-06-12T05:50:15.725+0000] {standard_task_runner.py:90} INFO - Running: ['***', 'tasks', 'run', 'invoice2receipt', 'process_each_invoice.create_extraction_job', 'manual__2024-06-12T05:50:09.273321+00:00', '--job-id', '347', '--raw', '--subdir', 'DAGS_FOLDER/invoice2receipt.py', '--cfg-path', '/tmp/tmp9wgqxav8', '--map-index', '0']
[2024-06-12T05:50:15.727+0000] {standard_task_runner.py:91} INFO - Job 347: Subtask process_each_invoice.create_extraction_job
[2024-06-12T05:50:15.777+0000] {task_command.py:426} INFO - Running <TaskInstance: invoice2receipt.process_each_invoice.create_extraction_job manual__2024-06-12T05:50:09.273321+00:00 map_index=0 [running]> on host 678b3b027d57
[2024-06-12T05:50:15.906+0000] {taskinstance.py:2648} INFO - Exporting env vars: AIRFLOW_CTX_DAG_OWNER='Anudeep' AIRFLOW_CTX_DAG_ID='invoice2receipt' AIRFLOW_CTX_TASK_ID='process_each_invoice.create_extraction_job' AIRFLOW_CTX_EXECUTION_DATE='2024-06-12T05:50:09.273321+00:00' AIRFLOW_CTX_TRY_NUMBER='1' AIRFLOW_CTX_DAG_RUN_ID='manual__2024-06-12T05:50:09.273321+00:00'
[2024-06-12T05:50:15.984+0000] {taskinstance.py:430} INFO - ::endgroup::
[2024-06-12T05:50:17.460+0000] {logging_mixin.py:188} INFO - {'status': 'PENDING', 'id': '7ff9abbb-7b1f-4b8a-bf4f-b8fecf6f9230', 'processedTime': '2024-06-12T05:50:17.243674+00:00'}
[2024-06-12T05:50:17.465+0000] {python.py:237} INFO - Done. Returned value was: 7ff9abbb-7b1f-4b8a-bf4f-b8fecf6f9230
[2024-06-12T05:50:17.467+0000] {taskinstance.py:441} INFO - ::group::Post task execution logs
[2024-06-12T05:50:17.499+0000] {taskinstance.py:1206} INFO - Marking task as SUCCESS. dag_id=invoice2receipt, task_id=process_each_invoice.create_extraction_job, run_id=manual__2024-06-12T05:50:09.273321+00:00, map_index=0, execution_date=20240612T055009, start_date=20240612T055015, end_date=20240612T055017
[2024-06-12T05:50:17.548+0000] {local_task_job_runner.py:240} INFO - Task exited with return code 0
[2024-06-12T05:50:17.644+0000] {taskinstance.py:3503} INFO - 2 downstream tasks scheduled from follow-on schedule check
[2024-06-12T05:50:17.648+0000] {local_task_job_runner.py:222} INFO - ::endgroup::
