[2024-06-11T12:56:57.394+0000] {local_task_job_runner.py:120} INFO - ::group::Pre task execution logs
[2024-06-11T12:56:57.419+0000] {taskinstance.py:2076} INFO - Dependencies all met for dep_context=non-requeueable deps ti=<TaskInstance: hello_word.process_group.read_task manual__2024-06-11T12:56:55.216063+00:00 map_index=1 [queued]>
[2024-06-11T12:56:57.427+0000] {taskinstance.py:2076} INFO - Dependencies all met for dep_context=requeueable deps ti=<TaskInstance: hello_word.process_group.read_task manual__2024-06-11T12:56:55.216063+00:00 map_index=1 [queued]>
[2024-06-11T12:56:57.428+0000] {taskinstance.py:2306} INFO - Starting attempt 1 of 1
[2024-06-11T12:56:57.441+0000] {taskinstance.py:2330} INFO - Executing <Task(_PythonDecoratedOperator): process_group.read_task> on 2024-06-11 12:56:55.216063+00:00
[2024-06-11T12:56:57.446+0000] {warnings.py:112} WARNING - /home/***/.local/lib/python3.12/site-packages/***/task/task_runner/standard_task_runner.py:61: DeprecationWarning: This process (pid=7446) is multi-threaded, use of fork() may lead to deadlocks in the child.
  pid = os.fork()

[2024-06-11T12:56:57.447+0000] {standard_task_runner.py:63} INFO - Started process 7447 to run task
[2024-06-11T12:56:57.447+0000] {standard_task_runner.py:90} INFO - Running: ['***', 'tasks', 'run', 'hello_word', 'process_group.read_task', 'manual__2024-06-11T12:56:55.216063+00:00', '--job-id', '167', '--raw', '--subdir', 'DAGS_FOLDER/simple_hello_world.py', '--cfg-path', '/tmp/tmp_fvq34cq', '--map-index', '1']
[2024-06-11T12:56:57.449+0000] {standard_task_runner.py:91} INFO - Job 167: Subtask process_group.read_task
[2024-06-11T12:56:57.485+0000] {task_command.py:426} INFO - Running <TaskInstance: hello_word.process_group.read_task manual__2024-06-11T12:56:55.216063+00:00 map_index=1 [running]> on host 678b3b027d57
[2024-06-11T12:56:57.557+0000] {taskinstance.py:2648} INFO - Exporting env vars: AIRFLOW_CTX_DAG_OWNER='Anudeep' AIRFLOW_CTX_DAG_ID='hello_word' AIRFLOW_CTX_TASK_ID='process_group.read_task' AIRFLOW_CTX_EXECUTION_DATE='2024-06-11T12:56:55.216063+00:00' AIRFLOW_CTX_TRY_NUMBER='1' AIRFLOW_CTX_DAG_RUN_ID='manual__2024-06-11T12:56:55.216063+00:00'
[2024-06-11T12:56:57.558+0000] {taskinstance.py:430} INFO - ::endgroup::
[2024-06-11T12:56:57.564+0000] {logging_mixin.py:188} INFO - {
   "firstName": "Joe",
   "lastName": "Jackson",
   "gender": "male",
   "age": 28,
   "address": {
       "streetAddress": "101",
       "city": "San Diego",
       "state": "CA"
   },
   "phoneNumbers": [
       { "type": "home", "number": "7349282382" }
   ]
}
[2024-06-11T12:56:57.566+0000] {python.py:237} INFO - Done. Returned value was: ['']
[2024-06-11T12:56:57.566+0000] {taskinstance.py:441} INFO - ::group::Post task execution logs
[2024-06-11T12:56:57.584+0000] {taskinstance.py:1206} INFO - Marking task as SUCCESS. dag_id=hello_word, task_id=process_group.read_task, run_id=manual__2024-06-11T12:56:55.216063+00:00, map_index=1, execution_date=20240611T125655, start_date=20240611T125657, end_date=20240611T125657
[2024-06-11T12:56:57.662+0000] {local_task_job_runner.py:240} INFO - Task exited with return code 0
[2024-06-11T12:56:57.703+0000] {local_task_job_runner.py:222} INFO - ::endgroup::
