[2024-06-12T06:51:53.897+0000] {local_task_job_runner.py:120} INFO - ::group::Pre task execution logs
[2024-06-12T06:51:53.933+0000] {taskinstance.py:2076} INFO - Dependencies all met for dep_context=non-requeueable deps ti=<TaskInstance: invoice2receipt.process_each_invoice.create_extraction_job manual__2024-06-12T06:51:46.893890+00:00 map_index=1 [queued]>
[2024-06-12T06:51:53.951+0000] {taskinstance.py:2076} INFO - Dependencies all met for dep_context=requeueable deps ti=<TaskInstance: invoice2receipt.process_each_invoice.create_extraction_job manual__2024-06-12T06:51:46.893890+00:00 map_index=1 [queued]>
[2024-06-12T06:51:53.952+0000] {taskinstance.py:2306} INFO - Starting attempt 1 of 1
[2024-06-12T06:51:53.975+0000] {taskinstance.py:2330} INFO - Executing <Task(_PythonDecoratedOperator): process_each_invoice.create_extraction_job> on 2024-06-12 06:51:46.893890+00:00
[2024-06-12T06:51:54.030+0000] {warnings.py:112} WARNING - /home/***/.local/lib/python3.12/site-packages/***/task/task_runner/standard_task_runner.py:61: DeprecationWarning: This process (pid=526) is multi-threaded, use of fork() may lead to deadlocks in the child.
  pid = os.fork()

[2024-06-12T06:51:54.032+0000] {standard_task_runner.py:63} INFO - Started process 529 to run task
[2024-06-12T06:51:54.032+0000] {standard_task_runner.py:90} INFO - Running: ['***', 'tasks', 'run', 'invoice2receipt', 'process_each_invoice.create_extraction_job', 'manual__2024-06-12T06:51:46.893890+00:00', '--job-id', '419', '--raw', '--subdir', 'DAGS_FOLDER/invoice2receipt.py', '--cfg-path', '/tmp/tmpm9zd1pjp', '--map-index', '1']
[2024-06-12T06:51:54.034+0000] {standard_task_runner.py:91} INFO - Job 419: Subtask process_each_invoice.create_extraction_job
[2024-06-12T06:51:54.105+0000] {task_command.py:426} INFO - Running <TaskInstance: invoice2receipt.process_each_invoice.create_extraction_job manual__2024-06-12T06:51:46.893890+00:00 map_index=1 [running]> on host 678b3b027d57
[2024-06-12T06:51:54.208+0000] {taskinstance.py:2648} INFO - Exporting env vars: AIRFLOW_CTX_DAG_OWNER='Anudeep' AIRFLOW_CTX_DAG_ID='invoice2receipt' AIRFLOW_CTX_TASK_ID='process_each_invoice.create_extraction_job' AIRFLOW_CTX_EXECUTION_DATE='2024-06-12T06:51:46.893890+00:00' AIRFLOW_CTX_TRY_NUMBER='1' AIRFLOW_CTX_DAG_RUN_ID='manual__2024-06-12T06:51:46.893890+00:00'
[2024-06-12T06:51:54.238+0000] {taskinstance.py:430} INFO - ::endgroup::
[2024-06-12T06:51:55.611+0000] {logging_mixin.py:188} INFO - {'status': 'PENDING', 'id': '5cb710b9-5af3-4221-9c6e-07b59869a2de', 'processedTime': '2024-06-12T06:51:55.438702+00:00'}
[2024-06-12T06:51:55.618+0000] {python.py:237} INFO - Done. Returned value was: 5cb710b9-5af3-4221-9c6e-07b59869a2de
[2024-06-12T06:51:55.620+0000] {taskinstance.py:441} INFO - ::group::Post task execution logs
[2024-06-12T06:51:55.642+0000] {taskinstance.py:1206} INFO - Marking task as SUCCESS. dag_id=invoice2receipt, task_id=process_each_invoice.create_extraction_job, run_id=manual__2024-06-12T06:51:46.893890+00:00, map_index=1, execution_date=20240612T065146, start_date=20240612T065153, end_date=20240612T065155
[2024-06-12T06:51:55.699+0000] {local_task_job_runner.py:240} INFO - Task exited with return code 0
[2024-06-12T06:51:55.830+0000] {taskinstance.py:3503} INFO - 1 downstream tasks scheduled from follow-on schedule check
[2024-06-12T06:51:55.836+0000] {local_task_job_runner.py:222} INFO - ::endgroup::
