[2024-06-11T06:43:30.964+0000] {local_task_job_runner.py:120} INFO - ::group::Pre task execution logs
[2024-06-11T06:43:31.008+0000] {taskinstance.py:2076} INFO - Dependencies all met for dep_context=non-requeueable deps ti=<TaskInstance: hello_word.read_files_from_path manual__2024-06-11T06:43:29.850369+00:00 [queued]>
[2024-06-11T06:43:31.015+0000] {taskinstance.py:2076} INFO - Dependencies all met for dep_context=requeueable deps ti=<TaskInstance: hello_word.read_files_from_path manual__2024-06-11T06:43:29.850369+00:00 [queued]>
[2024-06-11T06:43:31.018+0000] {taskinstance.py:2306} INFO - Starting attempt 1 of 1
[2024-06-11T06:43:31.033+0000] {taskinstance.py:2330} INFO - Executing <Task(PythonOperator): read_files_from_path> on 2024-06-11 06:43:29.850369+00:00
[2024-06-11T06:43:31.039+0000] {warnings.py:112} WARNING - /home/***/.local/lib/python3.12/site-packages/***/task/task_runner/standard_task_runner.py:61: DeprecationWarning: This process (pid=2849) is multi-threaded, use of fork() may lead to deadlocks in the child.
  pid = os.fork()

[2024-06-11T06:43:31.040+0000] {standard_task_runner.py:63} INFO - Started process 2850 to run task
[2024-06-11T06:43:31.040+0000] {standard_task_runner.py:90} INFO - Running: ['***', 'tasks', 'run', 'hello_word', 'read_files_from_path', 'manual__2024-06-11T06:43:29.850369+00:00', '--job-id', '121', '--raw', '--subdir', 'DAGS_FOLDER/simple_hello_world.py', '--cfg-path', '/tmp/tmp4t2v2hbc']
[2024-06-11T06:43:31.041+0000] {standard_task_runner.py:91} INFO - Job 121: Subtask read_files_from_path
[2024-06-11T06:43:31.076+0000] {task_command.py:426} INFO - Running <TaskInstance: hello_word.read_files_from_path manual__2024-06-11T06:43:29.850369+00:00 [running]> on host 678b3b027d57
[2024-06-11T06:43:31.146+0000] {taskinstance.py:2648} INFO - Exporting env vars: AIRFLOW_CTX_DAG_OWNER='Anudeep' AIRFLOW_CTX_DAG_ID='hello_word' AIRFLOW_CTX_TASK_ID='read_files_from_path' AIRFLOW_CTX_EXECUTION_DATE='2024-06-11T06:43:29.850369+00:00' AIRFLOW_CTX_TRY_NUMBER='1' AIRFLOW_CTX_DAG_RUN_ID='manual__2024-06-11T06:43:29.850369+00:00'
[2024-06-11T06:43:31.159+0000] {taskinstance.py:430} INFO - ::endgroup::
[2024-06-11T06:43:31.179+0000] {base.py:84} INFO - Using connection ID 'invoices' for task execution.
[2024-06-11T06:43:31.368+0000] {python.py:237} INFO - Done. Returned value was: [['/opt/***/dags/invoices/sample1.json'], ['/opt/***/dags/invoices/sample2.json']]
[2024-06-11T06:43:31.371+0000] {taskinstance.py:441} INFO - ::group::Post task execution logs
[2024-06-11T06:43:31.395+0000] {taskinstance.py:1206} INFO - Marking task as SUCCESS. dag_id=hello_word, task_id=read_files_from_path, run_id=manual__2024-06-11T06:43:29.850369+00:00, execution_date=20240611T064329, start_date=20240611T064331, end_date=20240611T064331
[2024-06-11T06:43:31.416+0000] {local_task_job_runner.py:240} INFO - Task exited with return code 0
[2024-06-11T06:43:31.466+0000] {taskinstance.py:3503} INFO - 2 downstream tasks scheduled from follow-on schedule check
[2024-06-11T06:43:31.532+0000] {local_task_job_runner.py:222} INFO - ::endgroup::
