[2024-06-12T04:33:29.578+0000] {local_task_job_runner.py:120} INFO - ::group::Pre task execution logs
[2024-06-12T04:33:29.618+0000] {taskinstance.py:2076} INFO - Dependencies all met for dep_context=non-requeueable deps ti=<TaskInstance: invoice2receipt.process_each_invoice.create_extraction_job manual__2024-06-12T04:33:21.775067+00:00 map_index=1 [queued]>
[2024-06-12T04:33:29.638+0000] {taskinstance.py:2076} INFO - Dependencies all met for dep_context=requeueable deps ti=<TaskInstance: invoice2receipt.process_each_invoice.create_extraction_job manual__2024-06-12T04:33:21.775067+00:00 map_index=1 [queued]>
[2024-06-12T04:33:29.639+0000] {taskinstance.py:2306} INFO - Starting attempt 1 of 1
[2024-06-12T04:33:29.660+0000] {taskinstance.py:2330} INFO - Executing <Task(_PythonDecoratedOperator): process_each_invoice.create_extraction_job> on 2024-06-12 04:33:21.775067+00:00
[2024-06-12T04:33:29.667+0000] {warnings.py:112} WARNING - /home/***/.local/lib/python3.12/site-packages/***/task/task_runner/standard_task_runner.py:61: DeprecationWarning: This process (pid=4955) is multi-threaded, use of fork() may lead to deadlocks in the child.
  pid = os.fork()

[2024-06-12T04:33:29.668+0000] {standard_task_runner.py:63} INFO - Started process 4956 to run task
[2024-06-12T04:33:29.669+0000] {standard_task_runner.py:90} INFO - Running: ['***', 'tasks', 'run', 'invoice2receipt', 'process_each_invoice.create_extraction_job', 'manual__2024-06-12T04:33:21.775067+00:00', '--job-id', '257', '--raw', '--subdir', 'DAGS_FOLDER/invoice2receipt.py', '--cfg-path', '/tmp/tmpehpnezcx', '--map-index', '1']
[2024-06-12T04:33:29.671+0000] {standard_task_runner.py:91} INFO - Job 257: Subtask process_each_invoice.create_extraction_job
[2024-06-12T04:33:29.737+0000] {task_command.py:426} INFO - Running <TaskInstance: invoice2receipt.process_each_invoice.create_extraction_job manual__2024-06-12T04:33:21.775067+00:00 map_index=1 [running]> on host 678b3b027d57
[2024-06-12T04:33:29.896+0000] {taskinstance.py:2648} INFO - Exporting env vars: AIRFLOW_CTX_DAG_OWNER='Anudeep' AIRFLOW_CTX_DAG_ID='invoice2receipt' AIRFLOW_CTX_TASK_ID='process_each_invoice.create_extraction_job' AIRFLOW_CTX_EXECUTION_DATE='2024-06-12T04:33:21.775067+00:00' AIRFLOW_CTX_TRY_NUMBER='1' AIRFLOW_CTX_DAG_RUN_ID='manual__2024-06-12T04:33:21.775067+00:00'
[2024-06-12T04:33:29.897+0000] {taskinstance.py:430} INFO - ::endgroup::
[2024-06-12T04:33:30.786+0000] {taskinstance.py:441} INFO - ::group::Post task execution logs
[2024-06-12T04:33:30.788+0000] {taskinstance.py:2905} ERROR - Task failed with exception
Traceback (most recent call last):
  File "/home/airflow/.local/lib/python3.12/site-packages/airflow/models/taskinstance.py", line 465, in _execute_task
    result = _execute_callable(context=context, **execute_callable_kwargs)
             ^^^^^^^^^^^^^^^^^^^^^^^^^^^^^^^^^^^^^^^^^^^^^^^^^^^^^^^^^^^^^
  File "/home/airflow/.local/lib/python3.12/site-packages/airflow/models/taskinstance.py", line 432, in _execute_callable
    return execute_callable(context=context, **execute_callable_kwargs)
           ^^^^^^^^^^^^^^^^^^^^^^^^^^^^^^^^^^^^^^^^^^^^^^^^^^^^^^^^^^^^
  File "/home/airflow/.local/lib/python3.12/site-packages/airflow/models/baseoperator.py", line 401, in wrapper
    return func(self, *args, **kwargs)
           ^^^^^^^^^^^^^^^^^^^^^^^^^^^
  File "/home/airflow/.local/lib/python3.12/site-packages/airflow/decorators/base.py", line 265, in execute
    return_value = super().execute(context)
                   ^^^^^^^^^^^^^^^^^^^^^^^^
  File "/home/airflow/.local/lib/python3.12/site-packages/airflow/models/baseoperator.py", line 401, in wrapper
    return func(self, *args, **kwargs)
           ^^^^^^^^^^^^^^^^^^^^^^^^^^^
  File "/home/airflow/.local/lib/python3.12/site-packages/airflow/operators/python.py", line 235, in execute
    return_value = self.execute_callable()
                   ^^^^^^^^^^^^^^^^^^^^^^^
  File "/home/airflow/.local/lib/python3.12/site-packages/airflow/operators/python.py", line 252, in execute_callable
    return self.python_callable(*self.op_args, **self.op_kwargs)
           ^^^^^^^^^^^^^^^^^^^^^^^^^^^^^^^^^^^^^^^^^^^^^^^^^^^^^
  File "/opt/airflow/dags/invoice2receipt.py", line 45, in create_extraction_job
    job_response = create_job(token=get_access_token(), filepath=r"C:/Users/agadi/Downloads/sample-invoice-3.pdf")
                   ^^^^^^^^^^^^^^^^^^^^^^^^^^^^^^^^^^^^^^^^^^^^^^^^^^^^^^^^^^^^^^^^^^^^^^^^^^^^^^^^^^^^^^^^^^^^^^^
  File "/opt/airflow/dags/utils/docIE.py", line 49, in create_job
    'file': ('sample-invoice-3.pdf', open(filepath, 'rb'), mime_type)
                                     ^^^^^^^^^^^^^^^^^^^^
FileNotFoundError: [Errno 2] No such file or directory: 'C:/Users/agadi/Downloads/sample-invoice-3.pdf'
[2024-06-12T04:33:30.828+0000] {taskinstance.py:1206} INFO - Marking task as FAILED. dag_id=invoice2receipt, task_id=process_each_invoice.create_extraction_job, run_id=manual__2024-06-12T04:33:21.775067+00:00, map_index=1, execution_date=20240612T043321, start_date=20240612T043329, end_date=20240612T043330
[2024-06-12T04:33:30.845+0000] {standard_task_runner.py:110} ERROR - Failed to execute job 257 for task process_each_invoice.create_extraction_job ([Errno 2] No such file or directory: 'C:/Users/agadi/Downloads/sample-invoice-3.pdf'; 4956)
[2024-06-12T04:33:30.890+0000] {local_task_job_runner.py:240} INFO - Task exited with return code 1
[2024-06-12T04:33:30.903+0000] {local_task_job_runner.py:222} INFO - ::endgroup::
