[2024-06-11T13:01:53.705+0000] {local_task_job_runner.py:120} INFO - ::group::Pre task execution logs
[2024-06-11T13:01:53.742+0000] {taskinstance.py:2076} INFO - Dependencies all met for dep_context=non-requeueable deps ti=<TaskInstance: hello_word.process_group.length_task manual__2024-06-11T13:01:49.786502+00:00 map_index=1 [queued]>
[2024-06-11T13:01:53.753+0000] {taskinstance.py:2076} INFO - Dependencies all met for dep_context=requeueable deps ti=<TaskInstance: hello_word.process_group.length_task manual__2024-06-11T13:01:49.786502+00:00 map_index=1 [queued]>
[2024-06-11T13:01:53.754+0000] {taskinstance.py:2306} INFO - Starting attempt 1 of 1
[2024-06-11T13:01:53.767+0000] {taskinstance.py:2330} INFO - Executing <Task(_PythonDecoratedOperator): process_group.length_task> on 2024-06-11 13:01:49.786502+00:00
[2024-06-11T13:01:53.772+0000] {warnings.py:112} WARNING - /home/***/.local/lib/python3.12/site-packages/***/task/task_runner/standard_task_runner.py:61: DeprecationWarning: This process (pid=7560) is multi-threaded, use of fork() may lead to deadlocks in the child.
  pid = os.fork()

[2024-06-11T13:01:53.774+0000] {standard_task_runner.py:63} INFO - Started process 7561 to run task
[2024-06-11T13:01:53.774+0000] {standard_task_runner.py:90} INFO - Running: ['***', 'tasks', 'run', 'hello_word', 'process_group.length_task', 'manual__2024-06-11T13:01:49.786502+00:00', '--job-id', '189', '--raw', '--subdir', 'DAGS_FOLDER/simple_hello_world.py', '--cfg-path', '/tmp/tmp17m0gvxb', '--map-index', '1']
[2024-06-11T13:01:53.775+0000] {standard_task_runner.py:91} INFO - Job 189: Subtask process_group.length_task
[2024-06-11T13:01:53.815+0000] {task_command.py:426} INFO - Running <TaskInstance: hello_word.process_group.length_task manual__2024-06-11T13:01:49.786502+00:00 map_index=1 [running]> on host 678b3b027d57
[2024-06-11T13:01:53.896+0000] {taskinstance.py:2648} INFO - Exporting env vars: AIRFLOW_CTX_DAG_OWNER='Anudeep' AIRFLOW_CTX_DAG_ID='hello_word' AIRFLOW_CTX_TASK_ID='process_group.length_task' AIRFLOW_CTX_EXECUTION_DATE='2024-06-11T13:01:49.786502+00:00' AIRFLOW_CTX_TRY_NUMBER='1' AIRFLOW_CTX_DAG_RUN_ID='manual__2024-06-11T13:01:49.786502+00:00'
[2024-06-11T13:01:53.898+0000] {taskinstance.py:430} INFO - ::endgroup::
[2024-06-11T13:02:03.899+0000] {logging_mixin.py:188} INFO - {
   "firstName": "Joe",
   "lastName": "Jackson",
   "gender": "male",
   "age": 28,
   "address": {
       "streetAddress": "101",
       "city": "San Diego",
       "state": "CA"
   },
   "phoneNumbers": [
       { "type": "home", "number": "7349282382" }
   ]
}
[2024-06-11T13:02:03.900+0000] {logging_mixin.py:188} INFO - 265
[2024-06-11T13:02:03.901+0000] {python.py:237} INFO - Done. Returned value was: None
[2024-06-11T13:02:03.902+0000] {taskinstance.py:441} INFO - ::group::Post task execution logs
[2024-06-11T13:02:03.910+0000] {taskinstance.py:1206} INFO - Marking task as SUCCESS. dag_id=hello_word, task_id=process_group.length_task, run_id=manual__2024-06-11T13:01:49.786502+00:00, map_index=1, execution_date=20240611T130149, start_date=20240611T130153, end_date=20240611T130203
[2024-06-11T13:02:03.962+0000] {local_task_job_runner.py:240} INFO - Task exited with return code 0
[2024-06-11T13:02:03.974+0000] {taskinstance.py:3503} INFO - 0 downstream tasks scheduled from follow-on schedule check
[2024-06-11T13:02:03.979+0000] {local_task_job_runner.py:222} INFO - ::endgroup::
