[2024-06-12T05:12:00.264+0000] {local_task_job_runner.py:120} INFO - ::group::Pre task execution logs
[2024-06-12T05:12:00.299+0000] {taskinstance.py:2076} INFO - Dependencies all met for dep_context=non-requeueable deps ti=<TaskInstance: invoice2receipt.process_each_invoice.download_from_s3 manual__2024-06-12T05:11:56.101833+00:00 map_index=1 [queued]>
[2024-06-12T05:12:00.317+0000] {taskinstance.py:2076} INFO - Dependencies all met for dep_context=requeueable deps ti=<TaskInstance: invoice2receipt.process_each_invoice.download_from_s3 manual__2024-06-12T05:11:56.101833+00:00 map_index=1 [queued]>
[2024-06-12T05:12:00.318+0000] {taskinstance.py:2306} INFO - Starting attempt 1 of 1
[2024-06-12T05:12:00.343+0000] {taskinstance.py:2330} INFO - Executing <Task(_PythonDecoratedOperator): process_each_invoice.download_from_s3> on 2024-06-12 05:11:56.101833+00:00
[2024-06-12T05:12:00.351+0000] {warnings.py:112} WARNING - /home/***/.local/lib/python3.12/site-packages/***/task/task_runner/standard_task_runner.py:61: DeprecationWarning: This process (pid=5609) is multi-threaded, use of fork() may lead to deadlocks in the child.
  pid = os.fork()

[2024-06-12T05:12:00.354+0000] {standard_task_runner.py:63} INFO - Started process 5611 to run task
[2024-06-12T05:12:00.355+0000] {standard_task_runner.py:90} INFO - Running: ['***', 'tasks', 'run', 'invoice2receipt', 'process_each_invoice.download_from_s3', 'manual__2024-06-12T05:11:56.101833+00:00', '--job-id', '318', '--raw', '--subdir', 'DAGS_FOLDER/invoice2receipt.py', '--cfg-path', '/tmp/tmpisfj1ld3', '--map-index', '1']
[2024-06-12T05:12:00.358+0000] {standard_task_runner.py:91} INFO - Job 318: Subtask process_each_invoice.download_from_s3
[2024-06-12T05:12:00.438+0000] {task_command.py:426} INFO - Running <TaskInstance: invoice2receipt.process_each_invoice.download_from_s3 manual__2024-06-12T05:11:56.101833+00:00 map_index=1 [running]> on host 678b3b027d57
[2024-06-12T05:12:00.596+0000] {taskinstance.py:2648} INFO - Exporting env vars: AIRFLOW_CTX_DAG_OWNER='Anudeep' AIRFLOW_CTX_DAG_ID='invoice2receipt' AIRFLOW_CTX_TASK_ID='process_each_invoice.download_from_s3' AIRFLOW_CTX_EXECUTION_DATE='2024-06-12T05:11:56.101833+00:00' AIRFLOW_CTX_TRY_NUMBER='1' AIRFLOW_CTX_DAG_RUN_ID='manual__2024-06-12T05:11:56.101833+00:00'
[2024-06-12T05:12:00.598+0000] {taskinstance.py:430} INFO - ::endgroup::
[2024-06-12T05:12:00.599+0000] {s3.py:1387} INFO - Downloading source S3 file from Bucket invoices with path sample-invoice-2.pdf
[2024-06-12T05:12:00.614+0000] {base.py:84} INFO - Using connection ID 'AWS_connection' for task execution.
[2024-06-12T05:12:00.615+0000] {connection_wrapper.py:384} INFO - AWS Connection (conn_id='AWS_connection', conn_type='aws') credentials retrieved from login and password.
[2024-06-12T05:12:00.878+0000] {python.py:237} INFO - Done. Returned value was: /tmp/***_tmp_dir_14b8b762/sample-invoice-2.pdf
[2024-06-12T05:12:00.879+0000] {taskinstance.py:441} INFO - ::group::Post task execution logs
[2024-06-12T05:12:00.918+0000] {taskinstance.py:1206} INFO - Marking task as SUCCESS. dag_id=invoice2receipt, task_id=process_each_invoice.download_from_s3, run_id=manual__2024-06-12T05:11:56.101833+00:00, map_index=1, execution_date=20240612T051156, start_date=20240612T051200, end_date=20240612T051200
[2024-06-12T05:12:01.013+0000] {local_task_job_runner.py:240} INFO - Task exited with return code 0
[2024-06-12T05:12:01.158+0000] {taskinstance.py:3503} INFO - 1 downstream tasks scheduled from follow-on schedule check
[2024-06-12T05:12:01.165+0000] {local_task_job_runner.py:222} INFO - ::endgroup::
