[2024-06-11T12:57:46.531+0000] {local_task_job_runner.py:120} INFO - ::group::Pre task execution logs
[2024-06-11T12:57:46.555+0000] {taskinstance.py:2076} INFO - Dependencies all met for dep_context=non-requeueable deps ti=<TaskInstance: hello_word.process_group.read_task manual__2024-06-11T12:57:44.432000+00:00 map_index=0 [queued]>
[2024-06-11T12:57:46.562+0000] {taskinstance.py:2076} INFO - Dependencies all met for dep_context=requeueable deps ti=<TaskInstance: hello_word.process_group.read_task manual__2024-06-11T12:57:44.432000+00:00 map_index=0 [queued]>
[2024-06-11T12:57:46.565+0000] {taskinstance.py:2306} INFO - Starting attempt 1 of 1
[2024-06-11T12:57:46.577+0000] {taskinstance.py:2330} INFO - Executing <Task(_PythonDecoratedOperator): process_group.read_task> on 2024-06-11 12:57:44.432000+00:00
[2024-06-11T12:57:46.582+0000] {warnings.py:112} WARNING - /home/***/.local/lib/python3.12/site-packages/***/task/task_runner/standard_task_runner.py:61: DeprecationWarning: This process (pid=7469) is multi-threaded, use of fork() may lead to deadlocks in the child.
  pid = os.fork()

[2024-06-11T12:57:46.583+0000] {standard_task_runner.py:63} INFO - Started process 7471 to run task
[2024-06-11T12:57:46.584+0000] {standard_task_runner.py:90} INFO - Running: ['***', 'tasks', 'run', 'hello_word', 'process_group.read_task', 'manual__2024-06-11T12:57:44.432000+00:00', '--job-id', '172', '--raw', '--subdir', 'DAGS_FOLDER/simple_hello_world.py', '--cfg-path', '/tmp/tmpn__csuc_', '--map-index', '0']
[2024-06-11T12:57:46.585+0000] {standard_task_runner.py:91} INFO - Job 172: Subtask process_group.read_task
[2024-06-11T12:57:46.623+0000] {task_command.py:426} INFO - Running <TaskInstance: hello_word.process_group.read_task manual__2024-06-11T12:57:44.432000+00:00 map_index=0 [running]> on host 678b3b027d57
[2024-06-11T12:57:46.713+0000] {taskinstance.py:2648} INFO - Exporting env vars: AIRFLOW_CTX_DAG_OWNER='Anudeep' AIRFLOW_CTX_DAG_ID='hello_word' AIRFLOW_CTX_TASK_ID='process_group.read_task' AIRFLOW_CTX_EXECUTION_DATE='2024-06-11T12:57:44.432000+00:00' AIRFLOW_CTX_TRY_NUMBER='1' AIRFLOW_CTX_DAG_RUN_ID='manual__2024-06-11T12:57:44.432000+00:00'
[2024-06-11T12:57:46.874+0000] {taskinstance.py:430} INFO - ::endgroup::
[2024-06-11T12:57:46.883+0000] {logging_mixin.py:188} INFO - {
    "fruit": "Apple",
    "size": "Large",
    "color": "Red"
}
[2024-06-11T12:57:46.884+0000] {python.py:237} INFO - Done. Returned value was: 
[2024-06-11T12:57:46.885+0000] {taskinstance.py:441} INFO - ::group::Post task execution logs
[2024-06-11T12:57:46.908+0000] {taskinstance.py:1206} INFO - Marking task as SUCCESS. dag_id=hello_word, task_id=process_group.read_task, run_id=manual__2024-06-11T12:57:44.432000+00:00, map_index=0, execution_date=20240611T125744, start_date=20240611T125746, end_date=20240611T125746
[2024-06-11T12:57:46.959+0000] {local_task_job_runner.py:240} INFO - Task exited with return code 0
[2024-06-11T12:57:47.020+0000] {taskinstance.py:3503} INFO - 2 downstream tasks scheduled from follow-on schedule check
[2024-06-11T12:57:47.033+0000] {local_task_job_runner.py:222} INFO - ::endgroup::
