[2024-06-12T06:36:36.562+0000] {local_task_job_runner.py:120} INFO - ::group::Pre task execution logs
[2024-06-12T06:36:36.611+0000] {taskinstance.py:2076} INFO - Dependencies all met for dep_context=non-requeueable deps ti=<TaskInstance: invoice2receipt.process_each_invoice.create_extraction_job manual__2024-06-12T06:36:29.520787+00:00 map_index=0 [queued]>
[2024-06-12T06:36:36.629+0000] {taskinstance.py:2076} INFO - Dependencies all met for dep_context=requeueable deps ti=<TaskInstance: invoice2receipt.process_each_invoice.create_extraction_job manual__2024-06-12T06:36:29.520787+00:00 map_index=0 [queued]>
[2024-06-12T06:36:36.630+0000] {taskinstance.py:2306} INFO - Starting attempt 1 of 1
[2024-06-12T06:36:36.648+0000] {taskinstance.py:2330} INFO - Executing <Task(_PythonDecoratedOperator): process_each_invoice.create_extraction_job> on 2024-06-12 06:36:29.520787+00:00
[2024-06-12T06:36:36.656+0000] {warnings.py:112} WARNING - /home/***/.local/lib/python3.12/site-packages/***/task/task_runner/standard_task_runner.py:61: DeprecationWarning: This process (pid=261) is multi-threaded, use of fork() may lead to deadlocks in the child.
  pid = os.fork()

[2024-06-12T06:36:36.657+0000] {standard_task_runner.py:90} INFO - Running: ['***', 'tasks', 'run', 'invoice2receipt', 'process_each_invoice.create_extraction_job', 'manual__2024-06-12T06:36:29.520787+00:00', '--job-id', '391', '--raw', '--subdir', 'DAGS_FOLDER/invoice2receipt.py', '--cfg-path', '/tmp/tmp2aradcw0', '--map-index', '0']
[2024-06-12T06:36:36.659+0000] {standard_task_runner.py:63} INFO - Started process 264 to run task
[2024-06-12T06:36:36.659+0000] {standard_task_runner.py:91} INFO - Job 391: Subtask process_each_invoice.create_extraction_job
[2024-06-12T06:36:36.711+0000] {task_command.py:426} INFO - Running <TaskInstance: invoice2receipt.process_each_invoice.create_extraction_job manual__2024-06-12T06:36:29.520787+00:00 map_index=0 [running]> on host 678b3b027d57
[2024-06-12T06:36:36.831+0000] {taskinstance.py:2648} INFO - Exporting env vars: AIRFLOW_CTX_DAG_OWNER='Anudeep' AIRFLOW_CTX_DAG_ID='invoice2receipt' AIRFLOW_CTX_TASK_ID='process_each_invoice.create_extraction_job' AIRFLOW_CTX_EXECUTION_DATE='2024-06-12T06:36:29.520787+00:00' AIRFLOW_CTX_TRY_NUMBER='1' AIRFLOW_CTX_DAG_RUN_ID='manual__2024-06-12T06:36:29.520787+00:00'
[2024-06-12T06:36:36.832+0000] {taskinstance.py:430} INFO - ::endgroup::
[2024-06-12T06:36:38.904+0000] {logging_mixin.py:188} INFO - {'status': 'PENDING', 'id': '80d9e776-6d75-4157-b459-49c5996d97d6', 'processedTime': '2024-06-12T06:36:38.628036+00:00'}
[2024-06-12T06:36:38.918+0000] {python.py:237} INFO - Done. Returned value was: 80d9e776-6d75-4157-b459-49c5996d97d6
[2024-06-12T06:36:38.918+0000] {taskinstance.py:441} INFO - ::group::Post task execution logs
[2024-06-12T06:36:38.941+0000] {taskinstance.py:1206} INFO - Marking task as SUCCESS. dag_id=invoice2receipt, task_id=process_each_invoice.create_extraction_job, run_id=manual__2024-06-12T06:36:29.520787+00:00, map_index=0, execution_date=20240612T063629, start_date=20240612T063636, end_date=20240612T063638
[2024-06-12T06:36:38.964+0000] {local_task_job_runner.py:240} INFO - Task exited with return code 0
[2024-06-12T06:36:39.049+0000] {taskinstance.py:3503} INFO - 2 downstream tasks scheduled from follow-on schedule check
[2024-06-12T06:36:39.054+0000] {local_task_job_runner.py:222} INFO - ::endgroup::
