[2024-06-11T13:01:50.704+0000] {local_task_job_runner.py:120} INFO - ::group::Pre task execution logs
[2024-06-11T13:01:50.722+0000] {taskinstance.py:2076} INFO - Dependencies all met for dep_context=non-requeueable deps ti=<TaskInstance: hello_word.read_files_task manual__2024-06-11T13:01:49.786502+00:00 [queued]>
[2024-06-11T13:01:50.729+0000] {taskinstance.py:2076} INFO - Dependencies all met for dep_context=requeueable deps ti=<TaskInstance: hello_word.read_files_task manual__2024-06-11T13:01:49.786502+00:00 [queued]>
[2024-06-11T13:01:50.730+0000] {taskinstance.py:2306} INFO - Starting attempt 1 of 1
[2024-06-11T13:01:50.742+0000] {taskinstance.py:2330} INFO - Executing <Task(_PythonDecoratedOperator): read_files_task> on 2024-06-11 13:01:49.786502+00:00
[2024-06-11T13:01:50.746+0000] {warnings.py:112} WARNING - /home/***/.local/lib/python3.12/site-packages/***/task/task_runner/standard_task_runner.py:61: DeprecationWarning: This process (pid=7546) is multi-threaded, use of fork() may lead to deadlocks in the child.
  pid = os.fork()

[2024-06-11T13:01:50.748+0000] {standard_task_runner.py:63} INFO - Started process 7547 to run task
[2024-06-11T13:01:50.748+0000] {standard_task_runner.py:90} INFO - Running: ['***', 'tasks', 'run', 'hello_word', 'read_files_task', 'manual__2024-06-11T13:01:49.786502+00:00', '--job-id', '186', '--raw', '--subdir', 'DAGS_FOLDER/simple_hello_world.py', '--cfg-path', '/tmp/tmpx0ixyx6v']
[2024-06-11T13:01:50.749+0000] {standard_task_runner.py:91} INFO - Job 186: Subtask read_files_task
[2024-06-11T13:01:50.788+0000] {task_command.py:426} INFO - Running <TaskInstance: hello_word.read_files_task manual__2024-06-11T13:01:49.786502+00:00 [running]> on host 678b3b027d57
[2024-06-11T13:01:50.852+0000] {taskinstance.py:2648} INFO - Exporting env vars: AIRFLOW_CTX_DAG_OWNER='Anudeep' AIRFLOW_CTX_DAG_ID='hello_word' AIRFLOW_CTX_TASK_ID='read_files_task' AIRFLOW_CTX_EXECUTION_DATE='2024-06-11T13:01:49.786502+00:00' AIRFLOW_CTX_TRY_NUMBER='1' AIRFLOW_CTX_DAG_RUN_ID='manual__2024-06-11T13:01:49.786502+00:00'
[2024-06-11T13:01:50.853+0000] {taskinstance.py:430} INFO - ::endgroup::
[2024-06-11T13:01:50.860+0000] {base.py:84} INFO - Using connection ID 'invoices' for task execution.
[2024-06-11T13:01:50.864+0000] {python.py:237} INFO - Done. Returned value was: ['/opt/***/dags/invoices/sample1.json', '/opt/***/dags/invoices/sample2.json']
[2024-06-11T13:01:50.865+0000] {taskinstance.py:441} INFO - ::group::Post task execution logs
[2024-06-11T13:01:50.885+0000] {taskinstance.py:1206} INFO - Marking task as SUCCESS. dag_id=hello_word, task_id=read_files_task, run_id=manual__2024-06-11T13:01:49.786502+00:00, execution_date=20240611T130149, start_date=20240611T130150, end_date=20240611T130150
[2024-06-11T13:01:50.923+0000] {local_task_job_runner.py:240} INFO - Task exited with return code 0
[2024-06-11T13:01:50.990+0000] {taskinstance.py:3503} INFO - 2 downstream tasks scheduled from follow-on schedule check
[2024-06-11T13:01:50.996+0000] {local_task_job_runner.py:222} INFO - ::endgroup::
