[2024-06-12T04:38:03.659+0000] {local_task_job_runner.py:120} INFO - ::group::Pre task execution logs
[2024-06-12T04:38:03.698+0000] {taskinstance.py:2076} INFO - Dependencies all met for dep_context=non-requeueable deps ti=<TaskInstance: invoice2receipt.process_each_invoice.create_extraction_job manual__2024-06-12T04:37:57.518455+00:00 map_index=1 [queued]>
[2024-06-12T04:38:03.721+0000] {taskinstance.py:2076} INFO - Dependencies all met for dep_context=requeueable deps ti=<TaskInstance: invoice2receipt.process_each_invoice.create_extraction_job manual__2024-06-12T04:37:57.518455+00:00 map_index=1 [queued]>
[2024-06-12T04:38:03.724+0000] {taskinstance.py:2306} INFO - Starting attempt 1 of 1
[2024-06-12T04:38:03.747+0000] {taskinstance.py:2330} INFO - Executing <Task(_PythonDecoratedOperator): process_each_invoice.create_extraction_job> on 2024-06-12 04:37:57.518455+00:00
[2024-06-12T04:38:03.754+0000] {warnings.py:112} WARNING - /home/***/.local/lib/python3.12/site-packages/***/task/task_runner/standard_task_runner.py:61: DeprecationWarning: This process (pid=5065) is multi-threaded, use of fork() may lead to deadlocks in the child.
  pid = os.fork()

[2024-06-12T04:38:03.756+0000] {standard_task_runner.py:63} INFO - Started process 5067 to run task
[2024-06-12T04:38:03.757+0000] {standard_task_runner.py:90} INFO - Running: ['***', 'tasks', 'run', 'invoice2receipt', 'process_each_invoice.create_extraction_job', 'manual__2024-06-12T04:37:57.518455+00:00', '--job-id', '275', '--raw', '--subdir', 'DAGS_FOLDER/invoice2receipt.py', '--cfg-path', '/tmp/tmp28b35_23', '--map-index', '1']
[2024-06-12T04:38:03.759+0000] {standard_task_runner.py:91} INFO - Job 275: Subtask process_each_invoice.create_extraction_job
[2024-06-12T04:38:03.820+0000] {task_command.py:426} INFO - Running <TaskInstance: invoice2receipt.process_each_invoice.create_extraction_job manual__2024-06-12T04:37:57.518455+00:00 map_index=1 [running]> on host 678b3b027d57
[2024-06-12T04:38:03.963+0000] {taskinstance.py:2648} INFO - Exporting env vars: AIRFLOW_CTX_DAG_OWNER='Anudeep' AIRFLOW_CTX_DAG_ID='invoice2receipt' AIRFLOW_CTX_TASK_ID='process_each_invoice.create_extraction_job' AIRFLOW_CTX_EXECUTION_DATE='2024-06-12T04:37:57.518455+00:00' AIRFLOW_CTX_TRY_NUMBER='1' AIRFLOW_CTX_DAG_RUN_ID='manual__2024-06-12T04:37:57.518455+00:00'
[2024-06-12T04:38:03.965+0000] {taskinstance.py:430} INFO - ::endgroup::
[2024-06-12T04:38:05.250+0000] {logging_mixin.py:188} INFO - {'status': 'PENDING', 'id': 'aebb6923-a661-415e-8553-79521544cf1c', 'processedTime': '2024-06-12T04:38:05.105221+00:00'}
[2024-06-12T04:38:05.256+0000] {python.py:237} INFO - Done. Returned value was: aebb6923-a661-415e-8553-79521544cf1c
[2024-06-12T04:38:05.259+0000] {taskinstance.py:441} INFO - ::group::Post task execution logs
[2024-06-12T04:38:05.290+0000] {taskinstance.py:1206} INFO - Marking task as SUCCESS. dag_id=invoice2receipt, task_id=process_each_invoice.create_extraction_job, run_id=manual__2024-06-12T04:37:57.518455+00:00, map_index=1, execution_date=20240612T043757, start_date=20240612T043803, end_date=20240612T043805
[2024-06-12T04:38:05.382+0000] {local_task_job_runner.py:240} INFO - Task exited with return code 0
[2024-06-12T04:38:05.477+0000] {taskinstance.py:3503} INFO - 1 downstream tasks scheduled from follow-on schedule check
[2024-06-12T04:38:05.485+0000] {local_task_job_runner.py:222} INFO - ::endgroup::
