[2024-06-11T11:17:00.416+0000] {local_task_job_runner.py:120} INFO - ::group::Pre task execution logs
[2024-06-11T11:17:00.460+0000] {taskinstance.py:2076} INFO - Dependencies all met for dep_context=non-requeueable deps ti=<TaskInstance: hello_word.process_file manual__2024-06-11T11:16:58.486409+00:00 map_index=1 [queued]>
[2024-06-11T11:17:00.478+0000] {taskinstance.py:2076} INFO - Dependencies all met for dep_context=requeueable deps ti=<TaskInstance: hello_word.process_file manual__2024-06-11T11:16:58.486409+00:00 map_index=1 [queued]>
[2024-06-11T11:17:00.479+0000] {taskinstance.py:2306} INFO - Starting attempt 1 of 1
[2024-06-11T11:17:00.493+0000] {taskinstance.py:2330} INFO - Executing <Mapped(PythonOperator): process_file> on 2024-06-11 11:16:58.486409+00:00
[2024-06-11T11:17:00.501+0000] {warnings.py:112} WARNING - /home/***/.local/lib/python3.12/site-packages/***/task/task_runner/standard_task_runner.py:61: DeprecationWarning: This process (pid=6053) is multi-threaded, use of fork() may lead to deadlocks in the child.
  pid = os.fork()

[2024-06-11T11:17:00.502+0000] {standard_task_runner.py:63} INFO - Started process 6055 to run task
[2024-06-11T11:17:00.502+0000] {standard_task_runner.py:90} INFO - Running: ['***', 'tasks', 'run', 'hello_word', 'process_file', 'manual__2024-06-11T11:16:58.486409+00:00', '--job-id', '129', '--raw', '--subdir', 'DAGS_FOLDER/simple_hello_world.py', '--cfg-path', '/tmp/tmpo6fbmnbt', '--map-index', '1']
[2024-06-11T11:17:00.503+0000] {standard_task_runner.py:91} INFO - Job 129: Subtask process_file
[2024-06-11T11:17:00.543+0000] {task_command.py:426} INFO - Running <TaskInstance: hello_word.process_file manual__2024-06-11T11:16:58.486409+00:00 map_index=1 [running]> on host 678b3b027d57
[2024-06-11T11:17:00.621+0000] {taskinstance.py:2648} INFO - Exporting env vars: AIRFLOW_CTX_DAG_OWNER='Anudeep' AIRFLOW_CTX_DAG_ID='hello_word' AIRFLOW_CTX_TASK_ID='process_file' AIRFLOW_CTX_EXECUTION_DATE='2024-06-11T11:16:58.486409+00:00' AIRFLOW_CTX_TRY_NUMBER='1' AIRFLOW_CTX_DAG_RUN_ID='manual__2024-06-11T11:16:58.486409+00:00'
[2024-06-11T11:17:00.639+0000] {taskinstance.py:430} INFO - ::endgroup::
[2024-06-11T11:17:00.695+0000] {python.py:237} INFO - Done. Returned value was: {
   "firstName": "Joe",
   "lastName": "Jackson",
   "gender": "male",
   "age": 28,
   "address": {
       "streetAddress": "101",
       "city": "San Diego",
       "state": "CA"
   },
   "phoneNumbers": [
       { "type": "home", "number": "7349282382" }
   ]
}
[2024-06-11T11:17:00.725+0000] {taskinstance.py:441} INFO - ::group::Post task execution logs
[2024-06-11T11:17:00.752+0000] {taskinstance.py:1206} INFO - Marking task as SUCCESS. dag_id=hello_word, task_id=process_file, run_id=manual__2024-06-11T11:16:58.486409+00:00, map_index=1, execution_date=20240611T111658, start_date=20240611T111700, end_date=20240611T111700
[2024-06-11T11:17:00.799+0000] {local_task_job_runner.py:240} INFO - Task exited with return code 0
[2024-06-11T11:17:00.851+0000] {taskinstance.py:3503} INFO - 2 downstream tasks scheduled from follow-on schedule check
[2024-06-11T11:17:00.871+0000] {local_task_job_runner.py:222} INFO - ::endgroup::
