[2024-06-11T03:29:06.990+0000] {local_task_job_runner.py:120} INFO - ::group::Pre task execution logs
[2024-06-11T03:29:07.010+0000] {taskinstance.py:2076} INFO - Dependencies all met for dep_context=non-requeueable deps ti=<TaskInstance: hello_word.hello_world_task manual__2024-06-11T03:29:05.532698+00:00 [queued]>
[2024-06-11T03:29:07.018+0000] {taskinstance.py:2076} INFO - Dependencies all met for dep_context=requeueable deps ti=<TaskInstance: hello_word.hello_world_task manual__2024-06-11T03:29:05.532698+00:00 [queued]>
[2024-06-11T03:29:07.019+0000] {taskinstance.py:2306} INFO - Starting attempt 1 of 1
[2024-06-11T03:29:07.031+0000] {taskinstance.py:2330} INFO - Executing <Task(BashOperator): hello_world_task> on 2024-06-11 03:29:05.532698+00:00
[2024-06-11T03:29:07.037+0000] {warnings.py:112} WARNING - /home/***/.local/lib/python3.12/site-packages/***/task/task_runner/standard_task_runner.py:61: DeprecationWarning: This process (pid=500) is multi-threaded, use of fork() may lead to deadlocks in the child.
  pid = os.fork()

[2024-06-11T03:29:07.038+0000] {standard_task_runner.py:90} INFO - Running: ['***', 'tasks', 'run', 'hello_word', 'hello_world_task', 'manual__2024-06-11T03:29:05.532698+00:00', '--job-id', '59', '--raw', '--subdir', 'DAGS_FOLDER/simple_hello_world.py', '--cfg-path', '/tmp/tmp_kg0vymj']
[2024-06-11T03:29:07.040+0000] {standard_task_runner.py:63} INFO - Started process 501 to run task
[2024-06-11T03:29:07.040+0000] {standard_task_runner.py:91} INFO - Job 59: Subtask hello_world_task
[2024-06-11T03:29:07.084+0000] {task_command.py:426} INFO - Running <TaskInstance: hello_word.hello_world_task manual__2024-06-11T03:29:05.532698+00:00 [running]> on host 678b3b027d57
[2024-06-11T03:29:07.150+0000] {taskinstance.py:2648} INFO - Exporting env vars: AIRFLOW_CTX_DAG_OWNER='Anudeep' AIRFLOW_CTX_DAG_ID='hello_word' AIRFLOW_CTX_TASK_ID='hello_world_task' AIRFLOW_CTX_EXECUTION_DATE='2024-06-11T03:29:05.532698+00:00' AIRFLOW_CTX_TRY_NUMBER='1' AIRFLOW_CTX_DAG_RUN_ID='manual__2024-06-11T03:29:05.532698+00:00'
[2024-06-11T03:29:07.150+0000] {taskinstance.py:430} INFO - ::endgroup::
[2024-06-11T03:29:07.161+0000] {subprocess.py:63} INFO - Tmp dir root location: /tmp
[2024-06-11T03:29:07.163+0000] {subprocess.py:75} INFO - Running command: ['/usr/bin/bash', '-c', 'echo Hello World']
[2024-06-11T03:29:07.184+0000] {subprocess.py:86} INFO - Output:
[2024-06-11T03:29:07.191+0000] {subprocess.py:93} INFO - Hello World
[2024-06-11T03:29:07.192+0000] {subprocess.py:97} INFO - Command exited with return code 0
[2024-06-11T03:29:07.193+0000] {taskinstance.py:441} INFO - ::group::Post task execution logs
[2024-06-11T03:29:07.214+0000] {taskinstance.py:1206} INFO - Marking task as SUCCESS. dag_id=hello_word, task_id=hello_world_task, run_id=manual__2024-06-11T03:29:05.532698+00:00, execution_date=20240611T032905, start_date=20240611T032907, end_date=20240611T032907
[2024-06-11T03:29:07.376+0000] {local_task_job_runner.py:240} INFO - Task exited with return code 0
[2024-06-11T03:29:07.395+0000] {taskinstance.py:3503} INFO - 1 downstream tasks scheduled from follow-on schedule check
[2024-06-11T03:29:07.407+0000] {local_task_job_runner.py:222} INFO - ::endgroup::
