[2024-06-11T04:08:43.344+0000] {local_task_job_runner.py:120} INFO - ::group::Pre task execution logs
[2024-06-11T04:08:43.363+0000] {taskinstance.py:2076} INFO - Dependencies all met for dep_context=non-requeueable deps ti=<TaskInstance: hello_word.process_file manual__2024-06-11T04:08:41.837502+00:00 [queued]>
[2024-06-11T04:08:43.370+0000] {taskinstance.py:2076} INFO - Dependencies all met for dep_context=requeueable deps ti=<TaskInstance: hello_word.process_file manual__2024-06-11T04:08:41.837502+00:00 [queued]>
[2024-06-11T04:08:43.371+0000] {taskinstance.py:2306} INFO - Starting attempt 1 of 1
[2024-06-11T04:08:43.384+0000] {taskinstance.py:2330} INFO - Executing <Task(PythonOperator): process_file> on 2024-06-11 04:08:41.837502+00:00
[2024-06-11T04:08:43.390+0000] {warnings.py:112} WARNING - /home/***/.local/lib/python3.12/site-packages/***/task/task_runner/standard_task_runner.py:61: DeprecationWarning: This process (pid=1042) is multi-threaded, use of fork() may lead to deadlocks in the child.
  pid = os.fork()

[2024-06-11T04:08:43.391+0000] {standard_task_runner.py:63} INFO - Started process 1043 to run task
[2024-06-11T04:08:43.391+0000] {standard_task_runner.py:90} INFO - Running: ['***', 'tasks', 'run', 'hello_word', 'process_file', 'manual__2024-06-11T04:08:41.837502+00:00', '--job-id', '69', '--raw', '--subdir', 'DAGS_FOLDER/simple_hello_world.py', '--cfg-path', '/tmp/tmpny6yt65j']
[2024-06-11T04:08:43.393+0000] {standard_task_runner.py:91} INFO - Job 69: Subtask process_file
[2024-06-11T04:08:43.468+0000] {task_command.py:426} INFO - Running <TaskInstance: hello_word.process_file manual__2024-06-11T04:08:41.837502+00:00 [running]> on host 678b3b027d57
[2024-06-11T04:08:43.547+0000] {taskinstance.py:2648} INFO - Exporting env vars: AIRFLOW_CTX_DAG_OWNER='Anudeep' AIRFLOW_CTX_DAG_ID='hello_word' AIRFLOW_CTX_TASK_ID='process_file' AIRFLOW_CTX_EXECUTION_DATE='2024-06-11T04:08:41.837502+00:00' AIRFLOW_CTX_TRY_NUMBER='1' AIRFLOW_CTX_DAG_RUN_ID='manual__2024-06-11T04:08:41.837502+00:00'
[2024-06-11T04:08:43.548+0000] {taskinstance.py:430} INFO - ::endgroup::
[2024-06-11T04:08:43.558+0000] {taskinstance.py:441} INFO - ::group::Post task execution logs
[2024-06-11T04:08:43.559+0000] {taskinstance.py:2905} ERROR - Task failed with exception
Traceback (most recent call last):
  File "/home/airflow/.local/lib/python3.12/site-packages/airflow/models/taskinstance.py", line 465, in _execute_task
    result = _execute_callable(context=context, **execute_callable_kwargs)
             ^^^^^^^^^^^^^^^^^^^^^^^^^^^^^^^^^^^^^^^^^^^^^^^^^^^^^^^^^^^^^
  File "/home/airflow/.local/lib/python3.12/site-packages/airflow/models/taskinstance.py", line 432, in _execute_callable
    return execute_callable(context=context, **execute_callable_kwargs)
           ^^^^^^^^^^^^^^^^^^^^^^^^^^^^^^^^^^^^^^^^^^^^^^^^^^^^^^^^^^^^
  File "/home/airflow/.local/lib/python3.12/site-packages/airflow/models/baseoperator.py", line 401, in wrapper
    return func(self, *args, **kwargs)
           ^^^^^^^^^^^^^^^^^^^^^^^^^^^
  File "/home/airflow/.local/lib/python3.12/site-packages/airflow/operators/python.py", line 235, in execute
    return_value = self.execute_callable()
                   ^^^^^^^^^^^^^^^^^^^^^^^
  File "/home/airflow/.local/lib/python3.12/site-packages/airflow/operators/python.py", line 252, in execute_callable
    return self.python_callable(*self.op_args, **self.op_kwargs)
           ^^^^^^^^^^^^^^^^^^^^^^^^^^^^^^^^^^^^^^^^^^^^^^^^^^^^^
  File "/opt/airflow/dags/simple_hello_world.py", line 41, in process_file
    path = ti.xcom_pull(task_id="read_files_from_path", key='PATH')
           ^^^^^^^^^^^^^^^^^^^^^^^^^^^^^^^^^^^^^^^^^^^^^^^^^^^^^^^^
  File "/home/airflow/.local/lib/python3.12/site-packages/airflow/utils/session.py", line 79, in wrapper
    return func(*args, session=session, **kwargs)
           ^^^^^^^^^^^^^^^^^^^^^^^^^^^^^^^^^^^^^^
TypeError: TaskInstance.xcom_pull() got an unexpected keyword argument 'task_id'
[2024-06-11T04:08:43.581+0000] {taskinstance.py:1206} INFO - Marking task as FAILED. dag_id=hello_word, task_id=process_file, run_id=manual__2024-06-11T04:08:41.837502+00:00, execution_date=20240611T040841, start_date=20240611T040843, end_date=20240611T040843
[2024-06-11T04:08:43.592+0000] {standard_task_runner.py:110} ERROR - Failed to execute job 69 for task process_file (TaskInstance.xcom_pull() got an unexpected keyword argument 'task_id'; 1043)
[2024-06-11T04:08:43.606+0000] {local_task_job_runner.py:240} INFO - Task exited with return code 1
[2024-06-11T04:08:43.619+0000] {taskinstance.py:3503} INFO - 0 downstream tasks scheduled from follow-on schedule check
[2024-06-11T04:08:43.624+0000] {local_task_job_runner.py:222} INFO - ::endgroup::
