[2024-06-11T03:09:13.275+0000] {local_task_job_runner.py:120} INFO - ::group::Pre task execution logs
[2024-06-11T03:09:13.293+0000] {taskinstance.py:2076} INFO - Dependencies all met for dep_context=non-requeueable deps ti=<TaskInstance: hello_word.hello_world_task manual__2024-06-11T03:09:12.370096+00:00 [queued]>
[2024-06-11T03:09:13.307+0000] {taskinstance.py:2076} INFO - Dependencies all met for dep_context=requeueable deps ti=<TaskInstance: hello_word.hello_world_task manual__2024-06-11T03:09:12.370096+00:00 [queued]>
[2024-06-11T03:09:13.324+0000] {taskinstance.py:2306} INFO - Starting attempt 1 of 1
[2024-06-11T03:09:13.344+0000] {taskinstance.py:2330} INFO - Executing <Task(BashOperator): hello_world_task> on 2024-06-11 03:09:12.370096+00:00
[2024-06-11T03:09:13.351+0000] {warnings.py:112} WARNING - /home/***/.local/lib/python3.12/site-packages/***/task/task_runner/standard_task_runner.py:61: DeprecationWarning: This process (pid=186) is multi-threaded, use of fork() may lead to deadlocks in the child.
  pid = os.fork()

[2024-06-11T03:09:13.353+0000] {standard_task_runner.py:90} INFO - Running: ['***', 'tasks', 'run', 'hello_word', 'hello_world_task', 'manual__2024-06-11T03:09:12.370096+00:00', '--job-id', '37', '--raw', '--subdir', 'DAGS_FOLDER/simple_hello_world.py', '--cfg-path', '/tmp/tmp7b5cfi0e']
[2024-06-11T03:09:13.353+0000] {standard_task_runner.py:63} INFO - Started process 187 to run task
[2024-06-11T03:09:13.354+0000] {standard_task_runner.py:91} INFO - Job 37: Subtask hello_world_task
[2024-06-11T03:09:13.398+0000] {task_command.py:426} INFO - Running <TaskInstance: hello_word.hello_world_task manual__2024-06-11T03:09:12.370096+00:00 [running]> on host 678b3b027d57
[2024-06-11T03:09:13.462+0000] {taskinstance.py:2648} INFO - Exporting env vars: AIRFLOW_CTX_DAG_OWNER='Anudeep' AIRFLOW_CTX_DAG_ID='hello_word' AIRFLOW_CTX_TASK_ID='hello_world_task' AIRFLOW_CTX_EXECUTION_DATE='2024-06-11T03:09:12.370096+00:00' AIRFLOW_CTX_TRY_NUMBER='1' AIRFLOW_CTX_DAG_RUN_ID='manual__2024-06-11T03:09:12.370096+00:00'
[2024-06-11T03:09:13.463+0000] {taskinstance.py:430} INFO - ::endgroup::
[2024-06-11T03:09:13.473+0000] {subprocess.py:63} INFO - Tmp dir root location: /tmp
[2024-06-11T03:09:13.474+0000] {subprocess.py:75} INFO - Running command: ['/usr/bin/bash', '-c', 'echo Hello World']
[2024-06-11T03:09:13.484+0000] {subprocess.py:86} INFO - Output:
[2024-06-11T03:09:13.485+0000] {subprocess.py:93} INFO - Hello World
[2024-06-11T03:09:13.486+0000] {subprocess.py:97} INFO - Command exited with return code 0
[2024-06-11T03:09:13.486+0000] {taskinstance.py:441} INFO - ::group::Post task execution logs
[2024-06-11T03:09:13.506+0000] {taskinstance.py:1206} INFO - Marking task as SUCCESS. dag_id=hello_word, task_id=hello_world_task, run_id=manual__2024-06-11T03:09:12.370096+00:00, execution_date=20240611T030912, start_date=20240611T030913, end_date=20240611T030913
[2024-06-11T03:09:13.528+0000] {local_task_job_runner.py:240} INFO - Task exited with return code 0
[2024-06-11T03:09:13.546+0000] {taskinstance.py:3503} INFO - 1 downstream tasks scheduled from follow-on schedule check
[2024-06-11T03:09:13.549+0000] {local_task_job_runner.py:222} INFO - ::endgroup::
